#
# There is insufficient memory for the Java Runtime Environment to continue.
# Native memory allocation (malloc) failed to allocate 1222256 bytes for Chunk::new
# Possible reasons:
#   The system is out of physical RAM or swap space
#   In 32 bit mode, the process size limit was hit
# Possible solutions:
#   Reduce memory load on the system
#   Increase physical memory or swap space
#   Check if swap backing store is full
#   Use 64 bit Java on a 64 bit OS
#   Decrease Java heap size (-Xmx/-Xms)
#   Decrease number of Java threads
#   Decrease Java thread stack sizes (-Xss)
#   Set larger code cache with -XX:ReservedCodeCacheSize=
# This output file may be truncated or incomplete.
#
#  Out of Memory Error (allocation.cpp:390), pid=11804, tid=0x0000000000000b34
#
# JRE version: Java(TM) SE Runtime Environment (8.0_101-b13) (build 1.8.0_101-b13)
# Java VM: Java HotSpot(TM) 64-Bit Server VM (25.101-b13 mixed mode windows-amd64 compressed oops)
# Failed to write core dump. Minidumps are not enabled by default on client versions of Windows
#

---------------  T H R E A D  ---------------

Current thread (0x0000000014e8c000):  JavaThread "C2 CompilerThread1" daemon [_thread_in_native, id=2868, stack(0x00000000165a0000,0x00000000166a0000)]

Stack: [0x00000000165a0000,0x00000000166a0000]
[error occurred during error reporting (printing stack bounds), id 0xc0000005]

Native frames: (J=compiled Java code, j=interpreted, Vv=VM code, C=native code)


Current CompileTask:
C2:  74221 9600   !   4       java.net.URLClassLoader$1::run (63 bytes)


---------------  P R O C E S S  ---------------

Java Threads: ( => current thread )
  0x000000001b2f2000 JavaThread "Forward streams with process: command 'C:\Program Files\Java\jdk1.8.0_101\bin\java.exe' Thread 3" [_thread_in_native, id=6620, stack(0x0000000024840000,0x0000000024940000)]
  0x000000001b2f9000 JavaThread "Forward streams with process: command 'C:\Program Files\Java\jdk1.8.0_101\bin\java.exe' Thread 2" [_thread_in_native, id=6304, stack(0x0000000024740000,0x0000000024840000)]
  0x000000001b2f7800 JavaThread "Forward streams with process: command 'C:\Program Files\Java\jdk1.8.0_101\bin\java.exe'" [_thread_blocked, id=7500, stack(0x0000000024640000,0x0000000024740000)]
  0x000000001b2f1800 JavaThread "Run command 'C:\Program Files\Java\jdk1.8.0_101\bin\java.exe'" [_thread_in_native, id=2256, stack(0x0000000024440000,0x0000000024540000)]
  0x000000001b2f3000 JavaThread "Forward streams with process: command 'C:\Program Files\Java\jdk1.8.0_101\bin\java.exe' Thread 3" [_thread_in_native, id=10196, stack(0x0000000024340000,0x0000000024440000)]
  0x000000001b2f8000 JavaThread "Forward streams with process: command 'C:\Program Files\Java\jdk1.8.0_101\bin\java.exe' Thread 2" [_thread_in_native, id=5116, stack(0x0000000024240000,0x0000000024340000)]
  0x000000001b2f0800 JavaThread "Forward streams with process: command 'C:\Program Files\Java\jdk1.8.0_101\bin\java.exe'" [_thread_blocked, id=7696, stack(0x0000000024140000,0x0000000024240000)]
  0x000000001b2f6800 JavaThread "Run command 'C:\Program Files\Java\jdk1.8.0_101\bin\java.exe'" [_thread_in_native, id=11272, stack(0x0000000023f40000,0x0000000024040000)]
  0x000000001b2f0000 JavaThread "pool-3-thread-4" [_thread_blocked, id=8780, stack(0x0000000023940000,0x0000000023a40000)]
  0x000000001b2fd800 JavaThread "Forward streams with process: command 'C:\Program Files\Java\jdk1.8.0_101\bin\java.exe' Thread 3" [_thread_in_native, id=8264, stack(0x0000000023840000,0x0000000023940000)]
  0x000000001b2f9800 JavaThread "Forward streams with process: command 'C:\Program Files\Java\jdk1.8.0_101\bin\java.exe' Thread 2" [_thread_in_native, id=7720, stack(0x0000000023740000,0x0000000023840000)]
  0x000000001b2fc800 JavaThread "Forward streams with process: command 'C:\Program Files\Java\jdk1.8.0_101\bin\java.exe'" [_thread_blocked, id=7388, stack(0x0000000023640000,0x0000000023740000)]
  0x000000001b2ef000 JavaThread "Run command 'C:\Program Files\Java\jdk1.8.0_101\bin\java.exe'" [_thread_in_native, id=5836, stack(0x0000000022a40000,0x0000000022b40000)]
  0x000000001b2f6000 JavaThread "pool-3-thread-3" [_thread_blocked, id=4276, stack(0x0000000022940000,0x0000000022a40000)]
  0x000000001b2f4800 JavaThread "pool-3-thread-1" [_thread_blocked, id=1780, stack(0x0000000022840000,0x0000000022940000)]
  0x000000001b2ee800 JavaThread "pool-3-thread-2" [_thread_blocked, id=3496, stack(0x0000000022740000,0x0000000022840000)]
  0x000000001b2f5000 JavaThread "pool-2-thread-4" [_thread_blocked, id=492, stack(0x0000000020d40000,0x0000000020e40000)]
  0x0000000018004000 JavaThread "pool-2-thread-3" [_thread_in_native, id=11020, stack(0x0000000020c40000,0x0000000020d40000)]
  0x0000000018003800 JavaThread "pool-2-thread-2" [_thread_blocked, id=5796, stack(0x0000000020b40000,0x0000000020c40000)]
  0x0000000018006800 JavaThread "pool-2-thread-1" [_thread_blocked, id=5996, stack(0x0000000020a40000,0x0000000020b40000)]
  0x0000000018005800 JavaThread "File lock request listener" [_thread_in_native, id=3200, stack(0x000000001ccd0000,0x000000001cdd0000)]
  0x0000000017c73800 JavaThread "Asynchronous log dispatcher for org.gradle.launcher.daemon.server.DefaultDaemonConnection@13c7f4d1" [_thread_blocked, id=11756, stack(0x0000000019560000,0x0000000019660000)]
  0x0000000017c61000 JavaThread "Daemon worker" [_thread_in_native, id=10080, stack(0x0000000019460000,0x0000000019560000)]
  0x0000000017c5e800 JavaThread "Cancel handler" [_thread_blocked, id=12140, stack(0x0000000019360000,0x0000000019460000)]
  0x0000000017bed800 JavaThread "Handler for socket connection from /127.0.0.1:52434 to /127.0.0.1:52435" [_thread_in_native, id=11992, stack(0x0000000019260000,0x0000000019360000)]
  0x0000000017bab000 JavaThread "Daemon" [_thread_blocked, id=12268, stack(0x0000000019160000,0x0000000019260000)]
  0x0000000017b42000 JavaThread "Incoming local TCP Connector on port 52434" [_thread_in_native, id=7336, stack(0x0000000018a70000,0x0000000018b70000)]
  0x0000000017afb000 JavaThread "pool-1-thread-1" [_thread_blocked, id=11824, stack(0x00000000175a0000,0x00000000176a0000)]
  0x00000000166a6800 JavaThread "Service Thread" daemon [_thread_blocked, id=9648, stack(0x0000000016ba0000,0x0000000016ca0000)]
  0x00000000166a0800 JavaThread "C1 CompilerThread2" daemon [_thread_blocked, id=6224, stack(0x0000000016aa0000,0x0000000016ba0000)]
=>0x0000000014e8c000 JavaThread "C2 CompilerThread1" daemon [_thread_in_native, id=2868, stack(0x00000000165a0000,0x00000000166a0000)]
  0x0000000014e2f000 JavaThread "C2 CompilerThread0" daemon [_thread_in_native, id=4056, stack(0x00000000164a0000,0x00000000165a0000)]
  0x0000000014e2d000 JavaThread "Attach Listener" daemon [_thread_blocked, id=3428, stack(0x00000000163a0000,0x00000000164a0000)]
  0x0000000014e2c000 JavaThread "Signal Dispatcher" daemon [_thread_blocked, id=10616, stack(0x00000000162a0000,0x00000000163a0000)]
  0x0000000014e1a000 JavaThread "Finalizer" daemon [_thread_blocked, id=5508, stack(0x0000000016090000,0x0000000016190000)]
  0x0000000014df8800 JavaThread "Reference Handler" daemon [_thread_blocked, id=8600, stack(0x0000000015f90000,0x0000000016090000)]
  0x000000000265e800 JavaThread "main" [_thread_blocked, id=7868, stack(0x0000000002540000,0x0000000002640000)]

Other Threads:
  0x0000000014df7000 VMThread [stack: 0x0000000015e90000,0x0000000015f90000] [id=6568]
  0x00000000166aa800 WatcherThread [stack: 0x0000000016ca0000,0x0000000016da0000] [id=8500]

VM state:not at safepoint (normal execution)

VM Mutex/Monitor currently owned by a thread: None

Heap:
 PSYoungGen      total 133632K, used 46977K [0x00000000eab00000, 0x00000000f4d00000, 0x0000000100000000)
  eden space 111616K, 22% used [0x00000000eab00000,0x00000000ec366150,0x00000000f1800000)
  from space 22016K, 99% used [0x00000000f3080000,0x00000000f45fa468,0x00000000f4600000)
  to   space 25088K, 0% used [0x00000000f1800000,0x00000000f1800000,0x00000000f3080000)
 ParOldGen       total 99840K, used 29539K [0x00000000c0000000, 0x00000000c6180000, 0x00000000eab00000)
  object space 99840K, 29% used [0x00000000c0000000,0x00000000c1cd8ee8,0x00000000c6180000)
 Metaspace       used 57073K, capacity 58336K, committed 58496K, reserved 1099776K
  class space    used 7649K, capacity 7989K, committed 8064K, reserved 1048576K

Card table byte_map: [0x0000000011b20000,0x0000000011d30000] byte_map_base: 0x0000000011520000

Marking Bits: (ParMarkBitMap*) 0x000000005885a6d0
 Begin Bits: [0x0000000012290000, 0x0000000013290000)
 End Bits:   [0x0000000013290000, 0x0000000014290000)

Polling page: 0x00000000024d0000

CodeCache: size=245760Kb used=29718Kb max_used=30405Kb free=216041Kb
 bounds [0x0000000002760000, 0x0000000004540000, 0x0000000011760000]
 total_blobs=8842 nmethods=8108 adapters=645
 compilation: enabled

Compilation events (10 events):
Event: 74.121 Thread 0x00000000166a0800 9612       3       org.gradle.internal.io.LineBufferingOutputStream::flush (37 bytes)
Event: 74.122 Thread 0x00000000166a0800 nmethod 9612 0x0000000003e03850 code [0x0000000003e03a20, 0x0000000003e04208]
Event: 74.123 Thread 0x00000000166a0800 9613       1       java.lang.StackTraceElement::getLineNumber (5 bytes)
Event: 74.123 Thread 0x00000000166a0800 nmethod 9613 0x0000000003f4f2d0 code [0x0000000003f4f420, 0x0000000003f4f530]
Event: 74.124 Thread 0x00000000166a0800 9614       1       java.lang.StackTraceElement::getFileName (5 bytes)
Event: 74.124 Thread 0x00000000166a0800 nmethod 9614 0x0000000003f537d0 code [0x0000000003f53920, 0x0000000003f53a30]
Event: 74.125 Thread 0x00000000166a0800 9615       1       java.lang.StackTraceElement::getClassName (5 bytes)
Event: 74.125 Thread 0x00000000166a0800 nmethod 9615 0x0000000003f7bc50 code [0x0000000003f7bda0, 0x0000000003f7beb0]
Event: 74.125 Thread 0x00000000166a0800 9616       3       org.codehaus.groovy.runtime.StackTraceUtils::isApplicationClass (84 bytes)
Event: 74.126 Thread 0x00000000166a0800 nmethod 9616 0x0000000003c7e910 code [0x0000000003c7eb00, 0x0000000003c7f438]

GC Heap History (10 events):
Event: 32.267 GC heap before
{Heap before GC invocations=14 (full 2):
 PSYoungGen      total 88576K, used 81531K [0x00000000eab00000, 0x00000000f1c80000, 0x0000000100000000)
  eden space 75776K, 100% used [0x00000000eab00000,0x00000000ef500000,0x00000000ef500000)
  from space 12800K, 44% used [0x00000000ef500000,0x00000000efa9ee10,0x00000000f0180000)
  to   space 12288K, 0% used [0x00000000f1080000,0x00000000f1080000,0x00000000f1c80000)
 ParOldGen       total 99840K, used 18564K [0x00000000c0000000, 0x00000000c6180000, 0x00000000eab00000)
  object space 99840K, 18% used [0x00000000c0000000,0x00000000c1221008,0x00000000c6180000)
 Metaspace       used 39554K, capacity 40198K, committed 40448K, reserved 1083392K
  class space    used 5386K, capacity 5532K, committed 5632K, reserved 1048576K
Event: 32.272 GC heap after
Heap after GC invocations=14 (full 2):
 PSYoungGen      total 100864K, used 7917K [0x00000000eab00000, 0x00000000f1b00000, 0x0000000100000000)
  eden space 90112K, 0% used [0x00000000eab00000,0x00000000eab00000,0x00000000f0300000)
  from space 10752K, 73% used [0x00000000f1080000,0x00000000f183b570,0x00000000f1b00000)
  to   space 12288K, 0% used [0x00000000f0300000,0x00000000f0300000,0x00000000f0f00000)
 ParOldGen       total 99840K, used 18572K [0x00000000c0000000, 0x00000000c6180000, 0x00000000eab00000)
  object space 99840K, 18% used [0x00000000c0000000,0x00000000c1223008,0x00000000c6180000)
 Metaspace       used 39554K, capacity 40198K, committed 40448K, reserved 1083392K
  class space    used 5386K, capacity 5532K, committed 5632K, reserved 1048576K
}
Event: 36.681 GC heap before
{Heap before GC invocations=15 (full 2):
 PSYoungGen      total 100864K, used 98029K [0x00000000eab00000, 0x00000000f1b00000, 0x0000000100000000)
  eden space 90112K, 100% used [0x00000000eab00000,0x00000000f0300000,0x00000000f0300000)
  from space 10752K, 73% used [0x00000000f1080000,0x00000000f183b570,0x00000000f1b00000)
  to   space 12288K, 0% used [0x00000000f0300000,0x00000000f0300000,0x00000000f0f00000)
 ParOldGen       total 99840K, used 18572K [0x00000000c0000000, 0x00000000c6180000, 0x00000000eab00000)
  object space 99840K, 18% used [0x00000000c0000000,0x00000000c1223008,0x00000000c6180000)
 Metaspace       used 42157K, capacity 42924K, committed 43136K, reserved 1087488K
  class space    used 5803K, capacity 5947K, committed 6016K, reserved 1048576K
Event: 36.690 GC heap after
Heap after GC invocations=15 (full 2):
 PSYoungGen      total 102400K, used 12261K [0x00000000eab00000, 0x00000000f2e00000, 0x0000000100000000)
  eden space 90112K, 0% used [0x00000000eab00000,0x00000000eab00000,0x00000000f0300000)
  from space 12288K, 99% used [0x00000000f0300000,0x00000000f0ef97c8,0x00000000f0f00000)
  to   space 14336K, 0% used [0x00000000f2000000,0x00000000f2000000,0x00000000f2e00000)
 ParOldGen       total 99840K, used 20570K [0x00000000c0000000, 0x00000000c6180000, 0x00000000eab00000)
  object space 99840K, 20% used [0x00000000c0000000,0x00000000c1416b50,0x00000000c6180000)
 Metaspace       used 42157K, capacity 42924K, committed 43136K, reserved 1087488K
  class space    used 5803K, capacity 5947K, committed 6016K, reserved 1048576K
}
Event: 49.081 GC heap before
{Heap before GC invocations=16 (full 2):
 PSYoungGen      total 102400K, used 102373K [0x00000000eab00000, 0x00000000f2e00000, 0x0000000100000000)
  eden space 90112K, 100% used [0x00000000eab00000,0x00000000f0300000,0x00000000f0300000)
  from space 12288K, 99% used [0x00000000f0300000,0x00000000f0ef97c8,0x00000000f0f00000)
  to   space 14336K, 0% used [0x00000000f2000000,0x00000000f2000000,0x00000000f2e00000)
 ParOldGen       total 99840K, used 20570K [0x00000000c0000000, 0x00000000c6180000, 0x00000000eab00000)
  object space 99840K, 20% used [0x00000000c0000000,0x00000000c1416b50,0x00000000c6180000)
 Metaspace       used 48033K, capacity 49008K, committed 49280K, reserved 1091584K
  class space    used 6670K, capacity 6971K, committed 7040K, reserved 1048576K
Event: 49.096 GC heap after
Heap after GC invocations=16 (full 2):
 PSYoungGen      total 115712K, used 14324K [0x00000000eab00000, 0x00000000f3480000, 0x0000000100000000)
  eden space 101376K, 0% used [0x00000000eab00000,0x00000000eab00000,0x00000000f0e00000)
  from space 14336K, 99% used [0x00000000f2000000,0x00000000f2dfd198,0x00000000f2e00000)
  to   space 18432K, 0% used [0x00000000f0e00000,0x00000000f0e00000,0x00000000f2000000)
 ParOldGen       total 99840K, used 27020K [0x00000000c0000000, 0x00000000c6180000, 0x00000000eab00000)
  object space 99840K, 27% used [0x00000000c0000000,0x00000000c1a63048,0x00000000c6180000)
 Metaspace       used 48033K, capacity 49008K, committed 49280K, reserved 1091584K
  class space    used 6670K, capacity 6971K, committed 7040K, reserved 1048576K
}
Event: 66.821 GC heap before
{Heap before GC invocations=17 (full 2):
 PSYoungGen      total 115712K, used 115700K [0x00000000eab00000, 0x00000000f3480000, 0x0000000100000000)
  eden space 101376K, 100% used [0x00000000eab00000,0x00000000f0e00000,0x00000000f0e00000)
  from space 14336K, 99% used [0x00000000f2000000,0x00000000f2dfd198,0x00000000f2e00000)
  to   space 18432K, 0% used [0x00000000f0e00000,0x00000000f0e00000,0x00000000f2000000)
 ParOldGen       total 99840K, used 27020K [0x00000000c0000000, 0x00000000c6180000, 0x00000000eab00000)
  object space 99840K, 27% used [0x00000000c0000000,0x00000000c1a63048,0x00000000c6180000)
 Metaspace       used 55179K, capacity 56358K, committed 56576K, reserved 1097728K
  class space    used 7465K, capacity 7810K, committed 7936K, reserved 1048576K
Event: 66.837 GC heap after
Heap after GC invocations=17 (full 2):
 PSYoungGen      total 119808K, used 18429K [0x00000000eab00000, 0x00000000f4600000, 0x0000000100000000)
  eden space 101376K, 0% used [0x00000000eab00000,0x00000000eab00000,0x00000000f0e00000)
  from space 18432K, 99% used [0x00000000f0e00000,0x00000000f1fff6b8,0x00000000f2000000)
  to   space 22016K, 0% used [0x00000000f3080000,0x00000000f3080000,0x00000000f4600000)
 ParOldGen       total 99840K, used 29467K [0x00000000c0000000, 0x00000000c6180000, 0x00000000eab00000)
  object space 99840K, 29% used [0x00000000c0000000,0x00000000c1cc6ee8,0x00000000c6180000)
 Metaspace       used 55179K, capacity 56358K, committed 56576K, reserved 1097728K
  class space    used 7465K, capacity 7810K, committed 7936K, reserved 1048576K
}
Event: 73.375 GC heap before
{Heap before GC invocations=18 (full 2):
 PSYoungGen      total 119808K, used 119805K [0x00000000eab00000, 0x00000000f4600000, 0x0000000100000000)
  eden space 101376K, 100% used [0x00000000eab00000,0x00000000f0e00000,0x00000000f0e00000)
  from space 18432K, 99% used [0x00000000f0e00000,0x00000000f1fff6b8,0x00000000f2000000)
  to   space 22016K, 0% used [0x00000000f3080000,0x00000000f3080000,0x00000000f4600000)
 ParOldGen       total 99840K, used 29467K [0x00000000c0000000, 0x00000000c6180000, 0x00000000eab00000)
  object space 99840K, 29% used [0x00000000c0000000,0x00000000c1cc6ee8,0x00000000c6180000)
 Metaspace       used 56774K, capacity 58016K, committed 58112K, reserved 1099776K
  class space    used 7610K, capacity 7925K, committed 7936K, reserved 1048576K
Event: 73.396 GC heap after
Heap after GC invocations=18 (full 2):
 PSYoungGen      total 133632K, used 21993K [0x00000000eab00000, 0x00000000f4d00000, 0x0000000100000000)
  eden space 111616K, 0% used [0x00000000eab00000,0x00000000eab00000,0x00000000f1800000)
  from space 22016K, 99% used [0x00000000f3080000,0x00000000f45fa468,0x00000000f4600000)
  to   space 25088K, 0% used [0x00000000f1800000,0x00000000f1800000,0x00000000f3080000)
 ParOldGen       total 99840K, used 29539K [0x00000000c0000000, 0x00000000c6180000, 0x00000000eab00000)
  object space 99840K, 29% used [0x00000000c0000000,0x00000000c1cd8ee8,0x00000000c6180000)
 Metaspace       used 56774K, capacity 58016K, committed 58112K, reserved 1099776K
  class space    used 7610K, capacity 7925K, committed 7936K, reserved 1048576K
}

Deoptimization events (10 events):
Event: 72.631 Thread 0x0000000017c61000 Uncommon trap: reason=unstable_if action=reinterpret pc=0x00000000044371f4 method=org.objectweb.asm.MethodWriter.visitMethodInsn(ILjava/lang/String;Ljava/lang/String;Ljava/lang/String;Z)V @ 37
Event: 72.632 Thread 0x0000000017c61000 Uncommon trap: reason=unstable_if action=reinterpret pc=0x000000000436bd34 method=org.objectweb.asm.MethodWriter.visitInsn(I)V @ 24
Event: 73.320 Thread 0x0000000017c61000 Uncommon trap: reason=unstable_if action=reinterpret pc=0x00000000029dc79c method=java.util.LinkedHashMap.afterNodeInsertion(Z)V @ 18
Event: 73.893 Thread 0x0000000017c61000 Uncommon trap: reason=array_check action=maybe_recompile pc=0x0000000004534698 method=java.util.TimSort.binarySort([Ljava/lang/Object;IIILjava/util/Comparator;)V @ 183
Event: 73.893 Thread 0x0000000017c61000 Uncommon trap: reason=array_check action=maybe_recompile pc=0x0000000004534698 method=java.util.TimSort.binarySort([Ljava/lang/Object;IIILjava/util/Comparator;)V @ 183
Event: 73.918 Thread 0x000000001b2f6000 Uncommon trap: reason=class_check action=maybe_recompile pc=0x0000000002fec630 method=java.lang.ThreadLocal.setInitialValue()Ljava/lang/Object; @ 31
Event: 73.918 Thread 0x000000001b2ee800 Uncommon trap: reason=class_check action=maybe_recompile pc=0x0000000002fec630 method=java.lang.ThreadLocal.setInitialValue()Ljava/lang/Object; @ 31
Event: 73.918 Thread 0x000000001b2f4800 Uncommon trap: reason=class_check action=maybe_recompile pc=0x0000000002fec630 method=java.lang.ThreadLocal.setInitialValue()Ljava/lang/Object; @ 31
Event: 73.980 Thread 0x000000001b2f0000 Uncommon trap: reason=class_check action=maybe_recompile pc=0x0000000002fec630 method=java.lang.ThreadLocal.setInitialValue()Ljava/lang/Object; @ 31
Event: 74.121 Thread 0x0000000017c61000 Uncommon trap: reason=class_check action=maybe_recompile pc=0x0000000002e93440 method=java.lang.Throwable.<init>(Ljava/lang/String;Ljava/lang/Throwable;)V @ 24

Internal exceptions (10 events):
Event: 45.558 Thread 0x0000000017c61000 Exception <a 'java/lang/ClassNotFoundException': com/android/ide/common/res2/MergedAssetWriterBeanInfo> (0x00000000eeb4da28) thrown at [C:\re\workspace\8-2-build-windows-amd64-cygwin\jdk8u101\7261\hotspot\src\share\vm\classfile\systemDictionary.cpp, line 2P@µ‹qÇF@
Event: 45.558 Thread 0x0000000017c61000 Exception <a 'java/lang/ClassNotFoundException': com/android/ide/common/res2/MergeWriterBeanInfo> (0x00000000eeb5bfa8) thrown at [C:\re\workspace\8-2-build-windows-amd64-cygwin\jdk8u101\7261\hotspot\src\share\vm\classfile\systemDictionary.cpp, line 210]
Event: 45.558 Thread 0x0000000017c61000 Exception <a 'java/lang/ClassNotFoundException': com/android/ide/common/res2/MergeWriterCustomizer> (0x00000000eeb6a820) thrown at [C:\re\workspace\8-2-build-windows-amd64-cygwin\jdk8u101\7261\hotspot\src\share\vm\classfile\systemDictionary.cpp, line 210]
Event: 45.559 Thread 0x0000000017c61000 Exception <a 'java/lang/ClassNotFoundException': com/android/ide/common/res2/MergedAssetWriterCustomizer> (0x00000000eeb7dc20) thrown at [C:\re\workspace\8-2-build-windows-amd64-cygwin\jdk8u101\7261\hotspot\src\share\vm\classfile\systemDictionary.cpp, linel†2pòF@
Event: 45.894 Thread 0x0000000017c61000 Exception <a 'java/lang/NoSuchMethodError': <clinit>> (0x00000000eed593a8) thrown at [C:\re\workspace\8-2-build-windows-amd64-cygwin\jdk8u101\7261\hotspot\src\share\vm\prims\jni.cpp, line 1613]
Event: 51.876 Thread 0x0000000017c61000 Implicit null exception at 0x0000000003588c98 to 0x000000000358ba29
Event: 62.231 Thread 0x0000000017c61000 Implicit null exception at 0x0000000003cb8118 to 0x0000000003cb814e
Event: 72.631 Thread 0x0000000017c61000 Implicit null exception at 0x000000000443586d to 0x00000000044371c9
Event: 72.632 Thread 0x0000000017c61000 Implicit null exception at 0x000000000436ba84 to 0x000000000436bd25
Event: 74.121 Thread 0x0000000017c61000 Exception <a 'java/lang/reflect/InvocationTargetException'> (0x00000000eb36e9d0) thrown at [C:\re\workspace\8-2-build-windows-amd64-cygwin\jdk8u101\7261\hotspot\src\share\vm\runtime\reflection.cpp, line 1092]

Events (10 events):
Event: 74.126 Thread 0x00000000166a0800 flushing nmethod 0x0000000003deda50
Event: 74.126 Thread 0x00000000166a0800 flushing nmethod 0x0000000003df8210
Event: 74.126 Thread 0x00000000166a0800 flushing nmethod 0x0000000003dffad0
Event: 74.126 Thread 0x00000000166a0800 flushing nmethod 0x0000000003e48150
Event: 74.126 Thread 0x00000000166a0800 flushing nmethod 0x0000000003e5c290
Event: 74.126 loading class org/gradle/BuildExceptionReporter$ExceptionStyle
Event: 74.126 loading class org/gradle/BuildExceptionReporter$ExceptionStyle done
Event: 74.126 Thread 0x00000000166a0800 flushing nmethod 0x0000000003e73350
Event: 74.126 loading class org/gradle/internal/logging/text/BufferingStyledTextOutput$1
Event: 74.126 loading class org/gradle/internal/logging/text/BufferingStyledTextOutput$1 done


Dynamic libraries:
0x00007ff7fdab0000 - 0x00007ff7fdae7000 	C:\Program Files\Java\jdk1.8.0_101\bin\java.exe
0x00007ff9ec780000 - 0x00007ff9ec951000 	C:\WINDOWS\SYSTEM32\ntdll.dll
0x00007ff9e9d10000 - 0x00007ff9e9dbb000 	C:\WINDOWS\System32\KERNEL32.DLL
0x00007ff9e9220000 - 0x00007ff9e943d000 	C:\WINDOWS\System32\KERNELBASE.dll
0x00007ff9ea360000 - 0x00007ff9ea402000 	C:\WINDOWS\System32\ADVAPI32.dll
0x00007ff9eb020000 - 0x00007ff9eb0be000 	C:\WINDOWS\System32\msvcrt.dll
0x00007ff9ea9a0000 - 0x00007ff9ea9f9000 	C:\WINDOWS\System32\sechost.dll
0x00007ff9ea230000 - 0x00007ff9ea351000 	C:\WINDOWS\System32\RPCRT4.dll
0x00007ff9ec610000 - 0x00007ff9ec775000 	C:\WINDOWS\System32\USER32.dll
0x00007ff9e9cf0000 - 0x00007ff9e9d0e000 	C:\WINDOWS\System32\win32u.dll
0x00007ff9ec5d0000 - 0x00007ff9ec604000 	C:\WINDOWS\System32\GDI32.dll
0x00007ff9e8d80000 - 0x00007ff9e8f02000 	C:\WINDOWS\System32\gdi32full.dll
0x00007ff9e0800000 - 0x00007ff9e0a79000 	C:\WINDOWS\WinSxS\amd64_microsoft.windows.common-controls_6595b64144ccf1df_6.0.14393.0_none_2d0f50fcbdb171b8\COMCTL32.dll
0x00007ff9e9e60000 - 0x00007ff9ea127000 	C:\WINDOWS\System32\combase.dll
0x00007ff9e8f10000 - 0x00007ff9e9005000 	C:\WINDOWS\System32\ucrtbase.dll
0x00007ff9e8d10000 - 0x00007ff9e8d7a000 	C:\WINDOWS\System32\bcryptPrimitives.dll
0x00007ff9eae40000 - 0x00007ff9eae6e000 	C:\WINDOWS\System32\IMM32.DLL
0x0000000055d50000 - 0x0000000055e22000 	C:\Program Files\Java\jdk1.8.0_101\jre\bin\msvcr100.dll
0x0000000058040000 - 0x00000000588da000 	C:\Program Files\Java\jdk1.8.0_101\jre\bin\server\jvm.dll
0x00007ff9eaa00000 - 0x00007ff9eaa08000 	C:\WINDOWS\System32\PSAPI.DLL
0x00007ff9e6c80000 - 0x00007ff9e6ca3000 	C:\WINDOWS\SYSTEM32\WINMM.dll
0x00007ff9e4320000 - 0x00007ff9e432a000 	C:\WINDOWS\SYSTEM32\VERSION.dll
0x00007ff9e6c30000 - 0x00007ff9e6c5b000 	C:\WINDOWS\SYSTEM32\winmmbase.dll
0x00007ff9e9010000 - 0x00007ff9e9052000 	C:\WINDOWS\System32\cfgmgr32.dll
0x00007ff9de1d0000 - 0x00007ff9de1d9000 	C:\WINDOWS\SYSTEM32\WSOCK32.dll
0x00007ff9ea560000 - 0x00007ff9ea5ca000 	C:\WINDOWS\System32\WS2_32.dll
0x0000000059390000 - 0x000000005939f000 	C:\Program Files\Java\jdk1.8.0_101\jre\bin\verify.dll
0x0000000059360000 - 0x0000000059389000 	C:\Program Files\Java\jdk1.8.0_101\jre\bin\java.dll
0x0000000058020000 - 0x0000000058036000 	C:\Program Files\Java\jdk1.8.0_101\jre\bin\zip.dll
0x00007ff9eb0c0000 - 0x00007ff9ec5c8000 	C:\WINDOWS\System32\SHELL32.dll
0x00007ff9e9610000 - 0x00007ff9e9cea000 	C:\WINDOWS\System32\windows.storage.dll
0x00007ff9e8c10000 - 0x00007ff9e8c5c000 	C:\WINDOWS\System32\powrprof.dll
0x00007ff9ea940000 - 0x00007ff9ea992000 	C:\WINDOWS\System32\shlwapi.dll
0x00007ff9e8c60000 - 0x00007ff9e8c6f000 	C:\WINDOWS\System32\kernel.appcore.dll
0x00007ff9e9110000 - 0x00007ff9e91b9000 	C:\WINDOWS\System32\shcore.dll
0x00007ff9e8bf0000 - 0x00007ff9e8c04000 	C:\WINDOWS\System32\profapi.dll
0x0000000058000000 - 0x000000005801a000 	C:\Program Files\Java\jdk1.8.0_101\jre\bin\net.dll
0x00007ff9e83b0000 - 0x00007ff9e840c000 	C:\WINDOWS\system32\mswsock.dll
0x0000000057fe0000 - 0x0000000057ff1000 	C:\Program Files\Java\jdk1.8.0_101\jre\bin\nio.dll
0x00007ff9dc210000 - 0x00007ff9dc222000 	C:\Users\mario\.gradle\native\19\windows-amd64\native-platform.dll
0x00007ff9e8660000 - 0x00007ff9e8677000 	C:\WINDOWS\SYSTEM32\CRYPTSP.dll
0x00007ff9e8530000 - 0x00007ff9e8563000 	C:\WINDOWS\system32\rsaenh.dll
0x00007ff9e8b30000 - 0x00007ff9e8b5b000 	C:\WINDOWS\SYSTEM32\bcrypt.dll
0x00007ff9e8230000 - 0x00007ff9e824f000 	C:\WINDOWS\SYSTEM32\USERENV.dll
0x00007ff9e8650000 - 0x00007ff9e865b000 	C:\WINDOWS\SYSTEM32\CRYPTBASE.dll
0x00007ff9e8140000 - 0x00007ff9e8178000 	C:\WINDOWS\SYSTEM32\IPHLPAPI.DLL
0x00007ff9ea7f0000 - 0x00007ff9ea7f8000 	C:\WINDOWS\System32\NSI.dll
0x00007ff9e2440000 - 0x00007ff9e2456000 	C:\WINDOWS\SYSTEM32\dhcpcsvc6.DLL
0x00007ff9e4380000 - 0x00007ff9e439a000 	C:\WINDOWS\SYSTEM32\dhcpcsvc.DLL
0x0000000059350000 - 0x000000005935d000 	C:\Program Files\Java\jdk1.8.0_101\jre\bin\management.dll

VM Arguments:
jvm_args: -XX:MaxPermSize=256m -XX:+HeapDumpOnOutOfMemoryError -Xmx1024m -Dfile.encoding=windows-1252 -Duser.country=MX -Duser.language=es -Duser.variant 
java_command: org.gradle.launcher.daemon.bootstrap.GradleDaemon 2.14.1
java_class_path (initial): C:\Users\mario\.gradle\wrapper\dists\gradle-2.14.1-all\8bnwg5hd3w55iofp58khbp6yv\gradle-2.14.1\lib\gradle-launcher-2.14.1.jar
Launcher Type: SUN_STANDARD

Environment Variables:
PATH=C:\ProgramData\Oracle\Java\javapath;C:\Program Files (x86)\Intel\iCLS Client\;C:\Program Files\Intel\iCLS Client\;C:\Windows\system32;C:\Windows;C:\Windows\System32\Wbem;C:\Windows\System32\WindowsPowerShell\v1.0\;C:\Program Files (x86)\NVIDIA Corporation\PhysX\Common;C:\Program Files (x86)\Intel\Intel(R) Management Engine Components\DAL;C:\Program Files\Intel\Intel(R) Management Engine Components\DAL;C:\Program Files (x86)\Intel\Intel(R) Management Engine Components\IPT;C:\Program Files\Intel\Intel(R) Management Engine Components\IPT;C:\WINDOWS\system32;C:\WINDOWS;C:\WINDOWS\System32\Wbem;C:\WINDOWS\System32\WindowsPowerShell\v1.0\;C:\WINDOWS\system32\config\systemprofile\.dnx\bin;C:\Program Files\Microsoft DNX\Dnvm\;C:\Program Files (x86)\Windows Kits\10\Windows Performance Toolkit\;C:\Program Files\Git\cmd;C:\Program Files\Microsoft SQL Server\130\Tools\Binn\;C:\Program Files\Microsoft\Web Platform Installer\;C:\Program Files (x86)\nodejs\;C:\Users\mario\AppData\Roaming\npm;%USERPROFILE%\AppData\Local\Microsoft\WindowsApps;
USERNAME=mario
OS=Windows_NT
PROCESSOR_IDENTIFIER=Intel64 Family 6 Model 94 Stepping 3, GenuineIntel



---------------  S Y S T E M  ---------------

OS: Windows 10.0 , 64 bit Build 14393 (10.0.14393.0)

CPU:total 4 (4 cores per cpu, 1 threads per core) family 6 model 94 stepping 3, cmov, cx8, fxsr, mmx, sse, sse2, sse3, ssse3, sse4.1, sse4.2, popcnt, avx, avx2, aes, clmul, erms, rtm, 3dnowpref, lzcnt, tsc, tscinvbit, bmi1, bmi2, adx

Memory: 4k page, physical 8245152k(904688k free), swap 8245152k(107964k free)

vm_info: Java HotSpot(TM) 64-Bit Server VM (25.101-b13) for windows-amd64 JRE (1.8.0_101-b13), built on Jun 22 2016 01:21:29 by "java_re" with MS VC++ 10.0 (VS2010)

time: Wed Oct 26 11:30:41 2016
elapsed time: 74 seconds (0d 0h 1m 14s)

