#
# There is insufficient memory for the Java Runtime Environment to continue.
# Native memory allocation (malloc) failed to allocate 696976 bytes for Chunk::new
# Possible reasons:
#   The system is out of physical RAM or swap space
#   In 32 bit mode, the process size limit was hit
# Possible solutions:
#   Reduce memory load on the system
#   Increase physical memory or swap space
#   Check if swap backing store is full
#   Use 64 bit Java on a 64 bit OS
#   Decrease Java heap size (-Xmx/-Xms)
#   Decrease number of Java threads
#   Decrease Java thread stack sizes (-Xss)
#   Set larger code cache with -XX:ReservedCodeCacheSize=
# This output file may be truncated or incomplete.
#
#  Out of Memory Error (allocation.cpp:390), pid=10728, tid=0x00000000000011ac
#
# JRE version: Java(TM) SE Runtime Environment (8.0_101-b13) (build 1.8.0_101-b13)
# Java VM: Java HotSpot(TM) 64-Bit Server VM (25.101-b13 mixed mode windows-amd64 compressed oops)
# Failed to write core dump. Minidumps are not enabled by default on client versions of Windows
#

---------------  T H R E A D  ---------------

Current thread (0x0000000015283000):  JavaThread "C2 CompilerThread1" daemon [_thread_in_native, id=4524, stack(0x00000000169f0000,0x0000000016af0000)]

Stack: [0x00000000169f0000,0x0000000016af0000]
[error occurred during error reporting (printing stack bounds), id 0xc0000005]

Native frames: (J=compiled Java code, j=interpreted, Vv=VM code, C=native code)


Current CompileTask:
C2: 159174 8099   !   4       java.lang.Class::getEnumConstantsShared (73 bytes)


---------------  P R O C E S S  ---------------

Java Threads: ( => current thread )
  0x000000001761b000 JavaThread "pool-2-thread-4" [_thread_blocked, id=5420, stack(0x000000001ec60000,0x000000001ed60000)]
  0x000000001761f800 JavaThread "pool-2-thread-3" [_thread_blocked, id=5020, stack(0x000000001eb60000,0x000000001ec60000)]
  0x0000000017619800 JavaThread "pool-2-thread-2" [_thread_blocked, id=8444, stack(0x000000001ea60000,0x000000001eb60000)]
  0x0000000017620800 JavaThread "pool-2-thread-1" [_thread_blocked, id=5152, stack(0x000000001e960000,0x000000001ea60000)]
  0x000000001761a000 JavaThread "File lock request listener" [_thread_in_native, id=10700, stack(0x000000001ae60000,0x000000001af60000)]
  0x0000000017e6d000 JavaThread "Asynchronous log dispatcher for org.gradle.launcher.daemon.server.DefaultDaemonConnection@1ae45104" [_thread_blocked, id=4320, stack(0x0000000019690000,0x0000000019790000)]
  0x00000000180f3800 JavaThread "Daemon worker" [_thread_in_native, id=4892, stack(0x0000000019590000,0x0000000019690000)]
  0x000000001811c000 JavaThread "Cancel handler" [_thread_blocked, id=9104, stack(0x0000000019490000,0x0000000019590000)]
  0x00000000180d5800 JavaThread "Handler for socket connection from /127.0.0.1:50346 to /127.0.0.1:50348" [_thread_in_native, id=7664, stack(0x0000000019390000,0x0000000019490000)]
  0x0000000018093800 JavaThread "Daemon" [_thread_blocked, id=2236, stack(0x0000000019290000,0x0000000019390000)]
  0x0000000017e24000 JavaThread "Incoming local TCP Connector on port 50346" [_thread_in_native, id=1716, stack(0x0000000018e40000,0x0000000018f40000)]
  0x0000000017b5d800 JavaThread "pool-1-thread-1" [_thread_blocked, id=10300, stack(0x0000000018d40000,0x0000000018e40000)]
  0x00000000152dd000 JavaThread "Service Thread" daemon [_thread_blocked, id=8344, stack(0x0000000016ff0000,0x00000000170f0000)]
  0x000000001528a800 JavaThread "C1 CompilerThread2" daemon [_thread_blocked, id=4908, stack(0x0000000016ef0000,0x0000000016ff0000)]
=>0x0000000015283000 JavaThread "C2 CompilerThread1" daemon [_thread_in_native, id=4524, stack(0x00000000169f0000,0x0000000016af0000)]
  0x0000000015280000 JavaThread "C2 CompilerThread0" daemon [_thread_blocked, id=8600, stack(0x00000000168f0000,0x00000000169f0000)]
  0x000000001527d000 JavaThread "Attach Listener" daemon [_thread_blocked, id=3028, stack(0x00000000167f0000,0x00000000168f0000)]
  0x000000001527c000 JavaThread "Signal Dispatcher" daemon [_thread_blocked, id=5828, stack(0x00000000166f0000,0x00000000167f0000)]
  0x0000000002b8c000 JavaThread "Finalizer" daemon [_thread_blocked, id=844, stack(0x00000000164d0000,0x00000000165d0000)]
  0x0000000015248800 JavaThread "Reference Handler" daemon [_thread_blocked, id=10884, stack(0x00000000163d0000,0x00000000164d0000)]
  0x000000000123e800 JavaThread "main" [_thread_blocked, id=5632, stack(0x0000000002990000,0x0000000002a90000)]

Other Threads:
  0x0000000015247000 VMThread [stack: 0x00000000162d0000,0x00000000163d0000] [id=9220]
  0x0000000016b14000 WatcherThread [stack: 0x00000000170f0000,0x00000000171f0000] [id=4328]

VM state:not at safepoint (normal execution)

VM Mutex/Monitor currently owned by a thread: None

Heap:
 PSYoungGen      total 42496K, used 19072K [0x00000000eab00000, 0x00000000eea00000, 0x0000000100000000)
  eden space 28672K, 19% used [0x00000000eab00000,0x00000000eb0768f0,0x00000000ec700000)
  from space 13824K, 97% used [0x00000000eca00000,0x00000000ed7297b0,0x00000000ed780000)
  to   space 17920K, 0% used [0x00000000ed880000,0x00000000ed880000,0x00000000eea00000)
 ParOldGen       total 53760K, used 32711K [0x00000000c0000000, 0x00000000c3480000, 0x00000000eab00000)
  object space 53760K, 60% used [0x00000000c0000000,0x00000000c1ff1e68,0x00000000c3480000)
 Metaspace       used 54797K, capacity 55996K, committed 56320K, reserved 1097728K
  class space    used 7440K, capacity 7811K, committed 7936K, reserved 1048576K

Card table byte_map: [0x0000000011f50000,0x0000000012160000] byte_map_base: 0x0000000011950000

Marking Bits: (ParMarkBitMap*) 0x0000000067f0a6d0
 Begin Bits: [0x00000000126c0000, 0x00000000136c0000)
 End Bits:   [0x00000000136c0000, 0x00000000146c0000)

Polling page: 0x00000000009d0000

CodeCache: size=245760Kb used=24903Kb max_used=24914Kb free=220856Kb
 bounds [0x0000000002b90000, 0x0000000004410000, 0x0000000011b90000]
 total_blobs=7770 nmethods=7037 adapters=644
 compilation: enabled

Compilation events (10 events):
Event: 159.104 Thread 0x000000001528a800 8093       3       com.sun.tools.javac.comp.Check::isDeprecatedOverrideIgnorable (119 bytes)
Event: 159.104 Thread 0x000000001528a800 nmethod 8093 0x00000000043fca90 code [0x00000000043fcce0, 0x00000000043fddc8]
Event: 159.117 Thread 0x0000000015283000 nmethod 8091 0x00000000043ffed0 code [0x0000000004400220, 0x00000000044013a0]
Event: 159.146 Thread 0x0000000015280000 8096       4       com.sun.tools.javac.code.Types::isSignaturePolymorphic (119 bytes)
Event: 159.146 Thread 0x000000001528a800 8097       3       com.sun.tools.javac.code.Symbol::annotationsPendingCompletion (19 bytes)
Event: 159.146 Thread 0x0000000015283000 8098       4       com.sun.tools.javac.comp.Attr$ResultInfo::<init> (15 bytes)
Event: 159.146 Thread 0x000000001528a800 nmethod 8097 0x00000000043daa50 code [0x00000000043dabc0, 0x00000000043dae50]
Event: 159.147 Thread 0x0000000015283000 nmethod 8098 0x00000000043c6050 code [0x00000000043c6180, 0x00000000043c6238]
Event: 159.147 Thread 0x0000000015283000 8099   !   4       java.lang.Class::getEnumConstantsShared (73 bytes)
Event: 159.147 Thread 0x0000000015280000 nmethod 8096 0x00000000043da690 code [0x00000000043da7e0, 0x00000000043da8f8]

GC Heap History (10 events):
Event: 122.485 GC heap before
{Heap before GC invocations=25 (full 2):
 PSYoungGen      total 33792K, used 33778K [0x00000000eab00000, 0x00000000edb00000, 0x0000000100000000)
  eden space 22528K, 100% used [0x00000000eab00000,0x00000000ec100000,0x00000000ec100000)
  from space 11264K, 99% used [0x00000000ecd80000,0x00000000ed87c818,0x00000000ed880000)
  to   space 12800K, 0% used [0x00000000ec100000,0x00000000ec100000,0x00000000ecd80000)
 ParOldGen       total 53760K, used 19050K [0x00000000c0000000, 0x00000000c3480000, 0x00000000eab00000)
  object space 53760K, 35% used [0x00000000c0000000,0x00000000c129a9a0,0x00000000c3480000)
 Metaspace       used 43868K, capacity 44668K, committed 44800K, reserved 1087488K
  class space    used 6094K, capacity 6296K, committed 6400K, reserved 1048576K
Event: 122.497 GC heap after
Heap after GC invocations=25 (full 2):
 PSYoungGen      total 35328K, used 12224K [0x00000000eab00000, 0x00000000ee580000, 0x0000000100000000)
  eden space 22528K, 0% used [0x00000000eab00000,0x00000000eab00000,0x00000000ec100000)
  from space 12800K, 95% used [0x00000000ec100000,0x00000000eccf0030,0x00000000ecd80000)
  to   space 14336K, 0% used [0x00000000ed780000,0x00000000ed780000,0x00000000ee580000)
 ParOldGen       total 53760K, used 21189K [0x00000000c0000000, 0x00000000c3480000, 0x00000000eab00000)
  object space 53760K, 39% used [0x00000000c0000000,0x00000000c14b1768,0x00000000c3480000)
 Metaspace       used 43868K, capacity 44668K, committed 44800K, reserved 1087488K
  class space    used 6094K, capacity 6296K, committed 6400K, reserved 1048576K
}
Event: 126.464 GC heap before
{Heap before GC invocations=26 (full 2):
 PSYoungGen      total 35328K, used 34752K [0x00000000eab00000, 0x00000000ee580000, 0x0000000100000000)
  eden space 22528K, 100% used [0x00000000eab00000,0x00000000ec100000,0x00000000ec100000)
  from space 12800K, 95% used [0x00000000ec100000,0x00000000eccf0030,0x00000000ecd80000)
  to   space 14336K, 0% used [0x00000000ed780000,0x00000000ed780000,0x00000000ee580000)
 ParOldGen       total 53760K, used 21189K [0x00000000c0000000, 0x00000000c3480000, 0x00000000eab00000)
  object space 53760K, 39% used [0x00000000c0000000,0x00000000c14b1768,0x00000000c3480000)
 Metaspace       used 45770K, capacity 46640K, committed 46848K, reserved 1089536K
  class space    used 6367K, capacity 6653K, committed 6656K, reserved 1048576K
Event: 126.476 GC heap after
Heap after GC invocations=26 (full 2):
 PSYoungGen      total 44032K, used 13404K [0x00000000eab00000, 0x00000000ee800000, 0x0000000100000000)
  eden space 29696K, 0% used [0x00000000eab00000,0x00000000eab00000,0x00000000ec800000)
  from space 14336K, 93% used [0x00000000ed780000,0x00000000ee4971d8,0x00000000ee580000)
  to   space 15872K, 0% used [0x00000000ec800000,0x00000000ec800000,0x00000000ed780000)
 ParOldGen       total 53760K, used 22627K [0x00000000c0000000, 0x00000000c3480000, 0x00000000eab00000)
  object space 53760K, 42% used [0x00000000c0000000,0x00000000c1618df0,0x00000000c3480000)
 Metaspace       used 45770K, capacity 46640K, committed 46848K, reserved 1089536K
  class space    used 6367K, capacity 6653K, committed 6656K, reserved 1048576K
}
Event: 135.536 GC heap before
{Heap before GC invocations=27 (full 2):
 PSYoungGen      total 44032K, used 43100K [0x00000000eab00000, 0x00000000ee800000, 0x0000000100000000)
  eden space 29696K, 100% used [0x00000000eab00000,0x00000000ec800000,0x00000000ec800000)
  from space 14336K, 93% used [0x00000000ed780000,0x00000000ee4971d8,0x00000000ee580000)
  to   space 15872K, 0% used [0x00000000ec800000,0x00000000ec800000,0x00000000ed780000)
 ParOldGen       total 53760K, used 22627K [0x00000000c0000000, 0x00000000c3480000, 0x00000000eab00000)
  object space 53760K, 42% used [0x00000000c0000000,0x00000000c1618df0,0x00000000c3480000)
 Metaspace       used 48679K, capacity 49586K, committed 49920K, reserved 1091584K
  class space    used 6752K, capacity 7070K, committed 7168K, reserved 1048576K
Event: 135.548 GC heap after
Heap after GC invocations=27 (full 2):
 PSYoungGen      total 45568K, used 13262K [0x00000000eab00000, 0x00000000ef200000, 0x0000000100000000)
  eden space 29696K, 0% used [0x00000000eab00000,0x00000000eab00000,0x00000000ec800000)
  from space 15872K, 83% used [0x00000000ec800000,0x00000000ed4f3990,0x00000000ed780000)
  to   space 17408K, 0% used [0x00000000ee100000,0x00000000ee100000,0x00000000ef200000)
 ParOldGen       total 53760K, used 24023K [0x00000000c0000000, 0x00000000c3480000, 0x00000000eab00000)
  object space 53760K, 44% used [0x00000000c0000000,0x00000000c1775c18,0x00000000c3480000)
 Metaspace       used 48679K, capacity 49586K, committed 49920K, reserved 1091584K
  class space    used 6752K, capacity 7070K, committed 7168K, reserved 1048576K
}
Event: 147.398 GC heap before
{Heap before GC invocations=28 (full 2):
 PSYoungGen      total 45568K, used 42958K [0x00000000eab00000, 0x00000000ef200000, 0x0000000100000000)
  eden space 29696K, 100% used [0x00000000eab00000,0x00000000ec800000,0x00000000ec800000)
  from space 15872K, 83% used [0x00000000ec800000,0x00000000ed4f3990,0x00000000ed780000)
  to   space 17408K, 0% used [0x00000000ee100000,0x00000000ee100000,0x00000000ef200000)
 ParOldGen       total 53760K, used 24023K [0x00000000c0000000, 0x00000000c3480000, 0x00000000eab00000)
  object space 53760K, 44% used [0x00000000c0000000,0x00000000c1775c18,0x00000000c3480000)
 Metaspace       used 53112K, capacity 54300K, committed 54400K, reserved 1095680K
  class space    used 7348K, capacity 7715K, committed 7808K, reserved 1048576K
Event: 147.409 GC heap after
Heap after GC invocations=28 (full 2):
 PSYoungGen      total 39424K, used 10052K [0x00000000eab00000, 0x00000000eeb00000, 0x0000000100000000)
  eden space 29184K, 0% used [0x00000000eab00000,0x00000000eab00000,0x00000000ec780000)
  from space 10240K, 98% used [0x00000000ee100000,0x00000000eead1118,0x00000000eeb00000)
  to   space 16896K, 0% used [0x00000000eca00000,0x00000000eca00000,0x00000000eda80000)
 ParOldGen       total 53760K, used 28107K [0x00000000c0000000, 0x00000000c3480000, 0x00000000eab00000)
  object space 53760K, 52% used [0x00000000c0000000,0x00000000c1b72e18,0x00000000c3480000)
 Metaspace       used 53112K, capacity 54300K, committed 54400K, reserved 1095680K
  class space    used 7348K, capacity 7715K, committed 7808K, reserved 1048576K
}
Event: 157.736 GC heap before
{Heap before GC invocations=29 (full 2):
 PSYoungGen      total 39424K, used 39236K [0x00000000eab00000, 0x00000000eeb00000, 0x0000000100000000)
  eden space 29184K, 100% used [0x00000000eab00000,0x00000000ec780000,0x00000000ec780000)
  from space 10240K, 98% used [0x00000000ee100000,0x00000000eead1118,0x00000000eeb00000)
  to   space 16896K, 0% used [0x00000000eca00000,0x00000000eca00000,0x00000000eda80000)
 ParOldGen       total 53760K, used 28107K [0x00000000c0000000, 0x00000000c3480000, 0x00000000eab00000)
  object space 53760K, 52% used [0x00000000c0000000,0x00000000c1b72e18,0x00000000c3480000)
 Metaspace       used 54513K, capacity 55708K, committed 55936K, reserved 1097728K
  class space    used 7437K, capacity 7779K, committed 7808K, reserved 1048576K
Event: 157.749 GC heap after
Heap after GC invocations=29 (full 2):
 PSYoungGen      total 42496K, used 13477K [0x00000000eab00000, 0x00000000eea00000, 0x0000000100000000)
  eden space 28672K, 0% used [0x00000000eab00000,0x00000000eab00000,0x00000000ec700000)
  from space 13824K, 97% used [0x00000000eca00000,0x00000000ed7297b0,0x00000000ed780000)
  to   space 17920K, 0% used [0x00000000ed880000,0x00000000ed880000,0x00000000eea00000)
 ParOldGen       total 53760K, used 32711K [0x00000000c0000000, 0x00000000c3480000, 0x00000000eab00000)
  object space 53760K, 60% used [0x00000000c0000000,0x00000000c1ff1e68,0x00000000c3480000)
 Metaspace       used 54513K, capacity 55708K, committed 55936K, reserved 1097728K
  class space    used 7437K, capacity 7779K, committed 7808K, reserved 1048576K
}

Deoptimization events (10 events):
Event: 158.012 Thread 0x00000000180f3800 Uncommon trap: reason=class_check action=maybe_recompile pc=0x000000000427dfd8 method=com.sun.tools.javac.comp.Check.checkType(Lcom/sun/tools/javac/util/JCDiagnostic$DiagnosticPosition;Lcom/sun/tools/javac/code/Type;Lcom/sun/tools/javac/code/Type;Lcom/sun/
Event: 158.012 Thread 0x00000000180f3800 Uncommon trap: reason=class_check action=maybe_recompile pc=0x000000000427dfd8 method=com.sun.tools.javac.comp.Check.checkType(Lcom/sun/tools/javac/util/JCDiagnostic$DiagnosticPosition;Lcom/sun/tools/javac/code/Type;Lcom/sun/tools/javac/code/Type;Lcom/sun/Ž‹À¼eÀc@
Event: 158.012 Thread 0x00000000180f3800 Uncommon trap: reason=class_check action=maybe_recompile pc=0x000000000427dfd8 method=com.sun.tools.javac.comp.Check.checkType(Lcom/sun/tools/javac/util/JCDiagnostic$DiagnosticPosition;Lcom/sun/tools/javac/code/Type;Lcom/sun/tools/javac/code/Type;Lcom/sun/“zV<Åc@
Event: 158.157 Thread 0x00000000180f3800 Uncommon trap: reason=unstable_if action=reinterpret pc=0x0000000004276460 method=com.sun.tools.javac.code.Types$18.visitClassType(Lcom/sun/tools/javac/code/Type$ClassType;Ljava/lang/Void;)Lcom/sun/tools/javac/code/Type; @ 43
Event: 158.228 Thread 0x00000000180f3800 Uncommon trap: reason=class_check action=maybe_recompile pc=0x000000000427dfd8 method=com.sun.tools.javac.comp.Check.checkType(Lcom/sun/tools/javac/util/JCDiagnostic$DiagnosticPosition;Lcom/sun/tools/javac/code/Type;Lcom/sun/tools/javac/code/Type;Lcom/sun/Ï½Úk\Çc@
Event: 158.230 Thread 0x00000000180f3800 Uncommon trap: reason=class_check action=maybe_recompile pc=0x0000000004309cec method=com.sun.tools.javac.code.Type$ClassType.isRaw()Z @ 31
Event: 158.874 Thread 0x00000000180f3800 Uncommon trap: reason=bimorphic action=maybe_recompile pc=0x0000000004309d00 method=com.sun.tools.javac.code.Types.capture(Lcom/sun/tools/javac/code/Type;)Lcom/sun/tools/javac/code/Type; @ 13
Event: 158.874 Thread 0x00000000180f3800 Uncommon trap: reason=bimorphic action=maybe_recompile pc=0x0000000004309d00 method=com.sun.tools.javac.code.Types.capture(Lcom/sun/tools/javac/code/Type;)Lcom/sun/tools/javac/code/Type; @ 13
Event: 158.875 Thread 0x00000000180f3800 Uncommon trap: reason=class_check action=maybe_recompile pc=0x0000000004309cec method=com.sun.tools.javac.code.Type$ClassType.isRaw()Z @ 31
Event: 159.079 Thread 0x00000000180f3800 Uncommon trap: reason=unstable_if action=reinterpret pc=0x00000000042e0018 method=com.sun.tools.javac.jvm.Pool.put(Ljava/lang/Object;)I @ 80

Internal exceptions (10 events):
Event: 129.169 Thread 0x00000000180f3800 Exception <a 'java/lang/ClassNotFoundException': com/android/ide/common/res2/DataSetCustomizer> (0x00000000eaf87fe8) thrown at [C:\re\workspace\8-2-build-windows-amd64-cygwin\jdk8u101\7261\hotspot\src\share\vm\classfile\systemDictionary.cpp, line 210]
Event: 129.170 Thread 0x00000000180f3800 Exception <a 'java/lang/ClassNotFoundException': com/android/ide/common/res2/AssetSetCustomizer> (0x00000000eafb2ef0) thrown at [C:\re\workspace\8-2-build-windows-amd64-cygwin\jdk8u101\7261\hotspot\src\share\vm\classfile\systemDictionary.cpp, line 210]
Event: 129.173 Thread 0x00000000180f3800 Exception <a 'java/lang/ClassNotFoundException': com/android/ide/common/res2/MergedAssetWriterBeanInfo> (0x00000000eb015ae0) thrown at [C:\re\workspace\8-2-build-windows-amd64-cygwin\jdk8u101\7261\hotspot\src\share\vm\classfile\systemDictionary.cpp, line 2D˜œÞ‹%`@
Event: 129.173 Thread 0x00000000180f3800 Exception <a 'java/lang/ClassNotFoundException': com/android/ide/common/res2/MergeWriterBeanInfo> (0x00000000eb023fd8) thrown at [C:\re\workspace\8-2-build-windows-amd64-cygwin\jdk8u101\7261\hotspot\src\share\vm\classfile\systemDictionary.cpp, line 210]
Event: 129.174 Thread 0x00000000180f3800 Exception <a 'java/lang/ClassNotFoundException': com/android/ide/common/res2/MergeWriterCustomizer> (0x00000000eb032850) thrown at [C:\re\workspace\8-2-build-windows-amd64-cygwin\jdk8u101\7261\hotspot\src\share\vm\classfile\systemDictionary.cpp, line 210]
Event: 129.174 Thread 0x00000000180f3800 Exception <a 'java/lang/ClassNotFoundException': com/android/ide/common/res2/MergedAssetWriterCustomizer> (0x00000000eb045c08) thrown at [C:\re\workspace\8-2-build-windows-amd64-cygwin\jdk8u101\7261\hotspot\src\share\vm\classfile\systemDictionary.cpp, lineFñ
Event: 129.313 Thread 0x00000000180f3800 Exception <a 'java/lang/NoSuchMethodError': <clinit>> (0x00000000eb22d6b8) thrown at [C:\re\workspace\8-2-build-windows-amd64-cygwin\jdk8u101\7261\hotspot\src\share\vm\prims\jni.cpp, line 1613]
Event: 145.034 Thread 0x00000000180f3800 Implicit null exception at 0x0000000003ecc0c0 to 0x0000000003ecd8ed
Event: 155.835 Thread 0x00000000180f3800 Implicit null exception at 0x000000000409a318 to 0x000000000409a34e
Event: 157.763 Thread 0x00000000180f3800 Implicit null exception at 0x000000000381e0a1 to 0x000000000381e749

Events (10 events):
Event: 158.875 Thread 0x00000000180f3800 DEOPT UNPACKING pc=0x0000000002bd582a sp=0x000000001968af00 mode 2
Event: 158.875 loading class com/sun/tools/javac/comp/Check$9
Event: 158.875 loading class com/sun/tools/javac/comp/Check$9 done
Event: 159.079 Thread 0x00000000180f3800 Uncommon trap: trap_request=0xffffff65 fr.pc=0x00000000042e0018
Event: 159.079 Thread 0x00000000180f3800 DEOPT PACKING pc=0x00000000042e0018 sp=0x000000001968a2a0
Event: 159.079 Thread 0x00000000180f3800 DEOPT UNPACKING pc=0x0000000002bd582a sp=0x000000001968a2d0 mode 2
Event: 159.094 loading class com/sun/tools/javac/code/Types$MembersClosureCache$MembersScope$1
Event: 159.094 loading class com/sun/tools/javac/code/Types$MembersClosureCache$MembersScope$1 done
Event: 159.095 Executing VM operation: CollectForMetadataAllocation
Event: 159.095 Executing VM operation: CollectForMetadataAllocation done


Dynamic libraries:
0x00007ff7b3b80000 - 0x00007ff7b3bb7000 	C:\Program Files\Java\jdk1.8.0_101\bin\java.exe
0x00007ffab0db0000 - 0x00007ffab0f81000 	C:\WINDOWS\SYSTEM32\ntdll.dll
0x00007ffab0c90000 - 0x00007ffab0d3b000 	C:\WINDOWS\System32\KERNEL32.DLL
0x00007ffaadac0000 - 0x00007ffaadcdd000 	C:\WINDOWS\System32\KERNELBASE.dll
0x00007ffaaed10000 - 0x00007ffaaedb2000 	C:\WINDOWS\System32\ADVAPI32.dll
0x00007ffaaeb00000 - 0x00007ffaaeb9e000 	C:\WINDOWS\System32\msvcrt.dll
0x00007ffaaf2f0000 - 0x00007ffaaf349000 	C:\WINDOWS\System32\sechost.dll
0x00007ffaaf350000 - 0x00007ffaaf471000 	C:\WINDOWS\System32\RPCRT4.dll
0x00007ffaaeba0000 - 0x00007ffaaed05000 	C:\WINDOWS\System32\USER32.dll
0x00007ffaad980000 - 0x00007ffaad99e000 	C:\WINDOWS\System32\win32u.dll
0x00007ffab0c50000 - 0x00007ffab0c84000 	C:\WINDOWS\System32\GDI32.dll
0x00007ffaadd80000 - 0x00007ffaadf02000 	C:\WINDOWS\System32\gdi32full.dll
0x00007ffaa4ad0000 - 0x00007ffaa4d49000 	C:\WINDOWS\WinSxS\amd64_microsoft.windows.common-controls_6595b64144ccf1df_6.0.14393.0_none_2d0f50fcbdb171b8\COMCTL32.dll
0x00007ffaae340000 - 0x00007ffaae607000 	C:\WINDOWS\System32\combase.dll
0x00007ffaadf70000 - 0x00007ffaae065000 	C:\WINDOWS\System32\ucrtbase.dll
0x00007ffaada50000 - 0x00007ffaadaba000 	C:\WINDOWS\System32\bcryptPrimitives.dll
0x00007ffaaf2c0000 - 0x00007ffaaf2ee000 	C:\WINDOWS\System32\IMM32.DLL
0x00000000672a0000 - 0x0000000067372000 	C:\Program Files\Java\jdk1.8.0_101\jre\bin\msvcr100.dll
0x00000000676f0000 - 0x0000000067f8a000 	C:\Program Files\Java\jdk1.8.0_101\jre\bin\server\jvm.dll
0x00007ffaae7d0000 - 0x00007ffaae7d8000 	C:\WINDOWS\System32\PSAPI.DLL
0x00007ffaab230000 - 0x00007ffaab253000 	C:\WINDOWS\SYSTEM32\WINMM.dll
0x00007ffaa6b70000 - 0x00007ffaa6b79000 	C:\WINDOWS\SYSTEM32\WSOCK32.dll
0x00007ffaa8fe0000 - 0x00007ffaa8fea000 	C:\WINDOWS\SYSTEM32\VERSION.dll
0x00007ffab0aa0000 - 0x00007ffab0b0a000 	C:\WINDOWS\System32\WS2_32.dll
0x00000000011f0000 - 0x000000000121b000 	C:\WINDOWS\SYSTEM32\WINMMBASE.dll
0x00007ffaae120000 - 0x00007ffaae162000 	C:\WINDOWS\System32\cfgmgr32.dll
0x00000000689f0000 - 0x00000000689ff000 	C:\Program Files\Java\jdk1.8.0_101\jre\bin\verify.dll
0x00000000689c0000 - 0x00000000689e9000 	C:\Program Files\Java\jdk1.8.0_101\jre\bin\java.dll
0x00000000689a0000 - 0x00000000689b6000 	C:\Program Files\Java\jdk1.8.0_101\jre\bin\zip.dll
0x00007ffaaf480000 - 0x00007ffab0988000 	C:\WINDOWS\System32\SHELL32.dll
0x00007ffaad2a0000 - 0x00007ffaad97a000 	C:\WINDOWS\System32\windows.storage.dll
0x00007ffaad250000 - 0x00007ffaad29c000 	C:\WINDOWS\System32\powrprof.dll
0x00007ffab0a40000 - 0x00007ffab0a92000 	C:\WINDOWS\System32\shlwapi.dll
0x00007ffaad230000 - 0x00007ffaad23f000 	C:\WINDOWS\System32\kernel.appcore.dll
0x00007ffaad9a0000 - 0x00007ffaada49000 	C:\WINDOWS\System32\shcore.dll
0x00007ffaad210000 - 0x00007ffaad224000 	C:\WINDOWS\System32\profapi.dll
0x0000000068980000 - 0x000000006899a000 	C:\Program Files\Java\jdk1.8.0_101\jre\bin\net.dll
0x00007ffaac900000 - 0x00007ffaac95c000 	C:\WINDOWS\system32\mswsock.dll
0x0000000068960000 - 0x0000000068971000 	C:\Program Files\Java\jdk1.8.0_101\jre\bin\nio.dll
0x00007ffaa6c70000 - 0x00007ffaa6c82000 	C:\Users\mario\.gradle\native\19\windows-amd64\native-platform.dll
0x00007ffaacc80000 - 0x00007ffaacc97000 	C:\WINDOWS\SYSTEM32\CRYPTSP.dll
0x00007ffaacac0000 - 0x00007ffaacaf3000 	C:\WINDOWS\system32\rsaenh.dll
0x00007ffaad150000 - 0x00007ffaad17b000 	C:\WINDOWS\SYSTEM32\bcrypt.dll
0x00007ffaacb60000 - 0x00007ffaacb7f000 	C:\WINDOWS\SYSTEM32\USERENV.dll
0x00007ffaacca0000 - 0x00007ffaaccab000 	C:\WINDOWS\SYSTEM32\CRYPTBASE.dll
0x00007ffaac6b0000 - 0x00007ffaac6e8000 	C:\WINDOWS\SYSTEM32\IPHLPAPI.DLL
0x00007ffaaf2b0000 - 0x00007ffaaf2b8000 	C:\WINDOWS\System32\NSI.dll
0x00007ffaa6040000 - 0x00007ffaa6056000 	C:\WINDOWS\SYSTEM32\dhcpcsvc6.DLL
0x00007ffaa64e0000 - 0x00007ffaa64fa000 	C:\WINDOWS\SYSTEM32\dhcpcsvc.DLL
0x00000000674f0000 - 0x00000000674fd000 	C:\Program Files\Java\jdk1.8.0_101\jre\bin\management.dll

VM Arguments:
jvm_args: -XX:MaxPermSize=256m -XX:+HeapDumpOnOutOfMemoryError -Xmx1024m -Dfile.encoding=windows-1252 -Duser.country=MX -Duser.language=es -Duser.variant 
java_command: org.gradle.launcher.daemon.bootstrap.GradleDaemon 2.14.1
java_class_path (initial): C:\Users\mario\.gradle\wrapper\dists\gradle-2.14.1-all\8bnwg5hd3w55iofp58khbp6yv\gradle-2.14.1\lib\gradle-launcher-2.14.1.jar
Launcher Type: SUN_STANDARD

Environment Variables:
PATH=C:\ProgramData\Oracle\Java\javapath;C:\Program Files (x86)\Intel\iCLS Client\;C:\Program Files\Intel\iCLS Client\;C:\Windows\system32;C:\Windows;C:\Windows\System32\Wbem;C:\Windows\System32\WindowsPowerShell\v1.0\;C:\Program Files (x86)\NVIDIA Corporation\PhysX\Common;C:\Program Files (x86)\Intel\Intel(R) Management Engine Components\DAL;C:\Program Files\Intel\Intel(R) Management Engine Components\DAL;C:\Program Files (x86)\Intel\Intel(R) Management Engine Components\IPT;C:\Program Files\Intel\Intel(R) Management Engine Components\IPT;C:\WINDOWS\system32;C:\WINDOWS;C:\WINDOWS\System32\Wbem;C:\WINDOWS\System32\WindowsPowerShell\v1.0\;C:\WINDOWS\system32\config\systemprofile\.dnx\bin;C:\Program Files\Microsoft DNX\Dnvm\;C:\Program Files (x86)\Windows Kits\10\Windows Performance Toolkit\;C:\Program Files\Git\cmd;C:\Program Files\Microsoft SQL Server\130\Tools\Binn\;C:\Program Files\Microsoft\Web Platform Installer\;C:\Program Files (x86)\nodejs\;C:\Users\mario\AppData\Roaming\npm;%USERPROFILE%\AppData\Local\Microsoft\WindowsApps;
USERNAME=mario
OS=Windows_NT
PROCESSOR_IDENTIFIER=Intel64 Family 6 Model 94 Stepping 3, GenuineIntel



---------------  S Y S T E M  ---------------

OS: Windows 10.0 , 64 bit Build 14393 (10.0.14393.0)

CPU:total 4 (4 cores per cpu, 1 threads per core) family 6 model 94 stepping 3, cmov, cx8, fxsr, mmx, sse, sse2, sse3, ssse3, sse4.1, sse4.2, popcnt, avx, avx2, aes, clmul, erms, rtm, 3dnowpref, lzcnt, tsc, tscinvbit, bmi1, bmi2, adx

Memory: 4k page, physical 8245152k(960308k free), swap 10192800k(3204k free)

vm_info: Java HotSpot(TM) 64-Bit Server VM (25.101-b13) for windows-amd64 JRE (1.8.0_101-b13), built on Jun 22 2016 01:21:29 by "java_re" with MS VC++ 10.0 (VS2010)

time: Thu Sep 29 20:59:38 2016
elapsed time: 159 seconds (0d 0h 2m 39s)

