#
# There is insufficient memory for the Java Runtime Environment to continue.
# Native memory allocation (malloc) failed to allocate 903056 bytes for Chunk::new
# Possible reasons:
#   The system is out of physical RAM or swap space
#   In 32 bit mode, the process size limit was hit
# Possible solutions:
#   Reduce memory load on the system
#   Increase physical memory or swap space
#   Check if swap backing store is full
#   Use 64 bit Java on a 64 bit OS
#   Decrease Java heap size (-Xmx/-Xms)
#   Decrease number of Java threads
#   Decrease Java thread stack sizes (-Xss)
#   Set larger code cache with -XX:ReservedCodeCacheSize=
# This output file may be truncated or incomplete.
#
#  Out of Memory Error (allocation.cpp:390), pid=3324, tid=0x0000000000002024
#
# JRE version: Java(TM) SE Runtime Environment (8.0_101-b13) (build 1.8.0_101-b13)
# Java VM: Java HotSpot(TM) 64-Bit Server VM (25.101-b13 mixed mode windows-amd64 compressed oops)
# Failed to write core dump. Minidumps are not enabled by default on client versions of Windows
#

---------------  T H R E A D  ---------------

Current thread (0x0000000014d2e800):  JavaThread "C2 CompilerThread0" daemon [_thread_in_native, id=8228, stack(0x00000000163b0000,0x00000000164b0000)]

Stack: [0x00000000163b0000,0x00000000164b0000]
[error occurred during error reporting (printing stack bounds), id 0xc0000005]

Native frames: (J=compiled Java code, j=interpreted, Vv=VM code, C=native code)


Current CompileTask:
C2:   5532 1550   !   4       com.android.dx.cf.code.BytecodeArray::parseInstruction (2764 bytes)


---------------  P R O C E S S  ---------------

Java Threads: ( => current thread )
  0x0000000016813800 JavaThread "pool-2-thread-4" [_thread_blocked, id=3252, stack(0x00000000170b0000,0x00000000171b0000)]
  0x0000000016812800 JavaThread "pool-2-thread-3" [_thread_blocked, id=9388, stack(0x0000000016fb0000,0x00000000170b0000)]
  0x0000000016811800 JavaThread "pool-2-thread-2" [_thread_blocked, id=9496, stack(0x0000000016eb0000,0x0000000016fb0000)]
  0x000000001684d000 JavaThread "pool-3-thread-1" [_thread_blocked, id=9752, stack(0x0000000016db0000,0x0000000016eb0000)]
  0x000000001684c000 JavaThread "pool-2-thread-1" [_thread_blocked, id=9544, stack(0x0000000016cb0000,0x0000000016db0000)]
  0x0000000014d8e800 JavaThread "Service Thread" daemon [_thread_blocked, id=8176, stack(0x0000000016ab0000,0x0000000016bb0000)]
  0x0000000014d8c800 JavaThread "C1 CompilerThread2" daemon [_thread_blocked, id=7320, stack(0x00000000169b0000,0x0000000016ab0000)]
  0x0000000014d89800 JavaThread "C2 CompilerThread1" daemon [_thread_in_native, id=924, stack(0x00000000164b0000,0x00000000165b0000)]
=>0x0000000014d2e800 JavaThread "C2 CompilerThread0" daemon [_thread_in_native, id=8228, stack(0x00000000163b0000,0x00000000164b0000)]
  0x0000000014d2d000 JavaThread "Attach Listener" daemon [_thread_blocked, id=8128, stack(0x00000000162b0000,0x00000000163b0000)]
  0x0000000014d2c000 JavaThread "Signal Dispatcher" daemon [_thread_blocked, id=6600, stack(0x00000000161b0000,0x00000000162b0000)]
  0x0000000014d1a800 JavaThread "Finalizer" daemon [_thread_blocked, id=2064, stack(0x0000000015f90000,0x0000000016090000)]
  0x0000000002622000 JavaThread "Reference Handler" daemon [_thread_blocked, id=3352, stack(0x0000000015e90000,0x0000000015f90000)]
  0x000000000252d800 JavaThread "main" [_thread_blocked, id=3936, stack(0x0000000002410000,0x0000000002510000)]

Other Threads:
  0x0000000014cf8800 VMThread [stack: 0x0000000015d90000,0x0000000015e90000] [id=9584]
  0x00000000165dd000 WatcherThread [stack: 0x0000000016bb0000,0x0000000016cb0000] [id=9796]

VM state:not at safepoint (normal execution)

VM Mutex/Monitor currently owned by a thread:  ([mutex/lock_event])
[0x000000000252c6c0] Heap_lock - owner thread: 0x0000000016811800

Heap:
 PSYoungGen      total 37888K, used 5112K [0x00000000eab00000, 0x00000000ed500000, 0x0000000100000000)
  eden space 32768K, 0% used [0x00000000eab00000,0x00000000eab00028,0x00000000ecb00000)
  from space 5120K, 99% used [0x00000000ed000000,0x00000000ed4fe190,0x00000000ed500000)
  to   space 5120K, 0% used [0x00000000ecb00000,0x00000000ecb00000,0x00000000ed000000)
 ParOldGen       total 86016K, used 5774K [0x00000000c0000000, 0x00000000c5400000, 0x00000000eab00000)
  object space 86016K, 6% used [0x00000000c0000000,0x00000000c05a3838,0x00000000c5400000)
 Metaspace       used 6154K, capacity 7026K, committed 7296K, reserved 1056768K
  class space    used 600K, capacity 618K, committed 640K, reserved 1048576K

Card table byte_map: [0x0000000011a00000,0x0000000011c10000] byte_map_base: 0x0000000011400000

Marking Bits: (ParMarkBitMap*) 0x000000005885a6d0
 Begin Bits: [0x0000000012170000, 0x0000000013170000)
 End Bits:   [0x0000000013170000, 0x0000000014170000)

Polling page: 0x00000000023d0000

CodeCache: size=245760Kb used=6390Kb max_used=6419Kb free=239369Kb
 bounds [0x0000000002640000, 0x0000000002c90000, 0x0000000011640000]
 total_blobs=1809 nmethods=1540 adapters=182
 compilation: enabled

Compilation events (10 events):
Event: 5.197 Thread 0x0000000014d8c800 1552       2       com.android.dx.rop.type.StdTypeList::getWordCount (33 bytes)
Event: 5.198 Thread 0x0000000014d8c800 nmethod 1552 0x0000000002c62f50 code [0x0000000002c630c0, 0x0000000002c63338]
Event: 5.201 Thread 0x0000000014d8c800 1553       2       com.android.dx.dex.cf.CfTranslator::coerceConstant (144 bytes)
Event: 5.201 Thread 0x0000000014d8c800 nmethod 1553 0x0000000002c5ce50 code [0x0000000002c5d080, 0x0000000002c5d788]
Event: 5.201 Thread 0x0000000014d8c800 1554       2       com.android.dx.cf.direct.DirectClassFile::getThisClass (9 bytes)
Event: 5.202 Thread 0x0000000014d8c800 nmethod 1554 0x0000000002c62b90 code [0x0000000002c62d00, 0x0000000002c62e88]
Event: 5.202 Thread 0x0000000014d8c800 1555       1       com.android.dx.rop.cst.TypedConstant::getFrameType (2 bytes)
Event: 5.202 Thread 0x0000000014d8c800 nmethod 1555 0x0000000002c628d0 code [0x0000000002c62a20, 0x0000000002c62b30]
Event: 5.394 Thread 0x0000000014d2e800 nmethod 1527 0x0000000002c7d650 code [0x0000000002c7df80, 0x0000000002c845b8]
Event: 5.395 Thread 0x0000000014d2e800 1550   !   4       com.android.dx.cf.code.BytecodeArray::parseInstruction (2764 bytes)

GC Heap History (4 events):
Event: 4.328 GC heap before
{Heap before GC invocations=1 (full 0):
 PSYoungGen      total 37888K, used 32768K [0x00000000eab00000, 0x00000000ed500000, 0x0000000100000000)
  eden space 32768K, 100% used [0x00000000eab00000,0x00000000ecb00000,0x00000000ecb00000)
  from space 5120K, 0% used [0x00000000ed000000,0x00000000ed000000,0x00000000ed500000)
  to   space 5120K, 0% used [0x00000000ecb00000,0x00000000ecb00000,0x00000000ed000000)
 ParOldGen       total 86016K, used 0K [0x00000000c0000000, 0x00000000c5400000, 0x00000000eab00000)
  object space 86016K, 0% used [0x00000000c0000000,0x00000000c0000000,0x00000000c5400000)
 Metaspace       used 6000K, capacity 6898K, committed 7040K, reserved 1056768K
  class space    used 599K, capacity 618K, committed 640K, reserved 1048576K
Event: 4.542 GC heap after
Heap after GC invocations=1 (full 0):
 PSYoungGen      total 37888K, used 5112K [0x00000000eab00000, 0x00000000ed500000, 0x0000000100000000)
  eden space 32768K, 0% used [0x00000000eab00000,0x00000000eab00000,0x00000000ecb00000)
  from space 5120K, 99% used [0x00000000ecb00000,0x00000000ecffe190,0x00000000ed000000)
  to   space 5120K, 0% used [0x00000000ed000000,0x00000000ed000000,0x00000000ed500000)
 ParOldGen       total 86016K, used 1531K [0x00000000c0000000, 0x00000000c5400000, 0x00000000eab00000)
  object space 86016K, 1% used [0x00000000c0000000,0x00000000c017ed80,0x00000000c5400000)
 Metaspace       used 6000K, capacity 6898K, committed 7040K, reserved 1056768K
  class space    used 599K, capacity 618K, committed 640K, reserved 1048576K
}
Event: 5.204 GC heap before
{Heap before GC invocations=2 (full 0):
 PSYoungGen      total 37888K, used 37880K [0x00000000eab00000, 0x00000000ed500000, 0x0000000100000000)
  eden space 32768K, 100% used [0x00000000eab00000,0x00000000ecb00000,0x00000000ecb00000)
  from space 5120K, 99% used [0x00000000ecb00000,0x00000000ecffe190,0x00000000ed000000)
  to   space 5120K, 0% used [0x00000000ed000000,0x00000000ed000000,0x00000000ed500000)
 ParOldGen       total 86016K, used 1531K [0x00000000c0000000, 0x00000000c5400000, 0x00000000eab00000)
  object space 86016K, 1% used [0x00000000c0000000,0x00000000c017ed80,0x00000000c5400000)
 Metaspace       used 6154K, capacity 7026K, committed 7296K, reserved 1056768K
  class space    used 600K, capacity 618K, committed 640K, reserved 1048576K
Event: 5.388 GC heap after
Heap after GC invocations=2 (full 0):
 PSYoungGen      total 37888K, used 5112K [0x00000000eab00000, 0x00000000ed500000, 0x0000000100000000)
  eden space 32768K, 0% used [0x00000000eab00000,0x00000000eab00000,0x00000000ecb00000)
  from space 5120K, 99% used [0x00000000ed000000,0x00000000ed4fe190,0x00000000ed500000)
  to   space 5120K, 0% used [0x00000000ecb00000,0x00000000ecb00000,0x00000000ed000000)
 ParOldGen       total 86016K, used 5774K [0x00000000c0000000, 0x00000000c5400000, 0x00000000eab00000)
  object space 86016K, 6% used [0x00000000c0000000,0x00000000c05a3838,0x00000000c5400000)
 Metaspace       used 6154K, capacity 7026K, committed 7296K, reserved 1056768K
  class space    used 600K, capacity 618K, committed 640K, reserved 1048576K
}

Deoptimization events (10 events):
Event: 4.576 Thread 0x0000000016813800 Uncommon trap: reason=unstable_if action=reinterpret pc=0x0000000002b0c5b8 method=com.android.dx.ssa.SCCP.simulateBranch(Lcom/android/dx/ssa/SsaInsn;)V @ 118
Event: 4.584 Thread 0x0000000016813800 Uncommon trap: reason=bimorphic action=maybe_recompile pc=0x0000000002a17014 method=java.util.HashMap.getNode(ILjava/lang/Object;)Ljava/util/HashMap$Node; @ 126
Event: 4.585 Thread 0x0000000016813800 Uncommon trap: reason=class_check action=maybe_recompile pc=0x0000000002921c20 method=com.android.dx.ssa.NormalSsaInsn.accept(Lcom/android/dx/ssa/SsaInsn$Visitor;)V @ 9
Event: 4.610 Thread 0x0000000016812800 Uncommon trap: reason=bimorphic action=maybe_recompile pc=0x0000000002aeac90 method=com.android.dx.cf.code.BytecodeArray.parseInstruction(ILcom/android/dx/cf/code/BytecodeArray$Visitor;)I @ 939
Event: 4.610 Thread 0x0000000016812800 Uncommon trap: reason=bimorphic action=maybe_recompile pc=0x0000000002aeac90 method=com.android.dx.cf.code.BytecodeArray.parseInstruction(ILcom/android/dx/cf/code/BytecodeArray$Visitor;)I @ 939
Event: 4.614 Thread 0x0000000016812800 Uncommon trap: reason=class_check action=maybe_recompile pc=0x0000000002921c20 method=com.android.dx.ssa.NormalSsaInsn.accept(Lcom/android/dx/ssa/SsaInsn$Visitor;)V @ 9
Event: 4.646 Thread 0x000000001684c000 Uncommon trap: reason=unstable_if action=reinterpret pc=0x0000000002a8125c method=com.android.dx.ssa.SsaMethod.updateOneDefinition(Lcom/android/dx/ssa/SsaInsn;Lcom/android/dx/rop/code/RegisterSpec;)V @ 4
Event: 4.681 Thread 0x000000000252d800 Uncommon trap: reason=unstable_if action=reinterpret pc=0x0000000002982800 method=com.android.dx.rop.code.RegisterSpec.equals(ILcom/android/dx/rop/type/TypeBearer;Lcom/android/dx/rop/code/LocalItem;)Z @ 42
Event: 4.686 Thread 0x0000000016811800 Uncommon trap: reason=bimorphic action=maybe_recompile pc=0x0000000002aeac10 method=com.android.dx.cf.code.BytecodeArray.parseInstruction(ILcom/android/dx/cf/code/BytecodeArray$Visitor;)I @ 955
Event: 4.686 Thread 0x0000000016811800 Uncommon trap: reason=bimorphic action=maybe_recompile pc=0x0000000002aeac90 method=com.android.dx.cf.code.BytecodeArray.parseInstruction(ILcom/android/dx/cf/code/BytecodeArray$Visitor;)I @ 939

Internal exceptions (3 events):
Event: 0.045 Thread 0x000000000252d800 Exception <a 'java/lang/NoSuchMethodError': Method sun.misc.Unsafe.defineClass(Ljava/lang/String;[BII)Ljava/lang/Class; name or signature does not match> (0x00000000eab07cc0) thrown at [C:\re\workspace\8-2-build-windows-amd64-cygwin\jdk8u101\7261\hotspot\s˛÷î-∂Ÿ¶?
Event: 0.045 Thread 0x000000000252d800 Exception <a 'java/lang/NoSuchMethodError': Method sun.misc.Unsafe.prefetchRead(Ljava/lang/Object;J)V name or signature does not match> (0x00000000eab07fa8) thrown at [C:\re\workspace\8-2-build-windows-amd64-cygwin\jdk8u101\7261\hotspot\src\share\vm\prims\ç‘5T@
Event: 3.916 Thread 0x0000000016811800 Implicit null exception at 0x0000000002969a68 to 0x000000000296bcdd

Events (10 events):
Event: 4.681 Thread 0x000000000252d800 DEOPT PACKING pc=0x0000000002982800 sp=0x000000000250e430
Event: 4.681 Thread 0x000000000252d800 DEOPT UNPACKING pc=0x000000000268582a sp=0x000000000250e3b8 mode 2
Event: 4.686 Thread 0x0000000016811800 Uncommon trap: trap_request=0xffffffc6 fr.pc=0x0000000002aeac10
Event: 4.686 Thread 0x0000000016811800 DEOPT PACKING pc=0x0000000002aeac10 sp=0x0000000016fae990
Event: 4.686 Thread 0x0000000016811800 DEOPT UNPACKING pc=0x000000000268582a sp=0x0000000016fae918 mode 2
Event: 4.686 Thread 0x0000000016811800 Uncommon trap: trap_request=0xffffffc6 fr.pc=0x0000000002aeac90
Event: 4.686 Thread 0x0000000016811800 DEOPT PACKING pc=0x0000000002aeac90 sp=0x0000000016fae990
Event: 4.686 Thread 0x0000000016811800 DEOPT UNPACKING pc=0x000000000268582a sp=0x0000000016fae918 mode 2
Event: 5.203 Executing VM operation: ParallelGCFailedAllocation
Event: 5.388 Executing VM operation: ParallelGCFailedAllocation done


Dynamic libraries:
0x00007ff7fdab0000 - 0x00007ff7fdae7000 	C:\Program Files\Java\jdk1.8.0_101\bin\java.exe
0x00007ff9ec780000 - 0x00007ff9ec951000 	C:\WINDOWS\SYSTEM32\ntdll.dll
0x00007ff9e9d10000 - 0x00007ff9e9dbb000 	C:\WINDOWS\System32\KERNEL32.DLL
0x00007ff9e9220000 - 0x00007ff9e943d000 	C:\WINDOWS\System32\KERNELBASE.dll
0x00007ff9ea360000 - 0x00007ff9ea402000 	C:\WINDOWS\System32\ADVAPI32.dll
0x00007ff9eb020000 - 0x00007ff9eb0be000 	C:\WINDOWS\System32\msvcrt.dll
0x00007ff9ea9a0000 - 0x00007ff9ea9f9000 	C:\WINDOWS\System32\sechost.dll
0x00007ff9ea230000 - 0x00007ff9ea351000 	C:\WINDOWS\System32\RPCRT4.dll
0x00007ff9ec610000 - 0x00007ff9ec775000 	C:\WINDOWS\System32\USER32.dll
0x00007ff9e9cf0000 - 0x00007ff9e9d0e000 	C:\WINDOWS\System32\win32u.dll
0x00007ff9ec5d0000 - 0x00007ff9ec604000 	C:\WINDOWS\System32\GDI32.dll
0x00007ff9e8d80000 - 0x00007ff9e8f02000 	C:\WINDOWS\System32\gdi32full.dll
0x00007ff9e0800000 - 0x00007ff9e0a79000 	C:\WINDOWS\WinSxS\amd64_microsoft.windows.common-controls_6595b64144ccf1df_6.0.14393.0_none_2d0f50fcbdb171b8\COMCTL32.dll
0x00007ff9e9e60000 - 0x00007ff9ea127000 	C:\WINDOWS\System32\combase.dll
0x00007ff9e8f10000 - 0x00007ff9e9005000 	C:\WINDOWS\System32\ucrtbase.dll
0x00007ff9e8d10000 - 0x00007ff9e8d7a000 	C:\WINDOWS\System32\bcryptPrimitives.dll
0x00007ff9eae40000 - 0x00007ff9eae6e000 	C:\WINDOWS\System32\IMM32.DLL
0x0000000057bc0000 - 0x0000000057c92000 	C:\Program Files\Java\jdk1.8.0_101\jre\bin\msvcr100.dll
0x0000000058040000 - 0x00000000588da000 	C:\Program Files\Java\jdk1.8.0_101\jre\bin\server\jvm.dll
0x00007ff9eaa00000 - 0x00007ff9eaa08000 	C:\WINDOWS\System32\PSAPI.DLL
0x00007ff9de1d0000 - 0x00007ff9de1d9000 	C:\WINDOWS\SYSTEM32\WSOCK32.dll
0x00007ff9ea560000 - 0x00007ff9ea5ca000 	C:\WINDOWS\System32\WS2_32.dll
0x00007ff9e6c80000 - 0x00007ff9e6ca3000 	C:\WINDOWS\SYSTEM32\WINMM.dll
0x00007ff9e4320000 - 0x00007ff9e432a000 	C:\WINDOWS\SYSTEM32\VERSION.dll
0x00007ff9e6c30000 - 0x00007ff9e6c5b000 	C:\WINDOWS\SYSTEM32\WINMMBASE.dll
0x00007ff9e9010000 - 0x00007ff9e9052000 	C:\WINDOWS\System32\cfgmgr32.dll
0x0000000059390000 - 0x000000005939f000 	C:\Program Files\Java\jdk1.8.0_101\jre\bin\verify.dll
0x0000000059360000 - 0x0000000059389000 	C:\Program Files\Java\jdk1.8.0_101\jre\bin\java.dll
0x0000000058020000 - 0x0000000058036000 	C:\Program Files\Java\jdk1.8.0_101\jre\bin\zip.dll
0x00007ff9eb0c0000 - 0x00007ff9ec5c8000 	C:\WINDOWS\System32\SHELL32.dll
0x00007ff9e9610000 - 0x00007ff9e9cea000 	C:\WINDOWS\System32\windows.storage.dll
0x00007ff9e8c10000 - 0x00007ff9e8c5c000 	C:\WINDOWS\System32\powrprof.dll
0x00007ff9ea940000 - 0x00007ff9ea992000 	C:\WINDOWS\System32\shlwapi.dll
0x00007ff9e8c60000 - 0x00007ff9e8c6f000 	C:\WINDOWS\System32\kernel.appcore.dll
0x00007ff9e9110000 - 0x00007ff9e91b9000 	C:\WINDOWS\System32\shcore.dll
0x00007ff9e8bf0000 - 0x00007ff9e8c04000 	C:\WINDOWS\System32\profapi.dll

VM Arguments:
jvm_args: -Djava.awt.headless=true -Xmx1024M -Dfile.encoding=windows-1252 -Duser.country=MX -Duser.language=es -Duser.variant 
java_command: com.android.dx.command.Main --dex --force-jumbo --num-threads=4 --multi-dex --output O:\Android\VentaenRuta2016\app\build\intermediates\transforms\dex\debug\folders\1000\2\commons-net-3.1_9df4612ebcf771c3c749aa8a0c909855560b14e4 O:\Android\VentaenRuta2016\app\libs\commons-net-3.1.jar
java_class_path (initial): C:\Users\mario\AppData\Local\Android\sdk\build-tools\24.0.2\lib\dx.jar
Launcher Type: SUN_STANDARD

Environment Variables:
PATH=C:\ProgramData\Oracle\Java\javapath;C:\Program Files (x86)\Intel\iCLS Client\;C:\Program Files\Intel\iCLS Client\;C:\Windows\system32;C:\Windows;C:\Windows\System32\Wbem;C:\Windows\System32\WindowsPowerShell\v1.0\;C:\Program Files (x86)\NVIDIA Corporation\PhysX\Common;C:\Program Files (x86)\Intel\Intel(R) Management Engine Components\DAL;C:\Program Files\Intel\Intel(R) Management Engine Components\DAL;C:\Program Files (x86)\Intel\Intel(R) Management Engine Components\IPT;C:\Program Files\Intel\Intel(R) Management Engine Components\IPT;C:\WINDOWS\system32;C:\WINDOWS;C:\WINDOWS\System32\Wbem;C:\WINDOWS\System32\WindowsPowerShell\v1.0\;C:\WINDOWS\system32\config\systemprofile\.dnx\bin;C:\Program Files\Microsoft DNX\Dnvm\;C:\Program Files (x86)\Windows Kits\10\Windows Performance Toolkit\;C:\Program Files\Git\cmd;C:\Program Files\Microsoft SQL Server\130\Tools\Binn\;C:\Program Files\Microsoft\Web Platform Installer\;C:\Program Files (x86)\nodejs\;C:\Users\mario\AppData\Roaming\npm;%USERPROFILE%\AppData\Local\Microsoft\WindowsApps;
USERNAME=mario
OS=Windows_NT
PROCESSOR_IDENTIFIER=Intel64 Family 6 Model 94 Stepping 3, GenuineIntel



---------------  S Y S T E M  ---------------

OS: Windows 10.0 , 64 bit Build 14393 (10.0.14393.0)

CPU:total 4 (4 cores per cpu, 1 threads per core) family 6 model 94 stepping 3, cmov, cx8, fxsr, mmx, sse, sse2, sse3, ssse3, sse4.1, sse4.2, popcnt, avx, avx2, aes, clmul, erms, rtm, 3dnowpref, lzcnt, tsc, tscinvbit, bmi1, bmi2, adx

Memory: 4k page, physical 8245152k(1074976k free), swap 8245152k(5460k free)

vm_info: Java HotSpot(TM) 64-Bit Server VM (25.101-b13) for windows-amd64 JRE (1.8.0_101-b13), built on Jun 22 2016 01:21:29 by "java_re" with MS VC++ 10.0 (VS2010)

time: Wed Oct 26 02:02:22 2016
elapsed time: 5 seconds (0d 0h 0m 5s)

