#
# There is insufficient memory for the Java Runtime Environment to continue.
# Native memory allocation (malloc) failed to allocate 873616 bytes for Chunk::new
# Possible reasons:
#   The system is out of physical RAM or swap space
#   In 32 bit mode, the process size limit was hit
# Possible solutions:
#   Reduce memory load on the system
#   Increase physical memory or swap space
#   Check if swap backing store is full
#   Use 64 bit Java on a 64 bit OS
#   Decrease Java heap size (-Xmx/-Xms)
#   Decrease number of Java threads
#   Decrease Java thread stack sizes (-Xss)
#   Set larger code cache with -XX:ReservedCodeCacheSize=
# This output file may be truncated or incomplete.
#
#  Out of Memory Error (allocation.cpp:390), pid=10104, tid=0x000000000000356c
#
# JRE version: Java(TM) SE Runtime Environment (8.0_101-b13) (build 1.8.0_101-b13)
# Java VM: Java HotSpot(TM) 64-Bit Server VM (25.101-b13 mixed mode windows-amd64 compressed oops)
# Failed to write core dump. Minidumps are not enabled by default on client versions of Windows
#

---------------  T H R E A D  ---------------

Current thread (0x000000001573a800):  JavaThread "C2 CompilerThread1" daemon [_thread_in_native, id=13676, stack(0x0000000016e50000,0x0000000016f50000)]

Stack: [0x0000000016e50000,0x0000000016f50000]
[error occurred during error reporting (printing stack bounds), id 0xc0000005]

Native frames: (J=compiled Java code, j=interpreted, Vv=VM code, C=native code)


Current CompileTask:
C2:   6192 1722   !   4       com.android.dx.cf.code.BytecodeArray::parseInstruction (2764 bytes)


---------------  P R O C E S S  ---------------

Java Threads: ( => current thread )
  0x00000000171dd800 JavaThread "pool-2-thread-4" [_thread_in_Java, id=7620, stack(0x0000000017a50000,0x0000000017b50000)]
  0x00000000171da800 JavaThread "pool-2-thread-3" [_thread_in_Java, id=12872, stack(0x0000000017950000,0x0000000017a50000)]
  0x00000000171d0000 JavaThread "pool-2-thread-2" [_thread_in_Java, id=2100, stack(0x0000000017850000,0x0000000017950000)]
  0x00000000171b4800 JavaThread "pool-3-thread-1" [_thread_blocked, id=10648, stack(0x0000000017750000,0x0000000017850000)]
  0x00000000171ad000 JavaThread "pool-2-thread-1" [_thread_in_Java, id=7612, stack(0x0000000017650000,0x0000000017750000)]
  0x0000000016f5e800 JavaThread "Service Thread" daemon [_thread_blocked, id=12432, stack(0x0000000017450000,0x0000000017550000)]
  0x000000001573d000 JavaThread "C1 CompilerThread2" daemon [_thread_in_native, id=8120, stack(0x0000000017350000,0x0000000017450000)]
=>0x000000001573a800 JavaThread "C2 CompilerThread1" daemon [_thread_in_native, id=13676, stack(0x0000000016e50000,0x0000000016f50000)]
  0x00000000156ed000 JavaThread "C2 CompilerThread0" daemon [_thread_in_native, id=10156, stack(0x0000000016d50000,0x0000000016e50000)]
  0x00000000156eb000 JavaThread "Attach Listener" daemon [_thread_blocked, id=9032, stack(0x0000000016c50000,0x0000000016d50000)]
  0x00000000156e8000 JavaThread "Signal Dispatcher" daemon [_thread_blocked, id=14248, stack(0x0000000016b50000,0x0000000016c50000)]
  0x000000000300b000 JavaThread "Finalizer" daemon [_thread_blocked, id=4856, stack(0x0000000016940000,0x0000000016a40000)]
  0x0000000003000000 JavaThread "Reference Handler" daemon [_thread_blocked, id=13580, stack(0x0000000016840000,0x0000000016940000)]
  0x0000000002f0d800 JavaThread "main" [_thread_blocked, id=11276, stack(0x0000000002da0000,0x0000000002ea0000)]

Other Threads:
  0x00000000156a8000 VMThread [stack: 0x0000000016740000,0x0000000016840000] [id=8644]
  0x0000000016f7c000 WatcherThread [stack: 0x0000000017550000,0x0000000017650000] [id=7976]

VM state:not at safepoint (normal execution)

VM Mutex/Monitor currently owned by a thread: None

Heap:
 PSYoungGen      total 70656K, used 33420K [0x00000000eab00000, 0x00000000f3500000, 0x0000000100000000)
  eden space 65536K, 43% used [0x00000000eab00000,0x00000000ec6a3c80,0x00000000eeb00000)
  from space 5120K, 99% used [0x00000000eeb00000,0x00000000eefff4b0,0x00000000ef000000)
  to   space 5120K, 0% used [0x00000000f3000000,0x00000000f3000000,0x00000000f3500000)
 ParOldGen       total 86016K, used 15483K [0x00000000c0000000, 0x00000000c5400000, 0x00000000eab00000)
  object space 86016K, 18% used [0x00000000c0000000,0x00000000c0f1efe0,0x00000000c5400000)
 Metaspace       used 6330K, capacity 7128K, committed 7424K, reserved 1056768K
  class space    used 619K, capacity 656K, committed 768K, reserved 1048576K

Card table byte_map: [0x00000000123d0000,0x00000000125e0000] byte_map_base: 0x0000000011dd0000

Marking Bits: (ParMarkBitMap*) 0x000000006995a6d0
 Begin Bits: [0x0000000012b40000, 0x0000000013b40000)
 End Bits:   [0x0000000013b40000, 0x0000000014b40000)

Polling page: 0x0000000001180000

CodeCache: size=245760Kb used=6774Kb max_used=6774Kb free=238985Kb
 bounds [0x0000000003010000, 0x00000000036c0000, 0x0000000012010000]
 total_blobs=1978 nmethods=1709 adapters=182
 compilation: enabled

Compilation events (10 events):
Event: 6.164 Thread 0x000000001573d000 nmethod 1776 0x00000000036ad850 code [0x00000000036adae0, 0x00000000036ae9a8]
Event: 6.164 Thread 0x000000001573d000 1777       2       com.android.dx.cf.code.BaseMachine::auxCstArg (20 bytes)
Event: 6.165 Thread 0x000000001573d000 nmethod 1777 0x00000000036af750 code [0x00000000036af8c0, 0x00000000036afac8]
Event: 6.165 Thread 0x000000001573d000 1778       2       com.android.dx.dex.cf.CfTranslator::coerceConstant (144 bytes)
Event: 6.165 Thread 0x000000001573d000 nmethod 1778 0x00000000036afb90 code [0x00000000036afdc0, 0x00000000036b04c8]
Event: 6.165 Thread 0x000000001573d000 1779   !   2       java.util.zip.ZipFile::getInputStream (304 bytes)
Event: 6.166 Thread 0x000000001573d000 nmethod 1779 0x00000000036b0a90 code [0x00000000036b0ce0, 0x00000000036b1938]
Event: 6.167 Thread 0x000000001573d000 1780       2       java.util.concurrent.locks.ReentrantLock$FairSync::tryAcquire (74 bytes)
Event: 6.168 Thread 0x000000001573d000 nmethod 1780 0x00000000036b23d0 code [0x00000000036b2540, 0x00000000036b2818]
Event: 6.168 Thread 0x000000001573d000 1782 %     3       com.android.dx.cf.cst.ConstantPoolParser::parse @ 96 (365 bytes)

GC Heap History (6 events):
Event: 2.406 GC heap before
{Heap before GC invocations=1 (full 0):
 PSYoungGen      total 37888K, used 32768K [0x00000000eab00000, 0x00000000ed500000, 0x0000000100000000)
  eden space 32768K, 100% used [0x00000000eab00000,0x00000000ecb00000,0x00000000ecb00000)
  from space 5120K, 0% used [0x00000000ed000000,0x00000000ed000000,0x00000000ed500000)
  to   space 5120K, 0% used [0x00000000ecb00000,0x00000000ecb00000,0x00000000ed000000)
 ParOldGen       total 86016K, used 0K [0x00000000c0000000, 0x00000000c5400000, 0x00000000eab00000)
  object space 86016K, 0% used [0x00000000c0000000,0x00000000c0000000,0x00000000c5400000)
 Metaspace       used 5905K, capacity 6834K, committed 7040K, reserved 1056768K
  class space    used 595K, capacity 618K, committed 640K, reserved 1048576K
Event: 2.736 GC heap after
Heap after GC invocations=1 (full 0):
 PSYoungGen      total 37888K, used 5114K [0x00000000eab00000, 0x00000000ef500000, 0x0000000100000000)
  eden space 32768K, 0% used [0x00000000eab00000,0x00000000eab00000,0x00000000ecb00000)
  from space 5120K, 99% used [0x00000000ecb00000,0x00000000ecffeaa8,0x00000000ed000000)
  to   space 5120K, 0% used [0x00000000ef000000,0x00000000ef000000,0x00000000ef500000)
 ParOldGen       total 86016K, used 1765K [0x00000000c0000000, 0x00000000c5400000, 0x00000000eab00000)
  object space 86016K, 2% used [0x00000000c0000000,0x00000000c01b9630,0x00000000c5400000)
 Metaspace       used 5905K, capacity 6834K, committed 7040K, reserved 1056768K
  class space    used 595K, capacity 618K, committed 640K, reserved 1048576K
}
Event: 3.385 GC heap before
{Heap before GC invocations=2 (full 0):
 PSYoungGen      total 37888K, used 37882K [0x00000000eab00000, 0x00000000ef500000, 0x0000000100000000)
  eden space 32768K, 100% used [0x00000000eab00000,0x00000000ecb00000,0x00000000ecb00000)
  from space 5120K, 99% used [0x00000000ecb00000,0x00000000ecffeaa8,0x00000000ed000000)
  to   space 5120K, 0% used [0x00000000ef000000,0x00000000ef000000,0x00000000ef500000)
 ParOldGen       total 86016K, used 1765K [0x00000000c0000000, 0x00000000c5400000, 0x00000000eab00000)
  object space 86016K, 2% used [0x00000000c0000000,0x00000000c01b9630,0x00000000c5400000)
 Metaspace       used 6080K, capacity 6962K, committed 7040K, reserved 1056768K
  class space    used 595K, capacity 618K, committed 640K, reserved 1048576K
Event: 3.758 GC heap after
Heap after GC invocations=2 (full 0):
 PSYoungGen      total 70656K, used 5117K [0x00000000eab00000, 0x00000000ef500000, 0x0000000100000000)
  eden space 65536K, 0% used [0x00000000eab00000,0x00000000eab00000,0x00000000eeb00000)
  from space 5120K, 99% used [0x00000000ef000000,0x00000000ef4ff4d8,0x00000000ef500000)
  to   space 5120K, 0% used [0x00000000eeb00000,0x00000000eeb00000,0x00000000ef000000)
 ParOldGen       total 86016K, used 5791K [0x00000000c0000000, 0x00000000c5400000, 0x00000000eab00000)
  object space 86016K, 6% used [0x00000000c0000000,0x00000000c05a7d78,0x00000000c5400000)
 Metaspace       used 6080K, capacity 6962K, committed 7040K, reserved 1056768K
  class space    used 595K, capacity 618K, committed 640K, reserved 1048576K
}
Event: 5.689 GC heap before
{Heap before GC invocations=3 (full 0):
 PSYoungGen      total 70656K, used 70653K [0x00000000eab00000, 0x00000000ef500000, 0x0000000100000000)
  eden space 65536K, 100% used [0x00000000eab00000,0x00000000eeb00000,0x00000000eeb00000)
  from space 5120K, 99% used [0x00000000ef000000,0x00000000ef4ff4d8,0x00000000ef500000)
  to   space 5120K, 0% used [0x00000000eeb00000,0x00000000eeb00000,0x00000000ef000000)
 ParOldGen       total 86016K, used 5791K [0x00000000c0000000, 0x00000000c5400000, 0x00000000eab00000)
  object space 86016K, 6% used [0x00000000c0000000,0x00000000c05a7d78,0x00000000c5400000)
 Metaspace       used 6225K, capacity 7090K, committed 7296K, reserved 1056768K
  class space    used 596K, capacity 618K, committed 640K, reserved 1048576K
Event: 6.112 GC heap after
Heap after GC invocations=3 (full 0):
 PSYoungGen      total 70656K, used 5117K [0x00000000eab00000, 0x00000000f3500000, 0x0000000100000000)
  eden space 65536K, 0% used [0x00000000eab00000,0x00000000eab00000,0x00000000eeb00000)
  from space 5120K, 99% used [0x00000000eeb00000,0x00000000eefff4b0,0x00000000ef000000)
  to   space 5120K, 0% used [0x00000000f3000000,0x00000000f3000000,0x00000000f3500000)
 ParOldGen       total 86016K, used 15483K [0x00000000c0000000, 0x00000000c5400000, 0x00000000eab00000)
  object space 86016K, 18% used [0x00000000c0000000,0x00000000c0f1efe0,0x00000000c5400000)
 Metaspace       used 6225K, capacity 7090K, committed 7296K, reserved 1056768K
  class space    used 596K, capacity 618K, committed 640K, reserved 1048576K
}

Deoptimization events (10 events):
Event: 5.226 Thread 0x00000000171d0000 Uncommon trap: reason=bimorphic action=maybe_recompile pc=0x00000000035b1480 method=com.android.dx.cf.code.BytecodeArray.parseInstruction(ILcom/android/dx/cf/code/BytecodeArray$Visitor;)I @ 2135
Event: 5.226 Thread 0x00000000171d0000 Uncommon trap: reason=bimorphic action=maybe_recompile pc=0x00000000035b1480 method=com.android.dx.cf.code.BytecodeArray.parseInstruction(ILcom/android/dx/cf/code/BytecodeArray$Visitor;)I @ 2135
Event: 5.227 Thread 0x00000000171d0000 Uncommon trap: reason=bimorphic action=maybe_recompile pc=0x00000000035c6618 method=com.android.dx.rop.code.RegisterSpec.withSimpleType()Lcom/android/dx/rop/code/RegisterSpec; @ 21
Event: 5.228 Thread 0x00000000171d0000 Uncommon trap: reason=unstable_if action=reinterpret pc=0x00000000035a8bf0 method=com.android.dx.ssa.InterferenceRegisterMapper.interferes(III)Z @ 69
Event: 5.233 Thread 0x00000000171d0000 Uncommon trap: reason=unstable_if action=reinterpret pc=0x00000000034915fc method=com.android.dx.util.IntList.binarysearch(I)I @ 105
Event: 5.233 Thread 0x00000000171d0000 Uncommon trap: reason=unstable_if action=reinterpret pc=0x000000000360dd50 method=com.android.dx.ssa.SsaBasicBlock.newFromRop(Lcom/android/dx/rop/code/RopMethod;ILcom/android/dx/ssa/SsaMethod;)Lcom/android/dx/ssa/SsaBasicBlock; @ 164
Event: 5.234 Thread 0x00000000171d0000 Uncommon trap: reason=unstable_if action=reinterpret pc=0x00000000035d0c10 method=com.android.dx.ssa.SsaMethod.blockIndexToRopLabel(I)I @ 1
Event: 5.255 Thread 0x00000000171d0000 Uncommon trap: reason=bimorphic action=maybe_recompile pc=0x00000000035e6bcc method=com.android.dx.ssa.SCCP.simulatePhi(Lcom/android/dx/ssa/PhiInsn;)V @ 124
Event: 5.284 Thread 0x00000000171ad000 Uncommon trap: reason=bimorphic action=maybe_recompile pc=0x00000000035c6618 method=com.android.dx.rop.code.RegisterSpec.withSimpleType()Lcom/android/dx/rop/code/RegisterSpec; @ 21
Event: 6.167 Thread 0x00000000171da800 Uncommon trap: reason=unstable_if action=reinterpret pc=0x000000000359a4d8 method=com.android.dx.cf.code.Merger.isPossiblyAssignableFrom(Lcom/android/dx/rop/type/TypeBearer;Lcom/android/dx/rop/type/TypeBearer;)Z @ 131

Internal exceptions (2 events):
Event: 0.040 Thread 0x0000000002f0d800 Exception <a 'java/lang/NoSuchMethodError': Method sun.misc.Unsafe.defineClass(Ljava/lang/String;[BII)Ljava/lang/Class; name or signature does not match> (0x00000000eab07cc0) thrown at [C:\re\workspace\8-2-build-windows-amd64-cygwin\jdk8u101\7261\hotspot\søêÕÓ‘¤?
Event: 0.040 Thread 0x0000000002f0d800 Exception <a 'java/lang/NoSuchMethodError': Method sun.misc.Unsafe.prefetchRead(Ljava/lang/Object;J)V name or signature does not match> (0x00000000eab07fa8) thrown at [C:\re\workspace\8-2-build-windows-amd64-cygwin\jdk8u101\7261\hotspot\src\share\vm\prims\

Events (10 events):
Event: 5.284 Thread 0x00000000171ad000 DEOPT UNPACKING pc=0x000000000305582a sp=0x000000001774eb38 mode 2
Event: 5.290 Thread 0x00000000171da800 DEOPT PACKING pc=0x0000000003510c85 sp=0x0000000017a4e7b0
Event: 5.290 Thread 0x00000000171da800 DEOPT UNPACKING pc=0x000000000305787f sp=0x0000000017a4e4e0 mode 0
Event: 5.296 Executing VM operation: ParallelGCFailedAllocation
Event: 6.112 Executing VM operation: ParallelGCFailedAllocation done
Event: 6.159 Thread 0x00000000171d0000 DEOPT PACKING pc=0x00000000034ba284 sp=0x000000001794e900
Event: 6.159 Thread 0x00000000171d0000 DEOPT UNPACKING pc=0x000000000305787f sp=0x000000001794e668 mode 0
Event: 6.167 Thread 0x00000000171da800 Uncommon trap: trap_request=0xffffff65 fr.pc=0x000000000359a4d8
Event: 6.167 Thread 0x00000000171da800 DEOPT PACKING pc=0x000000000359a4d8 sp=0x0000000017a4e3f0
Event: 6.167 Thread 0x00000000171da800 DEOPT UNPACKING pc=0x000000000305582a sp=0x0000000017a4e300 mode 2


Dynamic libraries:
0x00007ff675fe0000 - 0x00007ff676017000 	C:\Program Files\Java\jdk1.8.0_101\bin\java.exe
0x00007ffc69b70000 - 0x00007ffc69d41000 	C:\WINDOWS\SYSTEM32\ntdll.dll
0x00007ffc67300000 - 0x00007ffc673ab000 	C:\WINDOWS\System32\KERNEL32.DLL
0x00007ffc66ec0000 - 0x00007ffc670dd000 	C:\WINDOWS\System32\KERNELBASE.dll
0x00007ffc68a20000 - 0x00007ffc68ac2000 	C:\WINDOWS\System32\ADVAPI32.dll
0x00007ffc68e20000 - 0x00007ffc68ebe000 	C:\WINDOWS\System32\msvcrt.dll
0x00007ffc699a0000 - 0x00007ffc699f9000 	C:\WINDOWS\System32\sechost.dll
0x00007ffc69090000 - 0x00007ffc691b1000 	C:\WINDOWS\System32\RPCRT4.dll
0x00007ffc67190000 - 0x00007ffc672f5000 	C:\WINDOWS\System32\USER32.dll
0x00007ffc670e0000 - 0x00007ffc670fe000 	C:\WINDOWS\System32\win32u.dll
0x00007ffc67100000 - 0x00007ffc67134000 	C:\WINDOWS\System32\GDI32.dll
0x00007ffc66380000 - 0x00007ffc66502000 	C:\WINDOWS\System32\gdi32full.dll
0x00007ffc5d6d0000 - 0x00007ffc5d949000 	C:\WINDOWS\WinSxS\amd64_microsoft.windows.common-controls_6595b64144ccf1df_6.0.14393.447_none_42191651c6827bb3\COMCTL32.dll
0x00007ffc696d0000 - 0x00007ffc69997000 	C:\WINDOWS\System32\combase.dll
0x00007ffc66680000 - 0x00007ffc66775000 	C:\WINDOWS\System32\ucrtbase.dll
0x00007ffc665c0000 - 0x00007ffc6662a000 	C:\WINDOWS\System32\bcryptPrimitives.dll
0x00007ffc67140000 - 0x00007ffc6716e000 	C:\WINDOWS\System32\IMM32.DLL
0x0000000066e40000 - 0x0000000066f12000 	C:\Program Files\Java\jdk1.8.0_101\jre\bin\msvcr100.dll
0x0000000069140000 - 0x00000000699da000 	C:\Program Files\Java\jdk1.8.0_101\jre\bin\server\jvm.dll
0x00007ffc69aa0000 - 0x00007ffc69aa8000 	C:\WINDOWS\System32\PSAPI.DLL
0x00007ffc62530000 - 0x00007ffc62539000 	C:\WINDOWS\SYSTEM32\WSOCK32.dll
0x00007ffc644f0000 - 0x00007ffc64513000 	C:\WINDOWS\SYSTEM32\WINMM.dll
0x00007ffc691c0000 - 0x00007ffc6922a000 	C:\WINDOWS\System32\WS2_32.dll
0x00007ffc61320000 - 0x00007ffc6132a000 	C:\WINDOWS\SYSTEM32\VERSION.dll
0x0000000001130000 - 0x000000000115b000 	C:\WINDOWS\SYSTEM32\WINMMBASE.dll
0x00007ffc66630000 - 0x00007ffc66672000 	C:\WINDOWS\System32\cfgmgr32.dll
0x000000006a350000 - 0x000000006a35f000 	C:\Program Files\Java\jdk1.8.0_101\jre\bin\verify.dll
0x000000006a320000 - 0x000000006a349000 	C:\Program Files\Java\jdk1.8.0_101\jre\bin\java.dll
0x000000006a300000 - 0x000000006a316000 	C:\Program Files\Java\jdk1.8.0_101\jre\bin\zip.dll
0x00007ffc67510000 - 0x00007ffc68a19000 	C:\WINDOWS\System32\SHELL32.dll
0x00007ffc66780000 - 0x00007ffc66e5a000 	C:\WINDOWS\System32\windows.storage.dll
0x00007ffc66000000 - 0x00007ffc6604c000 	C:\WINDOWS\System32\powrprof.dll
0x00007ffc68c80000 - 0x00007ffc68cd2000 	C:\WINDOWS\System32\shlwapi.dll
0x00007ffc65ff0000 - 0x00007ffc65fff000 	C:\WINDOWS\System32\kernel.appcore.dll
0x00007ffc662d0000 - 0x00007ffc66379000 	C:\WINDOWS\System32\shcore.dll
0x00007ffc65fd0000 - 0x00007ffc65fe4000 	C:\WINDOWS\System32\profapi.dll

VM Arguments:
jvm_args: -Djava.awt.headless=true -Xmx1024M -Dfile.encoding=windows-1252 -Duser.country=MX -Duser.language=es -Duser.variant 
java_command: com.android.dx.command.Main --dex --force-jumbo --num-threads=4 --multi-dex --output O:\Android\VentaenRuta2016\app\build\intermediates\transforms\dex\debug\folders\1000\2\snmp6_1_e3fc97a1e1a9396b913ea6fc5c98593e3eab2d7e O:\Android\VentaenRuta2016\app\libs\snmp6_1.jar
java_class_path (initial): C:\Users\mario\AppData\Local\Android\sdk\build-tools\24.0.2\lib\dx.jar
Launcher Type: SUN_STANDARD

Environment Variables:
PATH=C:\ProgramData\Oracle\Java\javapath;C:\Program Files (x86)\Intel\iCLS Client\;C:\Program Files\Intel\iCLS Client\;C:\Windows\system32;C:\Windows;C:\Windows\System32\Wbem;C:\Windows\System32\WindowsPowerShell\v1.0\;C:\Program Files (x86)\NVIDIA Corporation\PhysX\Common;C:\Program Files (x86)\Intel\Intel(R) Management Engine Components\DAL;C:\Program Files\Intel\Intel(R) Management Engine Components\DAL;C:\Program Files (x86)\Intel\Intel(R) Management Engine Components\IPT;C:\Program Files\Intel\Intel(R) Management Engine Components\IPT;C:\WINDOWS\system32;C:\WINDOWS;C:\WINDOWS\System32\Wbem;C:\WINDOWS\System32\WindowsPowerShell\v1.0\;C:\Users\mario\.dnx\bin;C:\Program Files\Microsoft DNX\Dnvm\;C:\Program Files (x86)\Windows Kits\10\Windows Performance Toolkit\;C:\Program Files\Git\cmd;C:\Program Files\Microsoft SQL Server\130\Tools\Binn\;C:\Program Files\Microsoft\Web Platform Installer\;C:\Program Files (x86)\nodejs\;C:\Users\mario\AppData\Roaming\npm;%USERPROFILE%\AppData\Local\Microsoft\WindowsApps;
USERNAME=mario
OS=Windows_NT
PROCESSOR_IDENTIFIER=Intel64 Family 6 Model 94 Stepping 3, GenuineIntel



---------------  S Y S T E M  ---------------

OS: Windows 10.0 , 64 bit Build 14393 (10.0.14393.0)

CPU:total 4 (4 cores per cpu, 1 threads per core) family 6 model 94 stepping 3, cmov, cx8, fxsr, mmx, sse, sse2, sse3, ssse3, sse4.1, sse4.2, popcnt, avx, avx2, aes, clmul, erms, rtm, 3dnowpref, lzcnt, tsc, tscinvbit, bmi1, bmi2, adx

Memory: 4k page, physical 8245152k(1219812k free), swap 8245152k(6360k free)

vm_info: Java HotSpot(TM) 64-Bit Server VM (25.101-b13) for windows-amd64 JRE (1.8.0_101-b13), built on Jun 22 2016 01:21:29 by "java_re" with MS VC++ 10.0 (VS2010)

time: Sun Nov 13 09:18:21 2016
elapsed time: 6 seconds (0d 0h 0m 6s)

