#
# There is insufficient memory for the Java Runtime Environment to continue.
# Native memory allocation (malloc) failed to allocate 307456 bytes for Chunk::new
# Possible reasons:
#   The system is out of physical RAM or swap space
#   In 32 bit mode, the process size limit was hit
# Possible solutions:
#   Reduce memory load on the system
#   Increase physical memory or swap space
#   Check if swap backing store is full
#   Use 64 bit Java on a 64 bit OS
#   Decrease Java heap size (-Xmx/-Xms)
#   Decrease number of Java threads
#   Decrease Java thread stack sizes (-Xss)
#   Set larger code cache with -XX:ReservedCodeCacheSize=
# This output file may be truncated or incomplete.
#
#  Out of Memory Error (allocation.cpp:390), pid=11540, tid=0x00000000000024ec
#
# JRE version: Java(TM) SE Runtime Environment (8.0_101-b13) (build 1.8.0_101-b13)
# Java VM: Java HotSpot(TM) 64-Bit Server VM (25.101-b13 mixed mode windows-amd64 compressed oops)
# Failed to write core dump. Minidumps are not enabled by default on client versions of Windows
#

---------------  T H R E A D  ---------------

Current thread (0x0000000014d8f800):  JavaThread "C2 CompilerThread0" daemon [_thread_in_native, id=9452, stack(0x0000000016410000,0x0000000016510000)]

Stack: [0x0000000016410000,0x0000000016510000]
[error occurred during error reporting (printing stack bounds), id 0xc0000005]

Native frames: (J=compiled Java code, j=interpreted, Vv=VM code, C=native code)


Current CompileTask:
C2:   2727 1940 %     4       com.android.dx.ssa.SCCP::run @ 13 (298 bytes)


---------------  P R O C E S S  ---------------

Java Threads: ( => current thread )
  0x000000001692f800 JavaThread "pool-2-thread-4" [_thread_blocked, id=6200, stack(0x0000000017110000,0x0000000017210000)]
  0x0000000016958800 JavaThread "pool-2-thread-3" [_thread_blocked, id=4912, stack(0x0000000017010000,0x0000000017110000)]
  0x0000000016957800 JavaThread "pool-2-thread-2" [_thread_blocked, id=10176, stack(0x0000000016f10000,0x0000000017010000)]
  0x0000000016858800 JavaThread "pool-3-thread-1" [_thread_blocked, id=5380, stack(0x0000000016e10000,0x0000000016f10000)]
  0x0000000016857800 JavaThread "pool-2-thread-1" [_thread_blocked, id=11760, stack(0x0000000016d10000,0x0000000016e10000)]
  0x0000000014dee800 JavaThread "Service Thread" daemon [_thread_blocked, id=9504, stack(0x0000000016b10000,0x0000000016c10000)]
  0x0000000014d99000 JavaThread "C1 CompilerThread2" daemon [_thread_blocked, id=6480, stack(0x0000000016610000,0x0000000016710000)]
  0x0000000014d92800 JavaThread "C2 CompilerThread1" daemon [_thread_in_native, id=4828, stack(0x0000000016510000,0x0000000016610000)]
=>0x0000000014d8f800 JavaThread "C2 CompilerThread0" daemon [_thread_in_native, id=9452, stack(0x0000000016410000,0x0000000016510000)]
  0x0000000014d8d800 JavaThread "Attach Listener" daemon [_thread_blocked, id=9780, stack(0x0000000016310000,0x0000000016410000)]
  0x0000000014d8c800 JavaThread "Signal Dispatcher" daemon [_thread_blocked, id=4060, stack(0x0000000016210000,0x0000000016310000)]
  0x0000000014d7a800 JavaThread "Finalizer" daemon [_thread_blocked, id=8900, stack(0x0000000016000000,0x0000000016100000)]
  0x0000000014d58800 JavaThread "Reference Handler" daemon [_thread_blocked, id=2900, stack(0x0000000015f00000,0x0000000016000000)]
  0x0000000000bdd800 JavaThread "main" [_thread_in_native, id=10148, stack(0x00000000024c0000,0x00000000025c0000)]

Other Threads:
  0x0000000014d58000 VMThread [stack: 0x0000000015e00000,0x0000000015f00000] [id=6248]
  0x0000000016775800 WatcherThread [stack: 0x0000000016c10000,0x0000000016d10000] [id=5792]

VM state:not at safepoint (normal execution)

VM Mutex/Monitor currently owned by a thread: None

Heap:
 PSYoungGen      total 136192K, used 63774K [0x00000000eab00000, 0x00000000fe200000, 0x0000000100000000)
  eden space 131072K, 44% used [0x00000000eab00000,0x00000000ee4497b0,0x00000000f2b00000)
  from space 5120K, 99% used [0x00000000f2b00000,0x00000000f2ffe430,0x00000000f3000000)
  to   space 28160K, 0% used [0x00000000fc680000,0x00000000fc680000,0x00000000fe200000)
 ParOldGen       total 86016K, used 45927K [0x00000000c0000000, 0x00000000c5400000, 0x00000000eab00000)
  object space 86016K, 53% used [0x00000000c0000000,0x00000000c2cd9f38,0x00000000c5400000)
 Metaspace       used 6098K, capacity 7152K, committed 7296K, reserved 1056768K
  class space    used 585K, capacity 616K, committed 640K, reserved 1048576K

Card table byte_map: [0x0000000011a80000,0x0000000011c90000] byte_map_base: 0x0000000011480000

Marking Bits: (ParMarkBitMap*) 0x00000000588fa6d0
 Begin Bits: [0x00000000121f0000, 0x00000000131f0000)
 End Bits:   [0x00000000131f0000, 0x00000000141f0000)

Polling page: 0x0000000000b90000

CodeCache: size=245760Kb used=7943Kb max_used=7943Kb free=237816Kb
 bounds [0x00000000026c0000, 0x0000000002e90000, 0x00000000116c0000]
 total_blobs=2162 nmethods=1900 adapters=175
 compilation: enabled

Compilation events (10 events):
Event: 2.538 Thread 0x0000000014d99000 1964       1       com.android.dx.dex.file.ClassDefItem::getThisClass (5 bytes)
Event: 2.538 Thread 0x0000000014d99000 nmethod 1964 0x0000000002e5ce10 code [0x0000000002e5cf60, 0x0000000002e5d070]
Event: 2.543 Thread 0x0000000014d99000 1965       1       com.android.dx.cf.attrib.AttSourceFile::byteLength (3 bytes)
Event: 2.543 Thread 0x0000000014d99000 nmethod 1965 0x0000000002e5cb50 code [0x0000000002e5cca0, 0x0000000002e5cdb0]
Event: 2.545 Thread 0x0000000014d99000 1966       2       java.util.concurrent.ThreadPoolExecutor$Worker::unlock (7 bytes)
Event: 2.545 Thread 0x0000000014d99000 nmethod 1966 0x0000000002e5c750 code [0x0000000002e5c8c0, 0x0000000002e5ca88]
Event: 2.545 Thread 0x0000000014d99000 1967       2       java.util.concurrent.ThreadPoolExecutor$Worker::tryRelease (12 bytes)
Event: 2.545 Thread 0x0000000014d99000 nmethod 1967 0x0000000002e5c410 code [0x0000000002e5c560, 0x0000000002e5c6d0]
Event: 2.545 Thread 0x0000000014d99000 1968       2       java.util.concurrent.locks.LockSupport::park (23 bytes)
Event: 2.546 Thread 0x0000000014d99000 nmethod 1968 0x0000000002e74950 code [0x0000000002e74ac0, 0x0000000002e74ca8]

GC Heap History (10 events):
Event: 0.436 GC heap before
{Heap before GC invocations=1 (full 0):
 PSYoungGen      total 37888K, used 32768K [0x00000000eab00000, 0x00000000ed500000, 0x0000000100000000)
  eden space 32768K, 100% used [0x00000000eab00000,0x00000000ecb00000,0x00000000ecb00000)
  from space 5120K, 0% used [0x00000000ed000000,0x00000000ed000000,0x00000000ed500000)
  to   space 5120K, 0% used [0x00000000ecb00000,0x00000000ecb00000,0x00000000ed000000)
 ParOldGen       total 86016K, used 0K [0x00000000c0000000, 0x00000000c5400000, 0x00000000eab00000)
  object space 86016K, 0% used [0x00000000c0000000,0x00000000c0000000,0x00000000c5400000)
 Metaspace       used 5693K, capacity 6832K, committed 7040K, reserved 1056768K
  class space    used 580K, capacity 616K, committed 640K, reserved 1048576K
Event: 0.442 GC heap after
Heap after GC invocations=1 (full 0):
 PSYoungGen      total 37888K, used 5097K [0x00000000eab00000, 0x00000000ef500000, 0x0000000100000000)
  eden space 32768K, 0% used [0x00000000eab00000,0x00000000eab00000,0x00000000ecb00000)
  from space 5120K, 99% used [0x00000000ecb00000,0x00000000ecffa7f0,0x00000000ed000000)
  to   space 5120K, 0% used [0x00000000ef000000,0x00000000ef000000,0x00000000ef500000)
 ParOldGen       total 86016K, used 751K [0x00000000c0000000, 0x00000000c5400000, 0x00000000eab00000)
  object space 86016K, 0% used [0x00000000c0000000,0x00000000c00bbe20,0x00000000c5400000)
 Metaspace       used 5693K, capacity 6832K, committed 7040K, reserved 1056768K
  class space    used 580K, capacity 616K, committed 640K, reserved 1048576K
}
Event: 0.595 GC heap before
{Heap before GC invocations=2 (full 0):
 PSYoungGen      total 37888K, used 37865K [0x00000000eab00000, 0x00000000ef500000, 0x0000000100000000)
  eden space 32768K, 100% used [0x00000000eab00000,0x00000000ecb00000,0x00000000ecb00000)
  from space 5120K, 99% used [0x00000000ecb00000,0x00000000ecffa7f0,0x00000000ed000000)
  to   space 5120K, 0% used [0x00000000ef000000,0x00000000ef000000,0x00000000ef500000)
 ParOldGen       total 86016K, used 751K [0x00000000c0000000, 0x00000000c5400000, 0x00000000eab00000)
  object space 86016K, 0% used [0x00000000c0000000,0x00000000c00bbe20,0x00000000c5400000)
 Metaspace       used 5867K, capacity 6960K, committed 7040K, reserved 1056768K
  class space    used 580K, capacity 616K, committed 640K, reserved 1048576K
Event: 0.604 GC heap after
Heap after GC invocations=2 (full 0):
 PSYoungGen      total 70656K, used 5088K [0x00000000eab00000, 0x00000000ef500000, 0x0000000100000000)
  eden space 65536K, 0% used [0x00000000eab00000,0x00000000eab00000,0x00000000eeb00000)
  from space 5120K, 99% used [0x00000000ef000000,0x00000000ef4f8048,0x00000000ef500000)
  to   space 5120K, 0% used [0x00000000eeb00000,0x00000000eeb00000,0x00000000ef000000)
 ParOldGen       total 86016K, used 4348K [0x00000000c0000000, 0x00000000c5400000, 0x00000000eab00000)
  object space 86016K, 5% used [0x00000000c0000000,0x00000000c043f3e0,0x00000000c5400000)
 Metaspace       used 5867K, capacity 6960K, committed 7040K, reserved 1056768K
  class space    used 580K, capacity 616K, committed 640K, reserved 1048576K
}
Event: 0.987 GC heap before
{Heap before GC invocations=3 (full 0):
 PSYoungGen      total 70656K, used 70624K [0x00000000eab00000, 0x00000000ef500000, 0x0000000100000000)
  eden space 65536K, 100% used [0x00000000eab00000,0x00000000eeb00000,0x00000000eeb00000)
  from space 5120K, 99% used [0x00000000ef000000,0x00000000ef4f8048,0x00000000ef500000)
  to   space 5120K, 0% used [0x00000000eeb00000,0x00000000eeb00000,0x00000000ef000000)
 ParOldGen       total 86016K, used 4348K [0x00000000c0000000, 0x00000000c5400000, 0x00000000eab00000)
  object space 86016K, 5% used [0x00000000c0000000,0x00000000c043f3e0,0x00000000c5400000)
 Metaspace       used 5978K, capacity 7024K, committed 7296K, reserved 1056768K
  class space    used 584K, capacity 616K, committed 640K, reserved 1048576K
Event: 1.005 GC heap after
Heap after GC invocations=3 (full 0):
 PSYoungGen      total 70656K, used 5113K [0x00000000eab00000, 0x00000000f3500000, 0x0000000100000000)
  eden space 65536K, 0% used [0x00000000eab00000,0x00000000eab00000,0x00000000eeb00000)
  from space 5120K, 99% used [0x00000000eeb00000,0x00000000eeffe738,0x00000000ef000000)
  to   space 5120K, 0% used [0x00000000f3000000,0x00000000f3000000,0x00000000f3500000)
 ParOldGen       total 86016K, used 14709K [0x00000000c0000000, 0x00000000c5400000, 0x00000000eab00000)
  object space 86016K, 17% used [0x00000000c0000000,0x00000000c0e5d658,0x00000000c5400000)
 Metaspace       used 5978K, capacity 7024K, committed 7296K, reserved 1056768K
  class space    used 584K, capacity 616K, committed 640K, reserved 1048576K
}
Event: 1.367 GC heap before
{Heap before GC invocations=4 (full 0):
 PSYoungGen      total 70656K, used 70649K [0x00000000eab00000, 0x00000000f3500000, 0x0000000100000000)
  eden space 65536K, 100% used [0x00000000eab00000,0x00000000eeb00000,0x00000000eeb00000)
  from space 5120K, 99% used [0x00000000eeb00000,0x00000000eeffe738,0x00000000ef000000)
  to   space 5120K, 0% used [0x00000000f3000000,0x00000000f3000000,0x00000000f3500000)
 ParOldGen       total 86016K, used 14709K [0x00000000c0000000, 0x00000000c5400000, 0x00000000eab00000)
  object space 86016K, 17% used [0x00000000c0000000,0x00000000c0e5d658,0x00000000c5400000)
 Metaspace       used 6005K, capacity 7088K, committed 7296K, reserved 1056768K
  class space    used 584K, capacity 616K, committed 640K, reserved 1048576K
Event: 1.385 GC heap after
Heap after GC invocations=4 (full 0):
 PSYoungGen      total 136192K, used 5118K [0x00000000eab00000, 0x00000000f3500000, 0x0000000100000000)
  eden space 131072K, 0% used [0x00000000eab00000,0x00000000eab00000,0x00000000f2b00000)
  from space 5120K, 99% used [0x00000000f3000000,0x00000000f34ff878,0x00000000f3500000)
  to   space 5120K, 0% used [0x00000000f2b00000,0x00000000f2b00000,0x00000000f3000000)
 ParOldGen       total 86016K, used 25838K [0x00000000c0000000, 0x00000000c5400000, 0x00000000eab00000)
  object space 86016K, 30% used [0x00000000c0000000,0x00000000c193b890,0x00000000c5400000)
 Metaspace       used 6005K, capacity 7088K, committed 7296K, reserved 1056768K
  class space    used 584K, capacity 616K, committed 640K, reserved 1048576K
}
Event: 2.333 GC heap before
{Heap before GC invocations=5 (full 0):
 PSYoungGen      total 136192K, used 136190K [0x00000000eab00000, 0x00000000f3500000, 0x0000000100000000)
  eden space 131072K, 100% used [0x00000000eab00000,0x00000000f2b00000,0x00000000f2b00000)
  from space 5120K, 99% used [0x00000000f3000000,0x00000000f34ff878,0x00000000f3500000)
  to   space 5120K, 0% used [0x00000000f2b00000,0x00000000f2b00000,0x00000000f3000000)
 ParOldGen       total 86016K, used 25838K [0x00000000c0000000, 0x00000000c5400000, 0x00000000eab00000)
  object space 86016K, 30% used [0x00000000c0000000,0x00000000c193b890,0x00000000c5400000)
 Metaspace       used 6079K, capacity 7152K, committed 7296K, reserved 1056768K
  class space    used 585K, capacity 616K, committed 640K, reserved 1048576K
Event: 2.360 GC heap after
Heap after GC invocations=5 (full 0):
 PSYoungGen      total 136192K, used 5113K [0x00000000eab00000, 0x00000000fe200000, 0x0000000100000000)
  eden space 131072K, 0% used [0x00000000eab00000,0x00000000eab00000,0x00000000f2b00000)
  from space 5120K, 99% used [0x00000000f2b00000,0x00000000f2ffe430,0x00000000f3000000)
  to   space 28160K, 0% used [0x00000000fc680000,0x00000000fc680000,0x00000000fe200000)
 ParOldGen       total 86016K, used 45927K [0x00000000c0000000, 0x00000000c5400000, 0x00000000eab00000)
  object space 86016K, 53% used [0x00000000c0000000,0x00000000c2cd9f38,0x00000000c5400000)
 Metaspace       used 6079K, capacity 7152K, committed 7296K, reserved 1056768K
  class space    used 585K, capacity 616K, committed 640K, reserved 1048576K
}

Deoptimization events (10 events):
Event: 1.477 Thread 0x0000000016957800 Uncommon trap: reason=bimorphic action=maybe_recompile pc=0x0000000002cdbce8 method=com.android.dx.ssa.LiteralOpUpgrader.tryReplacingWithConstant(Lcom/android/dx/ssa/NormalSsaInsn;)Z @ 62
Event: 1.477 Thread 0x0000000016957800 Uncommon trap: reason=bimorphic action=maybe_recompile pc=0x0000000002cdbce8 method=com.android.dx.ssa.LiteralOpUpgrader.tryReplacingWithConstant(Lcom/android/dx/ssa/NormalSsaInsn;)Z @ 62
Event: 1.477 Thread 0x0000000016957800 Uncommon trap: reason=bimorphic action=maybe_recompile pc=0x0000000002cdbce8 method=com.android.dx.ssa.LiteralOpUpgrader.tryReplacingWithConstant(Lcom/android/dx/ssa/NormalSsaInsn;)Z @ 62
Event: 1.477 Thread 0x0000000016957800 Uncommon trap: reason=bimorphic action=maybe_recompile pc=0x0000000002903694 method=java.util.HashMap.getNode(ILjava/lang/Object;)Ljava/util/HashMap$Node; @ 126
Event: 1.477 Thread 0x0000000016957800 Uncommon trap: reason=class_check action=maybe_recompile pc=0x0000000002ae660c method=java.util.HashMap.putVal(ILjava/lang/Object;Ljava/lang/Object;ZZ)Ljava/lang/Object; @ 203
Event: 1.996 Thread 0x000000001692f800 Uncommon trap: reason=unstable_if action=reinterpret pc=0x0000000002aa0ffc method=com.android.dx.util.IntList.binarysearch(I)I @ 105
Event: 2.008 Thread 0x000000001692f800 Uncommon trap: reason=unstable_if action=reinterpret pc=0x0000000002dce234 method=com.android.dx.ssa.SsaMethod.blockIndexToRopLabel(I)I @ 1
Event: 2.039 Thread 0x000000001692f800 Uncommon trap: reason=unstable_if action=reinterpret pc=0x0000000002d8cee0 method=com.android.dx.cf.code.OneLocalsArray.makeInitialized(Lcom/android/dx/rop/type/Type;)V @ 7
Event: 2.411 Thread 0x0000000016958800 Uncommon trap: reason=unstable_if action=reinterpret pc=0x0000000002e45574 method=com.android.dx.ssa.back.IdenticalBlockCombiner.combineBlocks(ILcom/android/dx/util/IntList;)V @ 11
Event: 2.435 Thread 0x0000000016857800 Uncommon trap: reason=unstable_if action=reinterpret pc=0x0000000002dfb1c0 method=com.android.dx.ssa.SCCP.simulateBranch(Lcom/android/dx/ssa/SsaInsn;)V @ 107

Internal exceptions (3 events):
Event: 0.027 Thread 0x0000000000bdd800 Exception <a 'java/lang/NoSuchMethodError': Method sun.misc.Unsafe.defineClass(Ljava/lang/String;[BII)Ljava/lang/Class; name or signature does not match> (0x00000000eab07cc0) thrown at [C:\re\workspace\8-2-build-windows-amd64-cygwin\jdk8u101\7261\hotspot\sôàÂ~Ä›?
Event: 0.027 Thread 0x0000000000bdd800 Exception <a 'java/lang/NoSuchMethodError': Method sun.misc.Unsafe.prefetchRead(Ljava/lang/Object;J)V name or signature does not match> (0x00000000eab07fa8) thrown at [C:\re\workspace\8-2-build-windows-amd64-cygwin\jdk8u101\7261\hotspot\src\share\vm\prims\+×­¨Ò?
Event: 0.292 Thread 0x0000000000bdd800 Implicit null exception at 0x000000000295a82c to 0x000000000295c3e5

Events (10 events):
Event: 2.442 Thread 0x0000000016857800 DEOPT PACKING pc=0x0000000002ba2401 sp=0x0000000016e0e770
Event: 2.442 Thread 0x0000000016857800 DEOPT UNPACKING pc=0x000000000270787f sp=0x0000000016e0e4b8 mode 0
Event: 2.452 Thread 0x0000000016857800 DEOPT PACKING pc=0x0000000002b1b889 sp=0x0000000016e0e620
Event: 2.452 Thread 0x0000000016857800 DEOPT UNPACKING pc=0x000000000270787f sp=0x0000000016e0e450 mode 0
Event: 2.476 Thread 0x0000000016957800 DEOPT PACKING pc=0x0000000002ba2401 sp=0x000000001700e880
Event: 2.476 Thread 0x0000000016957800 DEOPT UNPACKING pc=0x000000000270787f sp=0x000000001700e5c8 mode 0
Event: 2.486 Thread 0x0000000016958800 DEOPT PACKING pc=0x0000000002bb6c77 sp=0x000000001710e770
Event: 2.486 Thread 0x0000000016958800 DEOPT UNPACKING pc=0x000000000270787f sp=0x000000001710e580 mode 0
Event: 2.513 Thread 0x0000000016958800 DEOPT PACKING pc=0x0000000002b1b4e8 sp=0x000000001710e750
Event: 2.513 Thread 0x0000000016958800 DEOPT UNPACKING pc=0x000000000270787f sp=0x000000001710e580 mode 0


Dynamic libraries:
0x00007ff7fdab0000 - 0x00007ff7fdae7000 	C:\Program Files\Java\jdk1.8.0_101\bin\java.exe
0x00007ff9ec780000 - 0x00007ff9ec951000 	C:\WINDOWS\SYSTEM32\ntdll.dll
0x00007ff9e9d10000 - 0x00007ff9e9dbb000 	C:\WINDOWS\System32\KERNEL32.DLL
0x00007ff9e9220000 - 0x00007ff9e943d000 	C:\WINDOWS\System32\KERNELBASE.dll
0x00007ff9ea360000 - 0x00007ff9ea402000 	C:\WINDOWS\System32\ADVAPI32.dll
0x00007ff9eb020000 - 0x00007ff9eb0be000 	C:\WINDOWS\System32\msvcrt.dll
0x00007ff9ea9a0000 - 0x00007ff9ea9f9000 	C:\WINDOWS\System32\sechost.dll
0x00007ff9ea230000 - 0x00007ff9ea351000 	C:\WINDOWS\System32\RPCRT4.dll
0x00007ff9ec610000 - 0x00007ff9ec775000 	C:\WINDOWS\System32\USER32.dll
0x00007ff9e9cf0000 - 0x00007ff9e9d0e000 	C:\WINDOWS\System32\win32u.dll
0x00007ff9ec5d0000 - 0x00007ff9ec604000 	C:\WINDOWS\System32\GDI32.dll
0x00007ff9e8d80000 - 0x00007ff9e8f02000 	C:\WINDOWS\System32\gdi32full.dll
0x00007ff9e0800000 - 0x00007ff9e0a79000 	C:\WINDOWS\WinSxS\amd64_microsoft.windows.common-controls_6595b64144ccf1df_6.0.14393.0_none_2d0f50fcbdb171b8\COMCTL32.dll
0x00007ff9e9e60000 - 0x00007ff9ea127000 	C:\WINDOWS\System32\combase.dll
0x00007ff9e8f10000 - 0x00007ff9e9005000 	C:\WINDOWS\System32\ucrtbase.dll
0x00007ff9e8d10000 - 0x00007ff9e8d7a000 	C:\WINDOWS\System32\bcryptPrimitives.dll
0x00007ff9eae40000 - 0x00007ff9eae6e000 	C:\WINDOWS\System32\IMM32.DLL
0x0000000057ba0000 - 0x0000000057c72000 	C:\Program Files\Java\jdk1.8.0_101\jre\bin\msvcr100.dll
0x00000000580e0000 - 0x000000005897a000 	C:\Program Files\Java\jdk1.8.0_101\jre\bin\server\jvm.dll
0x00007ff9eaa00000 - 0x00007ff9eaa08000 	C:\WINDOWS\System32\PSAPI.DLL
0x00007ff9e5bd0000 - 0x00007ff9e5bd9000 	C:\WINDOWS\SYSTEM32\WSOCK32.dll
0x00007ff9e4320000 - 0x00007ff9e432a000 	C:\WINDOWS\SYSTEM32\VERSION.dll
0x00007ff9e6c80000 - 0x00007ff9e6ca3000 	C:\WINDOWS\SYSTEM32\WINMM.dll
0x00007ff9ea560000 - 0x00007ff9ea5ca000 	C:\WINDOWS\System32\WS2_32.dll
0x00007ff9e6c30000 - 0x00007ff9e6c5b000 	C:\WINDOWS\SYSTEM32\WINMMBASE.dll
0x00007ff9e9010000 - 0x00007ff9e9052000 	C:\WINDOWS\System32\cfgmgr32.dll
0x00000000593e0000 - 0x00000000593ef000 	C:\Program Files\Java\jdk1.8.0_101\jre\bin\verify.dll
0x00000000593b0000 - 0x00000000593d9000 	C:\Program Files\Java\jdk1.8.0_101\jre\bin\java.dll
0x0000000059390000 - 0x00000000593a6000 	C:\Program Files\Java\jdk1.8.0_101\jre\bin\zip.dll
0x00007ff9eb0c0000 - 0x00007ff9ec5c8000 	C:\WINDOWS\System32\SHELL32.dll
0x00007ff9e9610000 - 0x00007ff9e9cea000 	C:\WINDOWS\System32\windows.storage.dll
0x00007ff9e8c10000 - 0x00007ff9e8c5c000 	C:\WINDOWS\System32\powrprof.dll
0x00007ff9ea940000 - 0x00007ff9ea992000 	C:\WINDOWS\System32\shlwapi.dll
0x00007ff9e8c60000 - 0x00007ff9e8c6f000 	C:\WINDOWS\System32\kernel.appcore.dll
0x00007ff9e9110000 - 0x00007ff9e91b9000 	C:\WINDOWS\System32\shcore.dll
0x00007ff9e8bf0000 - 0x00007ff9e8c04000 	C:\WINDOWS\System32\profapi.dll

VM Arguments:
jvm_args: -Djava.awt.headless=true -Xmx1024M -Dfile.encoding=windows-1252 -Duser.country=MX -Duser.language=es -Duser.variant 
java_command: com.android.dx.command.Main --dex --force-jumbo --num-threads=4 --multi-dex --output O:\Android\VentaenRuta2016\app\build\intermediates\transforms\dex\debug\folders\1000\5\slice_8 O:\Android\VentaenRuta2016\app\build\intermediates\transforms\instantRunSlicer\debug\folders\1\5\slice_8
java_class_path (initial): C:\Users\mario\AppData\Local\Android\sdk\build-tools\24.0.2\lib\dx.jar
Launcher Type: SUN_STANDARD

Environment Variables:
PATH=C:\ProgramData\Oracle\Java\javapath;C:\Program Files (x86)\Intel\iCLS Client\;C:\Program Files\Intel\iCLS Client\;C:\Windows\system32;C:\Windows;C:\Windows\System32\Wbem;C:\Windows\System32\WindowsPowerShell\v1.0\;C:\Program Files (x86)\NVIDIA Corporation\PhysX\Common;C:\Program Files (x86)\Intel\Intel(R) Management Engine Components\DAL;C:\Program Files\Intel\Intel(R) Management Engine Components\DAL;C:\Program Files (x86)\Intel\Intel(R) Management Engine Components\IPT;C:\Program Files\Intel\Intel(R) Management Engine Components\IPT;C:\WINDOWS\system32;C:\WINDOWS;C:\WINDOWS\System32\Wbem;C:\WINDOWS\System32\WindowsPowerShell\v1.0\;C:\WINDOWS\system32\config\systemprofile\.dnx\bin;C:\Program Files\Microsoft DNX\Dnvm\;C:\Program Files (x86)\Windows Kits\10\Windows Performance Toolkit\;C:\Program Files\Git\cmd;C:\Program Files\Microsoft SQL Server\130\Tools\Binn\;C:\Program Files\Microsoft\Web Platform Installer\;C:\Program Files (x86)\nodejs\;C:\Users\mario\AppData\Roaming\npm;%USERPROFILE%\AppData\Local\Microsoft\WindowsApps;
USERNAME=mario
OS=Windows_NT
PROCESSOR_IDENTIFIER=Intel64 Family 6 Model 94 Stepping 3, GenuineIntel



---------------  S Y S T E M  ---------------

OS: Windows 10.0 , 64 bit Build 14393 (10.0.14393.0)

CPU:total 4 (4 cores per cpu, 1 threads per core) family 6 model 94 stepping 3, cmov, cx8, fxsr, mmx, sse, sse2, sse3, ssse3, sse4.1, sse4.2, popcnt, avx, avx2, aes, clmul, erms, rtm, 3dnowpref, lzcnt, tsc, tscinvbit, bmi1, bmi2, adx

Memory: 4k page, physical 8245152k(1452916k free), swap 8245152k(5656k free)

vm_info: Java HotSpot(TM) 64-Bit Server VM (25.101-b13) for windows-amd64 JRE (1.8.0_101-b13), built on Jun 22 2016 01:21:29 by "java_re" with MS VC++ 10.0 (VS2010)

time: Thu Oct 27 09:50:47 2016
elapsed time: 2 seconds (0d 0h 0m 2s)

