#
# There is insufficient memory for the Java Runtime Environment to continue.
# Native memory allocation (malloc) failed to allocate 32744 bytes for ChunkPool::allocate
# Possible reasons:
#   The system is out of physical RAM or swap space
#   In 32 bit mode, the process size limit was hit
# Possible solutions:
#   Reduce memory load on the system
#   Increase physical memory or swap space
#   Check if swap backing store is full
#   Use 64 bit Java on a 64 bit OS
#   Decrease Java heap size (-Xmx/-Xms)
#   Decrease number of Java threads
#   Decrease Java thread stack sizes (-Xss)
#   Set larger code cache with -XX:ReservedCodeCacheSize=
# This output file may be truncated or incomplete.
#
#  Out of Memory Error (allocation.cpp:273), pid=9056, tid=0x0000000000001bf8
#
# JRE version: Java(TM) SE Runtime Environment (8.0_101-b13) (build 1.8.0_101-b13)
# Java VM: Java HotSpot(TM) 64-Bit Server VM (25.101-b13 mixed mode windows-amd64 compressed oops)
# Failed to write core dump. Minidumps are not enabled by default on client versions of Windows
#

---------------  T H R E A D  ---------------

Current thread (0x0000000015630000):  JavaThread "C1 CompilerThread2" daemon [_thread_in_native, id=7160, stack(0x0000000016eb0000,0x0000000016fb0000)]

Stack: [0x0000000016eb0000,0x0000000016fb0000]
[error occurred during error reporting (printing stack bounds), id 0xc0000005]

Native frames: (J=compiled Java code, j=interpreted, Vv=VM code, C=native code)


Current CompileTask:
C1:   2383  571   !   3      
[error occurred during error reporting (printing current compile task), id 0xe0000001]


---------------  P R O C E S S  ---------------

Java Threads: ( => current thread )
  0x00000000172c8000 JavaThread "pool-1-thread-4" [_thread_blocked, id=8656, stack(0x00000000179b0000,0x0000000017ab0000)]
  0x00000000172c7000 JavaThread "pool-1-thread-3" [_thread_blocked, id=9768, stack(0x00000000178b0000,0x00000000179b0000)]
  0x00000000172b5000 JavaThread "pool-1-thread-2" [_thread_blocked, id=11668, stack(0x00000000177b0000,0x00000000178b0000)]
  0x00000000172b2000 JavaThread "pool-2-thread-1" [_thread_blocked, id=7560, stack(0x00000000176b0000,0x00000000177b0000)]
  0x0000000017259800 JavaThread "pool-1-thread-1" [_thread_in_vm, id=10468, stack(0x00000000175b0000,0x00000000176b0000)]
  0x0000000016fe6000 JavaThread "Service Thread" daemon [_thread_blocked, id=13156, stack(0x00000000173b0000,0x00000000174b0000)]
=>0x0000000015630000 JavaThread "C1 CompilerThread2" daemon [_thread_in_native, id=7160, stack(0x0000000016eb0000,0x0000000016fb0000)]
  0x0000000015629800 JavaThread "C2 CompilerThread1" daemon [_thread_in_native, id=12552, stack(0x0000000016db0000,0x0000000016eb0000)]
  0x0000000015639800 JavaThread "C2 CompilerThread0" daemon [_thread_in_native, id=4264, stack(0x0000000016cb0000,0x0000000016db0000)]
  0x0000000015637800 JavaThread "Attach Listener" daemon [_thread_blocked, id=10280, stack(0x0000000016bb0000,0x0000000016cb0000)]
  0x0000000015636000 JavaThread "Signal Dispatcher" daemon [_thread_blocked, id=13080, stack(0x0000000016ab0000,0x0000000016bb0000)]
  0x0000000002f3b000 JavaThread "Finalizer" daemon [_thread_blocked, id=5984, stack(0x00000000168a0000,0x00000000169a0000)]
  0x00000000155f8800 JavaThread "Reference Handler" daemon [_thread_blocked, id=6212, stack(0x00000000167a0000,0x00000000168a0000)]
  0x0000000002d3d800 JavaThread "main" [_thread_blocked, id=4028, stack(0x0000000002d40000,0x0000000002e40000)]

Other Threads:
  0x00000000155f7000 VMThread [stack: 0x00000000166a0000,0x00000000167a0000] [id=7660]
  0x0000000016fea800 WatcherThread [stack: 0x00000000174b0000,0x00000000175b0000] [id=7756]

VM state:not at safepoint (normal execution)

VM Mutex/Monitor currently owned by a thread:  ([mutex/lock_event])
[0x0000000002e41fd0] MethodData_lock - owner thread: 0x0000000017259800

Heap:
 PSYoungGen      total 37888K, used 16425K [0x00000000eab00000, 0x00000000ed500000, 0x0000000100000000)
  eden space 32768K, 50% used [0x00000000eab00000,0x00000000ebb0a458,0x00000000ecb00000)
  from space 5120K, 0% used [0x00000000ed000000,0x00000000ed000000,0x00000000ed500000)
  to   space 5120K, 0% used [0x00000000ecb00000,0x00000000ecb00000,0x00000000ed000000)
 ParOldGen       total 86016K, used 0K [0x00000000c0000000, 0x00000000c5400000, 0x00000000eab00000)
  object space 86016K, 0% used [0x00000000c0000000,0x00000000c0000000,0x00000000c5400000)
 Metaspace       used 5515K, capacity 6512K, committed 6784K, reserved 1056768K
  class space    used 591K, capacity 616K, committed 640K, reserved 1048576K

Card table byte_map: [0x0000000012300000,0x0000000012510000] byte_map_base: 0x0000000011d00000

Marking Bits: (ParMarkBitMap*) 0x000000006191a6d0
 Begin Bits: [0x0000000012a70000, 0x0000000013a70000)
 End Bits:   [0x0000000013a70000, 0x0000000014a70000)

Polling page: 0x0000000002d00000

CodeCache: size=245760Kb used=2204Kb max_used=2215Kb free=243555Kb
 bounds [0x0000000002f40000, 0x00000000031b0000, 0x0000000011f40000]
 total_blobs=825 nmethods=557 adapters=181
 compilation: enabled

Compilation events (10 events):
Event: 2.378 Thread 0x0000000015630000 nmethod 519 0x0000000003166cd0 code [0x0000000003166e20, 0x0000000003166f30]
Event: 2.378 Thread 0x0000000015630000  561       1       com.android.dx.cf.code.Frame::getLocals (5 bytes)
Event: 2.378 Thread 0x0000000015630000 nmethod 561 0x0000000003166f90 code [0x00000000031670e0, 0x00000000031671f0]
Event: 2.378 Thread 0x0000000015630000  573       3       com.android.dx.rop.code.PlainInsn::<init> (73 bytes)
Event: 2.378 Thread 0x0000000015630000 nmethod 573 0x0000000003167250 code [0x00000000031673e0, 0x00000000031678a8]
Event: 2.378 Thread 0x0000000015630000  574       3       com.android.dx.util.IntList::sort (29 bytes)
Event: 2.379 Thread 0x0000000015630000 nmethod 574 0x0000000003167a50 code [0x0000000003167c00, 0x00000000031680a8]
Event: 2.379 Thread 0x0000000015630000  571   !   3       com.android.dx.cf.code.BytecodeArray::parseInstruction (2764 bytes)
Event: 2.382 Thread 0x0000000015629800  555       4       java.util.BitSet::nextSetBit (102 bytes)
Event: 2.382 Thread 0x0000000015639800  564   !   4       com.android.dx.util.IntList::get (36 bytes)

GC Heap History (0 events):
No events

Deoptimization events (0 events):
No events

Internal exceptions (2 events):
Event: 0.050 Thread 0x0000000002d3d800 Exception <a 'java/lang/NoSuchMethodError': Method sun.misc.Unsafe.defineClass(Ljava/lang/String;[BII)Ljava/lang/Class; name or signature does not match> (0x00000000eab07cc0) thrown at [C:\re\workspace\8-2-build-windows-amd64-cygwin\jdk8u101\7261\hotspot\s¸°oÍ•©?
Event: 0.050 Thread 0x0000000002d3d800 Exception <a 'java/lang/NoSuchMethodError': Method sun.misc.Unsafe.prefetchRead(Ljava/lang/Object;J)V name or signature does not match> (0x00000000eab07fa8) thrown at [C:\re\workspace\8-2-build-windows-amd64-cygwin\jdk8u101\7261\hotspot\src\share\vm\prims\

Events (10 events):
Event: 2.373 loading class com/android/dx/cf/attrib/InnerClassList
Event: 2.373 loading class com/android/dx/cf/attrib/InnerClassList done
Event: 2.374 loading class com/android/dx/cf/attrib/InnerClassList$Item
Event: 2.374 loading class com/android/dx/cf/attrib/InnerClassList$Item done
Event: 2.375 loading class com/android/dx/cf/attrib/AttInnerClasses
Event: 2.375 loading class com/android/dx/cf/attrib/AttInnerClasses done
Event: 2.375 loading class com/android/dx/cf/attrib/AttEnclosingMethod
Event: 2.375 loading class com/android/dx/cf/attrib/AttEnclosingMethod done
Event: 2.377 loading class com/android/dx/cf/code/BytecodeArray$ConstantParserVisitor
Event: 2.377 loading class com/android/dx/cf/code/BytecodeArray$ConstantParserVisitor done


Dynamic libraries:
0x00007ff7d0e70000 - 0x00007ff7d0ea7000 	C:\Program Files\Java\jdk1.8.0_101\bin\java.exe
0x00007ffdaa3d0000 - 0x00007ffdaa591000 	C:\WINDOWS\SYSTEM32\ntdll.dll
0x00007ffda9a60000 - 0x00007ffda9b0d000 	C:\WINDOWS\system32\KERNEL32.DLL
0x00007ffda6d40000 - 0x00007ffda6f28000 	C:\WINDOWS\system32\KERNELBASE.dll
0x00007ffda77d0000 - 0x00007ffda7877000 	C:\WINDOWS\system32\ADVAPI32.dll
0x00007ffda7990000 - 0x00007ffda7a2d000 	C:\WINDOWS\system32\msvcrt.dll
0x00007ffda7a30000 - 0x00007ffda7a8b000 	C:\WINDOWS\system32\sechost.dll
0x00007ffda7cd0000 - 0x00007ffda7dec000 	C:\WINDOWS\system32\RPCRT4.dll
0x00007ffda93b0000 - 0x00007ffda9506000 	C:\WINDOWS\system32\USER32.dll
0x00007ffda9d20000 - 0x00007ffda9ea6000 	C:\WINDOWS\system32\GDI32.dll
0x00007ffda30e0000 - 0x00007ffda3354000 	C:\WINDOWS\WinSxS\amd64_microsoft.windows.common-controls_6595b64144ccf1df_6.0.10586.589_none_a2ddb3caa539acce\COMCTL32.dll
0x00007ffda97e0000 - 0x00007ffda9a5d000 	C:\WINDOWS\system32\combase.dll
0x00007ffda6ad0000 - 0x00007ffda6b3a000 	C:\WINDOWS\system32\bcryptPrimitives.dll
0x00007ffda7c90000 - 0x00007ffda7ccb000 	C:\WINDOWS\system32\IMM32.DLL
0x000000005eae0000 - 0x000000005ebb2000 	C:\Program Files\Java\jdk1.8.0_101\jre\bin\msvcr100.dll
0x0000000061100000 - 0x000000006199a000 	C:\Program Files\Java\jdk1.8.0_101\jre\bin\server\jvm.dll
0x00007ffda9700000 - 0x00007ffda9708000 	C:\WINDOWS\system32\PSAPI.DLL
0x00007ffda5140000 - 0x00007ffda5149000 	C:\WINDOWS\SYSTEM32\WSOCK32.dll
0x00007ffda9eb0000 - 0x00007ffda9f1b000 	C:\WINDOWS\system32\WS2_32.dll
0x00007ffda4fb0000 - 0x00007ffda4fd3000 	C:\WINDOWS\SYSTEM32\WINMM.dll
0x00007ffda30c0000 - 0x00007ffda30ca000 	C:\WINDOWS\SYSTEM32\VERSION.dll
0x00007ffda4f50000 - 0x00007ffda4f7c000 	C:\WINDOWS\SYSTEM32\WINMMBASE.dll
0x00007ffda6a80000 - 0x00007ffda6ac3000 	C:\WINDOWS\system32\cfgmgr32.dll
0x0000000061e40000 - 0x0000000061e4f000 	C:\Program Files\Java\jdk1.8.0_101\jre\bin\verify.dll
0x0000000061e10000 - 0x0000000061e39000 	C:\Program Files\Java\jdk1.8.0_101\jre\bin\java.dll
0x0000000061df0000 - 0x0000000061e06000 	C:\Program Files\Java\jdk1.8.0_101\jre\bin\zip.dll
0x00007ffda7e50000 - 0x00007ffda93ac000 	C:\WINDOWS\system32\SHELL32.dll
0x00007ffda6fb0000 - 0x00007ffda75f5000 	C:\WINDOWS\system32\windows.storage.dll
0x00007ffdaa350000 - 0x00007ffdaa3a2000 	C:\WINDOWS\system32\shlwapi.dll
0x00007ffda6a20000 - 0x00007ffda6a2f000 	C:\WINDOWS\system32\kernel.appcore.dll
0x00007ffda6b40000 - 0x00007ffda6bf5000 	C:\WINDOWS\system32\shcore.dll
0x00007ffda6a30000 - 0x00007ffda6a7b000 	C:\WINDOWS\system32\powrprof.dll
0x00007ffda69f0000 - 0x00007ffda6a04000 	C:\WINDOWS\system32\profapi.dll

VM Arguments:
jvm_args: -Djava.awt.headless=true -Xmx1024M -Dfile.encoding=windows-1252 -Duser.country=MX -Duser.language=es -Duser.variant 
java_command: com.android.dx.command.Main --dex --num-threads=4 --output O:\Android\VentaenRuta2016\app\build\intermediates\pre-dexed\release\ZSDK_ANDROID_API_086ab4076e2fb39fbfb47f10284e8bc012bfe18a.jar O:\Android\VentaenRuta2016\app\libs\ZSDK_ANDROID_API.jar
java_class_path (initial): C:\Users\mario\AppData\Local\Android\sdk\build-tools\24.0.2\lib\dx.jar
Launcher Type: SUN_STANDARD

Environment Variables:
PATH=C:\ProgramData\Oracle\Java\javapath;C:\Program Files (x86)\Intel\iCLS Client\;C:\Program Files\Intel\iCLS Client\;C:\Windows\system32;C:\Windows;C:\Windows\System32\Wbem;C:\Windows\System32\WindowsPowerShell\v1.0\;C:\Program Files (x86)\NVIDIA Corporation\PhysX\Common;C:\Program Files (x86)\Intel\Intel(R) Management Engine Components\DAL;C:\Program Files\Intel\Intel(R) Management Engine Components\DAL;C:\Program Files (x86)\Intel\Intel(R) Management Engine Components\IPT;C:\Program Files\Intel\Intel(R) Management Engine Components\IPT;C:\WINDOWS\system32;C:\WINDOWS;C:\WINDOWS\System32\Wbem;C:\WINDOWS\System32\WindowsPowerShell\v1.0\;C:\WINDOWS\system32\config\systemprofile\.dnx\bin;C:\Program Files\Microsoft DNX\Dnvm\;C:\Program Files (x86)\Windows Kits\10\Windows Performance Toolkit\;C:\Program Files\Git\cmd;C:\Program Files\Microsoft SQL Server\130\Tools\Binn\;C:\Program Files\Microsoft\Web Platform Installer\;C:\Program Files (x86)\nodejs\;C:\Users\mario\AppData\Roaming\npm
USERNAME=mario
OS=Windows_NT
PROCESSOR_IDENTIFIER=Intel64 Family 6 Model 94 Stepping 3, GenuineIntel



---------------  S Y S T E M  ---------------

OS: Windows 10.0 , 64 bit Build 10586 (10.0.10586.589)

CPU:total 4 (4 cores per cpu, 1 threads per core) family 6 model 94 stepping 3, cmov, cx8, fxsr, mmx, sse, sse2, sse3, ssse3, sse4.1, sse4.2, popcnt, avx, avx2, aes, clmul, erms, rtm, 3dnowpref, lzcnt, tsc, tscinvbit, bmi1, bmi2, adx

Memory: 4k page, physical 8245152k(525732k free), swap 10192800k(49236k free)

vm_info: Java HotSpot(TM) 64-Bit Server VM (25.101-b13) for windows-amd64 JRE (1.8.0_101-b13), built on Jun 22 2016 01:21:29 by "java_re" with MS VC++ 10.0 (VS2010)

time: Tue Sep 20 12:30:02 2016
elapsed time: 2 seconds (0d 0h 0m 2s)

