#
# There is insufficient memory for the Java Runtime Environment to continue.
# Native memory allocation (malloc) failed to allocate 387696 bytes for Chunk::new
# Possible reasons:
#   The system is out of physical RAM or swap space
#   In 32 bit mode, the process size limit was hit
# Possible solutions:
#   Reduce memory load on the system
#   Increase physical memory or swap space
#   Check if swap backing store is full
#   Use 64 bit Java on a 64 bit OS
#   Decrease Java heap size (-Xmx/-Xms)
#   Decrease number of Java threads
#   Decrease Java thread stack sizes (-Xss)
#   Set larger code cache with -XX:ReservedCodeCacheSize=
# This output file may be truncated or incomplete.
#
#  Out of Memory Error (allocation.cpp:390), pid=8252, tid=0x0000000000000974
#
# JRE version: Java(TM) SE Runtime Environment (8.0_101-b13) (build 1.8.0_101-b13)
# Java VM: Java HotSpot(TM) 64-Bit Server VM (25.101-b13 mixed mode windows-amd64 compressed oops)
# Failed to write core dump. Minidumps are not enabled by default on client versions of Windows
#

---------------  T H R E A D  ---------------

Current thread (0x0000000015510800):  JavaThread "C2 CompilerThread1" daemon [_thread_in_native, id=2420, stack(0x0000000016c70000,0x0000000016d70000)]

Stack: [0x0000000016c70000,0x0000000016d70000]
[error occurred during error reporting (printing stack bounds), id 0xc0000005]

Native frames: (J=compiled Java code, j=interpreted, Vv=VM code, C=native code)


Current CompileTask:
C2:   4433 1058   !   4       com.android.dx.cf.code.BytecodeArray::parseInstruction (2764 bytes)


---------------  P R O C E S S  ---------------

Java Threads: ( => current thread )
  0x00000000170d5800 JavaThread "pool-2-thread-4" [_thread_in_Java, id=11204, stack(0x0000000017870000,0x0000000017970000)]
  0x00000000170c8000 JavaThread "pool-2-thread-3" [_thread_in_vm, id=9764, stack(0x0000000017770000,0x0000000017870000)]
  0x00000000170c7800 JavaThread "pool-2-thread-2" [_thread_blocked, id=1496, stack(0x0000000017670000,0x0000000017770000)]
  0x00000000170c6800 JavaThread "pool-3-thread-1" [_thread_blocked, id=7920, stack(0x0000000017570000,0x0000000017670000)]
  0x00000000170c6000 JavaThread "pool-2-thread-1" [_thread_blocked, id=9964, stack(0x0000000017470000,0x0000000017570000)]
  0x0000000016e8e000 JavaThread "Service Thread" daemon [_thread_blocked, id=10820, stack(0x0000000017270000,0x0000000017370000)]
  0x0000000015569800 JavaThread "C1 CompilerThread2" daemon [_thread_in_native, id=7472, stack(0x0000000016d70000,0x0000000016e70000)]
=>0x0000000015510800 JavaThread "C2 CompilerThread1" daemon [_thread_in_native, id=2420, stack(0x0000000016c70000,0x0000000016d70000)]
  0x000000001550d800 JavaThread "C2 CompilerThread0" daemon [_thread_in_native, id=8896, stack(0x0000000016b70000,0x0000000016c70000)]
  0x000000001550b800 JavaThread "Attach Listener" daemon [_thread_blocked, id=10796, stack(0x0000000016a70000,0x0000000016b70000)]
  0x000000001550a800 JavaThread "Signal Dispatcher" daemon [_thread_blocked, id=10428, stack(0x0000000016970000,0x0000000016a70000)]
  0x0000000002e3b000 JavaThread "Finalizer" daemon [_thread_blocked, id=4936, stack(0x0000000016760000,0x0000000016860000)]
  0x0000000002e30000 JavaThread "Reference Handler" daemon [_thread_blocked, id=10336, stack(0x0000000016660000,0x0000000016760000)]
  0x0000000000f4d800 JavaThread "main" [_thread_blocked, id=9720, stack(0x0000000002c40000,0x0000000002d40000)]

Other Threads:
  0x00000000154d8000 VMThread [stack: 0x0000000016560000,0x0000000016660000] [id=5484]
  0x0000000016e93800 WatcherThread [stack: 0x0000000017370000,0x0000000017470000] [id=2336]

VM state:not at safepoint (normal execution)

VM Mutex/Monitor currently owned by a thread: None

Heap:
 PSYoungGen      total 37888K, used 32768K [0x00000000eab00000, 0x00000000ed500000, 0x0000000100000000)
  eden space 32768K, 100% used [0x00000000eab00000,0x00000000ecb00000,0x00000000ecb00000)
  from space 5120K, 0% used [0x00000000ed000000,0x00000000ed000000,0x00000000ed500000)
  to   space 5120K, 0% used [0x00000000ecb00000,0x00000000ecb00000,0x00000000ed000000)
 ParOldGen       total 86016K, used 0K [0x00000000c0000000, 0x00000000c5400000, 0x00000000eab00000)
  object space 86016K, 0% used [0x00000000c0000000,0x00000000c0000000,0x00000000c5400000)
 Metaspace       used 5959K, capacity 6898K, committed 7040K, reserved 1056768K
  class space    used 599K, capacity 618K, committed 640K, reserved 1048576K

Card table byte_map: [0x0000000012200000,0x0000000012410000] byte_map_base: 0x0000000011c00000

Marking Bits: (ParMarkBitMap*) 0x0000000066d5a6d0
 Begin Bits: [0x0000000012970000, 0x0000000013970000)
 End Bits:   [0x0000000013970000, 0x0000000014970000)

Polling page: 0x0000000000f30000

CodeCache: size=245760Kb used=4461Kb max_used=4468Kb free=241298Kb
 bounds [0x0000000002e40000, 0x00000000032b0000, 0x0000000011e40000]
 total_blobs=1415 nmethods=1146 adapters=182
 compilation: enabled

Compilation events (10 events):
Event: 4.428 Thread 0x0000000015569800 1148       3       com.android.dx.cf.code.BaseMachine::popArgs (127 bytes)
Event: 4.429 Thread 0x0000000015569800 nmethod 1148 0x000000000329d150 code [0x000000000329d460, 0x000000000329eda8]
Event: 4.429 Thread 0x000000001550d800 nmethod 1132 0x000000000329f9d0 code [0x000000000329fb60, 0x00000000032a03c8]
Event: 4.429 Thread 0x0000000015569800 1149       3       com.android.dx.rop.cst.CstBaseMethodRef::getType (8 bytes)
Event: 4.429 Thread 0x000000001550d800 1138   !   4       com.android.dx.rop.code.BasicBlock::<init> (273 bytes)
Event: 4.429 Thread 0x0000000015569800 nmethod 1149 0x000000000329cd50 code [0x000000000329cea0, 0x000000000329d090]
Event: 4.430 Thread 0x0000000015569800 1150       3       com.android.dx.rop.code.Rop::<init> (137 bytes)
Event: 4.430 Thread 0x0000000015569800 nmethod 1150 0x000000000329bf50 code [0x000000000329c140, 0x000000000329c998]
Event: 4.430 Thread 0x0000000015569800 1151       3       com.android.dx.rop.cst.CstBaseMethodRef::getPrototype (41 bytes)
Event: 4.430 Thread 0x0000000015569800 nmethod 1151 0x000000000329b8d0 code [0x000000000329ba40, 0x000000000329be48]

GC Heap History (0 events):
No events

Deoptimization events (10 events):
Event: 3.716 Thread 0x00000000170c7800 Uncommon trap: reason=unstable_if action=reinterpret pc=0x0000000003059364 method=java.util.HashMap.getNode(ILjava/lang/Object;)Ljava/util/HashMap$Node; @ 129
Event: 3.729 Thread 0x00000000170c7800 Uncommon trap: reason=unstable_if action=reinterpret pc=0x0000000003070030 method=java.util.BitSet.nextSetBit(I)I @ 87
Event: 4.014 Thread 0x00000000170c8000 Uncommon trap: reason=unstable_if action=reinterpret pc=0x000000000309ba38 method=java.util.HashMap.getNode(ILjava/lang/Object;)Ljava/util/HashMap$Node; @ 62
Event: 4.027 Thread 0x00000000170d5800 Uncommon trap: reason=null_check action=make_not_entrant pc=0x00000000030f259c method=com.android.dx.ssa.SsaRenamer.getLocalForNewReg(I)Lcom/android/dx/rop/code/LocalItem; @ 19
Event: 4.049 Thread 0x00000000170c7800 Uncommon trap: reason=unstable_if action=reinterpret pc=0x000000000317ceec method=com.android.dx.rop.code.RegisterSpecSet.put(Lcom/android/dx/rop/code/RegisterSpec;)V @ 77
Event: 4.052 Thread 0x00000000170c7800 Uncommon trap: reason=unstable_if action=reinterpret pc=0x00000000031da8e4 method=com.android.dx.rop.code.RegisterSpecSet.put(Lcom/android/dx/rop/code/RegisterSpec;)V @ 77
Event: 4.077 Thread 0x00000000170c8000 Uncommon trap: reason=bimorphic action=maybe_recompile pc=0x00000000031227c8 method=java.util.HashMap.getNode(ILjava/lang/Object;)Ljava/util/HashMap$Node; @ 126
Event: 4.077 Thread 0x00000000170c8000 Uncommon trap: reason=bimorphic action=maybe_recompile pc=0x00000000031227c8 method=java.util.HashMap.getNode(ILjava/lang/Object;)Ljava/util/HashMap$Node; @ 126
Event: 4.121 Thread 0x00000000170c8000 Uncommon trap: reason=bimorphic action=maybe_recompile pc=0x00000000031227c8 method=java.util.HashMap.getNode(ILjava/lang/Object;)Ljava/util/HashMap$Node; @ 126
Event: 4.122 Thread 0x00000000170c8000 Uncommon trap: reason=class_check action=maybe_recompile pc=0x00000000031e09dc method=com.android.dx.ssa.NormalSsaInsn.accept(Lcom/android/dx/ssa/SsaInsn$Visitor;)V @ 9

Internal exceptions (3 events):
Event: 0.064 Thread 0x0000000000f4d800 Exception <a 'java/lang/NoSuchMethodError': Method sun.misc.Unsafe.defineClass(Ljava/lang/String;[BII)Ljava/lang/Class; name or signature does not match> (0x00000000eab07cc0) thrown at [C:\re\workspace\8-2-build-windows-amd64-cygwin\jdk8u101\7261\hotspot\su4ÝS×O°?
Event: 0.064 Thread 0x0000000000f4d800 Exception <a 'java/lang/NoSuchMethodError': Method sun.misc.Unsafe.prefetchRead(Ljava/lang/Object;J)V name or signature does not match> (0x00000000eab07fa8) thrown at [C:\re\workspace\8-2-build-windows-amd64-cygwin\jdk8u101\7261\hotspot\src\share\vm\prims\åšñÌ@
Event: 4.027 Thread 0x00000000170d5800 Implicit null exception at 0x00000000030f062d to 0x00000000030f257d

Events (10 events):
Event: 4.077 Thread 0x00000000170c8000 DEOPT PACKING pc=0x00000000031227c8 sp=0x000000001786e600
Event: 4.078 Thread 0x00000000170c8000 DEOPT UNPACKING pc=0x0000000002e8582a sp=0x000000001786e580 mode 2
Event: 4.121 Thread 0x00000000170c8000 Uncommon trap: trap_request=0xffffffc6 fr.pc=0x00000000031227c8
Event: 4.121 Thread 0x00000000170c8000 DEOPT PACKING pc=0x00000000031227c8 sp=0x000000001786e610
Event: 4.121 Thread 0x00000000170c8000 DEOPT UNPACKING pc=0x0000000002e8582a sp=0x000000001786e590 mode 2
Event: 4.122 Thread 0x00000000170c8000 Uncommon trap: trap_request=0xffffffde fr.pc=0x00000000031e09dc
Event: 4.122 Thread 0x00000000170c8000 DEOPT PACKING pc=0x00000000031e09dc sp=0x000000001786e580
Event: 4.122 Thread 0x00000000170c8000 DEOPT UNPACKING pc=0x0000000002e8582a sp=0x000000001786e550 mode 2
Event: 4.156 Executing VM operation: EnableBiasedLocking
Event: 4.359 Executing VM operation: EnableBiasedLocking done


Dynamic libraries:
0x00007ff7e9c10000 - 0x00007ff7e9c47000 	C:\Program Files\Java\jdk1.8.0_101\bin\java.exe
0x00007ff9c4de0000 - 0x00007ff9c4fb1000 	C:\WINDOWS\SYSTEM32\ntdll.dll
0x00007ff9c2440000 - 0x00007ff9c24eb000 	C:\WINDOWS\System32\KERNEL32.DLL
0x00007ff9c2150000 - 0x00007ff9c236d000 	C:\WINDOWS\System32\KERNELBASE.dll
0x00007ff9c2b50000 - 0x00007ff9c2bf2000 	C:\WINDOWS\System32\ADVAPI32.dll
0x00007ff9c23a0000 - 0x00007ff9c243e000 	C:\WINDOWS\System32\msvcrt.dll
0x00007ff9c3490000 - 0x00007ff9c34e9000 	C:\WINDOWS\System32\sechost.dll
0x00007ff9c2c00000 - 0x00007ff9c2d21000 	C:\WINDOWS\System32\RPCRT4.dll
0x00007ff9c2e10000 - 0x00007ff9c2f75000 	C:\WINDOWS\System32\USER32.dll
0x00007ff9c2090000 - 0x00007ff9c20ae000 	C:\WINDOWS\System32\win32u.dll
0x00007ff9c2f80000 - 0x00007ff9c2fb4000 	C:\WINDOWS\System32\GDI32.dll
0x00007ff9c1bb0000 - 0x00007ff9c1d32000 	C:\WINDOWS\System32\gdi32full.dll
0x00007ff9b7e40000 - 0x00007ff9b80b9000 	C:\WINDOWS\WinSxS\amd64_microsoft.windows.common-controls_6595b64144ccf1df_6.0.14393.0_none_2d0f50fcbdb171b8\COMCTL32.dll
0x00007ff9c2880000 - 0x00007ff9c2b47000 	C:\WINDOWS\System32\combase.dll
0x00007ff9c1ab0000 - 0x00007ff9c1ba5000 	C:\WINDOWS\System32\ucrtbase.dll
0x00007ff9c1fc0000 - 0x00007ff9c202a000 	C:\WINDOWS\System32\bcryptPrimitives.dll
0x00007ff9c2370000 - 0x00007ff9c239e000 	C:\WINDOWS\System32\IMM32.DLL
0x00000000641c0000 - 0x0000000064292000 	C:\Program Files\Java\jdk1.8.0_101\jre\bin\msvcr100.dll
0x0000000066540000 - 0x0000000066dda000 	C:\Program Files\Java\jdk1.8.0_101\jre\bin\server\jvm.dll
0x00007ff9c3500000 - 0x00007ff9c3508000 	C:\WINDOWS\System32\PSAPI.DLL
0x00007ff9b5010000 - 0x00007ff9b5019000 	C:\WINDOWS\SYSTEM32\WSOCK32.dll
0x00007ff9bec60000 - 0x00007ff9bec83000 	C:\WINDOWS\SYSTEM32\WINMM.dll
0x00007ff9c3510000 - 0x00007ff9c357a000 	C:\WINDOWS\System32\WS2_32.dll
0x00007ff9bb4f0000 - 0x00007ff9bb4fa000 	C:\WINDOWS\SYSTEM32\VERSION.dll
0x0000000001450000 - 0x000000000147b000 	C:\WINDOWS\SYSTEM32\WINMMBASE.dll
0x00007ff9c1380000 - 0x00007ff9c13c2000 	C:\WINDOWS\System32\cfgmgr32.dll
0x0000000066530000 - 0x000000006653f000 	C:\Program Files\Java\jdk1.8.0_101\jre\bin\verify.dll
0x0000000066500000 - 0x0000000066529000 	C:\Program Files\Java\jdk1.8.0_101\jre\bin\java.dll
0x00000000664e0000 - 0x00000000664f6000 	C:\Program Files\Java\jdk1.8.0_101\jre\bin\zip.dll
0x00007ff9c38d0000 - 0x00007ff9c4dd8000 	C:\WINDOWS\System32\SHELL32.dll
0x00007ff9c13d0000 - 0x00007ff9c1aaa000 	C:\WINDOWS\System32\windows.storage.dll
0x00007ff9c1270000 - 0x00007ff9c12bc000 	C:\WINDOWS\System32\powrprof.dll
0x00007ff9c25c0000 - 0x00007ff9c2612000 	C:\WINDOWS\System32\shlwapi.dll
0x00007ff9c12c0000 - 0x00007ff9c12cf000 	C:\WINDOWS\System32\kernel.appcore.dll
0x00007ff9c1f10000 - 0x00007ff9c1fb9000 	C:\WINDOWS\System32\shcore.dll
0x00007ff9c1240000 - 0x00007ff9c1254000 	C:\WINDOWS\System32\profapi.dll

VM Arguments:
jvm_args: -Djava.awt.headless=true -Xmx1024M -Dfile.encoding=windows-1252 -Duser.country=MX -Duser.language=es -Duser.variant 
java_command: com.android.dx.command.Main --dex --force-jumbo --num-threads=4 --multi-dex --output O:\Android\VentaenRuta2016\app\build\intermediates\transforms\dex\debug\folders\1000\2\commons-net-3.1_9df4612ebcf771c3c749aa8a0c909855560b14e4 O:\Android\VentaenRuta2016\app\libs\commons-net-3.1.jar
java_class_path (initial): C:\Users\mario\AppData\Local\Android\sdk\build-tools\24.0.2\lib\dx.jar
Launcher Type: SUN_STANDARD

Environment Variables:
PATH=C:\ProgramData\Oracle\Java\javapath;C:\Program Files (x86)\Intel\iCLS Client\;C:\Program Files\Intel\iCLS Client\;C:\Windows\system32;C:\Windows;C:\Windows\System32\Wbem;C:\Windows\System32\WindowsPowerShell\v1.0\;C:\Program Files (x86)\NVIDIA Corporation\PhysX\Common;C:\Program Files (x86)\Intel\Intel(R) Management Engine Components\DAL;C:\Program Files\Intel\Intel(R) Management Engine Components\DAL;C:\Program Files (x86)\Intel\Intel(R) Management Engine Components\IPT;C:\Program Files\Intel\Intel(R) Management Engine Components\IPT;C:\WINDOWS\system32;C:\WINDOWS;C:\WINDOWS\System32\Wbem;C:\WINDOWS\System32\WindowsPowerShell\v1.0\;C:\WINDOWS\system32\config\systemprofile\.dnx\bin;C:\Program Files\Microsoft DNX\Dnvm\;C:\Program Files (x86)\Windows Kits\10\Windows Performance Toolkit\;C:\Program Files\Git\cmd;C:\Program Files\Microsoft SQL Server\130\Tools\Binn\;C:\Program Files\Microsoft\Web Platform Installer\;C:\Program Files (x86)\nodejs\;C:\Users\mario\AppData\Roaming\npm;%USERPROFILE%\AppData\Local\Microsoft\WindowsApps;
USERNAME=mario
OS=Windows_NT
PROCESSOR_IDENTIFIER=Intel64 Family 6 Model 94 Stepping 3, GenuineIntel



---------------  S Y S T E M  ---------------

OS: Windows 10.0 , 64 bit Build 14393 (10.0.14393.0)

CPU:total 4 (4 cores per cpu, 1 threads per core) family 6 model 94 stepping 3, cmov, cx8, fxsr, mmx, sse, sse2, sse3, ssse3, sse4.1, sse4.2, popcnt, avx, avx2, aes, clmul, erms, rtm, 3dnowpref, lzcnt, tsc, tscinvbit, bmi1, bmi2, adx

Memory: 4k page, physical 8245152k(1092508k free), swap 8245152k(5576k free)

vm_info: Java HotSpot(TM) 64-Bit Server VM (25.101-b13) for windows-amd64 JRE (1.8.0_101-b13), built on Jun 22 2016 01:21:29 by "java_re" with MS VC++ 10.0 (VS2010)

time: Sat Oct 22 11:15:10 2016
elapsed time: 4 seconds (0d 0h 0m 4s)

