#
# There is insufficient memory for the Java Runtime Environment to continue.
# Native memory allocation (malloc) failed to allocate 742016 bytes for Chunk::new
# Possible reasons:
#   The system is out of physical RAM or swap space
#   In 32 bit mode, the process size limit was hit
# Possible solutions:
#   Reduce memory load on the system
#   Increase physical memory or swap space
#   Check if swap backing store is full
#   Use 64 bit Java on a 64 bit OS
#   Decrease Java heap size (-Xmx/-Xms)
#   Decrease number of Java threads
#   Decrease Java thread stack sizes (-Xss)
#   Set larger code cache with -XX:ReservedCodeCacheSize=
# This output file may be truncated or incomplete.
#
#  Out of Memory Error (allocation.cpp:390), pid=5928, tid=0x00000000000018e0
#
# JRE version: Java(TM) SE Runtime Environment (8.0_101-b13) (build 1.8.0_101-b13)
# Java VM: Java HotSpot(TM) 64-Bit Server VM (25.101-b13 mixed mode windows-amd64 compressed oops)
# Failed to write core dump. Minidumps are not enabled by default on client versions of Windows
#

---------------  T H R E A D  ---------------

Current thread (0x0000000015387000):  JavaThread "C2 CompilerThread1" daemon [_thread_in_native, id=6368, stack(0x0000000016aa0000,0x0000000016ba0000)]

Stack: [0x0000000016aa0000,0x0000000016ba0000]
[error occurred during error reporting (printing stack bounds), id 0xc0000005]

Native frames: (J=compiled Java code, j=interpreted, Vv=VM code, C=native code)


Current CompileTask:
C2:   1967 1338   !   4       com.android.dx.cf.code.BytecodeArray::parseInstruction (2764 bytes)


---------------  P R O C E S S  ---------------

Java Threads: ( => current thread )
  0x0000000016f2d800 JavaThread "pool-2-thread-4" [_thread_blocked, id=10608, stack(0x00000000176a0000,0x00000000177a0000)]
  0x0000000016f2c800 JavaThread "pool-2-thread-3" [_thread_in_vm, id=11132, stack(0x00000000175a0000,0x00000000176a0000)]
  0x0000000016f29800 JavaThread "pool-2-thread-2" [_thread_in_vm, id=9008, stack(0x00000000174a0000,0x00000000175a0000)]
  0x0000000016f21800 JavaThread "pool-3-thread-1" [_thread_blocked, id=5216, stack(0x00000000173a0000,0x00000000174a0000)]
  0x0000000016f21000 JavaThread "pool-2-thread-1" [_thread_in_Java, id=5672, stack(0x00000000172a0000,0x00000000173a0000)]
  0x0000000016ca4000 JavaThread "Service Thread" daemon [_thread_blocked, id=7836, stack(0x00000000170a0000,0x00000000171a0000)]
  0x0000000015389800 JavaThread "C1 CompilerThread2" daemon [_thread_blocked, id=10916, stack(0x0000000016ba0000,0x0000000016ca0000)]
=>0x0000000015387000 JavaThread "C2 CompilerThread1" daemon [_thread_in_native, id=6368, stack(0x0000000016aa0000,0x0000000016ba0000)]
  0x000000001532c800 JavaThread "C2 CompilerThread0" daemon [_thread_in_native, id=9012, stack(0x00000000169a0000,0x0000000016aa0000)]
  0x000000001532a800 JavaThread "Attach Listener" daemon [_thread_blocked, id=7000, stack(0x00000000168a0000,0x00000000169a0000)]
  0x0000000015329000 JavaThread "Signal Dispatcher" daemon [_thread_blocked, id=7440, stack(0x00000000167a0000,0x00000000168a0000)]
  0x0000000002c55800 JavaThread "Finalizer" daemon [_thread_blocked, id=10708, stack(0x0000000016590000,0x0000000016690000)]
  0x0000000002c50000 JavaThread "Reference Handler" daemon [_thread_blocked, id=1276, stack(0x0000000016490000,0x0000000016590000)]
  0x0000000002a5d800 JavaThread "main" [_thread_blocked, id=9728, stack(0x0000000002a60000,0x0000000002b60000)]

Other Threads:
  0x00000000152f8000 VMThread [stack: 0x0000000016390000,0x0000000016490000] [id=6320]
  0x0000000016cb2000 WatcherThread [stack: 0x00000000171a0000,0x00000000172a0000] [id=2984]

VM state:synchronizing (normal execution)

VM Mutex/Monitor currently owned by a thread:  ([mutex/lock_event])
[0x0000000002a5d0e0] Safepoint_lock - owner thread: 0x00000000152f8000
[0x0000000002a5cc60] Threads_lock - owner thread: 0x00000000152f8000
[0x0000000002a5c7e0] Heap_lock - owner thread: 0x0000000015389800
[0x0000000002b61150] MethodData_lock - owner thread: 0x0000000015389800

Heap:
 PSYoungGen      total 37888K, used 23653K [0x00000000eab00000, 0x00000000ef500000, 0x0000000100000000)
  eden space 32768K, 56% used [0x00000000eab00000,0x00000000ebd1f4a8,0x00000000ecb00000)
  from space 5120K, 99% used [0x00000000ecb00000,0x00000000ecffa090,0x00000000ed000000)
  to   space 5120K, 0% used [0x00000000ef000000,0x00000000ef000000,0x00000000ef500000)
 ParOldGen       total 86016K, used 1072K [0x00000000c0000000, 0x00000000c5400000, 0x00000000eab00000)
  object space 86016K, 1% used [0x00000000c0000000,0x00000000c010c338,0x00000000c5400000)
 Metaspace       used 6117K, capacity 6964K, committed 7040K, reserved 1058816K
  class space    used 595K, capacity 620K, committed 640K, reserved 1048576K

Card table byte_map: [0x0000000012020000,0x0000000012230000] byte_map_base: 0x0000000011a20000

Marking Bits: (ParMarkBitMap*) 0x000000005885a6d0
 Begin Bits: [0x0000000012790000, 0x0000000013790000)
 End Bits:   [0x0000000013790000, 0x0000000014790000)

Polling page: 0x0000000001290000

CodeCache: size=245760Kb used=5923Kb max_used=5923Kb free=239836Kb
 bounds [0x0000000002c60000, 0x0000000003230000, 0x0000000011c60000]
 total_blobs=1727 nmethods=1459 adapters=181
 compilation: enabled

Compilation events (10 events):
Event: 1.963 Thread 0x0000000015389800 nmethod 1467 0x000000000322b310 code [0x000000000322b480, 0x000000000322b648]
Event: 1.963 Thread 0x0000000015389800 1468       3       com.android.dx.ssa.LocalVariableExtractor::extract (14 bytes)
Event: 1.963 Thread 0x0000000015389800 nmethod 1468 0x000000000322b710 code [0x000000000322b880, 0x000000000322ba78]
Event: 1.963 Thread 0x0000000015389800 1472       3       com.android.dx.rop.type.StdTypeList::getWordCount (33 bytes)
Event: 1.963 Thread 0x0000000015389800 nmethod 1472 0x000000000322bb50 code [0x000000000322bce0, 0x000000000322c338]
Event: 1.963 Thread 0x0000000015389800 1469       3       com.android.dx.ssa.LocalVariableExtractor::<init> (61 bytes)
Event: 1.963 Thread 0x0000000015389800 nmethod 1469 0x000000000322c550 code [0x000000000322c700, 0x000000000322cbe8]
Event: 1.963 Thread 0x0000000015389800 1470       3       com.android.dx.ssa.back.FirstFitLocalCombiningAllocator::handleLocalAssociatedOther (151 bytes)
Event: 1.964 Thread 0x0000000015389800 nmethod 1470 0x000000000322cdd0 code [0x000000000322d060, 0x000000000322e118]
Event: 1.964 Thread 0x0000000015389800 1471       3       com.android.dx.ssa.ConstCollector::process (14 bytes)

GC Heap History (2 events):
Event: 1.780 GC heap before
{Heap before GC invocations=1 (full 0):
 PSYoungGen      total 37888K, used 32768K [0x00000000eab00000, 0x00000000ed500000, 0x0000000100000000)
  eden space 32768K, 100% used [0x00000000eab00000,0x00000000ecb00000,0x00000000ecb00000)
  from space 5120K, 0% used [0x00000000ed000000,0x00000000ed000000,0x00000000ed500000)
  to   space 5120K, 0% used [0x00000000ecb00000,0x00000000ecb00000,0x00000000ed000000)
 ParOldGen       total 86016K, used 0K [0x00000000c0000000, 0x00000000c5400000, 0x00000000eab00000)
  object space 86016K, 0% used [0x00000000c0000000,0x00000000c0000000,0x00000000c5400000)
 Metaspace       used 6031K, capacity 6964K, committed 7040K, reserved 1056768K
  class space    used 595K, capacity 620K, committed 640K, reserved 1048576K
Event: 1.830 GC heap after
Heap after GC invocations=1 (full 0):
 PSYoungGen      total 37888K, used 5096K [0x00000000eab00000, 0x00000000ef500000, 0x0000000100000000)
  eden space 32768K, 0% used [0x00000000eab00000,0x00000000eab00000,0x00000000ecb00000)
  from space 5120K, 99% used [0x00000000ecb00000,0x00000000ecffa090,0x00000000ed000000)
  to   space 5120K, 0% used [0x00000000ef000000,0x00000000ef000000,0x00000000ef500000)
 ParOldGen       total 86016K, used 1072K [0x00000000c0000000, 0x00000000c5400000, 0x00000000eab00000)
  object space 86016K, 1% used [0x00000000c0000000,0x00000000c010c338,0x00000000c5400000)
 Metaspace       used 6031K, capacity 6964K, committed 7040K, reserved 1056768K
  class space    used 595K, capacity 620K, committed 640K, reserved 1048576K
}

Deoptimization events (10 events):
Event: 1.517 Thread 0x0000000016f29800 Uncommon trap: reason=class_check action=maybe_recompile pc=0x0000000002f47c9c method=com.android.dx.ssa.NormalSsaInsn.accept(Lcom/android/dx/ssa/SsaInsn$Visitor;)V @ 9
Event: 1.517 Thread 0x0000000016f29800 Uncommon trap: reason=class_check action=maybe_recompile pc=0x0000000002f47c9c method=com.android.dx.ssa.NormalSsaInsn.accept(Lcom/android/dx/ssa/SsaInsn$Visitor;)V @ 9
Event: 1.517 Thread 0x0000000016f29800 Uncommon trap: reason=class_check action=maybe_recompile pc=0x0000000002f47c9c method=com.android.dx.ssa.NormalSsaInsn.accept(Lcom/android/dx/ssa/SsaInsn$Visitor;)V @ 9
Event: 1.519 Thread 0x0000000016f29800 Uncommon trap: reason=class_check action=maybe_recompile pc=0x0000000002f50730 method=com.android.dx.ssa.NormalSsaInsn.accept(Lcom/android/dx/ssa/SsaInsn$Visitor;)V @ 9
Event: 1.729 Thread 0x0000000002a5d800 Uncommon trap: reason=null_check action=make_not_entrant pc=0x000000000300aa28 method=com.android.dx.rop.type.Type.equals(Ljava/lang/Object;)Z @ 8
Event: 1.739 Thread 0x0000000002a5d800 Uncommon trap: reason=unstable_if action=reinterpret pc=0x000000000307b7e8 method=com.android.dx.util.IntList.binarysearch(I)I @ 105
Event: 1.897 Thread 0x0000000016f29800 Uncommon trap: reason=unstable_if action=reinterpret pc=0x000000000318de28 method=com.android.dx.ssa.SCCP.simulateBranch(Lcom/android/dx/ssa/SsaInsn;)V @ 548
Event: 1.897 Thread 0x0000000016f29800 Uncommon trap: reason=unstable_if action=reinterpret pc=0x00000000030798dc method=com.android.dx.ssa.SsaMethod.updateOneDefinition(Lcom/android/dx/ssa/SsaInsn;Lcom/android/dx/rop/code/RegisterSpec;)V @ 4
Event: 1.897 Thread 0x0000000016f29800 Uncommon trap: reason=unstable_if action=reinterpret pc=0x00000000030b3a08 method=com.android.dx.ssa.SsaMethod.deleteInsns(Ljava/util/Set;)V @ 153
Event: 1.900 Thread 0x0000000016f29800 Uncommon trap: reason=unstable_if action=reinterpret pc=0x000000000317ba6c method=com.android.dx.ssa.SCCP.simulateStmt(Lcom/android/dx/ssa/SsaInsn;)V @ 53

Internal exceptions (3 events):
Event: 0.179 Thread 0x0000000002a5d800 Exception <a 'java/lang/NoSuchMethodError': Method sun.misc.Unsafe.defineClass(Ljava/lang/String;[BII)Ljava/lang/Class; name or signature does not match> (0x00000000eab07cc0) thrown at [C:\re\workspace\8-2-build-windows-amd64-cygwin\jdk8u101\7261\hotspot\sê⁄°<¯∆?
Event: 0.179 Thread 0x0000000002a5d800 Exception <a 'java/lang/NoSuchMethodError': Method sun.misc.Unsafe.prefetchRead(Ljava/lang/Object;J)V name or signature does not match> (0x00000000eab07fa8) thrown at [C:\re\workspace\8-2-build-windows-amd64-cygwin\jdk8u101\7261\hotspot\src\share\vm\prims\2@
Event: 1.729 Thread 0x0000000002a5d800 Implicit null exception at 0x000000000300a922 to 0x000000000300aa1a

Events (10 events):
Event: 1.900 Thread 0x0000000016f29800 Uncommon trap: trap_request=0xffffff65 fr.pc=0x000000000317ba6c
Event: 1.900 Thread 0x0000000016f29800 DEOPT PACKING pc=0x000000000317ba6c sp=0x000000001759ec20
Event: 1.900 Thread 0x0000000016f29800 DEOPT UNPACKING pc=0x0000000002ca582a sp=0x000000001759ec08 mode 2
Event: 1.909 Thread 0x0000000016f29800 DEOPT PACKING pc=0x0000000002f4c9d4 sp=0x000000001759eb90
Event: 1.909 Thread 0x0000000016f29800 DEOPT UNPACKING pc=0x0000000002ca787f sp=0x000000001759e958 mode 0
Event: 1.914 loading class com/android/dx/rop/code/RegOps
Event: 1.914 loading class com/android/dx/rop/code/RegOps done
Event: 1.942 Thread 0x0000000016f2c800 DEOPT PACKING pc=0x0000000002f4c9d4 sp=0x000000001769edb0
Event: 1.942 Thread 0x0000000016f2c800 DEOPT UNPACKING pc=0x0000000002ca787f sp=0x000000001769eb78 mode 0
Event: 1.964 Executing VM operation: CollectForMetadataAllocation


Dynamic libraries:
0x00007ff7fdab0000 - 0x00007ff7fdae7000 	C:\Program Files\Java\jdk1.8.0_101\bin\java.exe
0x00007ff9ec780000 - 0x00007ff9ec951000 	C:\WINDOWS\SYSTEM32\ntdll.dll
0x00007ff9e9d10000 - 0x00007ff9e9dbb000 	C:\WINDOWS\System32\KERNEL32.DLL
0x00007ff9e9220000 - 0x00007ff9e943d000 	C:\WINDOWS\System32\KERNELBASE.dll
0x00007ff9ea360000 - 0x00007ff9ea402000 	C:\WINDOWS\System32\ADVAPI32.dll
0x00007ff9eb020000 - 0x00007ff9eb0be000 	C:\WINDOWS\System32\msvcrt.dll
0x00007ff9ea9a0000 - 0x00007ff9ea9f9000 	C:\WINDOWS\System32\sechost.dll
0x00007ff9ea230000 - 0x00007ff9ea351000 	C:\WINDOWS\System32\RPCRT4.dll
0x00007ff9ec610000 - 0x00007ff9ec775000 	C:\WINDOWS\System32\USER32.dll
0x00007ff9e9cf0000 - 0x00007ff9e9d0e000 	C:\WINDOWS\System32\win32u.dll
0x00007ff9ec5d0000 - 0x00007ff9ec604000 	C:\WINDOWS\System32\GDI32.dll
0x00007ff9e8d80000 - 0x00007ff9e8f02000 	C:\WINDOWS\System32\gdi32full.dll
0x00007ff9e0800000 - 0x00007ff9e0a79000 	C:\WINDOWS\WinSxS\amd64_microsoft.windows.common-controls_6595b64144ccf1df_6.0.14393.0_none_2d0f50fcbdb171b8\COMCTL32.dll
0x00007ff9e9e60000 - 0x00007ff9ea127000 	C:\WINDOWS\System32\combase.dll
0x00007ff9e8f10000 - 0x00007ff9e9005000 	C:\WINDOWS\System32\ucrtbase.dll
0x00007ff9e8d10000 - 0x00007ff9e8d7a000 	C:\WINDOWS\System32\bcryptPrimitives.dll
0x00007ff9eae40000 - 0x00007ff9eae6e000 	C:\WINDOWS\System32\IMM32.DLL
0x0000000057bc0000 - 0x0000000057c92000 	C:\Program Files\Java\jdk1.8.0_101\jre\bin\msvcr100.dll
0x0000000058040000 - 0x00000000588da000 	C:\Program Files\Java\jdk1.8.0_101\jre\bin\server\jvm.dll
0x00007ff9eaa00000 - 0x00007ff9eaa08000 	C:\WINDOWS\System32\PSAPI.DLL
0x00007ff9de1d0000 - 0x00007ff9de1d9000 	C:\WINDOWS\SYSTEM32\WSOCK32.dll
0x00007ff9ea560000 - 0x00007ff9ea5ca000 	C:\WINDOWS\System32\WS2_32.dll
0x00007ff9e6c80000 - 0x00007ff9e6ca3000 	C:\WINDOWS\SYSTEM32\WINMM.dll
0x00007ff9e4320000 - 0x00007ff9e432a000 	C:\WINDOWS\SYSTEM32\VERSION.dll
0x00007ff9e6c30000 - 0x00007ff9e6c5b000 	C:\WINDOWS\SYSTEM32\WINMMBASE.dll
0x00007ff9e9010000 - 0x00007ff9e9052000 	C:\WINDOWS\System32\cfgmgr32.dll
0x0000000059390000 - 0x000000005939f000 	C:\Program Files\Java\jdk1.8.0_101\jre\bin\verify.dll
0x0000000059360000 - 0x0000000059389000 	C:\Program Files\Java\jdk1.8.0_101\jre\bin\java.dll
0x0000000058020000 - 0x0000000058036000 	C:\Program Files\Java\jdk1.8.0_101\jre\bin\zip.dll
0x00007ff9eb0c0000 - 0x00007ff9ec5c8000 	C:\WINDOWS\System32\SHELL32.dll
0x00007ff9e9610000 - 0x00007ff9e9cea000 	C:\WINDOWS\System32\windows.storage.dll
0x00007ff9e8c10000 - 0x00007ff9e8c5c000 	C:\WINDOWS\System32\powrprof.dll
0x00007ff9ea940000 - 0x00007ff9ea992000 	C:\WINDOWS\System32\shlwapi.dll
0x00007ff9e8c60000 - 0x00007ff9e8c6f000 	C:\WINDOWS\System32\kernel.appcore.dll
0x00007ff9e9110000 - 0x00007ff9e91b9000 	C:\WINDOWS\System32\shcore.dll
0x00007ff9e8bf0000 - 0x00007ff9e8c04000 	C:\WINDOWS\System32\profapi.dll

VM Arguments:
jvm_args: -Djava.awt.headless=true -Xmx1024M -Dfile.encoding=windows-1252 -Duser.country=MX -Duser.language=es -Duser.variant 
java_command: com.android.dx.command.Main --dex --force-jumbo --num-threads=4 --multi-dex --output O:\Android\VentaenRuta2016\app\build\intermediates\transforms\dex\debug\folders\1000\2\ZSDK_ANDROID_API_086ab4076e2fb39fbfb47f10284e8bc012bfe18a O:\Android\VentaenRuta2016\app\libs\ZSDK_ANDROID_API.jar
java_class_path (initial): C:\Users\mario\AppData\Local\Android\sdk\build-tools\24.0.2\lib\dx.jar
Launcher Type: SUN_STANDARD

Environment Variables:
PATH=C:\ProgramData\Oracle\Java\javapath;C:\Program Files (x86)\Intel\iCLS Client\;C:\Program Files\Intel\iCLS Client\;C:\Windows\system32;C:\Windows;C:\Windows\System32\Wbem;C:\Windows\System32\WindowsPowerShell\v1.0\;C:\Program Files (x86)\NVIDIA Corporation\PhysX\Common;C:\Program Files (x86)\Intel\Intel(R) Management Engine Components\DAL;C:\Program Files\Intel\Intel(R) Management Engine Components\DAL;C:\Program Files (x86)\Intel\Intel(R) Management Engine Components\IPT;C:\Program Files\Intel\Intel(R) Management Engine Components\IPT;C:\WINDOWS\system32;C:\WINDOWS;C:\WINDOWS\System32\Wbem;C:\WINDOWS\System32\WindowsPowerShell\v1.0\;C:\WINDOWS\system32\config\systemprofile\.dnx\bin;C:\Program Files\Microsoft DNX\Dnvm\;C:\Program Files (x86)\Windows Kits\10\Windows Performance Toolkit\;C:\Program Files\Git\cmd;C:\Program Files\Microsoft SQL Server\130\Tools\Binn\;C:\Program Files\Microsoft\Web Platform Installer\;C:\Program Files (x86)\nodejs\;C:\Users\mario\AppData\Roaming\npm;%USERPROFILE%\AppData\Local\Microsoft\WindowsApps;
USERNAME=mario
OS=Windows_NT
PROCESSOR_IDENTIFIER=Intel64 Family 6 Model 94 Stepping 3, GenuineIntel



---------------  S Y S T E M  ---------------

OS: Windows 10.0 , 64 bit Build 14393 (10.0.14393.0)

CPU:total 4 (4 cores per cpu, 1 threads per core) family 6 model 94 stepping 3, cmov, cx8, fxsr, mmx, sse, sse2, sse3, ssse3, sse4.1, sse4.2, popcnt, avx, avx2, aes, clmul, erms, rtm, 3dnowpref, lzcnt, tsc, tscinvbit, bmi1, bmi2, adx

Memory: 4k page, physical 8245152k(1239264k free), swap 8245152k(5164k free)

vm_info: Java HotSpot(TM) 64-Bit Server VM (25.101-b13) for windows-amd64 JRE (1.8.0_101-b13), built on Jun 22 2016 01:21:29 by "java_re" with MS VC++ 10.0 (VS2010)

time: Wed Oct 26 01:57:37 2016
elapsed time: 1 seconds (0d 0h 0m 1s)

