#
# There is insufficient memory for the Java Runtime Environment to continue.
# Native memory allocation (malloc) failed to allocate 121136 bytes for Chunk::new
# Possible reasons:
#   The system is out of physical RAM or swap space
#   In 32 bit mode, the process size limit was hit
# Possible solutions:
#   Reduce memory load on the system
#   Increase physical memory or swap space
#   Check if swap backing store is full
#   Use 64 bit Java on a 64 bit OS
#   Decrease Java heap size (-Xmx/-Xms)
#   Decrease number of Java threads
#   Decrease Java thread stack sizes (-Xss)
#   Set larger code cache with -XX:ReservedCodeCacheSize=
# This output file may be truncated or incomplete.
#
#  Out of Memory Error (allocation.cpp:390), pid=6656, tid=0x00000000000025ac
#
# JRE version: Java(TM) SE Runtime Environment (8.0_101-b13) (build 1.8.0_101-b13)
# Java VM: Java HotSpot(TM) 64-Bit Server VM (25.101-b13 mixed mode windows-amd64 compressed oops)
# Failed to write core dump. Minidumps are not enabled by default on client versions of Windows
#

---------------  T H R E A D  ---------------

Current thread (0x000000001575d800):  JavaThread "C2 CompilerThread0" daemon [_thread_in_native, id=9644, stack(0x0000000016de0000,0x0000000016ee0000)]

Stack: [0x0000000016de0000,0x0000000016ee0000]
[error occurred during error reporting (printing stack bounds), id 0xc0000005]

Native frames: (J=compiled Java code, j=interpreted, Vv=VM code, C=native code)


Current CompileTask:
C2:   2148 1166       4       com.android.dx.ssa.SCCP::simulateStmt (481 bytes)


---------------  P R O C E S S  ---------------

Java Threads: ( => current thread )
  0x0000000017279000 JavaThread "pool-2-thread-4" [_thread_in_Java, id=540, stack(0x0000000017ae0000,0x0000000017be0000)]
  0x0000000017271800 JavaThread "pool-2-thread-3" [_thread_blocked, id=9300, stack(0x00000000179e0000,0x0000000017ae0000)]
  0x0000000017262000 JavaThread "pool-2-thread-2" [_thread_blocked, id=10920, stack(0x00000000178e0000,0x00000000179e0000)]
  0x000000001725a000 JavaThread "pool-3-thread-1" [_thread_blocked, id=8156, stack(0x00000000177e0000,0x00000000178e0000)]
  0x0000000017259800 JavaThread "pool-2-thread-1" [_thread_in_native_trans, id=6592, stack(0x00000000176e0000,0x00000000177e0000)]
  0x0000000016fee000 JavaThread "Service Thread" daemon [_thread_blocked, id=9524, stack(0x00000000174e0000,0x00000000175e0000)]
  0x0000000016fe8800 JavaThread "C1 CompilerThread2" daemon [_thread_blocked, id=9624, stack(0x00000000173e0000,0x00000000174e0000)]
  0x0000000015760800 JavaThread "C2 CompilerThread1" daemon [_thread_in_native, id=4456, stack(0x0000000016ee0000,0x0000000016fe0000)]
=>0x000000001575d800 JavaThread "C2 CompilerThread0" daemon [_thread_in_native, id=9644, stack(0x0000000016de0000,0x0000000016ee0000)]
  0x000000001575b800 JavaThread "Attach Listener" daemon [_thread_blocked, id=7688, stack(0x0000000016ce0000,0x0000000016de0000)]
  0x000000001575a800 JavaThread "Signal Dispatcher" daemon [_thread_blocked, id=9488, stack(0x0000000016be0000,0x0000000016ce0000)]
  0x0000000003085800 JavaThread "Finalizer" daemon [_thread_blocked, id=724, stack(0x00000000169d0000,0x0000000016ad0000)]
  0x0000000003080000 JavaThread "Reference Handler" daemon [_thread_blocked, id=3616, stack(0x00000000168d0000,0x00000000169d0000)]
  0x0000000002e4d800 JavaThread "main" [_thread_blocked, id=7424, stack(0x0000000002e50000,0x0000000002f50000)]

Other Threads:
  0x0000000015728000 VMThread [stack: 0x00000000167d0000,0x00000000168d0000] [id=6256]
  0x0000000016ff3000 WatcherThread [stack: 0x00000000175e0000,0x00000000176e0000] [id=7772]

VM state:not at safepoint (normal execution)

VM Mutex/Monitor currently owned by a thread: None

Heap:
 PSYoungGen      total 37888K, used 12668K [0x00000000eab00000, 0x00000000ed500000, 0x0000000100000000)
  eden space 32768K, 23% used [0x00000000eab00000,0x00000000eb261b98,0x00000000ecb00000)
  from space 5120K, 99% used [0x00000000ecb00000,0x00000000ecffd4b8,0x00000000ed000000)
  to   space 5120K, 0% used [0x00000000ed000000,0x00000000ed000000,0x00000000ed500000)
 ParOldGen       total 86016K, used 877K [0x00000000c0000000, 0x00000000c5400000, 0x00000000eab00000)
  object space 86016K, 1% used [0x00000000c0000000,0x00000000c00db498,0x00000000c5400000)
 Metaspace       used 5973K, capacity 6898K, committed 7040K, reserved 1056768K
  class space    used 599K, capacity 618K, committed 640K, reserved 1048576K

Card table byte_map: [0x0000000012450000,0x0000000012660000] byte_map_base: 0x0000000011e50000

Marking Bits: (ParMarkBitMap*) 0x000000005885a6d0
 Begin Bits: [0x0000000012bc0000, 0x0000000013bc0000)
 End Bits:   [0x0000000013bc0000, 0x0000000014bc0000)

Polling page: 0x0000000001620000

CodeCache: size=245760Kb used=4570Kb max_used=4590Kb free=241189Kb
 bounds [0x0000000003090000, 0x0000000003510000, 0x0000000012090000]
 total_blobs=1419 nmethods=1150 adapters=182
 compilation: enabled

Compilation events (10 events):
Event: 1.844 Thread 0x0000000016fe8800 1151   !   3       com.android.dx.cf.code.OneLocalsArray::set (106 bytes)
Event: 1.845 Thread 0x0000000016fe8800 nmethod 1151 0x00000000034ffc10 code [0x00000000034ffe60, 0x0000000003500c98]
Event: 1.845 Thread 0x0000000016fe8800 1152       3       com.android.dx.rop.annotation.Annotations::size (8 bytes)
Event: 1.845 Thread 0x0000000016fe8800 nmethod 1152 0x0000000003501310 code [0x0000000003501460, 0x00000000035015f0]
Event: 2.081 Thread 0x000000001575d800 nmethod 1039 0x0000000003507ad0 code [0x0000000003507ee0, 0x000000000350b5d0]
Event: 2.081 Thread 0x000000001575d800 1182       4       java.util.Arrays::hashCode (56 bytes)
Event: 2.084 Thread 0x000000001575d800 nmethod 1182 0x0000000003504690 code [0x00000000035047e0, 0x0000000003504a38]
Event: 2.084 Thread 0x000000001575d800 1181       4       com.android.dx.util.LabeledList::set (45 bytes)
Event: 2.092 Thread 0x000000001575d800 nmethod 1181 0x0000000003501a10 code [0x0000000003501ba0, 0x0000000003502208]
Event: 2.092 Thread 0x000000001575d800 1166       4       com.android.dx.ssa.SCCP::simulateStmt (481 bytes)

GC Heap History (2 events):
Event: 1.851 GC heap before
{Heap before GC invocations=1 (full 0):
 PSYoungGen      total 37888K, used 32768K [0x00000000eab00000, 0x00000000ed500000, 0x0000000100000000)
  eden space 32768K, 100% used [0x00000000eab00000,0x00000000ecb00000,0x00000000ecb00000)
  from space 5120K, 0% used [0x00000000ed000000,0x00000000ed000000,0x00000000ed500000)
  to   space 5120K, 0% used [0x00000000ecb00000,0x00000000ecb00000,0x00000000ed000000)
 ParOldGen       total 86016K, used 0K [0x00000000c0000000, 0x00000000c5400000, 0x00000000eab00000)
  object space 86016K, 0% used [0x00000000c0000000,0x00000000c0000000,0x00000000c5400000)
 Metaspace       used 5955K, capacity 6898K, committed 7040K, reserved 1056768K
  class space    used 599K, capacity 618K, committed 640K, reserved 1048576K
Event: 1.991 GC heap after
Heap after GC invocations=1 (full 0):
 PSYoungGen      total 37888K, used 5109K [0x00000000eab00000, 0x00000000ed500000, 0x0000000100000000)
  eden space 32768K, 0% used [0x00000000eab00000,0x00000000eab00000,0x00000000ecb00000)
  from space 5120K, 99% used [0x00000000ecb00000,0x00000000ecffd4b8,0x00000000ed000000)
  to   space 5120K, 0% used [0x00000000ed000000,0x00000000ed000000,0x00000000ed500000)
 ParOldGen       total 86016K, used 877K [0x00000000c0000000, 0x00000000c5400000, 0x00000000eab00000)
  object space 86016K, 1% used [0x00000000c0000000,0x00000000c00db498,0x00000000c5400000)
 Metaspace       used 5955K, capacity 6898K, committed 7040K, reserved 1056768K
  class space    used 599K, capacity 618K, committed 640K, reserved 1048576K
}

Deoptimization events (5 events):
Event: 1.066 Thread 0x0000000002e4d800 Uncommon trap: reason=unstable_if action=reinterpret pc=0x00000000032adc64 method=java.util.HashMap.getNode(ILjava/lang/Object;)Ljava/util/HashMap$Node; @ 129
Event: 1.069 Thread 0x0000000002e4d800 Uncommon trap: reason=unstable_if action=reinterpret pc=0x00000000032c4230 method=java.util.BitSet.nextSetBit(I)I @ 87
Event: 1.513 Thread 0x0000000002e4d800 Uncommon trap: reason=null_check action=make_not_entrant pc=0x000000000335bc84 method=com.android.dx.ssa.SsaRenamer.getLocalForNewReg(I)Lcom/android/dx/rop/code/LocalItem; @ 19
Event: 1.810 Thread 0x0000000002e4d800 Uncommon trap: reason=unstable_if action=reinterpret pc=0x00000000032829f0 method=java.lang.String.<init>([CII)V @ 18
Event: 1.827 Thread 0x0000000017271800 Uncommon trap: reason=unstable_if action=reinterpret pc=0x00000000033528dc method=com.android.dx.rop.cst.Constant.compareTo(Lcom/android/dx/rop/cst/Constant;)I @ 12

Internal exceptions (3 events):
Event: 0.038 Thread 0x0000000002e4d800 Exception <a 'java/lang/NoSuchMethodError': Method sun.misc.Unsafe.defineClass(Ljava/lang/String;[BII)Ljava/lang/Class; name or signature does not match> (0x00000000eab07cc0) thrown at [C:\re\workspace\8-2-build-windows-amd64-cygwin\jdk8u101\7261\hotspot\sò>Ã“x_£?
Event: 0.038 Thread 0x0000000002e4d800 Exception <a 'java/lang/NoSuchMethodError': Method sun.misc.Unsafe.prefetchRead(Ljava/lang/Object;J)V name or signature does not match> (0x00000000eab07fa8) thrown at [C:\re\workspace\8-2-build-windows-amd64-cygwin\jdk8u101\7261\hotspot\src\share\vm\prims\//µ5ø?
Event: 1.513 Thread 0x0000000002e4d800 Implicit null exception at 0x000000000335a393 to 0x000000000335bc3d

Events (10 events):
Event: 1.810 Thread 0x0000000002e4d800 Uncommon trap: trap_request=0xffffff65 fr.pc=0x00000000032829f0
Event: 1.810 Thread 0x0000000002e4d800 DEOPT PACKING pc=0x00000000032829f0 sp=0x0000000002f4e760
Event: 1.810 Thread 0x0000000002e4d800 DEOPT UNPACKING pc=0x00000000030d582a sp=0x0000000002f4e728 mode 2
Event: 1.823 Executing VM operation: ForceSafepoint
Event: 1.824 Executing VM operation: ForceSafepoint done
Event: 1.827 Thread 0x0000000017271800 Uncommon trap: trap_request=0xffffff65 fr.pc=0x00000000033528dc
Event: 1.827 Thread 0x0000000017271800 DEOPT PACKING pc=0x00000000033528dc sp=0x0000000017ade6f0
Event: 1.827 Thread 0x0000000017271800 DEOPT UNPACKING pc=0x00000000030d582a sp=0x0000000017ade690 mode 2
Event: 1.851 Executing VM operation: ParallelGCFailedAllocation
Event: 1.991 Executing VM operation: ParallelGCFailedAllocation done


Dynamic libraries:
0x00007ff7fdab0000 - 0x00007ff7fdae7000 	C:\Program Files\Java\jdk1.8.0_101\bin\java.exe
0x00007ff9ec780000 - 0x00007ff9ec951000 	C:\WINDOWS\SYSTEM32\ntdll.dll
0x00007ff9e9d10000 - 0x00007ff9e9dbb000 	C:\WINDOWS\System32\KERNEL32.DLL
0x00007ff9e9220000 - 0x00007ff9e943d000 	C:\WINDOWS\System32\KERNELBASE.dll
0x00007ff9ea360000 - 0x00007ff9ea402000 	C:\WINDOWS\System32\ADVAPI32.dll
0x00007ff9eb020000 - 0x00007ff9eb0be000 	C:\WINDOWS\System32\msvcrt.dll
0x00007ff9ea9a0000 - 0x00007ff9ea9f9000 	C:\WINDOWS\System32\sechost.dll
0x00007ff9ea230000 - 0x00007ff9ea351000 	C:\WINDOWS\System32\RPCRT4.dll
0x00007ff9ec610000 - 0x00007ff9ec775000 	C:\WINDOWS\System32\USER32.dll
0x00007ff9e9cf0000 - 0x00007ff9e9d0e000 	C:\WINDOWS\System32\win32u.dll
0x00007ff9ec5d0000 - 0x00007ff9ec604000 	C:\WINDOWS\System32\GDI32.dll
0x00007ff9e8d80000 - 0x00007ff9e8f02000 	C:\WINDOWS\System32\gdi32full.dll
0x00007ff9e0800000 - 0x00007ff9e0a79000 	C:\WINDOWS\WinSxS\amd64_microsoft.windows.common-controls_6595b64144ccf1df_6.0.14393.0_none_2d0f50fcbdb171b8\COMCTL32.dll
0x00007ff9e9e60000 - 0x00007ff9ea127000 	C:\WINDOWS\System32\combase.dll
0x00007ff9e8f10000 - 0x00007ff9e9005000 	C:\WINDOWS\System32\ucrtbase.dll
0x00007ff9e8d10000 - 0x00007ff9e8d7a000 	C:\WINDOWS\System32\bcryptPrimitives.dll
0x00007ff9eae40000 - 0x00007ff9eae6e000 	C:\WINDOWS\System32\IMM32.DLL
0x0000000057bc0000 - 0x0000000057c92000 	C:\Program Files\Java\jdk1.8.0_101\jre\bin\msvcr100.dll
0x0000000058040000 - 0x00000000588da000 	C:\Program Files\Java\jdk1.8.0_101\jre\bin\server\jvm.dll
0x00007ff9eaa00000 - 0x00007ff9eaa08000 	C:\WINDOWS\System32\PSAPI.DLL
0x00007ff9de1d0000 - 0x00007ff9de1d9000 	C:\WINDOWS\SYSTEM32\WSOCK32.dll
0x00007ff9ea560000 - 0x00007ff9ea5ca000 	C:\WINDOWS\System32\WS2_32.dll
0x00007ff9e6c80000 - 0x00007ff9e6ca3000 	C:\WINDOWS\SYSTEM32\WINMM.dll
0x00007ff9e4320000 - 0x00007ff9e432a000 	C:\WINDOWS\SYSTEM32\VERSION.dll
0x00007ff9e6c30000 - 0x00007ff9e6c5b000 	C:\WINDOWS\SYSTEM32\WINMMBASE.dll
0x00007ff9e9010000 - 0x00007ff9e9052000 	C:\WINDOWS\System32\cfgmgr32.dll
0x0000000059390000 - 0x000000005939f000 	C:\Program Files\Java\jdk1.8.0_101\jre\bin\verify.dll
0x0000000059360000 - 0x0000000059389000 	C:\Program Files\Java\jdk1.8.0_101\jre\bin\java.dll
0x0000000058020000 - 0x0000000058036000 	C:\Program Files\Java\jdk1.8.0_101\jre\bin\zip.dll
0x00007ff9eb0c0000 - 0x00007ff9ec5c8000 	C:\WINDOWS\System32\SHELL32.dll
0x00007ff9e9610000 - 0x00007ff9e9cea000 	C:\WINDOWS\System32\windows.storage.dll
0x00007ff9e8c10000 - 0x00007ff9e8c5c000 	C:\WINDOWS\System32\powrprof.dll
0x00007ff9ea940000 - 0x00007ff9ea992000 	C:\WINDOWS\System32\shlwapi.dll
0x00007ff9e8c60000 - 0x00007ff9e8c6f000 	C:\WINDOWS\System32\kernel.appcore.dll
0x00007ff9e9110000 - 0x00007ff9e91b9000 	C:\WINDOWS\System32\shcore.dll
0x00007ff9e8bf0000 - 0x00007ff9e8c04000 	C:\WINDOWS\System32\profapi.dll

VM Arguments:
jvm_args: -Djava.awt.headless=true -Xmx1024M -Dfile.encoding=windows-1252 -Duser.country=MX -Duser.language=es -Duser.variant 
java_command: com.android.dx.command.Main --dex --force-jumbo --num-threads=4 --multi-dex --output O:\Android\VentaenRuta2016\app\build\intermediates\transforms\dex\debug\folders\1000\2\commons-io-2.2_512a6b1b2bd9f9786ccc364ecf44945d6c887d66 O:\Android\VentaenRuta2016\app\libs\commons-io-2.2.jar
java_class_path (initial): C:\Users\mario\AppData\Local\Android\sdk\build-tools\24.0.2\lib\dx.jar
Launcher Type: SUN_STANDARD

Environment Variables:
PATH=C:\ProgramData\Oracle\Java\javapath;C:\Program Files (x86)\Intel\iCLS Client\;C:\Program Files\Intel\iCLS Client\;C:\Windows\system32;C:\Windows;C:\Windows\System32\Wbem;C:\Windows\System32\WindowsPowerShell\v1.0\;C:\Program Files (x86)\NVIDIA Corporation\PhysX\Common;C:\Program Files (x86)\Intel\Intel(R) Management Engine Components\DAL;C:\Program Files\Intel\Intel(R) Management Engine Components\DAL;C:\Program Files (x86)\Intel\Intel(R) Management Engine Components\IPT;C:\Program Files\Intel\Intel(R) Management Engine Components\IPT;C:\WINDOWS\system32;C:\WINDOWS;C:\WINDOWS\System32\Wbem;C:\WINDOWS\System32\WindowsPowerShell\v1.0\;C:\WINDOWS\system32\config\systemprofile\.dnx\bin;C:\Program Files\Microsoft DNX\Dnvm\;C:\Program Files (x86)\Windows Kits\10\Windows Performance Toolkit\;C:\Program Files\Git\cmd;C:\Program Files\Microsoft SQL Server\130\Tools\Binn\;C:\Program Files\Microsoft\Web Platform Installer\;C:\Program Files (x86)\nodejs\;C:\Users\mario\AppData\Roaming\npm;%USERPROFILE%\AppData\Local\Microsoft\WindowsApps;
USERNAME=mario
OS=Windows_NT
PROCESSOR_IDENTIFIER=Intel64 Family 6 Model 94 Stepping 3, GenuineIntel



---------------  S Y S T E M  ---------------

OS: Windows 10.0 , 64 bit Build 14393 (10.0.14393.0)

CPU:total 4 (4 cores per cpu, 1 threads per core) family 6 model 94 stepping 3, cmov, cx8, fxsr, mmx, sse, sse2, sse3, ssse3, sse4.1, sse4.2, popcnt, avx, avx2, aes, clmul, erms, rtm, 3dnowpref, lzcnt, tsc, tscinvbit, bmi1, bmi2, adx

Memory: 4k page, physical 8245152k(1366132k free), swap 8245152k(4108k free)

vm_info: Java HotSpot(TM) 64-Bit Server VM (25.101-b13) for windows-amd64 JRE (1.8.0_101-b13), built on Jun 22 2016 01:21:29 by "java_re" with MS VC++ 10.0 (VS2010)

time: Wed Oct 26 01:59:22 2016
elapsed time: 2 seconds (0d 0h 0m 2s)

