#
# There is insufficient memory for the Java Runtime Environment to continue.
# Native memory allocation (malloc) failed to allocate 131088 bytes for Chunk::new
# Possible reasons:
#   The system is out of physical RAM or swap space
#   In 32 bit mode, the process size limit was hit
# Possible solutions:
#   Reduce memory load on the system
#   Increase physical memory or swap space
#   Check if swap backing store is full
#   Use 64 bit Java on a 64 bit OS
#   Decrease Java heap size (-Xmx/-Xms)
#   Decrease number of Java threads
#   Decrease Java thread stack sizes (-Xss)
#   Set larger code cache with -XX:ReservedCodeCacheSize=
# This output file may be truncated or incomplete.
#
#  Out of Memory Error (allocation.cpp:390), pid=8632, tid=0x0000000000001370
#
# JRE version: Java(TM) SE Runtime Environment (8.0_101-b13) (build 1.8.0_101-b13)
# Java VM: Java HotSpot(TM) 64-Bit Server VM (25.101-b13 mixed mode windows-amd64 compressed oops)
# Failed to write core dump. Minidumps are not enabled by default on client versions of Windows
#

---------------  T H R E A D  ---------------

Current thread (0x0000000014c8a000):  JavaThread "C2 CompilerThread0" daemon [_thread_in_native, id=4976, stack(0x00000000163f0000,0x00000000164f0000)]

Stack: [0x00000000163f0000,0x00000000164f0000]
[error occurred during error reporting (printing stack bounds), id 0xc0000005]

Native frames: (J=compiled Java code, j=interpreted, Vv=VM code, C=native code)


Current CompileTask:
C2:   5111 1456       4       com.android.dx.dex.code.OutputFinisher::addConstants (93 bytes)


---------------  P R O C E S S  ---------------

Java Threads: ( => current thread )
  0x00000000168a9800 JavaThread "pool-1-thread-1" [_thread_in_Java, id=5920, stack(0x00000000189c0000,0x0000000018ac0000)]
  0x00000000166f7800 JavaThread "Service Thread" daemon [_thread_blocked, id=5940, stack(0x0000000016af0000,0x0000000016bf0000)]
  0x0000000014c95000 JavaThread "C1 CompilerThread2" daemon [_thread_in_vm, id=7100, stack(0x00000000165f0000,0x00000000166f0000)]
  0x0000000014c8c800 JavaThread "C2 CompilerThread1" daemon [_thread_blocked, id=6356, stack(0x00000000164f0000,0x00000000165f0000)]
=>0x0000000014c8a000 JavaThread "C2 CompilerThread0" daemon [_thread_in_native, id=4976, stack(0x00000000163f0000,0x00000000164f0000)]
  0x0000000014c9a000 JavaThread "Attach Listener" daemon [_thread_blocked, id=1860, stack(0x00000000162f0000,0x00000000163f0000)]
  0x0000000014c97000 JavaThread "Signal Dispatcher" daemon [_thread_blocked, id=9724, stack(0x00000000161f0000,0x00000000162f0000)]
  0x00000000025bc000 JavaThread "Finalizer" daemon [_thread_blocked, id=6368, stack(0x0000000015ee0000,0x0000000015fe0000)]
  0x00000000025b1000 JavaThread "Reference Handler" daemon [_thread_blocked, id=7032, stack(0x0000000015de0000,0x0000000015ee0000)]
  0x00000000024ad800 JavaThread "main" [_thread_blocked, id=12136, stack(0x0000000002360000,0x0000000002460000)]

Other Threads:
  0x0000000014c58000 VMThread [stack: 0x0000000015ce0000,0x0000000015de0000] [id=9388]
  0x0000000016714800 WatcherThread [stack: 0x0000000016bf0000,0x0000000016cf0000] [id=1008]

VM state:not at safepoint (normal execution)

VM Mutex/Monitor currently owned by a thread: None

Heap:
 PSYoungGen      total 37888K, used 32507K [0x00000000eab00000, 0x00000000ef500000, 0x0000000100000000)
  eden space 32768K, 83% used [0x00000000eab00000,0x00000000ec5bff08,0x00000000ecb00000)
  from space 5120K, 99% used [0x00000000ecb00000,0x00000000ecffedf0,0x00000000ed000000)
  to   space 5120K, 0% used [0x00000000ef000000,0x00000000ef000000,0x00000000ef500000)
 ParOldGen       total 86016K, used 1056K [0x00000000c0000000, 0x00000000c5400000, 0x00000000eab00000)
  object space 86016K, 1% used [0x00000000c0000000,0x00000000c01081f8,0x00000000c5400000)
 Metaspace       used 6220K, capacity 7128K, committed 7424K, reserved 1056768K
  class space    used 617K, capacity 656K, committed 768K, reserved 1048576K

Card table byte_map: [0x0000000011980000,0x0000000011b90000] byte_map_base: 0x0000000011380000

Marking Bits: (ParMarkBitMap*) 0x000000005885a6d0
 Begin Bits: [0x00000000120f0000, 0x00000000130f0000)
 End Bits:   [0x00000000130f0000, 0x00000000140f0000)

Polling page: 0x0000000000780000

CodeCache: size=245760Kb used=6099Kb max_used=6106Kb free=239660Kb
 bounds [0x00000000025c0000, 0x0000000002bc0000, 0x00000000115c0000]
 total_blobs=1788 nmethods=1519 adapters=182
 compilation: enabled

Compilation events (10 events):
Event: 5.108 Thread 0x0000000014c95000 nmethod 1520 0x0000000002bb3a10 code [0x0000000002bb3b80, 0x0000000002bb3e68]
Event: 5.108 Thread 0x0000000014c95000 1521       3       com.android.dx.dex.code.LocalList$MakeState::filterSpec (24 bytes)
Event: 5.108 Thread 0x0000000014c95000 nmethod 1521 0x0000000002bb7c90 code [0x0000000002bb7e20, 0x0000000002bb8318]
Event: 5.108 Thread 0x0000000014c95000 1522       1       com.android.dx.dex.code.LocalStart::getLocal (5 bytes)
Event: 5.108 Thread 0x0000000014c95000 nmethod 1522 0x0000000002bb3750 code [0x0000000002bb38a0, 0x0000000002bb39b0]
Event: 5.108 Thread 0x0000000014c95000 1523       3       com.android.dx.rop.code.RegisterSpec::matchesVariable (68 bytes)
Event: 5.109 Thread 0x0000000014c95000 nmethod 1523 0x0000000002bb84d0 code [0x0000000002bb86a0, 0x0000000002bb9038]
Event: 5.109 Thread 0x0000000014c95000 1524       3       com.android.dx.rop.code.RegisterSpec::equalsUsingSimpleType (27 bytes)
Event: 5.109 Thread 0x0000000014c95000 nmethod 1524 0x0000000002bb92d0 code [0x0000000002bb9440, 0x0000000002bb9708]
Event: 5.110 Thread 0x0000000014c8c800 1525       4       com.android.dx.rop.code.InsnList::getLast (11 bytes)

GC Heap History (2 events):
Event: 2.684 GC heap before
{Heap before GC invocations=1 (full 0):
 PSYoungGen      total 37888K, used 32768K [0x00000000eab00000, 0x00000000ed500000, 0x0000000100000000)
  eden space 32768K, 100% used [0x00000000eab00000,0x00000000ecb00000,0x00000000ecb00000)
  from space 5120K, 0% used [0x00000000ed000000,0x00000000ed000000,0x00000000ed500000)
  to   space 5120K, 0% used [0x00000000ecb00000,0x00000000ecb00000,0x00000000ed000000)
 ParOldGen       total 86016K, used 0K [0x00000000c0000000, 0x00000000c5400000, 0x00000000eab00000)
  object space 86016K, 0% used [0x00000000c0000000,0x00000000c0000000,0x00000000c5400000)
 Metaspace       used 5906K, capacity 6834K, committed 7040K, reserved 1056768K
  class space    used 597K, capacity 618K, committed 640K, reserved 1048576K
Event: 2.787 GC heap after
Heap after GC invocations=1 (full 0):
 PSYoungGen      total 37888K, used 5115K [0x00000000eab00000, 0x00000000ef500000, 0x0000000100000000)
  eden space 32768K, 0% used [0x00000000eab00000,0x00000000eab00000,0x00000000ecb00000)
  from space 5120K, 99% used [0x00000000ecb00000,0x00000000ecffedf0,0x00000000ed000000)
  to   space 5120K, 0% used [0x00000000ef000000,0x00000000ef000000,0x00000000ef500000)
 ParOldGen       total 86016K, used 1056K [0x00000000c0000000, 0x00000000c5400000, 0x00000000eab00000)
  object space 86016K, 1% used [0x00000000c0000000,0x00000000c01081f8,0x00000000c5400000)
 Metaspace       used 5906K, capacity 6834K, committed 7040K, reserved 1056768K
  class space    used 597K, capacity 618K, committed 640K, reserved 1048576K
}

Deoptimization events (10 events):
Event: 5.080 Thread 0x00000000168a9800 Uncommon trap: reason=bimorphic action=maybe_recompile pc=0x00000000027ea058 method=java.util.HashMap.getNode(ILjava/lang/Object;)Ljava/util/HashMap$Node; @ 126
Event: 5.080 Thread 0x00000000168a9800 Uncommon trap: reason=bimorphic action=maybe_recompile pc=0x00000000027cb420 method=java.util.HashMap.getNode(ILjava/lang/Object;)Ljava/util/HashMap$Node; @ 126
Event: 5.109 Thread 0x00000000168a9800 Uncommon trap: reason=speculate_class_check action=maybe_recompile pc=0x00000000029537e8 method=com.android.dx.util.FixedSizeList.equals(Ljava/lang/Object;)Z @ 25
Event: 5.110 Thread 0x00000000168a9800 Uncommon trap: reason=class_check action=maybe_recompile pc=0x0000000002950f6c method=java.util.Arrays.equals([Ljava/lang/Object;[Ljava/lang/Object;)Z @ 62
Event: 5.110 Thread 0x00000000168a9800 Uncommon trap: reason=speculate_class_check action=maybe_recompile pc=0x00000000029537e8 method=com.android.dx.util.FixedSizeList.equals(Ljava/lang/Object;)Z @ 25
Event: 5.110 Thread 0x00000000168a9800 Uncommon trap: reason=class_check action=maybe_recompile pc=0x0000000002950f6c method=java.util.Arrays.equals([Ljava/lang/Object;[Ljava/lang/Object;)Z @ 62
Event: 5.110 Thread 0x00000000168a9800 Uncommon trap: reason=speculate_class_check action=maybe_recompile pc=0x00000000029537e8 method=com.android.dx.util.FixedSizeList.equals(Ljava/lang/Object;)Z @ 25
Event: 5.110 Thread 0x00000000168a9800 Uncommon trap: reason=class_check action=maybe_recompile pc=0x0000000002950f6c method=java.util.Arrays.equals([Ljava/lang/Object;[Ljava/lang/Object;)Z @ 62
Event: 5.110 Thread 0x00000000168a9800 Uncommon trap: reason=speculate_class_check action=maybe_recompile pc=0x00000000029537e8 method=com.android.dx.util.FixedSizeList.equals(Ljava/lang/Object;)Z @ 25
Event: 5.110 Thread 0x00000000168a9800 Uncommon trap: reason=class_check action=maybe_recompile pc=0x0000000002950f6c method=java.util.Arrays.equals([Ljava/lang/Object;[Ljava/lang/Object;)Z @ 62

Internal exceptions (3 events):
Event: 0.083 Thread 0x00000000024ad800 Exception <a 'java/lang/NoSuchMethodError': Method sun.misc.Unsafe.defineClass(Ljava/lang/String;[BII)Ljava/lang/Class; name or signature does not match> (0x00000000eab07cc0) thrown at [C:\re\workspace\8-2-build-windows-amd64-cygwin\jdk8u101\7261\hotspot\s}[ÿuZµ?
Event: 0.083 Thread 0x00000000024ad800 Exception <a 'java/lang/NoSuchMethodError': Method sun.misc.Unsafe.prefetchRead(Ljava/lang/Object;J)V name or signature does not match> (0x00000000eab07fa8) thrown at [C:\re\workspace\8-2-build-windows-amd64-cygwin\jdk8u101\7261\hotspot\src\share\vm\prims\ÿmTöÿ‹ü?
Event: 1.784 Thread 0x00000000168ae000 Implicit null exception at 0x0000000002924334 to 0x0000000002926015

Events (10 events):
Event: 5.110 Thread 0x00000000168a9800 DEOPT UNPACKING pc=0x000000000260582a sp=0x0000000018abe9f0 mode 2
Event: 5.110 Thread 0x00000000168a9800 Uncommon trap: trap_request=0xffffffde fr.pc=0x0000000002950f6c
Event: 5.110 Thread 0x00000000168a9800 DEOPT PACKING pc=0x0000000002950f6c sp=0x0000000018abe9c0
Event: 5.110 Thread 0x00000000168a9800 DEOPT UNPACKING pc=0x000000000260582a sp=0x0000000018abe960 mode 2
Event: 5.110 Thread 0x00000000168a9800 Uncommon trap: trap_request=0xffffff76 fr.pc=0x00000000029537e8
Event: 5.110 Thread 0x00000000168a9800 DEOPT PACKING pc=0x00000000029537e8 sp=0x0000000018abea30
Event: 5.110 Thread 0x00000000168a9800 DEOPT UNPACKING pc=0x000000000260582a sp=0x0000000018abe9f0 mode 2
Event: 5.110 Thread 0x00000000168a9800 Uncommon trap: trap_request=0xffffffde fr.pc=0x0000000002950f6c
Event: 5.110 Thread 0x00000000168a9800 DEOPT PACKING pc=0x0000000002950f6c sp=0x0000000018abe9c0
Event: 5.110 Thread 0x00000000168a9800 DEOPT UNPACKING pc=0x000000000260582a sp=0x0000000018abe960 mode 2


Dynamic libraries:
0x00007ff7fdab0000 - 0x00007ff7fdae7000 	C:\Program Files\Java\jdk1.8.0_101\bin\java.exe
0x00007ff9ec780000 - 0x00007ff9ec951000 	C:\WINDOWS\SYSTEM32\ntdll.dll
0x00007ff9e9d10000 - 0x00007ff9e9dbb000 	C:\WINDOWS\System32\KERNEL32.DLL
0x00007ff9e9220000 - 0x00007ff9e943d000 	C:\WINDOWS\System32\KERNELBASE.dll
0x00007ff9ea360000 - 0x00007ff9ea402000 	C:\WINDOWS\System32\ADVAPI32.dll
0x00007ff9eb020000 - 0x00007ff9eb0be000 	C:\WINDOWS\System32\msvcrt.dll
0x00007ff9ea9a0000 - 0x00007ff9ea9f9000 	C:\WINDOWS\System32\sechost.dll
0x00007ff9ea230000 - 0x00007ff9ea351000 	C:\WINDOWS\System32\RPCRT4.dll
0x00007ff9ec610000 - 0x00007ff9ec775000 	C:\WINDOWS\System32\USER32.dll
0x00007ff9e9cf0000 - 0x00007ff9e9d0e000 	C:\WINDOWS\System32\win32u.dll
0x00007ff9ec5d0000 - 0x00007ff9ec604000 	C:\WINDOWS\System32\GDI32.dll
0x00007ff9e8d80000 - 0x00007ff9e8f02000 	C:\WINDOWS\System32\gdi32full.dll
0x00007ff9e0800000 - 0x00007ff9e0a79000 	C:\WINDOWS\WinSxS\amd64_microsoft.windows.common-controls_6595b64144ccf1df_6.0.14393.0_none_2d0f50fcbdb171b8\COMCTL32.dll
0x00007ff9e9e60000 - 0x00007ff9ea127000 	C:\WINDOWS\System32\combase.dll
0x00007ff9e8f10000 - 0x00007ff9e9005000 	C:\WINDOWS\System32\ucrtbase.dll
0x00007ff9e8d10000 - 0x00007ff9e8d7a000 	C:\WINDOWS\System32\bcryptPrimitives.dll
0x00007ff9eae40000 - 0x00007ff9eae6e000 	C:\WINDOWS\System32\IMM32.DLL
0x0000000057bc0000 - 0x0000000057c92000 	C:\Program Files\Java\jdk1.8.0_101\jre\bin\msvcr100.dll
0x0000000058040000 - 0x00000000588da000 	C:\Program Files\Java\jdk1.8.0_101\jre\bin\server\jvm.dll
0x00007ff9eaa00000 - 0x00007ff9eaa08000 	C:\WINDOWS\System32\PSAPI.DLL
0x00007ff9de1d0000 - 0x00007ff9de1d9000 	C:\WINDOWS\SYSTEM32\WSOCK32.dll
0x00007ff9ea560000 - 0x00007ff9ea5ca000 	C:\WINDOWS\System32\WS2_32.dll
0x00007ff9e6c80000 - 0x00007ff9e6ca3000 	C:\WINDOWS\SYSTEM32\WINMM.dll
0x00007ff9e4320000 - 0x00007ff9e432a000 	C:\WINDOWS\SYSTEM32\VERSION.dll
0x00007ff9e6c30000 - 0x00007ff9e6c5b000 	C:\WINDOWS\SYSTEM32\WINMMBASE.dll
0x00007ff9e9010000 - 0x00007ff9e9052000 	C:\WINDOWS\System32\cfgmgr32.dll
0x0000000059390000 - 0x000000005939f000 	C:\Program Files\Java\jdk1.8.0_101\jre\bin\verify.dll
0x0000000059360000 - 0x0000000059389000 	C:\Program Files\Java\jdk1.8.0_101\jre\bin\java.dll
0x0000000058020000 - 0x0000000058036000 	C:\Program Files\Java\jdk1.8.0_101\jre\bin\zip.dll
0x00007ff9eb0c0000 - 0x00007ff9ec5c8000 	C:\WINDOWS\System32\SHELL32.dll
0x00007ff9e9610000 - 0x00007ff9e9cea000 	C:\WINDOWS\System32\windows.storage.dll
0x00007ff9e8c10000 - 0x00007ff9e8c5c000 	C:\WINDOWS\System32\powrprof.dll
0x00007ff9ea940000 - 0x00007ff9ea992000 	C:\WINDOWS\System32\shlwapi.dll
0x00007ff9e8c60000 - 0x00007ff9e8c6f000 	C:\WINDOWS\System32\kernel.appcore.dll
0x00007ff9e9110000 - 0x00007ff9e91b9000 	C:\WINDOWS\System32\shcore.dll
0x00007ff9e8bf0000 - 0x00007ff9e8c04000 	C:\WINDOWS\System32\profapi.dll

VM Arguments:
jvm_args: -Djava.awt.headless=true -Xmx1024M -Dfile.encoding=windows-1252 -Duser.country=MX -Duser.language=es -Duser.variant 
java_command: com.android.dx.command.Main --dex --force-jumbo --num-threads=4 --multi-dex --output O:\Android\VentaenRuta2016\app\build\intermediates\transforms\dex\debug\folders\1000\10\instant-run_1b1338de9028a72e14d84537c2f7b1c01ddf8bb9 O:\Android\VentaenRuta2016\app\build\intermediates\incremental-runtime-classes\debug\instant-run.jar
java_class_path (initial): C:\Users\mario\AppData\Local\Android\sdk\build-tools\24.0.2\lib\dx.jar
Launcher Type: SUN_STANDARD

Environment Variables:
PATH=C:\ProgramData\Oracle\Java\javapath;C:\Program Files (x86)\Intel\iCLS Client\;C:\Program Files\Intel\iCLS Client\;C:\Windows\system32;C:\Windows;C:\Windows\System32\Wbem;C:\Windows\System32\WindowsPowerShell\v1.0\;C:\Program Files (x86)\NVIDIA Corporation\PhysX\Common;C:\Program Files (x86)\Intel\Intel(R) Management Engine Components\DAL;C:\Program Files\Intel\Intel(R) Management Engine Components\DAL;C:\Program Files (x86)\Intel\Intel(R) Management Engine Components\IPT;C:\Program Files\Intel\Intel(R) Management Engine Components\IPT;C:\WINDOWS\system32;C:\WINDOWS;C:\WINDOWS\System32\Wbem;C:\WINDOWS\System32\WindowsPowerShell\v1.0\;C:\WINDOWS\system32\config\systemprofile\.dnx\bin;C:\Program Files\Microsoft DNX\Dnvm\;C:\Program Files (x86)\Windows Kits\10\Windows Performance Toolkit\;C:\Program Files\Git\cmd;C:\Program Files\Microsoft SQL Server\130\Tools\Binn\;C:\Program Files\Microsoft\Web Platform Installer\;C:\Program Files (x86)\nodejs\;C:\Users\mario\AppData\Roaming\npm;%USERPROFILE%\AppData\Local\Microsoft\WindowsApps;
USERNAME=mario
OS=Windows_NT
PROCESSOR_IDENTIFIER=Intel64 Family 6 Model 94 Stepping 3, GenuineIntel



---------------  S Y S T E M  ---------------

OS: Windows 10.0 , 64 bit Build 14393 (10.0.14393.0)

CPU:total 4 (4 cores per cpu, 1 threads per core) family 6 model 94 stepping 3, cmov, cx8, fxsr, mmx, sse, sse2, sse3, ssse3, sse4.1, sse4.2, popcnt, avx, avx2, aes, clmul, erms, rtm, 3dnowpref, lzcnt, tsc, tscinvbit, bmi1, bmi2, adx

Memory: 4k page, physical 8245152k(1273496k free), swap 8245152k(4104k free)

vm_info: Java HotSpot(TM) 64-Bit Server VM (25.101-b13) for windows-amd64 JRE (1.8.0_101-b13), built on Jun 22 2016 01:21:29 by "java_re" with MS VC++ 10.0 (VS2010)

time: Wed Oct 26 11:16:12 2016
elapsed time: 5 seconds (0d 0h 0m 5s)

