#
# There is insufficient memory for the Java Runtime Environment to continue.
# Native memory allocation (malloc) failed to allocate 207552 bytes for Chunk::new
# Possible reasons:
#   The system is out of physical RAM or swap space
#   In 32 bit mode, the process size limit was hit
# Possible solutions:
#   Reduce memory load on the system
#   Increase physical memory or swap space
#   Check if swap backing store is full
#   Use 64 bit Java on a 64 bit OS
#   Decrease Java heap size (-Xmx/-Xms)
#   Decrease number of Java threads
#   Decrease Java thread stack sizes (-Xss)
#   Set larger code cache with -XX:ReservedCodeCacheSize=
# This output file may be truncated or incomplete.
#
#  Out of Memory Error (allocation.cpp:390), pid=7388, tid=0x000000000000284c
#
# JRE version: Java(TM) SE Runtime Environment (8.0_101-b13) (build 1.8.0_101-b13)
# Java VM: Java HotSpot(TM) 64-Bit Server VM (25.101-b13 mixed mode windows-amd64 compressed oops)
# Failed to write core dump. Minidumps are not enabled by default on client versions of Windows
#

---------------  T H R E A D  ---------------

Current thread (0x0000000014a6a000):  JavaThread "C2 CompilerThread0" daemon [_thread_in_native, id=10316, stack(0x00000000160b0000,0x00000000161b0000)]

Stack: [0x00000000160b0000,0x00000000161b0000]
[error occurred during error reporting (printing stack bounds), id 0xc0000005]

Native frames: (J=compiled Java code, j=interpreted, Vv=VM code, C=native code)


Current CompileTask:
C2:   2341 1094       4       com.android.dx.ssa.back.LivenessAnalyzer::handleTailRecursion (94 bytes)


---------------  P R O C E S S  ---------------

Java Threads: ( => current thread )
  0x000000001669e800 JavaThread "pool-1-thread-4" [_thread_in_Java, id=7680, stack(0x0000000016db0000,0x0000000016eb0000)]
  0x00000000165fa800 JavaThread "pool-1-thread-3" [_thread_in_Java, id=3444, stack(0x0000000016cb0000,0x0000000016db0000)]
  0x00000000165f9800 JavaThread "pool-1-thread-2" [_thread_in_Java, id=12292, stack(0x0000000016bb0000,0x0000000016cb0000)]
  0x00000000165f9000 JavaThread "pool-2-thread-1" [_thread_blocked, id=4552, stack(0x0000000016ab0000,0x0000000016bb0000)]
  0x00000000165f8000 JavaThread "pool-1-thread-1" [_thread_in_Java, id=4860, stack(0x00000000169b0000,0x0000000016ab0000)]
  0x0000000014abc800 JavaThread "Service Thread" daemon [_thread_blocked, id=7840, stack(0x00000000167b0000,0x00000000168b0000)]
  0x0000000014a75000 JavaThread "C1 CompilerThread2" daemon [_thread_blocked, id=5772, stack(0x00000000162b0000,0x00000000163b0000)]
  0x0000000014a5a800 JavaThread "C2 CompilerThread1" daemon [_thread_in_native, id=872, stack(0x00000000161b0000,0x00000000162b0000)]
=>0x0000000014a6a000 JavaThread "C2 CompilerThread0" daemon [_thread_in_native, id=10316, stack(0x00000000160b0000,0x00000000161b0000)]
  0x0000000014a68800 JavaThread "Attach Listener" daemon [_thread_blocked, id=10048, stack(0x0000000015fb0000,0x00000000160b0000)]
  0x0000000014a67000 JavaThread "Signal Dispatcher" daemon [_thread_blocked, id=9108, stack(0x0000000015eb0000,0x0000000015fb0000)]
  0x000000000238c000 JavaThread "Finalizer" daemon [_thread_blocked, id=9472, stack(0x0000000015cb0000,0x0000000015db0000)]
  0x0000000014a28800 JavaThread "Reference Handler" daemon [_thread_blocked, id=9088, stack(0x0000000015bb0000,0x0000000015cb0000)]
  0x000000000224d800 JavaThread "main" [_thread_blocked, id=9120, stack(0x00000000020b0000,0x00000000021b0000)]

Other Threads:
  0x0000000014a27000 VMThread [stack: 0x0000000015ab0000,0x0000000015bb0000] [id=10620]
  0x00000000163dd000 WatcherThread [stack: 0x00000000168b0000,0x00000000169b0000] [id=2552]

VM state:not at safepoint (normal execution)

VM Mutex/Monitor currently owned by a thread: None

Heap:
 PSYoungGen      total 37888K, used 27646K [0x00000000eab00000, 0x00000000ed500000, 0x0000000100000000)
  eden space 32768K, 68% used [0x00000000eab00000,0x00000000ec103b48,0x00000000ecb00000)
  from space 5120K, 99% used [0x00000000ecb00000,0x00000000ecffbea8,0x00000000ed000000)
  to   space 5120K, 0% used [0x00000000ed000000,0x00000000ed000000,0x00000000ed500000)
 ParOldGen       total 86016K, used 631K [0x00000000c0000000, 0x00000000c5400000, 0x00000000eab00000)
  object space 86016K, 0% used [0x00000000c0000000,0x00000000c009dc00,0x00000000c5400000)
 Metaspace       used 6017K, capacity 6896K, committed 7040K, reserved 1056768K
  class space    used 599K, capacity 616K, committed 640K, reserved 1048576K

Card table byte_map: [0x0000000011750000,0x0000000011960000] byte_map_base: 0x0000000011150000

Marking Bits: (ParMarkBitMap*) 0x000000006191a6d0
 Begin Bits: [0x0000000011ec0000, 0x0000000012ec0000)
 End Bits:   [0x0000000012ec0000, 0x0000000013ec0000)

Polling page: 0x00000000005f0000

CodeCache: size=245760Kb used=4780Kb max_used=4780Kb free=240979Kb
 bounds [0x0000000002390000, 0x0000000002840000, 0x0000000011390000]
 total_blobs=1476 nmethods=1206 adapters=182
 compilation: disabled (not enough contiguous free space left)

Compilation events (10 events):
Event: 1.826 Thread 0x0000000014a75000 nmethod 1128 0x00000000027f4a90 code [0x00000000027f4c00, 0x00000000027f4e68]
Event: 1.826 Thread 0x0000000014a75000 1131       3       com.android.dx.dex.file.IdItem::<init> (24 bytes)
Event: 1.826 Thread 0x0000000014a75000 nmethod 1131 0x00000000027f4f50 code [0x00000000027f50e0, 0x00000000027f5468]
Event: 1.826 Thread 0x0000000014a75000 1130       3       com.android.dx.rop.cst.CstFieldRef::<init> (7 bytes)
Event: 1.827 Thread 0x0000000014a75000 nmethod 1130 0x00000000027f55d0 code [0x00000000027f5740, 0x00000000027f58c8]
Event: 1.827 Thread 0x0000000014a75000 1132       3       com.android.dx.dex.file.EncodedMember::<init> (10 bytes)
Event: 1.827 Thread 0x0000000014a75000 nmethod 1132 0x00000000027f5950 code [0x00000000027f5aa0, 0x00000000027f5c50]
Event: 1.827 Thread 0x0000000014a75000 1129  s    3       com.android.dx.dex.file.FieldIdsSection::intern (55 bytes)
Event: 1.827 Thread 0x0000000014a75000 nmethod 1129 0x00000000027f5d10 code [0x00000000027f5f40, 0x00000000027f6c68]
Event: 1.827 Thread 0x0000000014a75000 1134       3       com.android.dx.ssa.SsaMethod::buildUseList (112 bytes)

GC Heap History (2 events):
Event: 1.829 GC heap before
{Heap before GC invocations=1 (full 0):
 PSYoungGen      total 37888K, used 32768K [0x00000000eab00000, 0x00000000ed500000, 0x0000000100000000)
  eden space 32768K, 100% used [0x00000000eab00000,0x00000000ecb00000,0x00000000ecb00000)
  from space 5120K, 0% used [0x00000000ed000000,0x00000000ed000000,0x00000000ed500000)
  to   space 5120K, 0% used [0x00000000ecb00000,0x00000000ecb00000,0x00000000ed000000)
 ParOldGen       total 86016K, used 0K [0x00000000c0000000, 0x00000000c5400000, 0x00000000eab00000)
  object space 86016K, 0% used [0x00000000c0000000,0x00000000c0000000,0x00000000c5400000)
 Metaspace       used 5948K, capacity 6832K, committed 7040K, reserved 1056768K
  class space    used 599K, capacity 616K, committed 640K, reserved 1048576K
Event: 2.289 GC heap after
Heap after GC invocations=1 (full 0):
 PSYoungGen      total 37888K, used 5103K [0x00000000eab00000, 0x00000000ed500000, 0x0000000100000000)
  eden space 32768K, 0% used [0x00000000eab00000,0x00000000eab00000,0x00000000ecb00000)
  from space 5120K, 99% used [0x00000000ecb00000,0x00000000ecffbea8,0x00000000ed000000)
  to   space 5120K, 0% used [0x00000000ed000000,0x00000000ed000000,0x00000000ed500000)
 ParOldGen       total 86016K, used 631K [0x00000000c0000000, 0x00000000c5400000, 0x00000000eab00000)
  object space 86016K, 0% used [0x00000000c0000000,0x00000000c009dc00,0x00000000c5400000)
 Metaspace       used 5948K, capacity 6832K, committed 7040K, reserved 1056768K
  class space    used 599K, capacity 616K, committed 640K, reserved 1048576K
}

Deoptimization events (3 events):
Event: 1.636 Thread 0x00000000165f8000 Uncommon trap: reason=unstable_if action=reinterpret pc=0x00000000025cb324 method=java.util.HashMap.getNode(ILjava/lang/Object;)Ljava/util/HashMap$Node; @ 129
Event: 1.642 Thread 0x000000000224d800 Uncommon trap: reason=unstable_if action=reinterpret pc=0x00000000026123b0 method=java.util.BitSet.nextSetBit(I)I @ 87
Event: 2.298 Thread 0x00000000165f9800 Uncommon trap: reason=unstable_if action=reinterpret pc=0x000000000274d21c method=com.android.dx.rop.cst.Constant.compareTo(Lcom/android/dx/rop/cst/Constant;)I @ 12

Internal exceptions (2 events):
Event: 0.181 Thread 0x000000000224d800 Exception <a 'java/lang/NoSuchMethodError': Method sun.misc.Unsafe.defineClass(Ljava/lang/String;[BII)Ljava/lang/Class; name or signature does not match> (0x00000000eab07cc0) thrown at [C:\re\workspace\8-2-build-windows-amd64-cygwin\jdk8u101\7261\hotspot\s	š	…²9Ç?
Event: 0.181 Thread 0x000000000224d800 Exception <a 'java/lang/NoSuchMethodError': Method sun.misc.Unsafe.prefetchRead(Ljava/lang/Object;J)V name or signature does not match> (0x00000000eab07fa8) thrown at [C:\re\workspace\8-2-build-windows-amd64-cygwin\jdk8u101\7261\hotspot\src\share\vm\prims\

Events (10 events):
Event: 1.780 loading class com/android/dx/cf/attrib/AttRuntimeVisibleAnnotations done
Event: 1.780 loading class com/android/dx/cf/attrib/BaseAnnotations
Event: 1.780 loading class com/android/dx/cf/attrib/BaseAnnotations done
Event: 1.782 loading class com/android/dx/dex/file/MethodAnnotationStruct
Event: 1.782 loading class com/android/dx/dex/file/MethodAnnotationStruct done
Event: 1.828 Executing VM operation: ParallelGCFailedAllocation
Event: 2.289 Executing VM operation: ParallelGCFailedAllocation done
Event: 2.298 Thread 0x00000000165f9800 Uncommon trap: trap_request=0xffffff65 fr.pc=0x000000000274d21c
Event: 2.298 Thread 0x00000000165f9800 DEOPT PACKING pc=0x000000000274d21c sp=0x0000000016cae4e0
Event: 2.298 Thread 0x00000000165f9800 DEOPT UNPACKING pc=0x00000000023d582a sp=0x0000000016cae480 mode 2


Dynamic libraries:
0x00007ff7d0e70000 - 0x00007ff7d0ea7000 	C:\Program Files\Java\jdk1.8.0_101\bin\java.exe
0x00007ffdaa3d0000 - 0x00007ffdaa591000 	C:\WINDOWS\SYSTEM32\ntdll.dll
0x00007ffda9a60000 - 0x00007ffda9b0d000 	C:\WINDOWS\system32\KERNEL32.DLL
0x00007ffda6d40000 - 0x00007ffda6f28000 	C:\WINDOWS\system32\KERNELBASE.dll
0x00007ffda77d0000 - 0x00007ffda7877000 	C:\WINDOWS\system32\ADVAPI32.dll
0x00007ffda7990000 - 0x00007ffda7a2d000 	C:\WINDOWS\system32\msvcrt.dll
0x00007ffda7a30000 - 0x00007ffda7a8b000 	C:\WINDOWS\system32\sechost.dll
0x00007ffda7cd0000 - 0x00007ffda7dec000 	C:\WINDOWS\system32\RPCRT4.dll
0x00007ffda93b0000 - 0x00007ffda9506000 	C:\WINDOWS\system32\USER32.dll
0x00007ffda9d20000 - 0x00007ffda9ea6000 	C:\WINDOWS\system32\GDI32.dll
0x00007ffda30e0000 - 0x00007ffda3354000 	C:\WINDOWS\WinSxS\amd64_microsoft.windows.common-controls_6595b64144ccf1df_6.0.10586.589_none_a2ddb3caa539acce\COMCTL32.dll
0x00007ffda97e0000 - 0x00007ffda9a5d000 	C:\WINDOWS\system32\combase.dll
0x00007ffda6ad0000 - 0x00007ffda6b3a000 	C:\WINDOWS\system32\bcryptPrimitives.dll
0x00007ffda7c90000 - 0x00007ffda7ccb000 	C:\WINDOWS\system32\IMM32.DLL
0x000000005eae0000 - 0x000000005ebb2000 	C:\Program Files\Java\jdk1.8.0_101\jre\bin\msvcr100.dll
0x0000000061100000 - 0x000000006199a000 	C:\Program Files\Java\jdk1.8.0_101\jre\bin\server\jvm.dll
0x00007ffda9700000 - 0x00007ffda9708000 	C:\WINDOWS\system32\PSAPI.DLL
0x00007ffda5140000 - 0x00007ffda5149000 	C:\WINDOWS\SYSTEM32\WSOCK32.dll
0x00007ffda9eb0000 - 0x00007ffda9f1b000 	C:\WINDOWS\system32\WS2_32.dll
0x00007ffda4fb0000 - 0x00007ffda4fd3000 	C:\WINDOWS\SYSTEM32\WINMM.dll
0x00007ffda30c0000 - 0x00007ffda30ca000 	C:\WINDOWS\SYSTEM32\VERSION.dll
0x00007ffda4f50000 - 0x00007ffda4f7c000 	C:\WINDOWS\SYSTEM32\WINMMBASE.dll
0x00007ffda6a80000 - 0x00007ffda6ac3000 	C:\WINDOWS\system32\cfgmgr32.dll
0x0000000061e40000 - 0x0000000061e4f000 	C:\Program Files\Java\jdk1.8.0_101\jre\bin\verify.dll
0x0000000061e10000 - 0x0000000061e39000 	C:\Program Files\Java\jdk1.8.0_101\jre\bin\java.dll
0x0000000061df0000 - 0x0000000061e06000 	C:\Program Files\Java\jdk1.8.0_101\jre\bin\zip.dll
0x00007ffda7e50000 - 0x00007ffda93ac000 	C:\WINDOWS\system32\SHELL32.dll
0x00007ffda6fb0000 - 0x00007ffda75f5000 	C:\WINDOWS\system32\windows.storage.dll
0x00007ffdaa350000 - 0x00007ffdaa3a2000 	C:\WINDOWS\system32\shlwapi.dll
0x00007ffda6a20000 - 0x00007ffda6a2f000 	C:\WINDOWS\system32\kernel.appcore.dll
0x00007ffda6b40000 - 0x00007ffda6bf5000 	C:\WINDOWS\system32\shcore.dll
0x00007ffda6a30000 - 0x00007ffda6a7b000 	C:\WINDOWS\system32\powrprof.dll
0x00007ffda69f0000 - 0x00007ffda6a04000 	C:\WINDOWS\system32\profapi.dll

VM Arguments:
jvm_args: -Djava.awt.headless=true -Xmx1024M -Dfile.encoding=windows-1252 -Duser.country=MX -Duser.language=es -Duser.variant 
java_command: com.android.dx.command.Main --dex --num-threads=4 --output O:\Android\VentaenRuta2016\app\build\intermediates\pre-dexed\release\support-v4-19.1.0_db97dcaea88e3b160b088095b51847c51f01755d.jar C:\Users\mario\AppData\Local\Android\sdk\extras\android\m2repository\com\android\support\support-v4\19.1.0\support-v4-19.1.0.jar
java_class_path (initial): C:\Users\mario\AppData\Local\Android\sdk\build-tools\24.0.2\lib\dx.jar
Launcher Type: SUN_STANDARD

Environment Variables:
PATH=C:\ProgramData\Oracle\Java\javapath;C:\Program Files (x86)\Intel\iCLS Client\;C:\Program Files\Intel\iCLS Client\;C:\Windows\system32;C:\Windows;C:\Windows\System32\Wbem;C:\Windows\System32\WindowsPowerShell\v1.0\;C:\Program Files (x86)\NVIDIA Corporation\PhysX\Common;C:\Program Files (x86)\Intel\Intel(R) Management Engine Components\DAL;C:\Program Files\Intel\Intel(R) Management Engine Components\DAL;C:\Program Files (x86)\Intel\Intel(R) Management Engine Components\IPT;C:\Program Files\Intel\Intel(R) Management Engine Components\IPT;C:\WINDOWS\system32;C:\WINDOWS;C:\WINDOWS\System32\Wbem;C:\WINDOWS\System32\WindowsPowerShell\v1.0\;C:\WINDOWS\system32\config\systemprofile\.dnx\bin;C:\Program Files\Microsoft DNX\Dnvm\;C:\Program Files (x86)\Windows Kits\10\Windows Performance Toolkit\;C:\Program Files\Git\cmd;C:\Program Files\Microsoft SQL Server\130\Tools\Binn\;C:\Program Files\Microsoft\Web Platform Installer\;C:\Program Files (x86)\nodejs\;C:\Users\mario\AppData\Roaming\npm
USERNAME=mario
OS=Windows_NT
PROCESSOR_IDENTIFIER=Intel64 Family 6 Model 94 Stepping 3, GenuineIntel



---------------  S Y S T E M  ---------------

OS: Windows 10.0 , 64 bit Build 10586 (10.0.10586.589)

CPU:total 4 (4 cores per cpu, 1 threads per core) family 6 model 94 stepping 3, cmov, cx8, fxsr, mmx, sse, sse2, sse3, ssse3, sse4.1, sse4.2, popcnt, avx, avx2, aes, clmul, erms, rtm, 3dnowpref, lzcnt, tsc, tscinvbit, bmi1, bmi2, adx

Memory: 4k page, physical 8245152k(958444k free), swap 10192800k(4136k free)

vm_info: Java HotSpot(TM) 64-Bit Server VM (25.101-b13) for windows-amd64 JRE (1.8.0_101-b13), built on Jun 22 2016 01:21:29 by "java_re" with MS VC++ 10.0 (VS2010)

time: Tue Sep 20 12:03:47 2016
elapsed time: 2 seconds (0d 0h 0m 2s)

