#
# There is insufficient memory for the Java Runtime Environment to continue.
# Native memory allocation (malloc) failed to allocate 387856 bytes for Chunk::new
# Possible reasons:
#   The system is out of physical RAM or swap space
#   In 32 bit mode, the process size limit was hit
# Possible solutions:
#   Reduce memory load on the system
#   Increase physical memory or swap space
#   Check if swap backing store is full
#   Use 64 bit Java on a 64 bit OS
#   Decrease Java heap size (-Xmx/-Xms)
#   Decrease number of Java threads
#   Decrease Java thread stack sizes (-Xss)
#   Set larger code cache with -XX:ReservedCodeCacheSize=
# This output file may be truncated or incomplete.
#
#  Out of Memory Error (allocation.cpp:390), pid=7724, tid=0x0000000000002604
#
# JRE version: Java(TM) SE Runtime Environment (8.0_101-b13) (build 1.8.0_101-b13)
# Java VM: Java HotSpot(TM) 64-Bit Server VM (25.101-b13 mixed mode windows-amd64 compressed oops)
# Failed to write core dump. Minidumps are not enabled by default on client versions of Windows
#

---------------  T H R E A D  ---------------

Current thread (0x000000001567f800):  JavaThread "C2 CompilerThread0" daemon [_thread_in_native, id=9732, stack(0x0000000016cf0000,0x0000000016df0000)]

Stack: [0x0000000016cf0000,0x0000000016df0000]
[error occurred during error reporting (printing stack bounds), id 0xc0000005]

Native frames: (J=compiled Java code, j=interpreted, Vv=VM code, C=native code)


Current CompileTask:
C2:   4953 2003       4       com.android.dx.dex.code.OutputFinisher::addConstants (93 bytes)


---------------  P R O C E S S  ---------------

Java Threads: ( => current thread )
  0x00000000171b8000 JavaThread "pool-1-thread-1" [_thread_in_Java, id=9796, stack(0x0000000019e90000,0x0000000019f90000)]
  0x00000000156dd000 JavaThread "Service Thread" daemon [_thread_blocked, id=11212, stack(0x00000000177f0000,0x00000000178f0000)]
  0x00000000156d7000 JavaThread "C1 CompilerThread2" daemon [_thread_blocked, id=500, stack(0x00000000176f0000,0x00000000177f0000)]
  0x00000000156d4000 JavaThread "C2 CompilerThread1" daemon [_thread_in_native, id=9388, stack(0x0000000016df0000,0x0000000016ef0000)]
=>0x000000001567f800 JavaThread "C2 CompilerThread0" daemon [_thread_in_native, id=9732, stack(0x0000000016cf0000,0x0000000016df0000)]
  0x000000001567d800 JavaThread "Attach Listener" daemon [_thread_blocked, id=9164, stack(0x0000000016bf0000,0x0000000016cf0000)]
  0x000000001567c000 JavaThread "Signal Dispatcher" daemon [_thread_blocked, id=9528, stack(0x0000000016af0000,0x0000000016bf0000)]
  0x0000000002eb8000 JavaThread "Finalizer" daemon [_thread_blocked, id=2876, stack(0x00000000168e0000,0x00000000169e0000)]
  0x0000000002eb0000 JavaThread "Reference Handler" daemon [_thread_blocked, id=6348, stack(0x00000000167e0000,0x00000000168e0000)]
  0x0000000002fad800 JavaThread "main" [_thread_blocked, id=924, stack(0x0000000001510000,0x0000000001610000)]

Other Threads:
  0x0000000015648000 VMThread [stack: 0x00000000166e0000,0x00000000167e0000] [id=9692]
  0x0000000016f2f000 WatcherThread [stack: 0x00000000178f0000,0x00000000179f0000] [id=3160]

VM state:not at safepoint (normal execution)

VM Mutex/Monitor currently owned by a thread: None

Heap:
 PSYoungGen      total 70656K, used 43403K [0x00000000eab00000, 0x00000000ef500000, 0x0000000100000000)
  eden space 65536K, 58% used [0x00000000eab00000,0x00000000ed063458,0x00000000eeb00000)
  from space 5120K, 99% used [0x00000000eeb00000,0x00000000eefff868,0x00000000ef000000)
  to   space 5120K, 0% used [0x00000000ef000000,0x00000000ef000000,0x00000000ef500000)
 ParOldGen       total 86016K, used 15610K [0x00000000c0000000, 0x00000000c5400000, 0x00000000eab00000)
  object space 86016K, 18% used [0x00000000c0000000,0x00000000c0f3ea78,0x00000000c5400000)
 Metaspace       used 6476K, capacity 7192K, committed 7424K, reserved 1056768K
  class space    used 627K, capacity 656K, committed 768K, reserved 1048576K

Card table byte_map: [0x0000000012370000,0x0000000012580000] byte_map_base: 0x0000000011d70000

Marking Bits: (ParMarkBitMap*) 0x000000005885a6d0
 Begin Bits: [0x0000000012ae0000, 0x0000000013ae0000)
 End Bits:   [0x0000000013ae0000, 0x0000000014ae0000)

Polling page: 0x0000000001200000

CodeCache: size=245760Kb used=8170Kb max_used=8170Kb free=237589Kb
 bounds [0x0000000002fb0000, 0x00000000037c0000, 0x0000000011fb0000]
 total_blobs=2221 nmethods=1951 adapters=182
 compilation: enabled

Compilation events (10 events):
Event: 4.874 Thread 0x00000000156d7000 2008       3       java.util.HashMap::put (13 bytes)
Event: 4.874 Thread 0x00000000156d7000 nmethod 2008 0x00000000037a8cd0 code [0x00000000037a8e60, 0x00000000037a9218]
Event: 4.874 Thread 0x00000000156d7000 2009       3       java.util.HashMap::putVal (300 bytes)
Event: 4.875 Thread 0x00000000156d7000 nmethod 2009 0x00000000037af950 code [0x00000000037afbc0, 0x00000000037b0e78]
Event: 4.880 Thread 0x00000000156d7000 2010       3       java.util.HashMap::getNode (148 bytes)
Event: 4.880 Thread 0x00000000156d7000 nmethod 2010 0x00000000037b1550 code [0x00000000037b1740, 0x00000000037b23a8]
Event: 4.882 Thread 0x00000000156d7000 2014       3       com.android.dx.dex.file.DebugInfoItem::<init> (36 bytes)
Event: 4.882 Thread 0x00000000156d7000 nmethod 2014 0x00000000037a8750 code [0x00000000037a88c0, 0x00000000037a8bb8]
Event: 4.888 Thread 0x00000000156d7000 2017       3       com.android.dx.dex.file.TypeIdItem::<init> (6 bytes)
Event: 4.888 Thread 0x00000000156d7000 nmethod 2017 0x00000000037a7f10 code [0x00000000037a80a0, 0x00000000037a8488]

GC Heap History (6 events):
Event: 1.856 GC heap before
{Heap before GC invocations=1 (full 0):
 PSYoungGen      total 37888K, used 32768K [0x00000000eab00000, 0x00000000ed500000, 0x0000000100000000)
  eden space 32768K, 100% used [0x00000000eab00000,0x00000000ecb00000,0x00000000ecb00000)
  from space 5120K, 0% used [0x00000000ed000000,0x00000000ed000000,0x00000000ed500000)
  to   space 5120K, 0% used [0x00000000ecb00000,0x00000000ecb00000,0x00000000ed000000)
 ParOldGen       total 86016K, used 0K [0x00000000c0000000, 0x00000000c5400000, 0x00000000eab00000)
  object space 86016K, 0% used [0x00000000c0000000,0x00000000c0000000,0x00000000c5400000)
 Metaspace       used 5991K, capacity 6898K, committed 7040K, reserved 1056768K
  class space    used 598K, capacity 618K, committed 640K, reserved 1048576K
Event: 1.995 GC heap after
Heap after GC invocations=1 (full 0):
 PSYoungGen      total 37888K, used 5088K [0x00000000eab00000, 0x00000000ef500000, 0x0000000100000000)
  eden space 32768K, 0% used [0x00000000eab00000,0x00000000eab00000,0x00000000ecb00000)
  from space 5120K, 99% used [0x00000000ecb00000,0x00000000ecff8068,0x00000000ed000000)
  to   space 5120K, 0% used [0x00000000ef000000,0x00000000ef000000,0x00000000ef500000)
 ParOldGen       total 86016K, used 1223K [0x00000000c0000000, 0x00000000c5400000, 0x00000000eab00000)
  object space 86016K, 1% used [0x00000000c0000000,0x00000000c0131f60,0x00000000c5400000)
 Metaspace       used 5991K, capacity 6898K, committed 7040K, reserved 1056768K
  class space    used 598K, capacity 618K, committed 640K, reserved 1048576K
}
Event: 2.394 GC heap before
{Heap before GC invocations=2 (full 0):
 PSYoungGen      total 37888K, used 37856K [0x00000000eab00000, 0x00000000ef500000, 0x0000000100000000)
  eden space 32768K, 100% used [0x00000000eab00000,0x00000000ecb00000,0x00000000ecb00000)
  from space 5120K, 99% used [0x00000000ecb00000,0x00000000ecff8068,0x00000000ed000000)
  to   space 5120K, 0% used [0x00000000ef000000,0x00000000ef000000,0x00000000ef500000)
 ParOldGen       total 86016K, used 1223K [0x00000000c0000000, 0x00000000c5400000, 0x00000000eab00000)
  object space 86016K, 1% used [0x00000000c0000000,0x00000000c0131f60,0x00000000c5400000)
 Metaspace       used 6188K, capacity 7090K, committed 7296K, reserved 1056768K
  class space    used 600K, capacity 618K, committed 640K, reserved 1048576K
Event: 2.595 GC heap after
Heap after GC invocations=2 (full 0):
 PSYoungGen      total 70656K, used 5117K [0x00000000eab00000, 0x00000000ef500000, 0x0000000100000000)
  eden space 65536K, 0% used [0x00000000eab00000,0x00000000eab00000,0x00000000eeb00000)
  from space 5120K, 99% used [0x00000000ef000000,0x00000000ef4ff720,0x00000000ef500000)
  to   space 5120K, 0% used [0x00000000eeb00000,0x00000000eeb00000,0x00000000ef000000)
 ParOldGen       total 86016K, used 5462K [0x00000000c0000000, 0x00000000c5400000, 0x00000000eab00000)
  object space 86016K, 6% used [0x00000000c0000000,0x00000000c0555bb8,0x00000000c5400000)
 Metaspace       used 6188K, capacity 7090K, committed 7296K, reserved 1056768K
  class space    used 600K, capacity 618K, committed 640K, reserved 1048576K
}
Event: 3.583 GC heap before
{Heap before GC invocations=3 (full 0):
 PSYoungGen      total 70656K, used 70653K [0x00000000eab00000, 0x00000000ef500000, 0x0000000100000000)
  eden space 65536K, 100% used [0x00000000eab00000,0x00000000eeb00000,0x00000000eeb00000)
  from space 5120K, 99% used [0x00000000ef000000,0x00000000ef4ff720,0x00000000ef500000)
  to   space 5120K, 0% used [0x00000000eeb00000,0x00000000eeb00000,0x00000000ef000000)
 ParOldGen       total 86016K, used 5462K [0x00000000c0000000, 0x00000000c5400000, 0x00000000eab00000)
  object space 86016K, 6% used [0x00000000c0000000,0x00000000c0555bb8,0x00000000c5400000)
 Metaspace       used 6273K, capacity 7090K, committed 7296K, reserved 1056768K
  class space    used 600K, capacity 618K, committed 640K, reserved 1048576K
Event: 3.613 GC heap after
Heap after GC invocations=3 (full 0):
 PSYoungGen      total 70656K, used 5118K [0x00000000eab00000, 0x00000000ef500000, 0x0000000100000000)
  eden space 65536K, 0% used [0x00000000eab00000,0x00000000eab00000,0x00000000eeb00000)
  from space 5120K, 99% used [0x00000000eeb00000,0x00000000eefff868,0x00000000ef000000)
  to   space 5120K, 0% used [0x00000000ef000000,0x00000000ef000000,0x00000000ef500000)
 ParOldGen       total 86016K, used 15610K [0x00000000c0000000, 0x00000000c5400000, 0x00000000eab00000)
  object space 86016K, 18% used [0x00000000c0000000,0x00000000c0f3ea78,0x00000000c5400000)
 Metaspace       used 6273K, capacity 7090K, committed 7296K, reserved 1056768K
  class space    used 600K, capacity 618K, committed 640K, reserved 1048576K
}

Deoptimization events (10 events):
Event: 3.623 Thread 0x00000000171bc800 Uncommon trap: reason=unstable_if action=reinterpret pc=0x00000000036ad2d8 method=com.android.dx.cf.code.ByteCatchList.listFor(I)Lcom/android/dx/cf/code/ByteCatchList; @ 47
Event: 3.642 Thread 0x00000000171bc800 Uncommon trap: reason=unstable_if action=reinterpret pc=0x000000000335eb68 method=java.util.HashMap.putVal(ILjava/lang/Object;Ljava/lang/Object;ZZ)Ljava/lang/Object; @ 162
Event: 3.716 Thread 0x0000000002fad800 Uncommon trap: reason=unstable_if action=reinterpret pc=0x00000000035b97b0 method=java.util.HashMap.getNode(ILjava/lang/Object;)Ljava/util/HashMap$Node; @ 84
Event: 3.717 Thread 0x0000000002fad800 Uncommon trap: reason=unstable_if action=reinterpret pc=0x00000000034ea9a4 method=java.util.HashMap.getNode(ILjava/lang/Object;)Ljava/util/HashMap$Node; @ 84
Event: 3.717 Thread 0x0000000002fad800 Uncommon trap: reason=unstable_if action=reinterpret pc=0x0000000003533790 method=java.util.HashMap.getNode(ILjava/lang/Object;)Ljava/util/HashMap$Node; @ 84
Event: 4.774 Thread 0x00000000171b8000 Uncommon trap: reason=class_check action=maybe_recompile pc=0x00000000033aed48 method=java.util.Arrays.hashCode([Ljava/lang/Object;)I @ 43
Event: 4.774 Thread 0x00000000171b8000 Uncommon trap: reason=class_check action=maybe_recompile pc=0x00000000033aed48 method=java.util.Arrays.hashCode([Ljava/lang/Object;)I @ 43
Event: 4.774 Thread 0x00000000171b8000 Uncommon trap: reason=class_check action=maybe_recompile pc=0x00000000033aed48 method=java.util.Arrays.hashCode([Ljava/lang/Object;)I @ 43
Event: 4.774 Thread 0x00000000171b8000 Uncommon trap: reason=class_check action=maybe_recompile pc=0x00000000033aed48 method=java.util.Arrays.hashCode([Ljava/lang/Object;)I @ 43
Event: 4.774 Thread 0x00000000171b8000 Uncommon trap: reason=class_check action=maybe_recompile pc=0x000000000332dea8 method=java.util.Arrays.hashCode([Ljava/lang/Object;)I @ 43

Internal exceptions (5 events):
Event: 0.026 Thread 0x0000000002fad800 Exception <a 'java/lang/NoSuchMethodError': Method sun.misc.Unsafe.defineClass(Ljava/lang/String;[BII)Ljava/lang/Class; name or signature does not match> (0x00000000eab07cc0) thrown at [C:\re\workspace\8-2-build-windows-amd64-cygwin\jdk8u101\7261\hotspot\sMÛ†	›?
Event: 0.026 Thread 0x0000000002fad800 Exception <a 'java/lang/NoSuchMethodError': Method sun.misc.Unsafe.prefetchRead(Ljava/lang/Object;J)V name or signature does not match> (0x00000000eab07fa8) thrown at [C:\re\workspace\8-2-build-windows-amd64-cygwin\jdk8u101\7261\hotspot\src\share\vm\prims\ìÐ×ê}x@
Event: 3.684 Thread 0x00000000171bc800 Exception <a 'java/lang/ArrayIndexOutOfBoundsException': 18> (0x00000000eb589088) thrown at [C:\re\workspace\8-2-build-windows-amd64-cygwin\jdk8u101\7261\hotspot\src\share\vm\interpreter\interpreterRuntime.cpp, line 366]
Event: 3.684 Thread 0x00000000171bc800 Exception <a 'java/lang/ArrayIndexOutOfBoundsException'> (0x00000000eb58ac08) thrown at [C:\re\workspace\8-2-build-windows-amd64-cygwin\jdk8u101\7261\hotspot\src\share\vm\runtime\sharedRuntime.cpp, line 605]
Event: 3.685 Thread 0x00000000171bc800 Exception <a 'java/lang/ArrayIndexOutOfBoundsException'> (0x00000000eb58bef0) thrown at [C:\re\workspace\8-2-build-windows-amd64-cygwin\jdk8u101\7261\hotspot\src\share\vm\runtime\sharedRuntime.cpp, line 605]

Events (10 events):
Event: 4.774 Thread 0x00000000171b8000 DEOPT UNPACKING pc=0x0000000002ff582a sp=0x0000000019f8ec30 mode 2
Event: 4.774 Thread 0x00000000171b8000 Uncommon trap: trap_request=0xffffffde fr.pc=0x000000000332dea8
Event: 4.774 Thread 0x00000000171b8000 DEOPT PACKING pc=0x000000000332dea8 sp=0x0000000019f8ed00
Event: 4.774 Thread 0x00000000171b8000 DEOPT UNPACKING pc=0x0000000002ff582a sp=0x0000000019f8ec88 mode 2
Event: 4.790 loading class com/android/dx/rop/cst/Zeroes
Event: 4.790 loading class com/android/dx/rop/cst/Zeroes done
Event: 4.853 loading class com/android/dx/dex/file/CatchStructs
Event: 4.853 loading class com/android/dx/dex/file/CatchStructs done
Event: 4.898 Thread 0x00000000171b8000 DEOPT PACKING pc=0x000000000336a108 sp=0x0000000019f8ece0
Event: 4.898 Thread 0x00000000171b8000 DEOPT UNPACKING pc=0x0000000002ff787f sp=0x0000000019f8ea38 mode 0


Dynamic libraries:
0x00007ff7fdab0000 - 0x00007ff7fdae7000 	C:\Program Files\Java\jdk1.8.0_101\bin\java.exe
0x00007ff9ec780000 - 0x00007ff9ec951000 	C:\WINDOWS\SYSTEM32\ntdll.dll
0x00007ff9e9d10000 - 0x00007ff9e9dbb000 	C:\WINDOWS\System32\KERNEL32.DLL
0x00007ff9e9220000 - 0x00007ff9e943d000 	C:\WINDOWS\System32\KERNELBASE.dll
0x00007ff9ea360000 - 0x00007ff9ea402000 	C:\WINDOWS\System32\ADVAPI32.dll
0x00007ff9eb020000 - 0x00007ff9eb0be000 	C:\WINDOWS\System32\msvcrt.dll
0x00007ff9ea9a0000 - 0x00007ff9ea9f9000 	C:\WINDOWS\System32\sechost.dll
0x00007ff9ea230000 - 0x00007ff9ea351000 	C:\WINDOWS\System32\RPCRT4.dll
0x00007ff9ec610000 - 0x00007ff9ec775000 	C:\WINDOWS\System32\USER32.dll
0x00007ff9e9cf0000 - 0x00007ff9e9d0e000 	C:\WINDOWS\System32\win32u.dll
0x00007ff9ec5d0000 - 0x00007ff9ec604000 	C:\WINDOWS\System32\GDI32.dll
0x00007ff9e8d80000 - 0x00007ff9e8f02000 	C:\WINDOWS\System32\gdi32full.dll
0x00007ff9e0800000 - 0x00007ff9e0a79000 	C:\WINDOWS\WinSxS\amd64_microsoft.windows.common-controls_6595b64144ccf1df_6.0.14393.0_none_2d0f50fcbdb171b8\COMCTL32.dll
0x00007ff9e9e60000 - 0x00007ff9ea127000 	C:\WINDOWS\System32\combase.dll
0x00007ff9e8f10000 - 0x00007ff9e9005000 	C:\WINDOWS\System32\ucrtbase.dll
0x00007ff9e8d10000 - 0x00007ff9e8d7a000 	C:\WINDOWS\System32\bcryptPrimitives.dll
0x00007ff9eae40000 - 0x00007ff9eae6e000 	C:\WINDOWS\System32\IMM32.DLL
0x0000000057bc0000 - 0x0000000057c92000 	C:\Program Files\Java\jdk1.8.0_101\jre\bin\msvcr100.dll
0x0000000058040000 - 0x00000000588da000 	C:\Program Files\Java\jdk1.8.0_101\jre\bin\server\jvm.dll
0x00007ff9eaa00000 - 0x00007ff9eaa08000 	C:\WINDOWS\System32\PSAPI.DLL
0x00007ff9de1d0000 - 0x00007ff9de1d9000 	C:\WINDOWS\SYSTEM32\WSOCK32.dll
0x00007ff9ea560000 - 0x00007ff9ea5ca000 	C:\WINDOWS\System32\WS2_32.dll
0x00007ff9e6c80000 - 0x00007ff9e6ca3000 	C:\WINDOWS\SYSTEM32\WINMM.dll
0x00007ff9e4320000 - 0x00007ff9e432a000 	C:\WINDOWS\SYSTEM32\VERSION.dll
0x00007ff9e6c30000 - 0x00007ff9e6c5b000 	C:\WINDOWS\SYSTEM32\WINMMBASE.dll
0x00007ff9e9010000 - 0x00007ff9e9052000 	C:\WINDOWS\System32\cfgmgr32.dll
0x0000000059390000 - 0x000000005939f000 	C:\Program Files\Java\jdk1.8.0_101\jre\bin\verify.dll
0x0000000059360000 - 0x0000000059389000 	C:\Program Files\Java\jdk1.8.0_101\jre\bin\java.dll
0x0000000058020000 - 0x0000000058036000 	C:\Program Files\Java\jdk1.8.0_101\jre\bin\zip.dll
0x00007ff9eb0c0000 - 0x00007ff9ec5c8000 	C:\WINDOWS\System32\SHELL32.dll
0x00007ff9e9610000 - 0x00007ff9e9cea000 	C:\WINDOWS\System32\windows.storage.dll
0x00007ff9e8c10000 - 0x00007ff9e8c5c000 	C:\WINDOWS\System32\powrprof.dll
0x00007ff9ea940000 - 0x00007ff9ea992000 	C:\WINDOWS\System32\shlwapi.dll
0x00007ff9e8c60000 - 0x00007ff9e8c6f000 	C:\WINDOWS\System32\kernel.appcore.dll
0x00007ff9e9110000 - 0x00007ff9e91b9000 	C:\WINDOWS\System32\shcore.dll
0x00007ff9e8bf0000 - 0x00007ff9e8c04000 	C:\WINDOWS\System32\profapi.dll

VM Arguments:
jvm_args: -Djava.awt.headless=true -Xmx1024M -Dfile.encoding=windows-1252 -Duser.country=MX -Duser.language=es -Duser.variant 
java_command: com.android.dx.command.Main --dex --force-jumbo --num-threads=4 --multi-dex --output O:\Android\VentaenRuta2016\app\build\intermediates\transforms\dex\debug\folders\1000\2\commons-net-3.1_9df4612ebcf771c3c749aa8a0c909855560b14e4 O:\Android\VentaenRuta2016\app\libs\commons-net-3.1.jar
java_class_path (initial): C:\Users\mario\AppData\Local\Android\sdk\build-tools\24.0.2\lib\dx.jar
Launcher Type: SUN_STANDARD

Environment Variables:
PATH=C:\ProgramData\Oracle\Java\javapath;C:\Program Files (x86)\Intel\iCLS Client\;C:\Program Files\Intel\iCLS Client\;C:\Windows\system32;C:\Windows;C:\Windows\System32\Wbem;C:\Windows\System32\WindowsPowerShell\v1.0\;C:\Program Files (x86)\NVIDIA Corporation\PhysX\Common;C:\Program Files (x86)\Intel\Intel(R) Management Engine Components\DAL;C:\Program Files\Intel\Intel(R) Management Engine Components\DAL;C:\Program Files (x86)\Intel\Intel(R) Management Engine Components\IPT;C:\Program Files\Intel\Intel(R) Management Engine Components\IPT;C:\WINDOWS\system32;C:\WINDOWS;C:\WINDOWS\System32\Wbem;C:\WINDOWS\System32\WindowsPowerShell\v1.0\;C:\WINDOWS\system32\config\systemprofile\.dnx\bin;C:\Program Files\Microsoft DNX\Dnvm\;C:\Program Files (x86)\Windows Kits\10\Windows Performance Toolkit\;C:\Program Files\Git\cmd;C:\Program Files\Microsoft SQL Server\130\Tools\Binn\;C:\Program Files\Microsoft\Web Platform Installer\;C:\Program Files (x86)\nodejs\;C:\Users\mario\AppData\Roaming\npm;%USERPROFILE%\AppData\Local\Microsoft\WindowsApps;
USERNAME=mario
OS=Windows_NT
PROCESSOR_IDENTIFIER=Intel64 Family 6 Model 94 Stepping 3, GenuineIntel



---------------  S Y S T E M  ---------------

OS: Windows 10.0 , 64 bit Build 14393 (10.0.14393.0)

CPU:total 4 (4 cores per cpu, 1 threads per core) family 6 model 94 stepping 3, cmov, cx8, fxsr, mmx, sse, sse2, sse3, ssse3, sse4.1, sse4.2, popcnt, avx, avx2, aes, clmul, erms, rtm, 3dnowpref, lzcnt, tsc, tscinvbit, bmi1, bmi2, adx

Memory: 4k page, physical 8245152k(1228640k free), swap 8245152k(5320k free)

vm_info: Java HotSpot(TM) 64-Bit Server VM (25.101-b13) for windows-amd64 JRE (1.8.0_101-b13), built on Jun 22 2016 01:21:29 by "java_re" with MS VC++ 10.0 (VS2010)

time: Wed Oct 26 02:00:07 2016
elapsed time: 4 seconds (0d 0h 0m 4s)

