#
# A fatal error has been detected by the Java Runtime Environment:
#
#  EXCEPTION_ACCESS_VIOLATION (0xc0000005) at pc=0x0000000000000000, pid=2780, tid=0x0000000000001224
#
# JRE version:  (8.0_101-b13) (build )
# Java VM: Java HotSpot(TM) 64-Bit Server VM (25.101-b13 mixed mode windows-amd64 compressed oops)
# Problematic frame:
# C  0x0000000000000000
#
# Failed to write core dump. Minidumps are not enabled by default on client versions of Windows
#
# If you would like to submit a bug report, please visit:
#   http://bugreport.java.com/bugreport/crash.jsp
#

---------------  T H R E A D  ---------------

Current thread (0x000000000310d800):  JavaThread "Unknown thread" [_thread_in_Java, id=4644, stack(0x0000000002f30000,0x0000000003030000)]

siginfo: ExceptionCode=0xc0000005, ExceptionInformation=0x0000000000000008 0x0000000000000000

Registers:
RAX=0x0000000000000000, RBX=0x0000000014f50a38, RCX=0x00000000eab00d10, RDX=0x0000000010500001
RSP=0x000000000302dab8, RBP=0x000000000302db08, RSI=0x000000000310d800, RDI=0x00000000ffffffff
R8 =0x0000000000000009, R9 =0x0000000003107ad0, R10=0x00000000588dc0d0, R11=0x00000000031593e0
R12=0x0000000000000000, R13=0x000000000302dac0, R14=0x000000000302db10, R15=0x000000000310d800
RIP=0x0000000000000000, EFLAGS=0x0000000000010246

Top of Stack: (sp=0x000000000302dab8)
0x000000000302dab8:   0000000003217b30 00000000eab00d10
0x000000000302dac8:   000000000302dac8 0000000014f5cac2
0x000000000302dad8:   000000000302db10 0000000014fe9fd8
0x000000000302dae8:   0000000000000000 0000000014f5cb00
0x000000000302daf8:   000000000302dac0 000000000302db18
0x000000000302db08:   000000000302dbf0 00000000032108da
0x000000000302db18:   cafebabecafebabe cafebabecafebabe
0x000000000302db28:   0000000000000000 0000000000000000
0x000000000302db38:   0000000000000000 0000000000000000
0x000000000302db48:   0000000000000000 0000000000000000
0x000000000302db58:   0000000000000000 0000000000000000
0x000000000302db68:   0000000000000000 0000000000000000
0x000000000302db78:   0000000000000000 0000000000000000
0x000000000302db88:   cafebabecafebabe cafebabecafebabe
0x000000000302db98:   cafebabecafebabe cafebabecafebabe
0x000000000302dba8:   0000000000000000 0000000000000000 

Instructions: (pc=0x0000000000000000)
0xffffffffffffffe0:   


Register to memory mapping:

RAX=0x0000000000000000 is an unknown value
RBX={method} {0x0000000014f50a40} 'desiredAssertionStatus' '()Z' in 'java/lang/Class'
RCX=0x00000000eab00d10 is an oop
java.lang.Class 
 - klass: 'java/lang/Class'
RDX=0x0000000010500001 is an unknown value
RSP=0x000000000302dab8 is pointing into the stack for thread: 0x000000000310d800
RBP=0x000000000302db08 is pointing into the stack for thread: 0x000000000310d800
RSI=0x000000000310d800 is a thread
RDI=0x00000000ffffffff is an unallocated location in the heap
R8 =0x0000000000000009 is an unknown value
R9 =0x0000000003107ad0 is an unknown value
R10=0x00000000588dc0d0 is an unknown value
R11=0x00000000031593e0 is an unknown value
R12=0x0000000000000000 is an unknown value
R13=0x000000000302dac0 is pointing into the stack for thread: 0x000000000310d800
R14=0x000000000302db10 is pointing into the stack for thread: 0x000000000310d800
R15=0x000000000310d800 is a thread


Stack: [0x0000000002f30000,0x0000000003030000],  sp=0x000000000302dab8,  free space=1014k
Native frames: (J=compiled Java code, j=interpreted, Vv=VM code, C=native code)


---------------  P R O C E S S  ---------------

Java Threads: ( => current thread )
=>0x000000000310d800 JavaThread "Unknown thread" [_thread_in_Java, id=4644, stack(0x0000000002f30000,0x0000000003030000)]

Other Threads:
  0x00000000158a7000 VMThread [stack: 0x0000000016950000,0x0000000016a50000] [id=2876]

VM state:not at safepoint (normal execution)

VM Mutex/Monitor currently owned by a thread: None

Heap:
 PSYoungGen      total 37888K, used 655K [0x00000000eab00000, 0x00000000ed500000, 0x0000000100000000)
  eden space 32768K, 2% used [0x00000000eab00000,0x00000000eaba3d80,0x00000000ecb00000)
  from space 5120K, 0% used [0x00000000ed000000,0x00000000ed000000,0x00000000ed500000)
  to   space 5120K, 0% used [0x00000000ecb00000,0x00000000ecb00000,0x00000000ed000000)
 ParOldGen       total 86016K, used 0K [0x00000000c0000000, 0x00000000c5400000, 0x00000000eab00000)
  object space 86016K, 0% used [0x00000000c0000000,0x00000000c0000000,0x00000000c5400000)
 Metaspace       used 774K, capacity 4480K, committed 4480K, reserved 1056768K
  class space    used 75K, capacity 384K, committed 384K, reserved 1048576K

Card table byte_map: [0x00000000125d0000,0x00000000127e0000] byte_map_base: 0x0000000011fd0000

Marking Bits: (ParMarkBitMap*) 0x00000000588fa6d0
 Begin Bits: [0x0000000012d40000, 0x0000000013d40000)
 End Bits:   [0x0000000013d40000, 0x0000000014d40000)

Polling page: 0x0000000002e70000

CodeCache: size=245760Kb used=390Kb max_used=390Kb free=245369Kb
 bounds [0x0000000003210000, 0x0000000003480000, 0x0000000012210000]
 total_blobs=74 nmethods=0 adapters=48
 compilation: enabled

Compilation events (0 events):
No events

GC Heap History (0 events):
No events

Deoptimization events (0 events):
No events

Internal exceptions (0 events):
No events

Events (10 events):
Event: 0.226 loading class java/lang/Integer done
Event: 0.226 loading class java/lang/Long
Event: 0.226 loading class java/lang/Long done
Event: 0.227 loading class java/lang/NullPointerException
Event: 0.227 loading class java/lang/NullPointerException done
Event: 0.227 loading class java/lang/ArithmeticException
Event: 0.227 loading class java/lang/ArithmeticException done
Event: 0.228 Thread 0x000000000310d800 Thread added: 0x000000000310d800
Event: 0.353 loading class java/io/ObjectStreamField
Event: 0.353 loading class java/io/ObjectStreamField done


Dynamic libraries:
0x00007ff7fdab0000 - 0x00007ff7fdae7000 	C:\Program Files\Java\jdk1.8.0_101\bin\java.exe
0x00007ff9ec780000 - 0x00007ff9ec951000 	C:\WINDOWS\SYSTEM32\ntdll.dll
0x00007ff9e9d10000 - 0x00007ff9e9dbb000 	C:\WINDOWS\System32\KERNEL32.DLL
0x00007ff9e9220000 - 0x00007ff9e943d000 	C:\WINDOWS\System32\KERNELBASE.dll
0x00007ff9ea360000 - 0x00007ff9ea402000 	C:\WINDOWS\System32\ADVAPI32.dll
0x00007ff9eb020000 - 0x00007ff9eb0be000 	C:\WINDOWS\System32\msvcrt.dll
0x00007ff9ea9a0000 - 0x00007ff9ea9f9000 	C:\WINDOWS\System32\sechost.dll
0x00007ff9ea230000 - 0x00007ff9ea351000 	C:\WINDOWS\System32\RPCRT4.dll
0x00007ff9ec610000 - 0x00007ff9ec775000 	C:\WINDOWS\System32\USER32.dll
0x00007ff9e9cf0000 - 0x00007ff9e9d0e000 	C:\WINDOWS\System32\win32u.dll
0x00007ff9ec5d0000 - 0x00007ff9ec604000 	C:\WINDOWS\System32\GDI32.dll
0x00007ff9e8d80000 - 0x00007ff9e8f02000 	C:\WINDOWS\System32\gdi32full.dll
0x00007ff9e0800000 - 0x00007ff9e0a79000 	C:\WINDOWS\WinSxS\amd64_microsoft.windows.common-controls_6595b64144ccf1df_6.0.14393.0_none_2d0f50fcbdb171b8\COMCTL32.dll
0x00007ff9e9e60000 - 0x00007ff9ea127000 	C:\WINDOWS\System32\combase.dll
0x00007ff9e8f10000 - 0x00007ff9e9005000 	C:\WINDOWS\System32\ucrtbase.dll
0x00007ff9e8d10000 - 0x00007ff9e8d7a000 	C:\WINDOWS\System32\bcryptPrimitives.dll
0x00007ff9eae40000 - 0x00007ff9eae6e000 	C:\WINDOWS\System32\IMM32.DLL
0x0000000057cb0000 - 0x0000000057d82000 	C:\Program Files\Java\jdk1.8.0_101\jre\bin\msvcr100.dll
0x00000000580e0000 - 0x000000005897a000 	C:\Program Files\Java\jdk1.8.0_101\jre\bin\server\jvm.dll
0x00007ff9eaa00000 - 0x00007ff9eaa08000 	C:\WINDOWS\System32\PSAPI.DLL
0x00007ff9e5bd0000 - 0x00007ff9e5bd9000 	C:\WINDOWS\SYSTEM32\WSOCK32.dll
0x00007ff9ea560000 - 0x00007ff9ea5ca000 	C:\WINDOWS\System32\WS2_32.dll
0x00007ff9e6c80000 - 0x00007ff9e6ca3000 	C:\WINDOWS\SYSTEM32\WINMM.dll
0x00007ff9e4320000 - 0x00007ff9e432a000 	C:\WINDOWS\SYSTEM32\VERSION.dll
0x00007ff9e6c30000 - 0x00007ff9e6c5b000 	C:\WINDOWS\SYSTEM32\WINMMBASE.dll
0x00007ff9e9010000 - 0x00007ff9e9052000 	C:\WINDOWS\System32\cfgmgr32.dll
0x00000000593e0000 - 0x00000000593ef000 	C:\Program Files\Java\jdk1.8.0_101\jre\bin\verify.dll
0x00000000593b0000 - 0x00000000593d9000 	C:\Program Files\Java\jdk1.8.0_101\jre\bin\java.dll
0x0000000059390000 - 0x00000000593a6000 	C:\Program Files\Java\jdk1.8.0_101\jre\bin\zip.dll

VM Arguments:
jvm_args: -Djava.awt.headless=true -Xmx1024M -Dfile.encoding=windows-1252 -Duser.country=MX -Duser.language=es -Duser.variant 
java_command: com.android.dx.command.Main --dex --force-jumbo --num-threads=4 --multi-dex --output O:\Android\VentaenRuta2016\app\build\intermediates\transforms\dex\debug\folders\1000\2\ZXingAndroid_f3f202da1cbc232a36ff054496322aed88ecdbeb O:\Android\VentaenRuta2016\app\libs\ZXingAndroid.jar
java_class_path (initial): C:\Users\mario\AppData\Local\Android\sdk\build-tools\24.0.2\lib\dx.jar
Launcher Type: SUN_STANDARD

Environment Variables:
PATH=C:\ProgramData\Oracle\Java\javapath;C:\Program Files (x86)\Intel\iCLS Client\;C:\Program Files\Intel\iCLS Client\;C:\Windows\system32;C:\Windows;C:\Windows\System32\Wbem;C:\Windows\System32\WindowsPowerShell\v1.0\;C:\Program Files (x86)\NVIDIA Corporation\PhysX\Common;C:\Program Files (x86)\Intel\Intel(R) Management Engine Components\DAL;C:\Program Files\Intel\Intel(R) Management Engine Components\DAL;C:\Program Files (x86)\Intel\Intel(R) Management Engine Components\IPT;C:\Program Files\Intel\Intel(R) Management Engine Components\IPT;C:\WINDOWS\system32;C:\WINDOWS;C:\WINDOWS\System32\Wbem;C:\WINDOWS\System32\WindowsPowerShell\v1.0\;C:\WINDOWS\system32\config\systemprofile\.dnx\bin;C:\Program Files\Microsoft DNX\Dnvm\;C:\Program Files (x86)\Windows Kits\10\Windows Performance Toolkit\;C:\Program Files\Git\cmd;C:\Program Files\Microsoft SQL Server\130\Tools\Binn\;C:\Program Files\Microsoft\Web Platform Installer\;C:\Program Files (x86)\nodejs\;C:\Users\mario\AppData\Roaming\npm;%USERPROFILE%\AppData\Local\Microsoft\WindowsApps;
USERNAME=mario
OS=Windows_NT
PROCESSOR_IDENTIFIER=Intel64 Family 6 Model 94 Stepping 3, GenuineIntel



---------------  S Y S T E M  ---------------

OS: Windows 10.0 , 64 bit Build 14393 (10.0.14393.0)

CPU:total 4 (4 cores per cpu, 1 threads per core) family 6 model 94 stepping 3, cmov, cx8, fxsr, mmx, sse, sse2, sse3, ssse3, sse4.1, sse4.2, popcnt, avx, avx2, aes, clmul, erms, rtm, 3dnowpref, lzcnt, tsc, tscinvbit, bmi1, bmi2, adx

Memory: 4k page, physical 8245152k(1814604k free), swap 8245152k(4092k free)

vm_info: Java HotSpot(TM) 64-Bit Server VM (25.101-b13) for windows-amd64 JRE (1.8.0_101-b13), built on Jun 22 2016 01:21:29 by "java_re" with MS VC++ 10.0 (VS2010)

time: Wed Oct 26 20:59:35 2016
elapsed time: 0 seconds (0d 0h 0m 0s)

