#
# There is insufficient memory for the Java Runtime Environment to continue.
# Native memory allocation (malloc) failed to allocate 480104 bytes for AllocateHeap
# Possible reasons:
#   The system is out of physical RAM or swap space
#   In 32 bit mode, the process size limit was hit
# Possible solutions:
#   Reduce memory load on the system
#   Increase physical memory or swap space
#   Check if swap backing store is full
#   Use 64 bit Java on a 64 bit OS
#   Decrease Java heap size (-Xmx/-Xms)
#   Decrease number of Java threads
#   Decrease Java thread stack sizes (-Xss)
#   Set larger code cache with -XX:ReservedCodeCacheSize=
# This output file may be truncated or incomplete.
#
#  Out of Memory Error (memory/allocation.inline.hpp:61), pid=13176, tid=0x000000000000283c
#
# JRE version:  (8.0_101-b13) (build )
# Java VM: Java HotSpot(TM) 64-Bit Server VM (25.101-b13 mixed mode windows-amd64 compressed oops)
# Failed to write core dump. Minidumps are not enabled by default on client versions of Windows
#

---------------  T H R E A D  ---------------

Current thread (0x000000000279d800):  JavaThread "Unknown thread" [_thread_in_vm, id=10300, stack(0x00000000027a0000,0x00000000028a0000)]

Stack: [0x00000000027a0000,0x00000000028a0000]
[error occurred during error reporting (printing stack bounds), id 0xc0000005]

Native frames: (J=compiled Java code, j=interpreted, Vv=VM code, C=native code)


---------------  P R O C E S S  ---------------

Java Threads: ( => current thread )

Other Threads:

=>0x000000000279d800 (exited) JavaThread "Unknown thread" [_thread_in_vm, id=10300, stack(0x00000000027a0000,0x00000000028a0000)]

VM state:not at safepoint (not fully initialized)

VM Mutex/Monitor currently owned by a thread: None

GC Heap History (0 events):
No events

Deoptimization events (0 events):
No events

Internal exceptions (0 events):
No events

Events (0 events):
No events


Dynamic libraries:
0x00007ff7d0e70000 - 0x00007ff7d0ea7000 	C:\Program Files\Java\jdk1.8.0_101\bin\java.exe
0x00007ffdaa3d0000 - 0x00007ffdaa591000 	C:\WINDOWS\SYSTEM32\ntdll.dll
0x00007ffda9a60000 - 0x00007ffda9b0d000 	C:\WINDOWS\system32\KERNEL32.DLL
0x00007ffda6d40000 - 0x00007ffda6f28000 	C:\WINDOWS\system32\KERNELBASE.dll
0x00007ffda77d0000 - 0x00007ffda7877000 	C:\WINDOWS\system32\ADVAPI32.dll
0x00007ffda7990000 - 0x00007ffda7a2d000 	C:\WINDOWS\system32\msvcrt.dll
0x00007ffda7a30000 - 0x00007ffda7a8b000 	C:\WINDOWS\system32\sechost.dll
0x00007ffda7cd0000 - 0x00007ffda7dec000 	C:\WINDOWS\system32\RPCRT4.dll
0x00007ffda93b0000 - 0x00007ffda9506000 	C:\WINDOWS\system32\USER32.dll
0x00007ffda9d20000 - 0x00007ffda9ea6000 	C:\WINDOWS\system32\GDI32.dll
0x00007ffda30e0000 - 0x00007ffda3354000 	C:\WINDOWS\WinSxS\amd64_microsoft.windows.common-controls_6595b64144ccf1df_6.0.10586.589_none_a2ddb3caa539acce\COMCTL32.dll
0x00007ffda97e0000 - 0x00007ffda9a5d000 	C:\WINDOWS\system32\combase.dll
0x00007ffda6ad0000 - 0x00007ffda6b3a000 	C:\WINDOWS\system32\bcryptPrimitives.dll
0x00007ffda7c90000 - 0x00007ffda7ccb000 	C:\WINDOWS\system32\IMM32.DLL
0x000000005eae0000 - 0x000000005ebb2000 	C:\Program Files\Java\jdk1.8.0_101\jre\bin\msvcr100.dll
0x0000000061100000 - 0x000000006199a000 	C:\Program Files\Java\jdk1.8.0_101\jre\bin\server\jvm.dll
0x00007ffda9700000 - 0x00007ffda9708000 	C:\WINDOWS\system32\PSAPI.DLL
0x00007ffda5140000 - 0x00007ffda5149000 	C:\WINDOWS\SYSTEM32\WSOCK32.dll
0x00007ffda9eb0000 - 0x00007ffda9f1b000 	C:\WINDOWS\system32\WS2_32.dll
0x00007ffda4fb0000 - 0x00007ffda4fd3000 	C:\WINDOWS\SYSTEM32\WINMM.dll
0x00007ffda30c0000 - 0x00007ffda30ca000 	C:\WINDOWS\SYSTEM32\VERSION.dll
0x00007ffda4f50000 - 0x00007ffda4f7c000 	C:\WINDOWS\SYSTEM32\WINMMBASE.dll
0x00007ffda6a80000 - 0x00007ffda6ac3000 	C:\WINDOWS\system32\cfgmgr32.dll
0x0000000061e40000 - 0x0000000061e4f000 	C:\Program Files\Java\jdk1.8.0_101\jre\bin\verify.dll
0x0000000061e10000 - 0x0000000061e39000 	C:\Program Files\Java\jdk1.8.0_101\jre\bin\java.dll
0x0000000061df0000 - 0x0000000061e06000 	C:\Program Files\Java\jdk1.8.0_101\jre\bin\zip.dll

VM Arguments:
jvm_args: -Djava.awt.headless=true -Xmx1024M -Dfile.encoding=windows-1252 -Duser.country=MX -Duser.language=es -Duser.variant 
java_command: com.android.dx.command.Main --dex --num-threads=4 --output O:\Android\VentaenRuta2016\app\build\intermediates\pre-dexed\release\opencsv-2.2_d2e7833d05e31fd5b929444b486e2e06bac5c6ad.jar O:\Android\VentaenRuta2016\app\libs\opencsv-2.2.jar
java_class_path (initial): C:\Users\mario\AppData\Local\Android\sdk\build-tools\24.0.2\lib\dx.jar
Launcher Type: SUN_STANDARD

Environment Variables:
PATH=C:\ProgramData\Oracle\Java\javapath;C:\Program Files (x86)\Intel\iCLS Client\;C:\Program Files\Intel\iCLS Client\;C:\Windows\system32;C:\Windows;C:\Windows\System32\Wbem;C:\Windows\System32\WindowsPowerShell\v1.0\;C:\Program Files (x86)\NVIDIA Corporation\PhysX\Common;C:\Program Files (x86)\Intel\Intel(R) Management Engine Components\DAL;C:\Program Files\Intel\Intel(R) Management Engine Components\DAL;C:\Program Files (x86)\Intel\Intel(R) Management Engine Components\IPT;C:\Program Files\Intel\Intel(R) Management Engine Components\IPT;C:\WINDOWS\system32;C:\WINDOWS;C:\WINDOWS\System32\Wbem;C:\WINDOWS\System32\WindowsPowerShell\v1.0\;C:\WINDOWS\system32\config\systemprofile\.dnx\bin;C:\Program Files\Microsoft DNX\Dnvm\;C:\Program Files (x86)\Windows Kits\10\Windows Performance Toolkit\;C:\Program Files\Git\cmd;C:\Program Files\Microsoft SQL Server\130\Tools\Binn\;C:\Program Files\Microsoft\Web Platform Installer\;C:\Program Files (x86)\nodejs\;C:\Users\mario\AppData\Roaming\npm
USERNAME=mario
OS=Windows_NT
PROCESSOR_IDENTIFIER=Intel64 Family 6 Model 94 Stepping 3, GenuineIntel



---------------  S Y S T E M  ---------------

OS: Windows 10.0 , 64 bit Build 10586 (10.0.10586.589)

CPU:total 4 (4 cores per cpu, 1 threads per core) family 6 model 94 stepping 3, cmov, cx8, fxsr, mmx, sse, sse2, sse3, ssse3, sse4.1, sse4.2, popcnt, avx, avx2, aes, clmul, erms, rtm, 3dnowpref, lzcnt, tsc, tscinvbit, bmi1, bmi2, adx

Memory: 4k page, physical 8245152k(585804k free), swap 10192800k(21872k free)

vm_info: Java HotSpot(TM) 64-Bit Server VM (25.101-b13) for windows-amd64 JRE (1.8.0_101-b13), built on Jun 22 2016 01:21:29 by "java_re" with MS VC++ 10.0 (VS2010)

time: Tue Sep 20 12:30:00 2016
elapsed time: 0 seconds (0d 0h 0m 0s)

