#
# There is insufficient memory for the Java Runtime Environment to continue.
# Native memory allocation (malloc) failed to allocate 471856 bytes for Chunk::new
# Possible reasons:
#   The system is out of physical RAM or swap space
#   In 32 bit mode, the process size limit was hit
# Possible solutions:
#   Reduce memory load on the system
#   Increase physical memory or swap space
#   Check if swap backing store is full
#   Use 64 bit Java on a 64 bit OS
#   Decrease Java heap size (-Xmx/-Xms)
#   Decrease number of Java threads
#   Decrease Java thread stack sizes (-Xss)
#   Set larger code cache with -XX:ReservedCodeCacheSize=
# This output file may be truncated or incomplete.
#
#  Out of Memory Error (allocation.cpp:390), pid=10456, tid=0x0000000000001450
#
# JRE version: Java(TM) SE Runtime Environment (8.0_101-b13) (build 1.8.0_101-b13)
# Java VM: Java HotSpot(TM) 64-Bit Server VM (25.101-b13 mixed mode windows-amd64 compressed oops)
# Failed to write core dump. Minidumps are not enabled by default on client versions of Windows
#

---------------  T H R E A D  ---------------

Current thread (0x0000000015647000):  JavaThread "C2 CompilerThread1" daemon [_thread_in_native, id=5200, stack(0x0000000016d80000,0x0000000016e80000)]

Stack: [0x0000000016d80000,0x0000000016e80000]
[error occurred during error reporting (printing stack bounds), id 0xc0000005]

Native frames: (J=compiled Java code, j=interpreted, Vv=VM code, C=native code)


Current CompileTask:
C2:   4467 1214       4       com.android.dx.ssa.SCCP::simulateStmt (481 bytes)


---------------  P R O C E S S  ---------------

Java Threads: ( => current thread )
  0x0000000017144000 JavaThread "pool-2-thread-4" [_thread_in_Java, id=7504, stack(0x0000000017980000,0x0000000017a80000)]
  0x0000000017143000 JavaThread "pool-2-thread-3" [_thread_blocked, id=6844, stack(0x0000000017880000,0x0000000017980000)]
  0x0000000017142000 JavaThread "pool-2-thread-2" [_thread_in_Java, id=8380, stack(0x0000000017780000,0x0000000017880000)]
  0x00000000170e3800 JavaThread "pool-3-thread-1" [_thread_blocked, id=9392, stack(0x0000000017680000,0x0000000017780000)]
  0x00000000170e3000 JavaThread "pool-2-thread-1" [_thread_in_Java, id=6672, stack(0x0000000017580000,0x0000000017680000)]
  0x0000000016e8b000 JavaThread "Service Thread" daemon [_thread_blocked, id=8924, stack(0x0000000017380000,0x0000000017480000)]
  0x000000001564d000 JavaThread "C1 CompilerThread2" daemon [_thread_blocked, id=1644, stack(0x0000000017280000,0x0000000017380000)]
=>0x0000000015647000 JavaThread "C2 CompilerThread1" daemon [_thread_in_native, id=5200, stack(0x0000000016d80000,0x0000000016e80000)]
  0x00000000155ee000 JavaThread "C2 CompilerThread0" daemon [_thread_in_native, id=3408, stack(0x0000000016c80000,0x0000000016d80000)]
  0x00000000155ec800 JavaThread "Attach Listener" daemon [_thread_blocked, id=9580, stack(0x0000000016b80000,0x0000000016c80000)]
  0x00000000155eb000 JavaThread "Signal Dispatcher" daemon [_thread_blocked, id=5840, stack(0x0000000016a80000,0x0000000016b80000)]
  0x0000000002e2c800 JavaThread "Finalizer" daemon [_thread_blocked, id=5100, stack(0x0000000016870000,0x0000000016970000)]
  0x00000000155b9000 JavaThread "Reference Handler" daemon [_thread_blocked, id=9340, stack(0x0000000016770000,0x0000000016870000)]
  0x0000000002f1d800 JavaThread "main" [_thread_blocked, id=9092, stack(0x0000000002b90000,0x0000000002c90000)]

Other Threads:
  0x00000000155b7800 VMThread [stack: 0x0000000016670000,0x0000000016770000] [id=2740]
  0x0000000016e9f000 WatcherThread [stack: 0x0000000017480000,0x0000000017580000] [id=5308]

VM state:not at safepoint (normal execution)

VM Mutex/Monitor currently owned by a thread: None

Heap:
 PSYoungGen      total 37888K, used 10807K [0x00000000eab00000, 0x00000000ed500000, 0x0000000100000000)
  eden space 32768K, 17% used [0x00000000eab00000,0x00000000eb090020,0x00000000ecb00000)
  from space 5120K, 99% used [0x00000000ecb00000,0x00000000ecffdca8,0x00000000ed000000)
  to   space 5120K, 0% used [0x00000000ed000000,0x00000000ed000000,0x00000000ed500000)
 ParOldGen       total 86016K, used 1354K [0x00000000c0000000, 0x00000000c5400000, 0x00000000eab00000)
  object space 86016K, 1% used [0x00000000c0000000,0x00000000c0152968,0x00000000c5400000)
 Metaspace       used 6013K, capacity 6898K, committed 7040K, reserved 1056768K
  class space    used 599K, capacity 618K, committed 640K, reserved 1048576K

Card table byte_map: [0x00000000122e0000,0x00000000124f0000] byte_map_base: 0x0000000011ce0000

Marking Bits: (ParMarkBitMap*) 0x0000000066d5a6d0
 Begin Bits: [0x0000000012a50000, 0x0000000013a50000)
 End Bits:   [0x0000000013a50000, 0x0000000014a50000)

Polling page: 0x0000000001380000

CodeCache: size=245760Kb used=4798Kb max_used=4810Kb free=240961Kb
 bounds [0x0000000002f20000, 0x00000000033e0000, 0x0000000011f20000]
 total_blobs=1473 nmethods=1204 adapters=182
 compilation: enabled

Compilation events (10 events):
Event: 4.432 Thread 0x00000000155ee000 1215       4       com.android.dx.ssa.SsaBasicBlock::forEachPhiInsn (54 bytes)
Event: 4.433 Thread 0x000000001564d000 nmethod 1209 0x00000000033ced90 code [0x00000000033cefa0, 0x00000000033cfe38]
Event: 4.433 Thread 0x0000000015647000 nmethod 1163 0x00000000033d38d0 code [0x00000000033d3a80, 0x00000000033d4918]
Event: 4.433 Thread 0x0000000015647000 1214       4       com.android.dx.ssa.SCCP::simulateStmt (481 bytes)
Event: 4.436 Thread 0x00000000155ee000 nmethod 1215 0x00000000033ce210 code [0x00000000033ce3a0, 0x00000000033ce7e8]
Event: 4.436 Thread 0x00000000155ee000 1213       4       com.android.dx.rop.cst.CstBaseMethodRef::compareTo0 (29 bytes)
Event: 4.442 Thread 0x00000000155ee000 nmethod 1213 0x00000000033d5a90 code [0x00000000033d5c20, 0x00000000033d64f8]
Event: 4.443 Thread 0x00000000155ee000 1222   !   4       com.android.dx.rop.code.BasicBlock::<init> (273 bytes)
Event: 4.449 Thread 0x00000000155ee000 nmethod 1222 0x00000000033d6f90 code [0x00000000033d7100, 0x00000000033d7738]
Event: 4.449 Thread 0x00000000155ee000 1208       4       com.android.dx.rop.code.RopMethod::labelToPredecessors (54 bytes)

GC Heap History (2 events):
Event: 4.398 GC heap before
{Heap before GC invocations=1 (full 0):
 PSYoungGen      total 37888K, used 32768K [0x00000000eab00000, 0x00000000ed500000, 0x0000000100000000)
  eden space 32768K, 100% used [0x00000000eab00000,0x00000000ecb00000,0x00000000ecb00000)
  from space 5120K, 0% used [0x00000000ed000000,0x00000000ed000000,0x00000000ed500000)
  to   space 5120K, 0% used [0x00000000ecb00000,0x00000000ecb00000,0x00000000ed000000)
 ParOldGen       total 86016K, used 0K [0x00000000c0000000, 0x00000000c5400000, 0x00000000eab00000)
  object space 86016K, 0% used [0x00000000c0000000,0x00000000c0000000,0x00000000c5400000)
 Metaspace       used 5977K, capacity 6898K, committed 7040K, reserved 1056768K
  class space    used 599K, capacity 618K, committed 640K, reserved 1048576K
Event: 4.414 GC heap after
Heap after GC invocations=1 (full 0):
 PSYoungGen      total 37888K, used 5111K [0x00000000eab00000, 0x00000000ed500000, 0x0000000100000000)
  eden space 32768K, 0% used [0x00000000eab00000,0x00000000eab00000,0x00000000ecb00000)
  from space 5120K, 99% used [0x00000000ecb00000,0x00000000ecffdca8,0x00000000ed000000)
  to   space 5120K, 0% used [0x00000000ed000000,0x00000000ed000000,0x00000000ed500000)
 ParOldGen       total 86016K, used 1354K [0x00000000c0000000, 0x00000000c5400000, 0x00000000eab00000)
  object space 86016K, 1% used [0x00000000c0000000,0x00000000c0152968,0x00000000c5400000)
 Metaspace       used 5977K, capacity 6898K, committed 7040K, reserved 1056768K
  class space    used 599K, capacity 618K, committed 640K, reserved 1048576K
}

Deoptimization events (7 events):
Event: 4.154 Thread 0x00000000170e3000 Uncommon trap: reason=class_check action=maybe_recompile pc=0x00000000031359d0 method=com.android.dx.rop.type.Type.equals(Ljava/lang/Object;)Z @ 8
Event: 4.154 Thread 0x00000000170e3000 Uncommon trap: reason=class_check action=maybe_recompile pc=0x00000000031359d0 method=com.android.dx.rop.type.Type.equals(Ljava/lang/Object;)Z @ 8
Event: 4.156 Thread 0x00000000170e3000 Uncommon trap: reason=null_check action=make_not_entrant pc=0x00000000031597a4 method=com.android.dx.ssa.SsaRenamer.getLocalForNewReg(I)Lcom/android/dx/rop/code/LocalItem; @ 19
Event: 4.164 Thread 0x0000000002f1d800 Uncommon trap: reason=class_check action=maybe_recompile pc=0x00000000031359d0 method=com.android.dx.rop.type.Type.equals(Ljava/lang/Object;)Z @ 8
Event: 4.192 Thread 0x0000000017143000 Uncommon trap: reason=class_check action=maybe_recompile pc=0x00000000031359d0 method=com.android.dx.rop.type.Type.equals(Ljava/lang/Object;)Z @ 8
Event: 4.199 Thread 0x0000000017142000 Uncommon trap: reason=class_check action=maybe_recompile pc=0x0000000003136e20 method=com.android.dx.rop.type.Type.equals(Ljava/lang/Object;)Z @ 8
Event: 4.440 Thread 0x0000000017142000 Uncommon trap: reason=unstable_if action=reinterpret pc=0x0000000003265fc4 method=com.android.dx.ssa.SsaRenamer$BlockRenamer.addMapping(ILcom/android/dx/rop/code/RegisterSpec;)V @ 120

Internal exceptions (3 events):
Event: 0.026 Thread 0x0000000002f1d800 Exception <a 'java/lang/NoSuchMethodError': Method sun.misc.Unsafe.defineClass(Ljava/lang/String;[BII)Ljava/lang/Class; name or signature does not match> (0x00000000eab07cc0) thrown at [C:\re\workspace\8-2-build-windows-amd64-cygwin\jdk8u101\7261\hotspot\søØZ/aš?
Event: 0.026 Thread 0x0000000002f1d800 Exception <a 'java/lang/NoSuchMethodError': Method sun.misc.Unsafe.prefetchRead(Ljava/lang/Object;J)V name or signature does not match> (0x00000000eab07fa8) thrown at [C:\re\workspace\8-2-build-windows-amd64-cygwin\jdk8u101\7261\hotspot\src\share\vm\prims\yÔq¬Ÿ@
Event: 4.156 Thread 0x00000000170e3000 Implicit null exception at 0x00000000031580ee to 0x0000000003159785

Events (10 events):
Event: 4.194 loading class com/android/dx/cf/attrib/AttAnnotationDefault
Event: 4.194 loading class com/android/dx/cf/attrib/AttAnnotationDefault done
Event: 4.199 Thread 0x0000000017142000 Uncommon trap: trap_request=0xffffffde fr.pc=0x0000000003136e20
Event: 4.199 Thread 0x0000000017142000 DEOPT PACKING pc=0x0000000003136e20 sp=0x000000001787dcf0
Event: 4.199 Thread 0x0000000017142000 DEOPT UNPACKING pc=0x0000000002f6582a sp=0x000000001787dad0 mode 2
Event: 4.262 Executing VM operation: ParallelGCFailedAllocation
Event: 4.414 Executing VM operation: ParallelGCFailedAllocation done
Event: 4.440 Thread 0x0000000017142000 Uncommon trap: trap_request=0xffffff65 fr.pc=0x0000000003265fc4
Event: 4.440 Thread 0x0000000017142000 DEOPT PACKING pc=0x0000000003265fc4 sp=0x000000001787e710
Event: 4.440 Thread 0x0000000017142000 DEOPT UNPACKING pc=0x0000000002f6582a sp=0x000000001787e6a0 mode 2


Dynamic libraries:
0x00007ff7e9c10000 - 0x00007ff7e9c47000 	C:\Program Files\Java\jdk1.8.0_101\bin\java.exe
0x00007ff9c4de0000 - 0x00007ff9c4fb1000 	C:\WINDOWS\SYSTEM32\ntdll.dll
0x00007ff9c2440000 - 0x00007ff9c24eb000 	C:\WINDOWS\System32\KERNEL32.DLL
0x00007ff9c2150000 - 0x00007ff9c236d000 	C:\WINDOWS\System32\KERNELBASE.dll
0x00007ff9c2b50000 - 0x00007ff9c2bf2000 	C:\WINDOWS\System32\ADVAPI32.dll
0x00007ff9c23a0000 - 0x00007ff9c243e000 	C:\WINDOWS\System32\msvcrt.dll
0x00007ff9c3490000 - 0x00007ff9c34e9000 	C:\WINDOWS\System32\sechost.dll
0x00007ff9c2c00000 - 0x00007ff9c2d21000 	C:\WINDOWS\System32\RPCRT4.dll
0x00007ff9c2e10000 - 0x00007ff9c2f75000 	C:\WINDOWS\System32\USER32.dll
0x00007ff9c2090000 - 0x00007ff9c20ae000 	C:\WINDOWS\System32\win32u.dll
0x00007ff9c2f80000 - 0x00007ff9c2fb4000 	C:\WINDOWS\System32\GDI32.dll
0x00007ff9c1bb0000 - 0x00007ff9c1d32000 	C:\WINDOWS\System32\gdi32full.dll
0x00007ff9b7e40000 - 0x00007ff9b80b9000 	C:\WINDOWS\WinSxS\amd64_microsoft.windows.common-controls_6595b64144ccf1df_6.0.14393.0_none_2d0f50fcbdb171b8\COMCTL32.dll
0x00007ff9c2880000 - 0x00007ff9c2b47000 	C:\WINDOWS\System32\combase.dll
0x00007ff9c1ab0000 - 0x00007ff9c1ba5000 	C:\WINDOWS\System32\ucrtbase.dll
0x00007ff9c1fc0000 - 0x00007ff9c202a000 	C:\WINDOWS\System32\bcryptPrimitives.dll
0x00007ff9c2370000 - 0x00007ff9c239e000 	C:\WINDOWS\System32\IMM32.DLL
0x00000000641c0000 - 0x0000000064292000 	C:\Program Files\Java\jdk1.8.0_101\jre\bin\msvcr100.dll
0x0000000066540000 - 0x0000000066dda000 	C:\Program Files\Java\jdk1.8.0_101\jre\bin\server\jvm.dll
0x00007ff9c3500000 - 0x00007ff9c3508000 	C:\WINDOWS\System32\PSAPI.DLL
0x00007ff9b5010000 - 0x00007ff9b5019000 	C:\WINDOWS\SYSTEM32\WSOCK32.dll
0x00007ff9bec60000 - 0x00007ff9bec83000 	C:\WINDOWS\SYSTEM32\WINMM.dll
0x00007ff9c3510000 - 0x00007ff9c357a000 	C:\WINDOWS\System32\WS2_32.dll
0x00007ff9bb4f0000 - 0x00007ff9bb4fa000 	C:\WINDOWS\SYSTEM32\VERSION.dll
0x00007ff9bec00000 - 0x00007ff9bec2b000 	C:\WINDOWS\SYSTEM32\WINMMBASE.dll
0x00007ff9c1380000 - 0x00007ff9c13c2000 	C:\WINDOWS\System32\cfgmgr32.dll
0x0000000066530000 - 0x000000006653f000 	C:\Program Files\Java\jdk1.8.0_101\jre\bin\verify.dll
0x0000000066500000 - 0x0000000066529000 	C:\Program Files\Java\jdk1.8.0_101\jre\bin\java.dll
0x00000000664e0000 - 0x00000000664f6000 	C:\Program Files\Java\jdk1.8.0_101\jre\bin\zip.dll
0x00007ff9c38d0000 - 0x00007ff9c4dd8000 	C:\WINDOWS\System32\SHELL32.dll
0x00007ff9c13d0000 - 0x00007ff9c1aaa000 	C:\WINDOWS\System32\windows.storage.dll
0x00007ff9c1270000 - 0x00007ff9c12bc000 	C:\WINDOWS\System32\powrprof.dll
0x00007ff9c25c0000 - 0x00007ff9c2612000 	C:\WINDOWS\System32\shlwapi.dll
0x00007ff9c12c0000 - 0x00007ff9c12cf000 	C:\WINDOWS\System32\kernel.appcore.dll
0x00007ff9c1f10000 - 0x00007ff9c1fb9000 	C:\WINDOWS\System32\shcore.dll
0x00007ff9c1240000 - 0x00007ff9c1254000 	C:\WINDOWS\System32\profapi.dll

VM Arguments:
jvm_args: -Djava.awt.headless=true -Xmx1024M -Dfile.encoding=windows-1252 -Duser.country=MX -Duser.language=es -Duser.variant 
java_command: com.android.dx.command.Main --dex --force-jumbo --num-threads=4 --multi-dex --output O:\Android\VentaenRuta2016\app\build\intermediates\transforms\dex\debug\folders\1000\10\gson-2.1_e21c6a1620782f3787d71ba9009d38af17c040c4 C:\Users\mario\.gradle\caches\modules-2\files-2.1\com.google.code.gson\gson\2.1\2e66da15851f9f5b5079228f856c2f090ba98c38\gson-2.1.jar
java_class_path (initial): C:\Users\mario\AppData\Local\Android\sdk\build-tools\24.0.2\lib\dx.jar
Launcher Type: SUN_STANDARD

Environment Variables:
PATH=C:\ProgramData\Oracle\Java\javapath;C:\Program Files (x86)\Intel\iCLS Client\;C:\Program Files\Intel\iCLS Client\;C:\Windows\system32;C:\Windows;C:\Windows\System32\Wbem;C:\Windows\System32\WindowsPowerShell\v1.0\;C:\Program Files (x86)\NVIDIA Corporation\PhysX\Common;C:\Program Files (x86)\Intel\Intel(R) Management Engine Components\DAL;C:\Program Files\Intel\Intel(R) Management Engine Components\DAL;C:\Program Files (x86)\Intel\Intel(R) Management Engine Components\IPT;C:\Program Files\Intel\Intel(R) Management Engine Components\IPT;C:\WINDOWS\system32;C:\WINDOWS;C:\WINDOWS\System32\Wbem;C:\WINDOWS\System32\WindowsPowerShell\v1.0\;C:\WINDOWS\system32\config\systemprofile\.dnx\bin;C:\Program Files\Microsoft DNX\Dnvm\;C:\Program Files (x86)\Windows Kits\10\Windows Performance Toolkit\;C:\Program Files\Git\cmd;C:\Program Files\Microsoft SQL Server\130\Tools\Binn\;C:\Program Files\Microsoft\Web Platform Installer\;C:\Program Files (x86)\nodejs\;C:\Users\mario\AppData\Roaming\npm;%USERPROFILE%\AppData\Local\Microsoft\WindowsApps;
USERNAME=mario
OS=Windows_NT
PROCESSOR_IDENTIFIER=Intel64 Family 6 Model 94 Stepping 3, GenuineIntel



---------------  S Y S T E M  ---------------

OS: Windows 10.0 , 64 bit Build 14393 (10.0.14393.0)

CPU:total 4 (4 cores per cpu, 1 threads per core) family 6 model 94 stepping 3, cmov, cx8, fxsr, mmx, sse, sse2, sse3, ssse3, sse4.1, sse4.2, popcnt, avx, avx2, aes, clmul, erms, rtm, 3dnowpref, lzcnt, tsc, tscinvbit, bmi1, bmi2, adx

Memory: 4k page, physical 8245152k(1076368k free), swap 8245152k(5348k free)

vm_info: Java HotSpot(TM) 64-Bit Server VM (25.101-b13) for windows-amd64 JRE (1.8.0_101-b13), built on Jun 22 2016 01:21:29 by "java_re" with MS VC++ 10.0 (VS2010)

time: Sat Oct 22 11:15:10 2016
elapsed time: 4 seconds (0d 0h 0m 4s)

