#
# There is insufficient memory for the Java Runtime Environment to continue.
# Native memory allocation (malloc) failed to allocate 32744 bytes for ChunkPool::allocate
# Possible reasons:
#   The system is out of physical RAM or swap space
#   In 32 bit mode, the process size limit was hit
# Possible solutions:
#   Reduce memory load on the system
#   Increase physical memory or swap space
#   Check if swap backing store is full
#   Use 64 bit Java on a 64 bit OS
#   Decrease Java heap size (-Xmx/-Xms)
#   Decrease number of Java threads
#   Decrease Java thread stack sizes (-Xss)
#   Set larger code cache with -XX:ReservedCodeCacheSize=
# This output file may be truncated or incomplete.
#
#  Out of Memory Error (allocation.cpp:273), pid=8312, tid=0x0000000000000b94
#
# JRE version: Java(TM) SE Runtime Environment (8.0_101-b13) (build 1.8.0_101-b13)
# Java VM: Java HotSpot(TM) 64-Bit Server VM (25.101-b13 mixed mode windows-amd64 compressed oops)
# Failed to write core dump. Minidumps are not enabled by default on client versions of Windows
#

---------------  T H R E A D  ---------------

Current thread (0x00000000159da800):  JavaThread "C2 CompilerThread1" daemon [_thread_in_native, id=2964, stack(0x0000000017140000,0x0000000017240000)]

Stack: [0x0000000017140000,0x0000000017240000]
[error occurred during error reporting (printing stack bounds), id 0xc0000005]

Native frames: (J=compiled Java code, j=interpreted, Vv=VM code, C=native code)


Current CompileTask:
C2:   1603 1126   !   4       com.android.dx.cf.code.BytecodeArray::parseInstruction (2764 bytes)


---------------  P R O C E S S  ---------------

Java Threads: ( => current thread )
  0x000000001739c800 JavaThread "pool-2-thread-4" [_thread_blocked, id=5860, stack(0x0000000017d40000,0x0000000017e40000)]
  0x0000000017397800 JavaThread "pool-2-thread-3" [_thread_blocked, id=2480, stack(0x0000000017c40000,0x0000000017d40000)]
  0x0000000017396000 JavaThread "pool-2-thread-2" [_thread_in_Java, id=8596, stack(0x0000000017b40000,0x0000000017c40000)]
  0x0000000017393800 JavaThread "pool-3-thread-1" [_thread_blocked, id=3968, stack(0x0000000017a40000,0x0000000017b40000)]
  0x0000000017385000 JavaThread "pool-2-thread-1" [_thread_in_vm, id=2220, stack(0x0000000017940000,0x0000000017a40000)]
  0x0000000017246000 JavaThread "Service Thread" daemon [_thread_blocked, id=3844, stack(0x0000000017740000,0x0000000017840000)]
  0x00000000159e4000 JavaThread "C1 CompilerThread2" daemon [_thread_blocked, id=3760, stack(0x0000000017640000,0x0000000017740000)]
=>0x00000000159da800 JavaThread "C2 CompilerThread1" daemon [_thread_in_native, id=2964, stack(0x0000000017140000,0x0000000017240000)]
  0x00000000159e9800 JavaThread "C2 CompilerThread0" daemon [_thread_in_native, id=10296, stack(0x0000000017040000,0x0000000017140000)]
  0x00000000159e7800 JavaThread "Attach Listener" daemon [_thread_blocked, id=12252, stack(0x0000000016f40000,0x0000000017040000)]
  0x00000000159e6000 JavaThread "Signal Dispatcher" daemon [_thread_blocked, id=12196, stack(0x0000000016e40000,0x0000000016f40000)]
  0x0000000003305800 JavaThread "Finalizer" daemon [_thread_blocked, id=8304, stack(0x0000000016c30000,0x0000000016d30000)]
  0x0000000003300000 JavaThread "Reference Handler" daemon [_thread_blocked, id=10624, stack(0x0000000016b30000,0x0000000016c30000)]
  0x0000000001a6d800 JavaThread "main" [_thread_in_Java, id=8380, stack(0x0000000003030000,0x0000000003130000)]

Other Threads:
  0x00000000159a8000 VMThread [stack: 0x0000000016a30000,0x0000000016b30000] [id=4848]
  0x0000000017263800 WatcherThread [stack: 0x0000000017840000,0x0000000017940000] [id=3496]

VM state:not at safepoint (normal execution)

VM Mutex/Monitor currently owned by a thread: None

Heap:
 PSYoungGen      total 37888K, used 31747K [0x00000000eab00000, 0x00000000ed500000, 0x0000000100000000)
  eden space 32768K, 96% used [0x00000000eab00000,0x00000000eca00f20,0x00000000ecb00000)
  from space 5120K, 0% used [0x00000000ed000000,0x00000000ed000000,0x00000000ed500000)
  to   space 5120K, 0% used [0x00000000ecb00000,0x00000000ecb00000,0x00000000ed000000)
 ParOldGen       total 86016K, used 0K [0x00000000c0000000, 0x00000000c5400000, 0x00000000eab00000)
  object space 86016K, 0% used [0x00000000c0000000,0x00000000c0000000,0x00000000c5400000)
 Metaspace       used 5918K, capacity 6834K, committed 7040K, reserved 1056768K
  class space    used 597K, capacity 618K, committed 640K, reserved 1048576K

Card table byte_map: [0x00000000126d0000,0x00000000128e0000] byte_map_base: 0x00000000120d0000

Marking Bits: (ParMarkBitMap*) 0x0000000067f0a6d0
 Begin Bits: [0x0000000012e40000, 0x0000000013e40000)
 End Bits:   [0x0000000013e40000, 0x0000000014e40000)

Polling page: 0x00000000013e0000

CodeCache: size=245760Kb used=4435Kb max_used=4445Kb free=241324Kb
 bounds [0x0000000003310000, 0x0000000003770000, 0x0000000012310000]
 total_blobs=1391 nmethods=1122 adapters=182
 compilation: enabled

Compilation events (10 events):
Event: 1.590 Thread 0x00000000159da800 nmethod 1102 0x0000000003697bd0 code [0x0000000003697d00, 0x0000000003697d98]
Event: 1.590 Thread 0x00000000159da800 1109       4       com.android.dx.util.BitIntSet::add (15 bytes)
Event: 1.592 Thread 0x00000000159da800 nmethod 1109 0x0000000003768350 code [0x00000000037684a0, 0x00000000037686d8]
Event: 1.592 Thread 0x00000000159da800 1100       4       com.android.dx.rop.type.Type::getFrameType (58 bytes)
Event: 1.593 Thread 0x00000000159da800 nmethod 1100 0x000000000369df90 code [0x000000000369e0c0, 0x000000000369e158]
Event: 1.593 Thread 0x00000000159da800 1124       4       com.android.dx.rop.code.Rop::isCommutative (60 bytes)
Event: 1.593 Thread 0x00000000159da800 nmethod 1124 0x0000000003702cd0 code [0x0000000003702e00, 0x0000000003702e98]
Event: 1.593 Thread 0x00000000159e4000 1125       1       com.android.dx.cf.attrib.BaseLocalVariables::getLocalVariables (5 bytes)
Event: 1.594 Thread 0x00000000159e4000 nmethod 1125 0x0000000003768090 code [0x00000000037681e0, 0x00000000037682f0]
Event: 1.594 Thread 0x00000000159da800 1126   !   4       com.android.dx.cf.code.BytecodeArray::parseInstruction (2764 bytes)

GC Heap History (0 events):
No events

Deoptimization events (5 events):
Event: 0.979 Thread 0x0000000001a6d800 Uncommon trap: reason=unstable_if action=reinterpret pc=0x0000000003529f9c method=java.util.HashMap.getNode(ILjava/lang/Object;)Ljava/util/HashMap$Node; @ 129
Event: 1.070 Thread 0x0000000017385000 Uncommon trap: reason=unstable_if action=reinterpret pc=0x000000000356ae30 method=java.util.BitSet.nextSetBit(I)I @ 87
Event: 1.499 Thread 0x0000000001a6d800 Uncommon trap: reason=unstable_if action=reinterpret pc=0x00000000036d993c method=com.android.dx.rop.code.RegisterSpec.equals(ILcom/android/dx/rop/type/TypeBearer;Lcom/android/dx/rop/code/LocalItem;)Z @ 42
Event: 1.566 Thread 0x0000000017396000 Uncommon trap: reason=null_check action=make_not_entrant pc=0x0000000003626a74 method=com.android.dx.ssa.SsaRenamer.getLocalForNewReg(I)Lcom/android/dx/rop/code/LocalItem; @ 19
Event: 1.566 Thread 0x0000000017396000 Uncommon trap: reason=unstable_if action=reinterpret pc=0x00000000037355dc method=com.android.dx.rop.cst.Constant.compareTo(Lcom/android/dx/rop/cst/Constant;)I @ 12

Internal exceptions (3 events):
Event: 0.029 Thread 0x0000000001a6d800 Exception <a 'java/lang/NoSuchMethodError': Method sun.misc.Unsafe.defineClass(Ljava/lang/String;[BII)Ljava/lang/Class; name or signature does not match> (0x00000000eab07cc0) thrown at [C:\re\workspace\8-2-build-windows-amd64-cygwin\jdk8u101\7261\hotspot\sdTF¨ fù?
Event: 0.029 Thread 0x0000000001a6d800 Exception <a 'java/lang/NoSuchMethodError': Method sun.misc.Unsafe.prefetchRead(Ljava/lang/Object;J)V name or signature does not match> (0x00000000eab07fa8) thrown at [C:\re\workspace\8-2-build-windows-amd64-cygwin\jdk8u101\7261\hotspot\src\share\vm\prims\|•D÷ø˘?
Event: 1.566 Thread 0x0000000017396000 Implicit null exception at 0x00000000036248fa to 0x0000000003626a31

Events (10 events):
Event: 1.499 Thread 0x0000000001a6d800 DEOPT PACKING pc=0x00000000036d993c sp=0x000000000312e470
Event: 1.499 Thread 0x0000000001a6d800 DEOPT UNPACKING pc=0x000000000335582a sp=0x000000000312e3f8 mode 2
Event: 1.530 Executing VM operation: ForceSafepoint
Event: 1.542 Executing VM operation: ForceSafepoint done
Event: 1.566 Thread 0x0000000017396000 Uncommon trap: trap_request=0xfffffff4 fr.pc=0x0000000003626a74
Event: 1.566 Thread 0x0000000017396000 DEOPT PACKING pc=0x0000000003626a74 sp=0x0000000017c3e820
Event: 1.566 Thread 0x0000000017396000 DEOPT UNPACKING pc=0x000000000335582a sp=0x0000000017c3e678 mode 2
Event: 1.566 Thread 0x0000000017396000 Uncommon trap: trap_request=0xffffff65 fr.pc=0x00000000037355dc
Event: 1.566 Thread 0x0000000017396000 DEOPT PACKING pc=0x00000000037355dc sp=0x0000000017c3e5e0
Event: 1.566 Thread 0x0000000017396000 DEOPT UNPACKING pc=0x000000000335582a sp=0x0000000017c3e580 mode 2


Dynamic libraries:
0x00007ff605890000 - 0x00007ff6058c7000 	C:\Program Files\Java\jdk1.8.0_101\bin\java.exe
0x00007ffab0db0000 - 0x00007ffab0f81000 	C:\WINDOWS\SYSTEM32\ntdll.dll
0x00007ffab0c90000 - 0x00007ffab0d3b000 	C:\WINDOWS\System32\KERNEL32.DLL
0x00007ffaadac0000 - 0x00007ffaadcdd000 	C:\WINDOWS\System32\KERNELBASE.dll
0x00007ffaaed10000 - 0x00007ffaaedb2000 	C:\WINDOWS\System32\ADVAPI32.dll
0x00007ffaaeb00000 - 0x00007ffaaeb9e000 	C:\WINDOWS\System32\msvcrt.dll
0x00007ffaaf2f0000 - 0x00007ffaaf349000 	C:\WINDOWS\System32\sechost.dll
0x00007ffaaf350000 - 0x00007ffaaf471000 	C:\WINDOWS\System32\RPCRT4.dll
0x00007ffaaeba0000 - 0x00007ffaaed05000 	C:\WINDOWS\System32\USER32.dll
0x00007ffaad980000 - 0x00007ffaad99e000 	C:\WINDOWS\System32\win32u.dll
0x00007ffab0c50000 - 0x00007ffab0c84000 	C:\WINDOWS\System32\GDI32.dll
0x00007ffaadd80000 - 0x00007ffaadf02000 	C:\WINDOWS\System32\gdi32full.dll
0x00007ffaa4ad0000 - 0x00007ffaa4d49000 	C:\WINDOWS\WinSxS\amd64_microsoft.windows.common-controls_6595b64144ccf1df_6.0.14393.0_none_2d0f50fcbdb171b8\COMCTL32.dll
0x00007ffaae340000 - 0x00007ffaae607000 	C:\WINDOWS\System32\combase.dll
0x00007ffaadf70000 - 0x00007ffaae065000 	C:\WINDOWS\System32\ucrtbase.dll
0x00007ffaada50000 - 0x00007ffaadaba000 	C:\WINDOWS\System32\bcryptPrimitives.dll
0x00007ffaaf2c0000 - 0x00007ffaaf2ee000 	C:\WINDOWS\System32\IMM32.DLL
0x00000000670e0000 - 0x00000000671b2000 	C:\Program Files\Java\jdk1.8.0_101\jre\bin\msvcr100.dll
0x00000000676f0000 - 0x0000000067f8a000 	C:\Program Files\Java\jdk1.8.0_101\jre\bin\server\jvm.dll
0x00007ffaae7d0000 - 0x00007ffaae7d8000 	C:\WINDOWS\System32\PSAPI.DLL
0x00007ffaa6b70000 - 0x00007ffaa6b79000 	C:\WINDOWS\SYSTEM32\WSOCK32.dll
0x00007ffab0aa0000 - 0x00007ffab0b0a000 	C:\WINDOWS\System32\WS2_32.dll
0x00007ffaab230000 - 0x00007ffaab253000 	C:\WINDOWS\SYSTEM32\WINMM.dll
0x00007ffaa8fe0000 - 0x00007ffaa8fea000 	C:\WINDOWS\SYSTEM32\VERSION.dll
0x00007ffaab1d0000 - 0x00007ffaab1fb000 	C:\WINDOWS\SYSTEM32\WINMMBASE.dll
0x00007ffaae120000 - 0x00007ffaae162000 	C:\WINDOWS\System32\cfgmgr32.dll
0x00000000689d0000 - 0x00000000689df000 	C:\Program Files\Java\jdk1.8.0_101\jre\bin\verify.dll
0x00000000689a0000 - 0x00000000689c9000 	C:\Program Files\Java\jdk1.8.0_101\jre\bin\java.dll
0x0000000068980000 - 0x0000000068996000 	C:\Program Files\Java\jdk1.8.0_101\jre\bin\zip.dll
0x00007ffaaf480000 - 0x00007ffab0988000 	C:\WINDOWS\System32\SHELL32.dll
0x00007ffaad2a0000 - 0x00007ffaad97a000 	C:\WINDOWS\System32\windows.storage.dll
0x00007ffaad250000 - 0x00007ffaad29c000 	C:\WINDOWS\System32\powrprof.dll
0x00007ffab0a40000 - 0x00007ffab0a92000 	C:\WINDOWS\System32\shlwapi.dll
0x00007ffaad230000 - 0x00007ffaad23f000 	C:\WINDOWS\System32\kernel.appcore.dll
0x00007ffaad9a0000 - 0x00007ffaada49000 	C:\WINDOWS\System32\shcore.dll
0x00007ffaad210000 - 0x00007ffaad224000 	C:\WINDOWS\System32\profapi.dll

VM Arguments:
jvm_args: -Djava.awt.headless=true -Xmx1024M -Dfile.encoding=windows-1252 -Duser.country=MX -Duser.language=es -Duser.variant 
java_command: com.android.dx.command.Main --dex --force-jumbo --num-threads=4 --multi-dex --output O:\Android\VentaenRuta2016\app\build\intermediates\transforms\dex\debug\folders\1000\10\instant-run_1b1338de9028a72e14d84537c2f7b1c01ddf8bb9 O:\Android\VentaenRuta2016\app\build\intermediates\incremental-runtime-classes\debug\instant-run.jar
java_class_path (initial): C:\Users\mario\AppData\Local\Android\sdk\build-tools\24.0.2\lib\dx.jar
Launcher Type: SUN_STANDARD

Environment Variables:
PATH=C:\ProgramData\Oracle\Java\javapath;C:\Program Files (x86)\Intel\iCLS Client\;C:\Program Files\Intel\iCLS Client\;C:\Windows\system32;C:\Windows;C:\Windows\System32\Wbem;C:\Windows\System32\WindowsPowerShell\v1.0\;C:\Program Files (x86)\NVIDIA Corporation\PhysX\Common;C:\Program Files (x86)\Intel\Intel(R) Management Engine Components\DAL;C:\Program Files\Intel\Intel(R) Management Engine Components\DAL;C:\Program Files (x86)\Intel\Intel(R) Management Engine Components\IPT;C:\Program Files\Intel\Intel(R) Management Engine Components\IPT;C:\WINDOWS\system32;C:\WINDOWS;C:\WINDOWS\System32\Wbem;C:\WINDOWS\System32\WindowsPowerShell\v1.0\;C:\Users\mario\.dnx\bin;C:\Program Files\Microsoft DNX\Dnvm\;C:\Program Files (x86)\Windows Kits\10\Windows Performance Toolkit\;C:\Program Files\Git\cmd;C:\Program Files\Microsoft SQL Server\130\Tools\Binn\;C:\Program Files\Microsoft\Web Platform Installer\;C:\Program Files (x86)\nodejs\;C:\Users\mario\AppData\Roaming\npm;%USERPROFILE%\AppData\Local\Microsoft\WindowsApps;
USERNAME=mario
OS=Windows_NT
PROCESSOR_IDENTIFIER=Intel64 Family 6 Model 94 Stepping 3, GenuineIntel



---------------  S Y S T E M  ---------------

OS: Windows 10.0 , 64 bit Build 14393 (10.0.14393.0)

CPU:total 4 (4 cores per cpu, 1 threads per core) family 6 model 94 stepping 3, cmov, cx8, fxsr, mmx, sse, sse2, sse3, ssse3, sse4.1, sse4.2, popcnt, avx, avx2, aes, clmul, erms, rtm, 3dnowpref, lzcnt, tsc, tscinvbit, bmi1, bmi2, adx

Memory: 4k page, physical 8245152k(1260684k free), swap 10192800k(4096k free)

vm_info: Java HotSpot(TM) 64-Bit Server VM (25.101-b13) for windows-amd64 JRE (1.8.0_101-b13), built on Jun 22 2016 01:21:29 by "java_re" with MS VC++ 10.0 (VS2010)

time: Mon Oct 03 02:31:25 2016
elapsed time: 1 seconds (0d 0h 0m 1s)

