#
# There is insufficient memory for the Java Runtime Environment to continue.
# Native memory allocation (malloc) failed to allocate 282016 bytes for Chunk::new
# Possible reasons:
#   The system is out of physical RAM or swap space
#   In 32 bit mode, the process size limit was hit
# Possible solutions:
#   Reduce memory load on the system
#   Increase physical memory or swap space
#   Check if swap backing store is full
#   Use 64 bit Java on a 64 bit OS
#   Decrease Java heap size (-Xmx/-Xms)
#   Decrease number of Java threads
#   Decrease Java thread stack sizes (-Xss)
#   Set larger code cache with -XX:ReservedCodeCacheSize=
# This output file may be truncated or incomplete.
#
#  Out of Memory Error (allocation.cpp:390), pid=9464, tid=0x00000000000025ec
#
# JRE version: Java(TM) SE Runtime Environment (8.0_101-b13) (build 1.8.0_101-b13)
# Java VM: Java HotSpot(TM) 64-Bit Server VM (25.101-b13 mixed mode windows-amd64 compressed oops)
# Failed to write core dump. Minidumps are not enabled by default on client versions of Windows
#

---------------  T H R E A D  ---------------

Current thread (0x0000000014add800):  JavaThread "C2 CompilerThread0" daemon [_thread_in_native, id=9708, stack(0x0000000016150000,0x0000000016250000)]

Stack: [0x0000000016150000,0x0000000016250000]
[error occurred during error reporting (printing stack bounds), id 0xc0000005]

Native frames: (J=compiled Java code, j=interpreted, Vv=VM code, C=native code)


Current CompileTask:
C2:   1260 1701 %     4       sun.security.provider.SHA::implCompress @ 12 (491 bytes)


---------------  P R O C E S S  ---------------

Java Threads: ( => current thread )
  0x0000000016478800 JavaThread "Service Thread" daemon [_thread_blocked, id=9108, stack(0x0000000016850000,0x0000000016950000)]
  0x0000000014ae4800 JavaThread "C1 CompilerThread2" daemon [_thread_blocked, id=10308, stack(0x0000000016350000,0x0000000016450000)]
  0x0000000014ae1000 JavaThread "C2 CompilerThread1" daemon [_thread_blocked, id=9896, stack(0x0000000016250000,0x0000000016350000)]
=>0x0000000014add800 JavaThread "C2 CompilerThread0" daemon [_thread_in_native, id=9708, stack(0x0000000016150000,0x0000000016250000)]
  0x0000000014adb800 JavaThread "Attach Listener" daemon [_thread_blocked, id=7420, stack(0x0000000016050000,0x0000000016150000)]
  0x0000000014ada000 JavaThread "Signal Dispatcher" daemon [_thread_blocked, id=7732, stack(0x0000000015f50000,0x0000000016050000)]
  0x000000000240b000 JavaThread "Finalizer" daemon [_thread_blocked, id=8872, stack(0x0000000015d40000,0x0000000015e40000)]
  0x0000000002400000 JavaThread "Reference Handler" daemon [_thread_blocked, id=11048, stack(0x0000000015c40000,0x0000000015d40000)]
  0x00000000021ed800 JavaThread "main" [_thread_in_native, id=1256, stack(0x0000000002210000,0x0000000002310000)]

Other Threads:
  0x0000000014aa8000 VMThread [stack: 0x0000000015b40000,0x0000000015c40000] [id=6788]
  0x00000000164ac000 WatcherThread [stack: 0x0000000016950000,0x0000000016a50000] [id=7204]

VM state:not at safepoint (normal execution)

VM Mutex/Monitor currently owned by a thread: None

Heap:
 PSYoungGen      total 37888K, used 35917K [0x00000000eab00000, 0x00000000ef500000, 0x0000000100000000)
  eden space 32768K, 94% used [0x00000000eab00000,0x00000000ec9192a0,0x00000000ecb00000)
  from space 5120K, 99% used [0x00000000ecb00000,0x00000000ecffa428,0x00000000ed000000)
  to   space 5120K, 0% used [0x00000000ef000000,0x00000000ef000000,0x00000000ef500000)
 ParOldGen       total 86016K, used 1224K [0x00000000c0000000, 0x00000000c5400000, 0x00000000eab00000)
  object space 86016K, 1% used [0x00000000c0000000,0x00000000c0132020,0x00000000c5400000)
 Metaspace       used 6635K, capacity 7352K, committed 7680K, reserved 1056768K
  class space    used 654K, capacity 688K, committed 768K, reserved 1048576K

Card table byte_map: [0x00000000117d0000,0x00000000119e0000] byte_map_base: 0x00000000111d0000

Marking Bits: (ParMarkBitMap*) 0x0000000066d5a6d0
 Begin Bits: [0x0000000011f40000, 0x0000000012f40000)
 End Bits:   [0x0000000012f40000, 0x0000000013f40000)

Polling page: 0x0000000002190000

CodeCache: size=245760Kb used=6012Kb max_used=6013Kb free=239748Kb
 bounds [0x0000000002410000, 0x0000000002a00000, 0x0000000011410000]
 total_blobs=1963 nmethods=1687 adapters=189
 compilation: enabled

Compilation events (10 events):
Event: 1.252 Thread 0x0000000014ae4800 1697       3       java.lang.Integer::reverseBytes (26 bytes)
Event: 1.252 Thread 0x0000000014ae4800 nmethod 1697 0x00000000029f1090 code [0x00000000029f11e0, 0x00000000029f1330]
Event: 1.252 Thread 0x0000000014add800 1698       4       java.lang.Integer::reverseBytes (26 bytes)
Event: 1.252 Thread 0x0000000014add800 nmethod 1698 0x00000000029ef990 code [0x00000000029efac0, 0x00000000029efb38]
Event: 1.252 Thread 0x0000000014ae4800 1699       3       sun.security.provider.SHA::implCompress (491 bytes)
Event: 1.253 Thread 0x0000000014ae1000 nmethod 1695 0x00000000029ef410 code [0x00000000029ef560, 0x00000000029ef7b8]
Event: 1.253 Thread 0x0000000014ae4800 nmethod 1699 0x00000000029efd50 code [0x00000000029eff40, 0x00000000029f0828]
Event: 1.253 Thread 0x0000000014ae4800 1700       3       sun.security.provider.ByteArrayAccess::b2iBig64 (614 bytes)
Event: 1.253 Thread 0x0000000014add800 1701 %     4       sun.security.provider.SHA::implCompress @ 12 (491 bytes)
Event: 1.254 Thread 0x0000000014ae4800 nmethod 1700 0x00000000029f34d0 code [0x00000000029f36e0, 0x00000000029f44a8]

GC Heap History (2 events):
Event: 0.794 GC heap before
{Heap before GC invocations=1 (full 0):
 PSYoungGen      total 37888K, used 32768K [0x00000000eab00000, 0x00000000ed500000, 0x0000000100000000)
  eden space 32768K, 100% used [0x00000000eab00000,0x00000000ecb00000,0x00000000ecb00000)
  from space 5120K, 0% used [0x00000000ed000000,0x00000000ed000000,0x00000000ed500000)
  to   space 5120K, 0% used [0x00000000ecb00000,0x00000000ecb00000,0x00000000ed000000)
 ParOldGen       total 86016K, used 0K [0x00000000c0000000, 0x00000000c5400000, 0x00000000eab00000)
  object space 86016K, 0% used [0x00000000c0000000,0x00000000c0000000,0x00000000c5400000)
 Metaspace       used 5936K, capacity 6902K, committed 7040K, reserved 1056768K
  class space    used 603K, capacity 622K, committed 640K, reserved 1048576K
Event: 0.812 GC heap after
Heap after GC invocations=1 (full 0):
 PSYoungGen      total 37888K, used 5097K [0x00000000eab00000, 0x00000000ef500000, 0x0000000100000000)
  eden space 32768K, 0% used [0x00000000eab00000,0x00000000eab00000,0x00000000ecb00000)
  from space 5120K, 99% used [0x00000000ecb00000,0x00000000ecffa428,0x00000000ed000000)
  to   space 5120K, 0% used [0x00000000ef000000,0x00000000ef000000,0x00000000ef500000)
 ParOldGen       total 86016K, used 1224K [0x00000000c0000000, 0x00000000c5400000, 0x00000000eab00000)
  object space 86016K, 1% used [0x00000000c0000000,0x00000000c0132020,0x00000000c5400000)
 Metaspace       used 5936K, capacity 6902K, committed 7040K, reserved 1056768K
  class space    used 603K, capacity 622K, committed 640K, reserved 1048576K
}

Deoptimization events (10 events):
Event: 1.152 Thread 0x00000000165b9000 Uncommon trap: reason=class_check action=maybe_recompile pc=0x00000000026b94f8 method=java.util.Arrays.equals([Ljava/lang/Object;[Ljava/lang/Object;)Z @ 62
Event: 1.152 Thread 0x00000000165b9000 Uncommon trap: reason=speculate_class_check action=maybe_recompile pc=0x00000000026bc5ec method=com.android.dx.util.FixedSizeList.equals(Ljava/lang/Object;)Z @ 25
Event: 1.152 Thread 0x00000000165b9000 Uncommon trap: reason=class_check action=maybe_recompile pc=0x00000000026b94f8 method=java.util.Arrays.equals([Ljava/lang/Object;[Ljava/lang/Object;)Z @ 62
Event: 1.152 Thread 0x00000000165b9000 Uncommon trap: reason=speculate_class_check action=maybe_recompile pc=0x00000000026bc5ec method=com.android.dx.util.FixedSizeList.equals(Ljava/lang/Object;)Z @ 25
Event: 1.152 Thread 0x00000000165b9000 Uncommon trap: reason=class_check action=maybe_recompile pc=0x00000000026b94f8 method=java.util.Arrays.equals([Ljava/lang/Object;[Ljava/lang/Object;)Z @ 62
Event: 1.152 Thread 0x00000000165b9000 Uncommon trap: reason=speculate_class_check action=maybe_recompile pc=0x00000000026bc5ec method=com.android.dx.util.FixedSizeList.equals(Ljava/lang/Object;)Z @ 25
Event: 1.152 Thread 0x00000000165b9000 Uncommon trap: reason=class_check action=maybe_recompile pc=0x00000000026b94f8 method=java.util.Arrays.equals([Ljava/lang/Object;[Ljava/lang/Object;)Z @ 62
Event: 1.160 Thread 0x00000000165b9000 Uncommon trap: reason=unstable_if action=reinterpret pc=0x00000000028a4fc0 method=com.android.dx.rop.code.RegisterSpecSet.equals(Ljava/lang/Object;)Z @ 30
Event: 1.229 Thread 0x00000000165b9000 Uncommon trap: reason=unstable_if action=reinterpret pc=0x00000000029a4704 method=com.android.dx.util.ByteArrayAnnotatedOutput.writeByte(I)V @ 13
Event: 1.248 Thread 0x00000000165b9000 Uncommon trap: reason=unstable_if action=reinterpret pc=0x000000000269aaf8 method=java.util.Arrays.copyOf([Ljava/lang/Object;ILjava/lang/Class;)[Ljava/lang/Object; @ 3

Internal exceptions (3 events):
Event: 0.025 Thread 0x00000000021ed800 Exception <a 'java/lang/NoSuchMethodError': Method sun.misc.Unsafe.defineClass(Ljava/lang/String;[BII)Ljava/lang/Class; name or signature does not match> (0x00000000eab07cc0) thrown at [C:\re\workspace\8-2-build-windows-amd64-cygwin\jdk8u101\7261\hotspot\sEz;
Event: 0.025 Thread 0x00000000021ed800 Exception <a 'java/lang/NoSuchMethodError': Method sun.misc.Unsafe.prefetchRead(Ljava/lang/Object;J)V name or signature does not match> (0x00000000eab07fa8) thrown at [C:\re\workspace\8-2-build-windows-amd64-cygwin\jdk8u101\7261\hotspot\src\share\vm\prims\π’—5‡‚‰?
Event: 0.653 Thread 0x00000000021ed800 Implicit null exception at 0x000000000269df6d to 0x000000000269fb29

Events (10 events):
Event: 1.251 loading class sun/security/provider/SHA done
Event: 1.251 loading class sun/security/jca/GetInstance$Instance
Event: 1.251 loading class sun/security/jca/GetInstance$Instance done
Event: 1.251 loading class java/security/MessageDigest$Delegate
Event: 1.251 loading class java/security/MessageDigest$Delegate done
Event: 1.251 loading class sun/security/provider/ByteArrayAccess
Event: 1.251 loading class sun/security/provider/ByteArrayAccess done
Event: 1.254 loading class java/util/zip/Adler32
Event: 1.254 loading class java/util/zip/Adler32 done
Event: 1.254 Thread 0x00000000165b9000 Thread exited: 0x00000000165b9000


Dynamic libraries:
0x00007ff7e9c10000 - 0x00007ff7e9c47000 	C:\Program Files\Java\jdk1.8.0_101\bin\java.exe
0x00007ff9c4de0000 - 0x00007ff9c4fb1000 	C:\WINDOWS\SYSTEM32\ntdll.dll
0x00007ff9c2440000 - 0x00007ff9c24eb000 	C:\WINDOWS\System32\KERNEL32.DLL
0x00007ff9c2150000 - 0x00007ff9c236d000 	C:\WINDOWS\System32\KERNELBASE.dll
0x00007ff9c2b50000 - 0x00007ff9c2bf2000 	C:\WINDOWS\System32\ADVAPI32.dll
0x00007ff9c23a0000 - 0x00007ff9c243e000 	C:\WINDOWS\System32\msvcrt.dll
0x00007ff9c3490000 - 0x00007ff9c34e9000 	C:\WINDOWS\System32\sechost.dll
0x00007ff9c2c00000 - 0x00007ff9c2d21000 	C:\WINDOWS\System32\RPCRT4.dll
0x00007ff9c2e10000 - 0x00007ff9c2f75000 	C:\WINDOWS\System32\USER32.dll
0x00007ff9c2090000 - 0x00007ff9c20ae000 	C:\WINDOWS\System32\win32u.dll
0x00007ff9c2f80000 - 0x00007ff9c2fb4000 	C:\WINDOWS\System32\GDI32.dll
0x00007ff9c1bb0000 - 0x00007ff9c1d32000 	C:\WINDOWS\System32\gdi32full.dll
0x00007ff9b7e40000 - 0x00007ff9b80b9000 	C:\WINDOWS\WinSxS\amd64_microsoft.windows.common-controls_6595b64144ccf1df_6.0.14393.0_none_2d0f50fcbdb171b8\COMCTL32.dll
0x00007ff9c2880000 - 0x00007ff9c2b47000 	C:\WINDOWS\System32\combase.dll
0x00007ff9c1ab0000 - 0x00007ff9c1ba5000 	C:\WINDOWS\System32\ucrtbase.dll
0x00007ff9c1fc0000 - 0x00007ff9c202a000 	C:\WINDOWS\System32\bcryptPrimitives.dll
0x00007ff9c2370000 - 0x00007ff9c239e000 	C:\WINDOWS\System32\IMM32.DLL
0x00000000641c0000 - 0x0000000064292000 	C:\Program Files\Java\jdk1.8.0_101\jre\bin\msvcr100.dll
0x0000000066540000 - 0x0000000066dda000 	C:\Program Files\Java\jdk1.8.0_101\jre\bin\server\jvm.dll
0x00007ff9c3500000 - 0x00007ff9c3508000 	C:\WINDOWS\System32\PSAPI.DLL
0x00007ff9b5010000 - 0x00007ff9b5019000 	C:\WINDOWS\SYSTEM32\WSOCK32.dll
0x00007ff9bec60000 - 0x00007ff9bec83000 	C:\WINDOWS\SYSTEM32\WINMM.dll
0x00007ff9bb4f0000 - 0x00007ff9bb4fa000 	C:\WINDOWS\SYSTEM32\VERSION.dll
0x00007ff9c3510000 - 0x00007ff9c357a000 	C:\WINDOWS\System32\WS2_32.dll
0x0000000000640000 - 0x000000000066b000 	C:\WINDOWS\SYSTEM32\WINMMBASE.dll
0x00007ff9c1380000 - 0x00007ff9c13c2000 	C:\WINDOWS\System32\cfgmgr32.dll
0x0000000066530000 - 0x000000006653f000 	C:\Program Files\Java\jdk1.8.0_101\jre\bin\verify.dll
0x0000000066500000 - 0x0000000066529000 	C:\Program Files\Java\jdk1.8.0_101\jre\bin\java.dll
0x00000000664e0000 - 0x00000000664f6000 	C:\Program Files\Java\jdk1.8.0_101\jre\bin\zip.dll
0x00007ff9c38d0000 - 0x00007ff9c4dd8000 	C:\WINDOWS\System32\SHELL32.dll
0x00007ff9c13d0000 - 0x00007ff9c1aaa000 	C:\WINDOWS\System32\windows.storage.dll
0x00007ff9c1270000 - 0x00007ff9c12bc000 	C:\WINDOWS\System32\powrprof.dll
0x00007ff9c25c0000 - 0x00007ff9c2612000 	C:\WINDOWS\System32\shlwapi.dll
0x00007ff9c12c0000 - 0x00007ff9c12cf000 	C:\WINDOWS\System32\kernel.appcore.dll
0x00007ff9c1f10000 - 0x00007ff9c1fb9000 	C:\WINDOWS\System32\shcore.dll
0x00007ff9c1240000 - 0x00007ff9c1254000 	C:\WINDOWS\System32\profapi.dll

VM Arguments:
jvm_args: -Djava.awt.headless=true -Xmx1024M -Dfile.encoding=windows-1252 -Duser.country=MX -Duser.language=es -Duser.variant 
java_command: com.android.dx.command.Main --dex --force-jumbo --num-threads=4 --multi-dex --output O:\Android\VentaenRuta2016\app\build\intermediates\transforms\dex\debug\folders\1000\10\instant-run_1b1338de9028a72e14d84537c2f7b1c01ddf8bb9 O:\Android\VentaenRuta2016\app\build\intermediates\incremental-runtime-classes\debug\instant-run.jar
java_class_path (initial): C:\Users\mario\AppData\Local\Android\sdk\build-tools\24.0.2\lib\dx.jar
Launcher Type: SUN_STANDARD

Environment Variables:
PATH=C:\ProgramData\Oracle\Java\javapath;C:\Program Files (x86)\Intel\iCLS Client\;C:\Program Files\Intel\iCLS Client\;C:\Windows\system32;C:\Windows;C:\Windows\System32\Wbem;C:\Windows\System32\WindowsPowerShell\v1.0\;C:\Program Files (x86)\NVIDIA Corporation\PhysX\Common;C:\Program Files (x86)\Intel\Intel(R) Management Engine Components\DAL;C:\Program Files\Intel\Intel(R) Management Engine Components\DAL;C:\Program Files (x86)\Intel\Intel(R) Management Engine Components\IPT;C:\Program Files\Intel\Intel(R) Management Engine Components\IPT;C:\WINDOWS\system32;C:\WINDOWS;C:\WINDOWS\System32\Wbem;C:\WINDOWS\System32\WindowsPowerShell\v1.0\;C:\WINDOWS\system32\config\systemprofile\.dnx\bin;C:\Program Files\Microsoft DNX\Dnvm\;C:\Program Files (x86)\Windows Kits\10\Windows Performance Toolkit\;C:\Program Files\Git\cmd;C:\Program Files\Microsoft SQL Server\130\Tools\Binn\;C:\Program Files\Microsoft\Web Platform Installer\;C:\Program Files (x86)\nodejs\;C:\Users\mario\AppData\Roaming\npm;%USERPROFILE%\AppData\Local\Microsoft\WindowsApps;
USERNAME=mario
OS=Windows_NT
PROCESSOR_IDENTIFIER=Intel64 Family 6 Model 94 Stepping 3, GenuineIntel



---------------  S Y S T E M  ---------------

OS: Windows 10.0 , 64 bit Build 14393 (10.0.14393.0)

CPU:total 4 (4 cores per cpu, 1 threads per core) family 6 model 94 stepping 3, cmov, cx8, fxsr, mmx, sse, sse2, sse3, ssse3, sse4.1, sse4.2, popcnt, avx, avx2, aes, clmul, erms, rtm, 3dnowpref, lzcnt, tsc, tscinvbit, bmi1, bmi2, adx

Memory: 4k page, physical 8245152k(1196548k free), swap 8245152k(5464k free)

vm_info: Java HotSpot(TM) 64-Bit Server VM (25.101-b13) for windows-amd64 JRE (1.8.0_101-b13), built on Jun 22 2016 01:21:29 by "java_re" with MS VC++ 10.0 (VS2010)

time: Sat Oct 22 11:15:12 2016
elapsed time: 1 seconds (0d 0h 0m 1s)

