#
# There is insufficient memory for the Java Runtime Environment to continue.
# Native memory allocation (malloc) failed to allocate 824096 bytes for Chunk::new
# Possible reasons:
#   The system is out of physical RAM or swap space
#   In 32 bit mode, the process size limit was hit
# Possible solutions:
#   Reduce memory load on the system
#   Increase physical memory or swap space
#   Check if swap backing store is full
#   Use 64 bit Java on a 64 bit OS
#   Decrease Java heap size (-Xmx/-Xms)
#   Decrease number of Java threads
#   Decrease Java thread stack sizes (-Xss)
#   Set larger code cache with -XX:ReservedCodeCacheSize=
# This output file may be truncated or incomplete.
#
#  Out of Memory Error (allocation.cpp:390), pid=3928, tid=0x000000000000024c
#
# JRE version: Java(TM) SE Runtime Environment (8.0_101-b13) (build 1.8.0_101-b13)
# Java VM: Java HotSpot(TM) 64-Bit Server VM (25.101-b13 mixed mode windows-amd64 compressed oops)
# Failed to write core dump. Minidumps are not enabled by default on client versions of Windows
#

---------------  T H R E A D  ---------------

Current thread (0x0000000014fd9800):  JavaThread "C2 CompilerThread0" daemon [_thread_in_native, id=588, stack(0x0000000016650000,0x0000000016750000)]

Stack: [0x0000000016650000,0x0000000016750000]
[error occurred during error reporting (printing stack bounds), id 0xc0000005]

Native frames: (J=compiled Java code, j=interpreted, Vv=VM code, C=native code)


Current CompileTask:
C2:   2526 1577   !   4       com.android.dx.cf.cst.ConstantPoolParser::parse0 (731 bytes)


---------------  P R O C E S S  ---------------

Java Threads: ( => current thread )
  0x0000000016be9800 JavaThread "pool-2-thread-4" [_thread_blocked, id=15092, stack(0x0000000017350000,0x0000000017450000)]
  0x0000000016bd5000 JavaThread "pool-2-thread-3" [_thread_in_Java, id=12500, stack(0x0000000017250000,0x0000000017350000)]
  0x0000000016bd3800 JavaThread "pool-2-thread-2" [_thread_blocked, id=3752, stack(0x0000000017150000,0x0000000017250000)]
  0x0000000016bd1000 JavaThread "pool-3-thread-1" [_thread_blocked, id=5116, stack(0x0000000017050000,0x0000000017150000)]
  0x0000000016bd0000 JavaThread "pool-2-thread-1" [_thread_in_Java, id=16312, stack(0x0000000016f50000,0x0000000017050000)]
  0x000000001502e000 JavaThread "Service Thread" daemon [_thread_blocked, id=8172, stack(0x0000000016d50000,0x0000000016e50000)]
  0x0000000014fd3800 JavaThread "C1 CompilerThread2" daemon [_thread_blocked, id=7900, stack(0x0000000016850000,0x0000000016950000)]
  0x0000000014fcb000 JavaThread "C2 CompilerThread1" daemon [_thread_in_native, id=4832, stack(0x0000000016750000,0x0000000016850000)]
=>0x0000000014fd9800 JavaThread "C2 CompilerThread0" daemon [_thread_in_native, id=588, stack(0x0000000016650000,0x0000000016750000)]
  0x0000000014fd7800 JavaThread "Attach Listener" daemon [_thread_blocked, id=2680, stack(0x0000000016550000,0x0000000016650000)]
  0x0000000014fd6000 JavaThread "Signal Dispatcher" daemon [_thread_blocked, id=12264, stack(0x0000000016450000,0x0000000016550000)]
  0x00000000028f5800 JavaThread "Finalizer" daemon [_thread_blocked, id=9624, stack(0x0000000016240000,0x0000000016340000)]
  0x00000000028f0000 JavaThread "Reference Handler" daemon [_thread_blocked, id=944, stack(0x0000000016140000,0x0000000016240000)]
  0x00000000026fd800 JavaThread "main" [_thread_in_Java, id=5552, stack(0x0000000002700000,0x0000000002800000)]

Other Threads:
  0x0000000014f98000 VMThread [stack: 0x0000000016040000,0x0000000016140000] [id=9476]
  0x0000000016974800 WatcherThread [stack: 0x0000000016e50000,0x0000000016f50000] [id=12240]

VM state:not at safepoint (normal execution)

VM Mutex/Monitor currently owned by a thread: None

Heap:
 PSYoungGen      total 37888K, used 37197K [0x00000000eab00000, 0x00000000ed500000, 0x0000000100000000)
  eden space 32768K, 97% used [0x00000000eab00000,0x00000000eca55138,0x00000000ecb00000)
  from space 5120K, 99% used [0x00000000ecb00000,0x00000000ecffe3a0,0x00000000ed000000)
  to   space 5120K, 0% used [0x00000000ed000000,0x00000000ed000000,0x00000000ed500000)
 ParOldGen       total 86016K, used 1112K [0x00000000c0000000, 0x00000000c5400000, 0x00000000eab00000)
  object space 86016K, 1% used [0x00000000c0000000,0x00000000c01160f8,0x00000000c5400000)
 Metaspace       used 6204K, capacity 7090K, committed 7296K, reserved 1056768K
  class space    used 600K, capacity 618K, committed 640K, reserved 1048576K

Card table byte_map: [0x0000000011cc0000,0x0000000011ed0000] byte_map_base: 0x00000000116c0000

Marking Bits: (ParMarkBitMap*) 0x0000000073c6a6d0
 Begin Bits: [0x0000000012430000, 0x0000000013430000)
 End Bits:   [0x0000000013430000, 0x0000000014430000)

Polling page: 0x00000000025c0000

CodeCache: size=245760Kb used=6702Kb max_used=6702Kb free=239057Kb
 bounds [0x0000000002900000, 0x0000000002fa0000, 0x0000000011900000]
 total_blobs=1868 nmethods=1599 adapters=182
 compilation: enabled

Compilation events (10 events):
Event: 2.397 Thread 0x0000000014fd3800 1607       3       java.util.TreeMap$EntryIterator::next (5 bytes)
Event: 2.397 Thread 0x0000000014fd3800 nmethod 1607 0x0000000002f8aa10 code [0x0000000002f8ab80, 0x0000000002f8ae68]
Event: 2.397 Thread 0x0000000014fd3800 1608       3       com.android.dx.rop.type.StdTypeList::set (7 bytes)
Event: 2.398 Thread 0x0000000014fd3800 nmethod 1608 0x0000000002f8af10 code [0x0000000002f8b0e0, 0x0000000002f8b8c8]
Event: 2.400 Thread 0x0000000014fd3800 1609       3       com.android.dx.ssa.PhiTypeResolver::resolveResultType (308 bytes)
Event: 2.402 Thread 0x0000000014fd3800 nmethod 1609 0x0000000002f8be90 code [0x0000000002f8c320, 0x0000000002f8fa18]
Event: 2.403 Thread 0x0000000014fd3800 1610       1       com.android.dx.ssa.MoveParamCombiner$1::visitPhiInsn (1 bytes)
Event: 2.403 Thread 0x0000000014fd3800 nmethod 1610 0x0000000002f91490 code [0x0000000002f915e0, 0x0000000002f916f0]
Event: 2.404 Thread 0x0000000014fd3800 1611       3       com.android.dx.command.dexer.Main::access$1600 (4 bytes)
Event: 2.404 Thread 0x0000000014fd3800 nmethod 1611 0x0000000002f91750 code [0x0000000002f918a0, 0x0000000002f919f0]

GC Heap History (2 events):
Event: 1.510 GC heap before
{Heap before GC invocations=1 (full 0):
 PSYoungGen      total 37888K, used 32768K [0x00000000eab00000, 0x00000000ed500000, 0x0000000100000000)
  eden space 32768K, 100% used [0x00000000eab00000,0x00000000ecb00000,0x00000000ecb00000)
  from space 5120K, 0% used [0x00000000ed000000,0x00000000ed000000,0x00000000ed500000)
  to   space 5120K, 0% used [0x00000000ecb00000,0x00000000ecb00000,0x00000000ed000000)
 ParOldGen       total 86016K, used 0K [0x00000000c0000000, 0x00000000c5400000, 0x00000000eab00000)
  object space 86016K, 0% used [0x00000000c0000000,0x00000000c0000000,0x00000000c5400000)
 Metaspace       used 5993K, capacity 6898K, committed 7040K, reserved 1056768K
  class space    used 598K, capacity 618K, committed 640K, reserved 1048576K
Event: 1.580 GC heap after
Heap after GC invocations=1 (full 0):
 PSYoungGen      total 37888K, used 5112K [0x00000000eab00000, 0x00000000ed500000, 0x0000000100000000)
  eden space 32768K, 0% used [0x00000000eab00000,0x00000000eab00000,0x00000000ecb00000)
  from space 5120K, 99% used [0x00000000ecb00000,0x00000000ecffe3a0,0x00000000ed000000)
  to   space 5120K, 0% used [0x00000000ed000000,0x00000000ed000000,0x00000000ed500000)
 ParOldGen       total 86016K, used 1112K [0x00000000c0000000, 0x00000000c5400000, 0x00000000eab00000)
  object space 86016K, 1% used [0x00000000c0000000,0x00000000c01160f8,0x00000000c5400000)
 Metaspace       used 5993K, capacity 6898K, committed 7040K, reserved 1056768K
  class space    used 598K, capacity 618K, committed 640K, reserved 1048576K
}

Deoptimization events (9 events):
Event: 0.635 Thread 0x0000000016bd0000 Uncommon trap: reason=unstable_if action=reinterpret pc=0x0000000002b25cdc method=java.util.HashMap.getNode(ILjava/lang/Object;)Ljava/util/HashMap$Node; @ 129
Event: 1.314 Thread 0x0000000016bd5000 Uncommon trap: reason=null_check action=make_not_entrant pc=0x0000000002ba6a34 method=com.android.dx.ssa.SsaRenamer.getLocalForNewReg(I)Lcom/android/dx/rop/code/LocalItem; @ 19
Event: 1.315 Thread 0x0000000016bd5000 Uncommon trap: reason=null_check action=make_not_entrant pc=0x0000000002b95c18 method=com.android.dx.ssa.SsaRenamer.getLocalForNewReg(I)Lcom/android/dx/rop/code/LocalItem; @ 19
Event: 1.655 Thread 0x0000000016bd0000 Uncommon trap: reason=unstable_if action=reinterpret pc=0x0000000002ca2fc4 method=com.android.dx.ssa.SsaRenamer$BlockRenamer.addMapping(ILcom/android/dx/rop/code/RegisterSpec;)V @ 120
Event: 1.668 Thread 0x0000000016bd3800 Uncommon trap: reason=unstable_if action=reinterpret pc=0x0000000002ddd5d0 method=com.android.dx.rop.code.LocalItem.compareHandlesNulls(Lcom/android/dx/rop/cst/CstString;Lcom/android/dx/rop/cst/CstString;)I @ 8
Event: 2.222 Thread 0x0000000016be9800 Uncommon trap: reason=unstable_if action=reinterpret pc=0x0000000002c3cedc method=com.android.dx.rop.cst.Constant.compareTo(Lcom/android/dx/rop/cst/Constant;)I @ 12
Event: 2.278 Thread 0x0000000016bd0000 Uncommon trap: reason=unstable_if action=reinterpret pc=0x0000000002eea18c method=com.android.dx.ssa.MoveParamCombiner$1.visitNonMoveInsn(Lcom/android/dx/ssa/NormalSsaInsn;)V @ 27
Event: 2.386 Thread 0x0000000016bd5000 Uncommon trap: reason=bimorphic action=maybe_recompile pc=0x0000000002db6bd8 method=com.android.dx.cf.code.BytecodeArray.parseInstruction(ILcom/android/dx/cf/code/BytecodeArray$Visitor;)I @ 2281
Event: 2.386 Thread 0x0000000016bd5000 Uncommon trap: reason=bimorphic action=maybe_recompile pc=0x0000000002db6bd8 method=com.android.dx.cf.code.BytecodeArray.parseInstruction(ILcom/android/dx/cf/code/BytecodeArray$Visitor;)I @ 2281

Internal exceptions (5 events):
Event: 0.037 Thread 0x00000000026fd800 Exception <a 'java/lang/NoSuchMethodError': Method sun.misc.Unsafe.defineClass(Ljava/lang/String;[BII)Ljava/lang/Class; name or signature does not match> (0x00000000eab07cc0) thrown at [C:\re\workspace\8-2-build-windows-amd64-cygwin\jdk8u101\7261\hotspot\s∂…¿∆∫Í¢?
Event: 0.037 Thread 0x00000000026fd800 Exception <a 'java/lang/NoSuchMethodError': Method sun.misc.Unsafe.prefetchRead(Ljava/lang/Object;J)V name or signature does not match> (0x00000000eab07fa8) thrown at [C:\re\workspace\8-2-build-windows-amd64-cygwin\jdk8u101\7261\hotspot\src\share\vm\prims\
Event: 1.314 Thread 0x0000000016bd5000 Implicit null exception at 0x0000000002ba5179 to 0x0000000002ba69e9
Event: 1.315 Thread 0x0000000016bd5000 Implicit null exception at 0x0000000002b9456e to 0x0000000002b95bf9
Event: 1.668 Thread 0x0000000016bd3800 Implicit null exception at 0x0000000002ddc124 to 0x0000000002ddd59d

Events (10 events):
Event: 2.375 loading class com/android/dx/cf/code/SwitchList
Event: 2.375 loading class com/android/dx/cf/code/SwitchList done
Event: 2.386 loading class com/android/dx/cf/code/BytecodeArray$ConstantParserVisitor
Event: 2.386 loading class com/android/dx/cf/code/BytecodeArray$ConstantParserVisitor done
Event: 2.386 Thread 0x0000000016bd5000 Uncommon trap: trap_request=0xffffffc6 fr.pc=0x0000000002db6bd8
Event: 2.386 Thread 0x0000000016bd5000 DEOPT PACKING pc=0x0000000002db6bd8 sp=0x000000001734ed90
Event: 2.386 Thread 0x0000000016bd5000 DEOPT UNPACKING pc=0x000000000294582a sp=0x000000001734ed20 mode 2
Event: 2.386 Thread 0x0000000016bd5000 Uncommon trap: trap_request=0xffffffc6 fr.pc=0x0000000002db6bd8
Event: 2.386 Thread 0x0000000016bd5000 DEOPT PACKING pc=0x0000000002db6bd8 sp=0x000000001734ebf0
Event: 2.386 Thread 0x0000000016bd5000 DEOPT UNPACKING pc=0x000000000294582a sp=0x000000001734eb80 mode 2


Dynamic libraries:
0x00007ff703610000 - 0x00007ff703647000 	C:\Program Files\Java\jdk1.8.0_101\bin\java.exe
0x00007ffcdce70000 - 0x00007ffcdd041000 	C:\WINDOWS\SYSTEM32\ntdll.dll
0x00007ffcdc8f0000 - 0x00007ffcdc99b000 	C:\WINDOWS\System32\KERNEL32.DLL
0x00007ffcd9730000 - 0x00007ffcd994d000 	C:\WINDOWS\System32\KERNELBASE.dll
0x00007ffcdbdf0000 - 0x00007ffcdbe92000 	C:\WINDOWS\System32\ADVAPI32.dll
0x00007ffcdc320000 - 0x00007ffcdc3be000 	C:\WINDOWS\System32\msvcrt.dll
0x00007ffcdc2c0000 - 0x00007ffcdc319000 	C:\WINDOWS\System32\sechost.dll
0x00007ffcdc9d0000 - 0x00007ffcdcaf1000 	C:\WINDOWS\System32\RPCRT4.dll
0x00007ffcdccf0000 - 0x00007ffcdce55000 	C:\WINDOWS\System32\USER32.dll
0x00007ffcda390000 - 0x00007ffcda3ae000 	C:\WINDOWS\System32\win32u.dll
0x00007ffcdb980000 - 0x00007ffcdb9b4000 	C:\WINDOWS\System32\GDI32.dll
0x00007ffcd93d0000 - 0x00007ffcd9552000 	C:\WINDOWS\System32\gdi32full.dll
0x00007ffcd5400000 - 0x00007ffcd5679000 	C:\WINDOWS\WinSxS\amd64_microsoft.windows.common-controls_6595b64144ccf1df_6.0.14393.0_none_2d0f50fcbdb171b8\COMCTL32.dll
0x00007ffcdc620000 - 0x00007ffcdc8e7000 	C:\WINDOWS\System32\combase.dll
0x00007ffcd9950000 - 0x00007ffcd9a45000 	C:\WINDOWS\System32\ucrtbase.dll
0x00007ffcd9360000 - 0x00007ffcd93ca000 	C:\WINDOWS\System32\bcryptPrimitives.dll
0x00007ffcdc9a0000 - 0x00007ffcdc9ce000 	C:\WINDOWS\System32\IMM32.DLL
0x0000000071110000 - 0x00000000711e2000 	C:\Program Files\Java\jdk1.8.0_101\jre\bin\msvcr100.dll
0x0000000073450000 - 0x0000000073cea000 	C:\Program Files\Java\jdk1.8.0_101\jre\bin\server\jvm.dll
0x00007ffcda400000 - 0x00007ffcda408000 	C:\WINDOWS\System32\PSAPI.DLL
0x00007ffcce160000 - 0x00007ffcce169000 	C:\WINDOWS\SYSTEM32\WSOCK32.dll
0x00007ffcdcb00000 - 0x00007ffcdcb6a000 	C:\WINDOWS\System32\WS2_32.dll
0x00007ffcd72e0000 - 0x00007ffcd7303000 	C:\WINDOWS\SYSTEM32\WINMM.dll
0x00007ffcd67e0000 - 0x00007ffcd67ea000 	C:\WINDOWS\SYSTEM32\VERSION.dll
0x00007ffcd7280000 - 0x00007ffcd72ab000 	C:\WINDOWS\SYSTEM32\WINMMBASE.dll
0x00007ffcda3b0000 - 0x00007ffcda3f2000 	C:\WINDOWS\System32\cfgmgr32.dll
0x0000000073440000 - 0x000000007344f000 	C:\Program Files\Java\jdk1.8.0_101\jre\bin\verify.dll
0x0000000073410000 - 0x0000000073439000 	C:\Program Files\Java\jdk1.8.0_101\jre\bin\java.dll
0x00000000733f0000 - 0x0000000073406000 	C:\Program Files\Java\jdk1.8.0_101\jre\bin\zip.dll
0x00007ffcda470000 - 0x00007ffcdb978000 	C:\WINDOWS\System32\SHELL32.dll
0x00007ffcd9bb0000 - 0x00007ffcda28a000 	C:\WINDOWS\System32\windows.storage.dll
0x00007ffcd9310000 - 0x00007ffcd935c000 	C:\WINDOWS\System32\powrprof.dll
0x00007ffcdc260000 - 0x00007ffcdc2b2000 	C:\WINDOWS\System32\shlwapi.dll
0x00007ffcd92f0000 - 0x00007ffcd92ff000 	C:\WINDOWS\System32\kernel.appcore.dll
0x00007ffcd9a50000 - 0x00007ffcd9af9000 	C:\WINDOWS\System32\shcore.dll
0x00007ffcd92d0000 - 0x00007ffcd92e4000 	C:\WINDOWS\System32\profapi.dll

VM Arguments:
jvm_args: -Djava.awt.headless=true -Xmx1024M -Dfile.encoding=windows-1252 -Duser.country=MX -Duser.language=es -Duser.variant 
java_command: com.android.dx.command.Main --dex --force-jumbo --num-threads=4 --multi-dex --output O:\Android\VentaenRuta2016\app\build\intermediates\transforms\dex\debug\folders\1000\10\gson-2.1_e21c6a1620782f3787d71ba9009d38af17c040c4 C:\Users\mario\.gradle\caches\modules-2\files-2.1\com.google.code.gson\gson\2.1\2e66da15851f9f5b5079228f856c2f090ba98c38\gson-2.1.jar
java_class_path (initial): C:\Users\mario\AppData\Local\Android\sdk\build-tools\24.0.2\lib\dx.jar
Launcher Type: SUN_STANDARD

Environment Variables:
PATH=C:\ProgramData\Oracle\Java\javapath;C:\Program Files (x86)\Intel\iCLS Client\;C:\Program Files\Intel\iCLS Client\;C:\Windows\system32;C:\Windows;C:\Windows\System32\Wbem;C:\Windows\System32\WindowsPowerShell\v1.0\;C:\Program Files (x86)\NVIDIA Corporation\PhysX\Common;C:\Program Files (x86)\Intel\Intel(R) Management Engine Components\DAL;C:\Program Files\Intel\Intel(R) Management Engine Components\DAL;C:\Program Files (x86)\Intel\Intel(R) Management Engine Components\IPT;C:\Program Files\Intel\Intel(R) Management Engine Components\IPT;C:\WINDOWS\system32;C:\WINDOWS;C:\WINDOWS\System32\Wbem;C:\WINDOWS\System32\WindowsPowerShell\v1.0\;C:\WINDOWS\system32\config\systemprofile\.dnx\bin;C:\Program Files\Microsoft DNX\Dnvm\;C:\Program Files (x86)\Windows Kits\10\Windows Performance Toolkit\;C:\Program Files\Git\cmd;C:\Program Files\Microsoft SQL Server\130\Tools\Binn\;C:\Program Files\Microsoft\Web Platform Installer\;C:\Program Files (x86)\nodejs\;C:\Users\mario\AppData\Roaming\npm;%USERPROFILE%\AppData\Local\Microsoft\WindowsApps;
USERNAME=mario
OS=Windows_NT
PROCESSOR_IDENTIFIER=Intel64 Family 6 Model 94 Stepping 3, GenuineIntel



---------------  S Y S T E M  ---------------

OS: Windows 10.0 , 64 bit Build 14393 (10.0.14393.0)

CPU:total 4 (4 cores per cpu, 1 threads per core) family 6 model 94 stepping 3, cmov, cx8, fxsr, mmx, sse, sse2, sse3, ssse3, sse4.1, sse4.2, popcnt, avx, avx2, aes, clmul, erms, rtm, 3dnowpref, lzcnt, tsc, tscinvbit, bmi1, bmi2, adx

Memory: 4k page, physical 8245152k(914704k free), swap 10192800k(4152k free)

vm_info: Java HotSpot(TM) 64-Bit Server VM (25.101-b13) for windows-amd64 JRE (1.8.0_101-b13), built on Jun 22 2016 01:21:29 by "java_re" with MS VC++ 10.0 (VS2010)

time: Thu Oct 20 02:54:30 2016
elapsed time: 2 seconds (0d 0h 0m 2s)

