#
# There is insufficient memory for the Java Runtime Environment to continue.
# Native memory allocation (malloc) failed to allocate 32744 bytes for ChunkPool::allocate
# Possible reasons:
#   The system is out of physical RAM or swap space
#   In 32 bit mode, the process size limit was hit
# Possible solutions:
#   Reduce memory load on the system
#   Increase physical memory or swap space
#   Check if swap backing store is full
#   Use 64 bit Java on a 64 bit OS
#   Decrease Java heap size (-Xmx/-Xms)
#   Decrease number of Java threads
#   Decrease Java thread stack sizes (-Xss)
#   Set larger code cache with -XX:ReservedCodeCacheSize=
# This output file may be truncated or incomplete.
#
#  Out of Memory Error (allocation.cpp:273), pid=5420, tid=0x0000000000001474
#
# JRE version: Java(TM) SE Runtime Environment (8.0_101-b13) (build 1.8.0_101-b13)
# Java VM: Java HotSpot(TM) 64-Bit Server VM (25.101-b13 mixed mode windows-amd64 compressed oops)
# Failed to write core dump. Minidumps are not enabled by default on client versions of Windows
#

---------------  T H R E A D  ---------------

Current thread (0x0000000015402800):  JavaThread "C1 CompilerThread2" daemon [_thread_in_native, id=5236, stack(0x0000000016c70000,0x0000000016d70000)]

Stack: [0x0000000016c70000,0x0000000016d70000]
[error occurred during error reporting (printing stack bounds), id 0xc0000005]

Native frames: (J=compiled Java code, j=interpreted, Vv=VM code, C=native code)


Current CompileTask:
C1:   3346  541   !   3       com.android.dx.cf.code.BytecodeArray::parseInstruction (2764 bytes)


---------------  P R O C E S S  ---------------

Java Threads: ( => current thread )
  0x0000000016ff9800 JavaThread "pool-2-thread-4" [_thread_in_Java, id=4780, stack(0x0000000017770000,0x0000000017870000)]
  0x0000000016ff8800 JavaThread "pool-2-thread-3" [_thread_in_Java, id=4788, stack(0x0000000017670000,0x0000000017770000)]
  0x0000000016ff8000 JavaThread "pool-2-thread-2" [_thread_in_Java, id=1912, stack(0x0000000017570000,0x0000000017670000)]
  0x0000000016fd8800 JavaThread "pool-3-thread-1" [_thread_blocked, id=1896, stack(0x0000000017470000,0x0000000017570000)]
  0x0000000016fd5800 JavaThread "pool-2-thread-1" [_thread_blocked, id=11912, stack(0x0000000017370000,0x0000000017470000)]
  0x0000000016da9000 JavaThread "Service Thread" daemon [_thread_blocked, id=5328, stack(0x0000000017170000,0x0000000017270000)]
=>0x0000000015402800 JavaThread "C1 CompilerThread2" daemon [_thread_in_native, id=5236, stack(0x0000000016c70000,0x0000000016d70000)]
  0x00000000153fc000 JavaThread "C2 CompilerThread1" daemon [_thread_in_native, id=11648, stack(0x0000000016b70000,0x0000000016c70000)]
  0x000000001540a800 JavaThread "C2 CompilerThread0" daemon [_thread_in_native, id=5360, stack(0x0000000016a70000,0x0000000016b70000)]
  0x0000000015408800 JavaThread "Attach Listener" daemon [_thread_blocked, id=5852, stack(0x0000000016970000,0x0000000016a70000)]
  0x0000000015407000 JavaThread "Signal Dispatcher" daemon [_thread_blocked, id=8800, stack(0x0000000016870000,0x0000000016970000)]
  0x0000000002d2b000 JavaThread "Finalizer" daemon [_thread_blocked, id=7416, stack(0x0000000016660000,0x0000000016760000)]
  0x0000000002d20000 JavaThread "Reference Handler" daemon [_thread_blocked, id=6904, stack(0x0000000016560000,0x0000000016660000)]
  0x000000000126d800 JavaThread "main" [_thread_in_Java, id=12300, stack(0x0000000002b30000,0x0000000002c30000)]

Other Threads:
  0x00000000153c8000 VMThread [stack: 0x0000000016460000,0x0000000016560000] [id=7712]
  0x0000000016dad800 WatcherThread [stack: 0x0000000017270000,0x0000000017370000] [id=10500]

VM state:not at safepoint (normal execution)

VM Mutex/Monitor currently owned by a thread: None

Heap:
 PSYoungGen      total 37888K, used 17982K [0x00000000eab00000, 0x00000000ed500000, 0x0000000100000000)
  eden space 32768K, 54% used [0x00000000eab00000,0x00000000ebc8f8b0,0x00000000ecb00000)
  from space 5120K, 0% used [0x00000000ed000000,0x00000000ed000000,0x00000000ed500000)
  to   space 5120K, 0% used [0x00000000ecb00000,0x00000000ecb00000,0x00000000ed000000)
 ParOldGen       total 86016K, used 0K [0x00000000c0000000, 0x00000000c5400000, 0x00000000eab00000)
  object space 86016K, 0% used [0x00000000c0000000,0x00000000c0000000,0x00000000c5400000)
 Metaspace       used 5673K, capacity 6640K, committed 6784K, reserved 1058816K
  class space    used 593K, capacity 616K, committed 640K, reserved 1048576K

Card table byte_map: [0x00000000120f0000,0x0000000012300000] byte_map_base: 0x0000000011af0000

Marking Bits: (ParMarkBitMap*) 0x0000000067f0a6d0
 Begin Bits: [0x0000000012860000, 0x0000000013860000)
 End Bits:   [0x0000000013860000, 0x0000000014860000)

Polling page: 0x00000000011f0000

CodeCache: size=245760Kb used=2205Kb max_used=2205Kb free=243554Kb
 bounds [0x0000000002d30000, 0x0000000002fa0000, 0x0000000011d30000]
 total_blobs=807 nmethods=538 adapters=182
 compilation: enabled

Compilation events (10 events):
Event: 3.235 Thread 0x0000000015402800 nmethod 525 0x0000000002f56890 code [0x0000000002f56a00, 0x0000000002f56d10]
Event: 3.235 Thread 0x0000000015402800  542       3       com.android.dx.util.IntList::binarysearch (124 bytes)
Event: 3.236 Thread 0x0000000015402800 nmethod 542 0x0000000002f56e10 code [0x0000000002f56fa0, 0x0000000002f57450]
Event: 3.236 Thread 0x0000000015402800  537       1       com.android.dx.ssa.SsaRenamer$BlockRenamer::access$200 (5 bytes)
Event: 3.236 Thread 0x0000000015402800 nmethod 537 0x0000000002f57710 code [0x0000000002f57860, 0x0000000002f57950]
Event: 3.236 Thread 0x0000000015402800  527       1       com.android.dx.cf.iface.StdMember::getAttributes (5 bytes)
Event: 3.236 Thread 0x0000000015402800 nmethod 527 0x0000000002f579d0 code [0x0000000002f57b20, 0x0000000002f57c30]
Event: 3.236 Thread 0x0000000015402800  536       1       com.android.dx.cf.code.BaseMachine::getLocalIndex (5 bytes)
Event: 3.236 Thread 0x0000000015402800 nmethod 536 0x0000000002f57c90 code [0x0000000002f57de0, 0x0000000002f57ef0]
Event: 3.236 Thread 0x0000000015402800  541   !   3       com.android.dx.cf.code.BytecodeArray::parseInstruction (2764 bytes)

GC Heap History (0 events):
No events

Deoptimization events (0 events):
No events

Internal exceptions (2 events):
Event: 1.969 Thread 0x000000000126d800 Exception <a 'java/lang/NoSuchMethodError': Method sun.misc.Unsafe.defineClass(Ljava/lang/String;[BII)Ljava/lang/Class; name or signature does not match> (0x00000000eab07cc0) thrown at [C:\re\workspace\8-2-build-windows-amd64-cygwin\jdk8u101\7261\hotspot\s0зIнця?
Event: 1.969 Thread 0x000000000126d800 Exception <a 'java/lang/NoSuchMethodError': Method sun.misc.Unsafe.prefetchRead(Ljava/lang/Object;J)V name or signature does not match> (0x00000000eab07fa8) thrown at [C:\re\workspace\8-2-build-windows-amd64-cygwin\jdk8u101\7261\hotspot\src\share\vm\prims\

Events (10 events):
Event: 3.180 loading class com/android/dx/dex/code/DalvCode done
Event: 3.181 loading class java/io/PrintWriter
Event: 3.181 loading class java/io/PrintWriter done
Event: 3.181 loading class com/android/dx/dex/file/DebugInfoItem
Event: 3.181 loading class com/android/dx/dex/file/DebugInfoItem done
Event: 3.184 loading class com/android/dx/cf/code/BytecodeArray$ConstantParserVisitor
Event: 3.184 loading class com/android/dx/cf/code/BytecodeArray$ConstantParserVisitor done
Event: 3.242 loading class com/android/dx/ssa/PhiInsn$Operand
Event: 3.242 loading class com/android/dx/ssa/PhiInsn$Operand done
Event: 3.247 Executing VM operation: CollectForMetadataAllocation


Dynamic libraries:
0x00007ff605890000 - 0x00007ff6058c7000 	C:\Program Files\Java\jdk1.8.0_101\bin\java.exe
0x00007ffab0db0000 - 0x00007ffab0f81000 	C:\WINDOWS\SYSTEM32\ntdll.dll
0x00007ffab0c90000 - 0x00007ffab0d3b000 	C:\WINDOWS\System32\KERNEL32.DLL
0x00007ffaadac0000 - 0x00007ffaadcdd000 	C:\WINDOWS\System32\KERNELBASE.dll
0x00007ffaaed10000 - 0x00007ffaaedb2000 	C:\WINDOWS\System32\ADVAPI32.dll
0x00007ffaaeb00000 - 0x00007ffaaeb9e000 	C:\WINDOWS\System32\msvcrt.dll
0x00007ffaaf2f0000 - 0x00007ffaaf349000 	C:\WINDOWS\System32\sechost.dll
0x00007ffaaf350000 - 0x00007ffaaf471000 	C:\WINDOWS\System32\RPCRT4.dll
0x00007ffaaeba0000 - 0x00007ffaaed05000 	C:\WINDOWS\System32\USER32.dll
0x00007ffaad980000 - 0x00007ffaad99e000 	C:\WINDOWS\System32\win32u.dll
0x00007ffab0c50000 - 0x00007ffab0c84000 	C:\WINDOWS\System32\GDI32.dll
0x00007ffaadd80000 - 0x00007ffaadf02000 	C:\WINDOWS\System32\gdi32full.dll
0x00007ffaa4ad0000 - 0x00007ffaa4d49000 	C:\WINDOWS\WinSxS\amd64_microsoft.windows.common-controls_6595b64144ccf1df_6.0.14393.0_none_2d0f50fcbdb171b8\COMCTL32.dll
0x00007ffaae340000 - 0x00007ffaae607000 	C:\WINDOWS\System32\combase.dll
0x00007ffaadf70000 - 0x00007ffaae065000 	C:\WINDOWS\System32\ucrtbase.dll
0x00007ffaada50000 - 0x00007ffaadaba000 	C:\WINDOWS\System32\bcryptPrimitives.dll
0x00007ffaaf2c0000 - 0x00007ffaaf2ee000 	C:\WINDOWS\System32\IMM32.DLL
0x00000000670e0000 - 0x00000000671b2000 	C:\Program Files\Java\jdk1.8.0_101\jre\bin\msvcr100.dll
0x00000000676f0000 - 0x0000000067f8a000 	C:\Program Files\Java\jdk1.8.0_101\jre\bin\server\jvm.dll
0x00007ffaae7d0000 - 0x00007ffaae7d8000 	C:\WINDOWS\System32\PSAPI.DLL
0x00007ffaa6b70000 - 0x00007ffaa6b79000 	C:\WINDOWS\SYSTEM32\WSOCK32.dll
0x00007ffaab230000 - 0x00007ffaab253000 	C:\WINDOWS\SYSTEM32\WINMM.dll
0x00007ffaa8fe0000 - 0x00007ffaa8fea000 	C:\WINDOWS\SYSTEM32\VERSION.dll
0x00007ffaab1d0000 - 0x00007ffaab1fb000 	C:\WINDOWS\SYSTEM32\WINMMBASE.dll
0x00007ffab0aa0000 - 0x00007ffab0b0a000 	C:\WINDOWS\System32\WS2_32.dll
0x00007ffaae120000 - 0x00007ffaae162000 	C:\WINDOWS\System32\cfgmgr32.dll
0x00000000689d0000 - 0x00000000689df000 	C:\Program Files\Java\jdk1.8.0_101\jre\bin\verify.dll
0x00000000689a0000 - 0x00000000689c9000 	C:\Program Files\Java\jdk1.8.0_101\jre\bin\java.dll
0x0000000068980000 - 0x0000000068996000 	C:\Program Files\Java\jdk1.8.0_101\jre\bin\zip.dll
0x00007ffaaf480000 - 0x00007ffab0988000 	C:\WINDOWS\System32\SHELL32.dll
0x00007ffaad2a0000 - 0x00007ffaad97a000 	C:\WINDOWS\System32\windows.storage.dll
0x00007ffaad250000 - 0x00007ffaad29c000 	C:\WINDOWS\System32\powrprof.dll
0x00007ffab0a40000 - 0x00007ffab0a92000 	C:\WINDOWS\System32\shlwapi.dll
0x00007ffaad230000 - 0x00007ffaad23f000 	C:\WINDOWS\System32\kernel.appcore.dll
0x00007ffaad9a0000 - 0x00007ffaada49000 	C:\WINDOWS\System32\shcore.dll
0x00007ffaad210000 - 0x00007ffaad224000 	C:\WINDOWS\System32\profapi.dll

VM Arguments:
jvm_args: -Djava.awt.headless=true -Xmx1024M -Dfile.encoding=windows-1252 -Duser.country=MX -Duser.language=es -Duser.variant 
java_command: com.android.dx.command.Main --dex --force-jumbo --num-threads=4 --multi-dex --output O:\Android\VentaenRuta2016\app\build\intermediates\transforms\dex\debug\folders\1000\2\snmp6_1_e3fc97a1e1a9396b913ea6fc5c98593e3eab2d7e O:\Android\VentaenRuta2016\app\libs\snmp6_1.jar
java_class_path (initial): C:\Users\mario\AppData\Local\Android\sdk\build-tools\24.0.2\lib\dx.jar
Launcher Type: SUN_STANDARD

Environment Variables:
PATH=C:\ProgramData\Oracle\Java\javapath;C:\Program Files (x86)\Intel\iCLS Client\;C:\Program Files\Intel\iCLS Client\;C:\Windows\system32;C:\Windows;C:\Windows\System32\Wbem;C:\Windows\System32\WindowsPowerShell\v1.0\;C:\Program Files (x86)\NVIDIA Corporation\PhysX\Common;C:\Program Files (x86)\Intel\Intel(R) Management Engine Components\DAL;C:\Program Files\Intel\Intel(R) Management Engine Components\DAL;C:\Program Files (x86)\Intel\Intel(R) Management Engine Components\IPT;C:\Program Files\Intel\Intel(R) Management Engine Components\IPT;C:\WINDOWS\system32;C:\WINDOWS;C:\WINDOWS\System32\Wbem;C:\WINDOWS\System32\WindowsPowerShell\v1.0\;C:\Users\mario\.dnx\bin;C:\Program Files\Microsoft DNX\Dnvm\;C:\Program Files (x86)\Windows Kits\10\Windows Performance Toolkit\;C:\Program Files\Git\cmd;C:\Program Files\Microsoft SQL Server\130\Tools\Binn\;C:\Program Files\Microsoft\Web Platform Installer\;C:\Program Files (x86)\nodejs\;C:\Users\mario\AppData\Roaming\npm;%USERPROFILE%\AppData\Local\Microsoft\WindowsApps;
USERNAME=mario
OS=Windows_NT
PROCESSOR_IDENTIFIER=Intel64 Family 6 Model 94 Stepping 3, GenuineIntel



---------------  S Y S T E M  ---------------

OS: Windows 10.0 , 64 bit Build 14393 (10.0.14393.0)

CPU:total 4 (4 cores per cpu, 1 threads per core) family 6 model 94 stepping 3, cmov, cx8, fxsr, mmx, sse, sse2, sse3, ssse3, sse4.1, sse4.2, popcnt, avx, avx2, aes, clmul, erms, rtm, 3dnowpref, lzcnt, tsc, tscinvbit, bmi1, bmi2, adx

Memory: 4k page, physical 8245152k(223736k free), swap 10192800k(1188k free)

vm_info: Java HotSpot(TM) 64-Bit Server VM (25.101-b13) for windows-amd64 JRE (1.8.0_101-b13), built on Jun 22 2016 01:21:29 by "java_re" with MS VC++ 10.0 (VS2010)

time: Mon Oct 03 02:29:54 2016
elapsed time: 3 seconds (0d 0h 0m 3s)

