#
# There is insufficient memory for the Java Runtime Environment to continue.
# Native memory allocation (malloc) failed to allocate 905616 bytes for Chunk::new
# Possible reasons:
#   The system is out of physical RAM or swap space
#   In 32 bit mode, the process size limit was hit
# Possible solutions:
#   Reduce memory load on the system
#   Increase physical memory or swap space
#   Check if swap backing store is full
#   Use 64 bit Java on a 64 bit OS
#   Decrease Java heap size (-Xmx/-Xms)
#   Decrease number of Java threads
#   Decrease Java thread stack sizes (-Xss)
#   Set larger code cache with -XX:ReservedCodeCacheSize=
# This output file may be truncated or incomplete.
#
#  Out of Memory Error (allocation.cpp:390), pid=7648, tid=0x0000000000001d80
#
# JRE version: Java(TM) SE Runtime Environment (8.0_101-b13) (build 1.8.0_101-b13)
# Java VM: Java HotSpot(TM) 64-Bit Server VM (25.101-b13 mixed mode windows-amd64 compressed oops)
# Failed to write core dump. Minidumps are not enabled by default on client versions of Windows
#

---------------  T H R E A D  ---------------

Current thread (0x0000000014b12000):  JavaThread "C2 CompilerThread1" daemon [_thread_in_native, id=7552, stack(0x0000000016290000,0x0000000016390000)]

Stack: [0x0000000016290000,0x0000000016390000]
[error occurred during error reporting (printing stack bounds), id 0xc0000005]

Native frames: (J=compiled Java code, j=interpreted, Vv=VM code, C=native code)


Current CompileTask:
C2:   3455 1532   !   4       com.android.dx.cf.cst.ConstantPoolParser::parse0 (731 bytes)


---------------  P R O C E S S  ---------------

Java Threads: ( => current thread )
  0x00000000165f9800 JavaThread "pool-1-thread-4" [_thread_blocked, id=10120, stack(0x0000000016e90000,0x0000000016f90000)]
  0x00000000165f9000 JavaThread "pool-1-thread-3" [_thread_blocked, id=3792, stack(0x0000000016d90000,0x0000000016e90000)]
  0x00000000165f8000 JavaThread "pool-1-thread-2" [_thread_blocked, id=11812, stack(0x0000000016c90000,0x0000000016d90000)]
  0x00000000165f5800 JavaThread "pool-2-thread-1" [_thread_blocked, id=8788, stack(0x0000000016b90000,0x0000000016c90000)]
  0x000000001665f000 JavaThread "pool-1-thread-1" [_thread_blocked, id=9816, stack(0x0000000016a90000,0x0000000016b90000)]
  0x0000000014b6e000 JavaThread "Service Thread" daemon [_thread_blocked, id=10872, stack(0x0000000016890000,0x0000000016990000)]
  0x0000000014b15000 JavaThread "C1 CompilerThread2" daemon [_thread_blocked, id=724, stack(0x0000000016390000,0x0000000016490000)]
=>0x0000000014b12000 JavaThread "C2 CompilerThread1" daemon [_thread_in_native, id=7552, stack(0x0000000016290000,0x0000000016390000)]
  0x0000000014b0c000 JavaThread "C2 CompilerThread0" daemon [_thread_blocked, id=12108, stack(0x0000000016190000,0x0000000016290000)]
  0x0000000014b0a800 JavaThread "Attach Listener" daemon [_thread_blocked, id=8552, stack(0x0000000016090000,0x0000000016190000)]
  0x0000000014b09800 JavaThread "Signal Dispatcher" daemon [_thread_blocked, id=9260, stack(0x0000000015f90000,0x0000000016090000)]
  0x0000000014afa800 JavaThread "Finalizer" daemon [_thread_blocked, id=11984, stack(0x0000000015d70000,0x0000000015e70000)]
  0x0000000014ad8800 JavaThread "Reference Handler" daemon [_thread_blocked, id=12284, stack(0x0000000015c70000,0x0000000015d70000)]
  0x000000000220d800 JavaThread "main" [_thread_in_native, id=11596, stack(0x0000000002240000,0x0000000002340000)]

Other Threads:
  0x0000000014ad8000 VMThread [stack: 0x0000000015b70000,0x0000000015c70000] [id=8360]
  0x00000000164c4000 WatcherThread [stack: 0x0000000016990000,0x0000000016a90000] [id=11800]

VM state:at safepoint (normal execution)

VM Mutex/Monitor currently owned by a thread:  ([mutex/lock_event])
[0x000000000220cef0] Threads_lock - owner thread: 0x0000000014ad8000
[0x000000000220c4f0] Heap_lock - owner thread: 0x00000000165f9000

Heap:
 PSYoungGen      total 37888K, used 37856K [0x00000000eab00000, 0x00000000ed500000, 0x0000000100000000)
  eden space 32768K, 100% used [0x00000000eab00000,0x00000000ecb00000,0x00000000ecb00000)
  from space 5120K, 99% used [0x00000000ed000000,0x00000000ed4f8028,0x00000000ed500000)
  to   space 5120K, 99% used [0x00000000ecb00000,0x00000000ecffd198,0x00000000ed000000)
 ParOldGen       total 86016K, used 9956K [0x00000000c0000000, 0x00000000c5400000, 0x00000000eab00000)
  object space 86016K, 11% used [0x00000000c0000000,0x00000000c09b90a0,0x00000000c5400000)
 Metaspace       used 6027K, capacity 7088K, committed 7296K, reserved 1056768K
  class space    used 585K, capacity 616K, committed 640K, reserved 1048576K

Card table byte_map: [0x0000000011800000,0x0000000011a10000] byte_map_base: 0x0000000011200000

Marking Bits: (ParMarkBitMap*) 0x000000006f6aa6d0
 Begin Bits: [0x0000000011f70000, 0x0000000012f70000)
 End Bits:   [0x0000000012f70000, 0x0000000013f70000)

Polling page: 0x00000000021d0000

CodeCache: size=245760Kb used=6174Kb max_used=6174Kb free=239585Kb
 bounds [0x0000000002440000, 0x0000000002a50000, 0x0000000011440000]
 total_blobs=1816 nmethods=1554 adapters=175
 compilation: enabled

Compilation events (10 events):
Event: 3.380 Thread 0x0000000014b15000 1587       2       com.android.dx.ssa.back.SsaToRop::moveParametersToHighRegisters (88 bytes)
Event: 3.380 Thread 0x0000000014b15000 nmethod 1587 0x0000000002a38b10 code [0x0000000002a38ca0, 0x0000000002a39058]
Event: 3.380 Thread 0x0000000014b15000 1588       2       com.android.dx.rop.type.Prototype::intern (31 bytes)
Event: 3.380 Thread 0x0000000014b15000 nmethod 1588 0x0000000002a38650 code [0x0000000002a387c0, 0x0000000002a389a8]
Event: 3.380 Thread 0x0000000014b15000 1589       2       java.io.DataInputStream::<init> (30 bytes)
Event: 3.381 Thread 0x0000000014b15000 nmethod 1589 0x0000000002a483d0 code [0x0000000002a48540, 0x0000000002a48870]
Event: 3.381 Thread 0x0000000014b15000 1591       2       java.util.concurrent.locks.AbstractQueuedSynchronizer$ConditionObject::signal (33 bytes)
Event: 3.381 Thread 0x0000000014b15000 nmethod 1591 0x0000000002a48950 code [0x0000000002a48ae0, 0x0000000002a48d28]
Event: 3.381 Thread 0x0000000014b15000 1592       2       java.util.concurrent.locks.ReentrantLock$Sync::isHeldExclusively (16 bytes)
Event: 3.381 Thread 0x0000000014b15000 nmethod 1592 0x0000000002a48e50 code [0x0000000002a48fa0, 0x0000000002a49110]

GC Heap History (4 events):
Event: 2.516 GC heap before
{Heap before GC invocations=1 (full 0):
 PSYoungGen      total 37888K, used 32768K [0x00000000eab00000, 0x00000000ed500000, 0x0000000100000000)
  eden space 32768K, 100% used [0x00000000eab00000,0x00000000ecb00000,0x00000000ecb00000)
  from space 5120K, 0% used [0x00000000ed000000,0x00000000ed000000,0x00000000ed500000)
  to   space 5120K, 0% used [0x00000000ecb00000,0x00000000ecb00000,0x00000000ed000000)
 ParOldGen       total 86016K, used 0K [0x00000000c0000000, 0x00000000c5400000, 0x00000000eab00000)
  object space 86016K, 0% used [0x00000000c0000000,0x00000000c0000000,0x00000000c5400000)
 Metaspace       used 5823K, capacity 6896K, committed 7040K, reserved 1056768K
  class space    used 583K, capacity 616K, committed 640K, reserved 1048576K
Event: 2.522 GC heap after
Heap after GC invocations=1 (full 0):
 PSYoungGen      total 37888K, used 5102K [0x00000000eab00000, 0x00000000ed500000, 0x0000000100000000)
  eden space 32768K, 0% used [0x00000000eab00000,0x00000000eab00000,0x00000000ecb00000)
  from space 5120K, 99% used [0x00000000ecb00000,0x00000000ecffb9e0,0x00000000ed000000)
  to   space 5120K, 0% used [0x00000000ed000000,0x00000000ed000000,0x00000000ed500000)
 ParOldGen       total 86016K, used 1265K [0x00000000c0000000, 0x00000000c5400000, 0x00000000eab00000)
  object space 86016K, 1% used [0x00000000c0000000,0x00000000c013c560,0x00000000c5400000)
 Metaspace       used 5823K, capacity 6896K, committed 7040K, reserved 1056768K
  class space    used 583K, capacity 616K, committed 640K, reserved 1048576K
}
Event: 3.031 GC heap before
{Heap before GC invocations=2 (full 0):
 PSYoungGen      total 37888K, used 37870K [0x00000000eab00000, 0x00000000ed500000, 0x0000000100000000)
  eden space 32768K, 100% used [0x00000000eab00000,0x00000000ecb00000,0x00000000ecb00000)
  from space 5120K, 99% used [0x00000000ecb00000,0x00000000ecffb9e0,0x00000000ed000000)
  to   space 5120K, 0% used [0x00000000ed000000,0x00000000ed000000,0x00000000ed500000)
 ParOldGen       total 86016K, used 1265K [0x00000000c0000000, 0x00000000c5400000, 0x00000000eab00000)
  object space 86016K, 1% used [0x00000000c0000000,0x00000000c013c560,0x00000000c5400000)
 Metaspace       used 5923K, capacity 6960K, committed 7040K, reserved 1056768K
  class space    used 585K, capacity 616K, committed 640K, reserved 1048576K
Event: 3.042 GC heap after
Heap after GC invocations=2 (full 0):
 PSYoungGen      total 37888K, used 5088K [0x00000000eab00000, 0x00000000ed500000, 0x0000000100000000)
  eden space 32768K, 0% used [0x00000000eab00000,0x00000000eab00000,0x00000000ecb00000)
  from space 5120K, 99% used [0x00000000ed000000,0x00000000ed4f8028,0x00000000ed500000)
  to   space 5120K, 0% used [0x00000000ecb00000,0x00000000ecb00000,0x00000000ed000000)
 ParOldGen       total 86016K, used 4149K [0x00000000c0000000, 0x00000000c5400000, 0x00000000eab00000)
  object space 86016K, 4% used [0x00000000c0000000,0x00000000c040d470,0x00000000c5400000)
 Metaspace       used 5923K, capacity 6960K, committed 7040K, reserved 1056768K
  class space    used 585K, capacity 616K, committed 640K, reserved 1048576K
}

Deoptimization events (10 events):
Event: 2.999 Thread 0x00000000165f9800 Uncommon trap: reason=bimorphic action=maybe_recompile pc=0x00000000028e5d40 method=java.util.HashMap.putVal(ILjava/lang/Object;Ljava/lang/Object;ZZ)Ljava/lang/Object; @ 91
Event: 2.999 Thread 0x00000000165f9800 Uncommon trap: reason=bimorphic action=maybe_recompile pc=0x00000000028e5d40 method=java.util.HashMap.putVal(ILjava/lang/Object;Ljava/lang/Object;ZZ)Ljava/lang/Object; @ 91
Event: 2.999 Thread 0x00000000165f9800 Uncommon trap: reason=bimorphic action=maybe_recompile pc=0x00000000026d3eec method=java.util.HashMap.getNode(ILjava/lang/Object;)Ljava/util/HashMap$Node; @ 126
Event: 3.001 Thread 0x000000000220d800 Uncommon trap: reason=bimorphic action=maybe_recompile pc=0x000000000292dd6c method=com.android.dx.ssa.LiteralOpUpgrader.tryReplacingWithConstant(Lcom/android/dx/ssa/NormalSsaInsn;)Z @ 52
Event: 3.001 Thread 0x000000000220d800 Uncommon trap: reason=unstable_if action=reinterpret pc=0x00000000027e68dc method=com.android.dx.ssa.SsaMethod.updateOneDefinition(Lcom/android/dx/ssa/SsaInsn;Lcom/android/dx/rop/code/RegisterSpec;)V @ 4
Event: 3.001 Thread 0x000000000220d800 Uncommon trap: reason=bimorphic action=maybe_recompile pc=0x000000000292dd6c method=com.android.dx.ssa.LiteralOpUpgrader.tryReplacingWithConstant(Lcom/android/dx/ssa/NormalSsaInsn;)Z @ 52
Event: 3.003 Thread 0x00000000165f9800 Uncommon trap: reason=bimorphic action=maybe_recompile pc=0x0000000002951eb8 method=com.android.dx.ssa.SCCP.simulatePhi(Lcom/android/dx/ssa/PhiInsn;)V @ 124
Event: 3.003 Thread 0x000000000220d800 Uncommon trap: reason=bimorphic action=maybe_recompile pc=0x00000000028591e4 method=java.util.HashMap.getNode(ILjava/lang/Object;)Ljava/util/HashMap$Node; @ 126
Event: 3.003 Thread 0x000000000220d800 Uncommon trap: reason=unstable_if action=reinterpret pc=0x000000000269f51c method=com.android.dx.rop.cst.Constant.compareTo(Lcom/android/dx/rop/cst/Constant;)I @ 12
Event: 3.090 Thread 0x00000000165f9000 Uncommon trap: reason=unstable_if action=reinterpret pc=0x00000000028148bc method=com.android.dx.util.IntList.binarysearch(I)I @ 105

Internal exceptions (3 events):
Event: 0.026 Thread 0x000000000220d800 Exception <a 'java/lang/NoSuchMethodError': Method sun.misc.Unsafe.defineClass(Ljava/lang/String;[BII)Ljava/lang/Class; name or signature does not match> (0x00000000eab07cc0) thrown at [C:\re\workspace\8-2-build-windows-amd64-cygwin\jdk8u101\7261\hotspot\sOZø³Hÿš?
Event: 0.026 Thread 0x000000000220d800 Exception <a 'java/lang/NoSuchMethodError': Method sun.misc.Unsafe.prefetchRead(Ljava/lang/Object;J)V name or signature does not match> (0x00000000eab07fa8) thrown at [C:\re\workspace\8-2-build-windows-amd64-cygwin\jdk8u101\7261\hotspot\src\share\vm\prims\A
ËÚ@
Event: 2.251 Thread 0x00000000165f9000 Implicit null exception at 0x000000000271751a to 0x0000000002718e55

Events (10 events):
Event: 3.090 Thread 0x00000000165f9000 DEOPT PACKING pc=0x00000000028148bc sp=0x0000000016e8e740
Event: 3.090 Thread 0x00000000165f9000 DEOPT UNPACKING pc=0x000000000248582a sp=0x0000000016e8e6b8 mode 2
Event: 3.096 Thread 0x00000000165f9000 DEOPT PACKING pc=0x00000000029308d2 sp=0x0000000016e8e4d0
Event: 3.096 Thread 0x00000000165f9000 DEOPT UNPACKING pc=0x000000000248787f sp=0x0000000016e8e218 mode 0
Event: 3.097 Thread 0x00000000165f9000 DEOPT PACKING pc=0x00000000029308d2 sp=0x0000000016e8e4d0
Event: 3.097 Thread 0x00000000165f9000 DEOPT UNPACKING pc=0x000000000248787f sp=0x0000000016e8e218 mode 0
Event: 3.102 Thread 0x00000000165f9000 DEOPT PACKING pc=0x0000000002702504 sp=0x0000000016e8e6e0
Event: 3.102 Thread 0x00000000165f9000 DEOPT UNPACKING pc=0x000000000248787f sp=0x0000000016e8e4a8 mode 0
Event: 3.375 Thread 0x000000001665f000 DEOPT PACKING pc=0x00000000029aa722 sp=0x0000000016b8eb10
Event: 3.375 Thread 0x000000001665f000 DEOPT UNPACKING pc=0x000000000248787f sp=0x0000000016b8e888 mode 0


Dynamic libraries:
0x00007ff7db540000 - 0x00007ff7db577000 	C:\Program Files\Java\jdk1.8.0_101\bin\java.exe
0x00007ffdf43d0000 - 0x00007ffdf45a1000 	C:\WINDOWS\SYSTEM32\ntdll.dll
0x00007ffdf3f40000 - 0x00007ffdf3feb000 	C:\WINDOWS\System32\KERNEL32.DLL
0x00007ffdf10e0000 - 0x00007ffdf12fd000 	C:\WINDOWS\System32\KERNELBASE.dll
0x00007ffdf3500000 - 0x00007ffdf35a2000 	C:\WINDOWS\System32\ADVAPI32.dll
0x00007ffdf4330000 - 0x00007ffdf43ce000 	C:\WINDOWS\System32\msvcrt.dll
0x00007ffdf3490000 - 0x00007ffdf34e9000 	C:\WINDOWS\System32\sechost.dll
0x00007ffdf4200000 - 0x00007ffdf4321000 	C:\WINDOWS\System32\RPCRT4.dll
0x00007ffdf3ff0000 - 0x00007ffdf4155000 	C:\WINDOWS\System32\USER32.dll
0x00007ffdf10c0000 - 0x00007ffdf10de000 	C:\WINDOWS\System32\win32u.dll
0x00007ffdf1dd0000 - 0x00007ffdf1e04000 	C:\WINDOWS\System32\GDI32.dll
0x00007ffdf1600000 - 0x00007ffdf1782000 	C:\WINDOWS\System32\gdi32full.dll
0x00007ffde4f70000 - 0x00007ffde51e9000 	C:\WINDOWS\WinSxS\amd64_microsoft.windows.common-controls_6595b64144ccf1df_6.0.14393.0_none_2d0f50fcbdb171b8\COMCTL32.dll
0x00007ffdf1960000 - 0x00007ffdf1c27000 	C:\WINDOWS\System32\combase.dll
0x00007ffdf1500000 - 0x00007ffdf15f5000 	C:\WINDOWS\System32\ucrtbase.dll
0x00007ffdf0fa0000 - 0x00007ffdf100a000 	C:\WINDOWS\System32\bcryptPrimitives.dll
0x00007ffdf3f10000 - 0x00007ffdf3f3e000 	C:\WINDOWS\System32\IMM32.DLL
0x000000006eb20000 - 0x000000006ebf2000 	C:\Program Files\Java\jdk1.8.0_101\jre\bin\msvcr100.dll
0x000000006ee90000 - 0x000000006f72a000 	C:\Program Files\Java\jdk1.8.0_101\jre\bin\server\jvm.dll
0x00007ffdf1e10000 - 0x00007ffdf1e18000 	C:\WINDOWS\System32\PSAPI.DLL
0x00007ffde3aa0000 - 0x00007ffde3aa9000 	C:\WINDOWS\SYSTEM32\WSOCK32.dll
0x00007ffded660000 - 0x00007ffded683000 	C:\WINDOWS\SYSTEM32\WINMM.dll
0x00007ffdea330000 - 0x00007ffdea33a000 	C:\WINDOWS\SYSTEM32\VERSION.dll
0x00007ffdf3710000 - 0x00007ffdf377a000 	C:\WINDOWS\System32\WS2_32.dll
0x00007ffded630000 - 0x00007ffded65b000 	C:\WINDOWS\SYSTEM32\WINMMBASE.dll
0x00007ffdf1360000 - 0x00007ffdf13a2000 	C:\WINDOWS\System32\cfgmgr32.dll
0x00000000700e0000 - 0x00000000700ef000 	C:\Program Files\Java\jdk1.8.0_101\jre\bin\verify.dll
0x00000000700b0000 - 0x00000000700d9000 	C:\Program Files\Java\jdk1.8.0_101\jre\bin\java.dll
0x0000000070090000 - 0x00000000700a6000 	C:\Program Files\Java\jdk1.8.0_101\jre\bin\zip.dll
0x00007ffdf1e20000 - 0x00007ffdf3328000 	C:\WINDOWS\System32\SHELL32.dll
0x00007ffdf08c0000 - 0x00007ffdf0f9a000 	C:\WINDOWS\System32\windows.storage.dll
0x00007ffdf0860000 - 0x00007ffdf08ac000 	C:\WINDOWS\System32\powrprof.dll
0x00007ffdf1d70000 - 0x00007ffdf1dc2000 	C:\WINDOWS\System32\shlwapi.dll
0x00007ffdf08b0000 - 0x00007ffdf08bf000 	C:\WINDOWS\System32\kernel.appcore.dll
0x00007ffdf13b0000 - 0x00007ffdf1459000 	C:\WINDOWS\System32\shcore.dll
0x00007ffdf0830000 - 0x00007ffdf0844000 	C:\WINDOWS\System32\profapi.dll

VM Arguments:
jvm_args: -Djava.awt.headless=true -Xmx1024M -Dfile.encoding=windows-1252 -Duser.country=MX -Duser.language=es -Duser.variant 
java_command: com.android.dx.command.Main --dex --num-threads=4 --output O:\Android\VentaenRuta2016\app\build\intermediates\pre-dexed\debug\debug_b8f358b181f360135c8ff544ee4b68df5f53e342.jar O:\Android\VentaenRuta2016\app\build\intermediates\classes\debug
java_class_path (initial): C:\Users\mario\AppData\Local\Android\sdk\build-tools\24.0.2\lib\dx.jar
Launcher Type: SUN_STANDARD

Environment Variables:
PATH=C:\ProgramData\Oracle\Java\javapath;C:\Program Files (x86)\Intel\iCLS Client\;C:\Program Files\Intel\iCLS Client\;C:\Windows\system32;C:\Windows;C:\Windows\System32\Wbem;C:\Windows\System32\WindowsPowerShell\v1.0\;C:\Program Files (x86)\NVIDIA Corporation\PhysX\Common;C:\Program Files (x86)\Intel\Intel(R) Management Engine Components\DAL;C:\Program Files\Intel\Intel(R) Management Engine Components\DAL;C:\Program Files (x86)\Intel\Intel(R) Management Engine Components\IPT;C:\Program Files\Intel\Intel(R) Management Engine Components\IPT;C:\WINDOWS\system32;C:\WINDOWS;C:\WINDOWS\System32\Wbem;C:\WINDOWS\System32\WindowsPowerShell\v1.0\;%USERPROFILE%\.dnx\bin;C:\Program Files\Microsoft DNX\Dnvm\;C:\Program Files (x86)\Windows Kits\10\Windows Performance Toolkit\;C:\Program Files\Git\cmd;C:\Program Files\Microsoft SQL Server\130\Tools\Binn\;C:\Program Files\Microsoft\Web Platform Installer\;C:\Program Files (x86)\nodejs\;C:\Users\mario\AppData\Roaming\npm;%USERPROFILE%\AppData\Local\Microsoft\WindowsApps
USERNAME=mario
OS=Windows_NT
PROCESSOR_IDENTIFIER=Intel64 Family 6 Model 94 Stepping 3, GenuineIntel



---------------  S Y S T E M  ---------------

OS: Windows 10.0 , 64 bit Build 14393 (10.0.14393.0)

CPU:total 4 (4 cores per cpu, 1 threads per core) family 6 model 94 stepping 3, cmov, cx8, fxsr, mmx, sse, sse2, sse3, ssse3, sse4.1, sse4.2, popcnt, avx, avx2, aes, clmul, erms, rtm, 3dnowpref, lzcnt, tsc, tscinvbit, bmi1, bmi2, adx

Memory: 4k page, physical 8245152k(1060288k free), swap 10192800k(7680k free)

vm_info: Java HotSpot(TM) 64-Bit Server VM (25.101-b13) for windows-amd64 JRE (1.8.0_101-b13), built on Jun 22 2016 01:21:29 by "java_re" with MS VC++ 10.0 (VS2010)

time: Tue Sep 27 00:26:10 2016
elapsed time: 3 seconds (0d 0h 0m 3s)

