#
# There is insufficient memory for the Java Runtime Environment to continue.
# Native memory allocation (malloc) failed to allocate 617536 bytes for Chunk::new
# Possible reasons:
#   The system is out of physical RAM or swap space
#   In 32 bit mode, the process size limit was hit
# Possible solutions:
#   Reduce memory load on the system
#   Increase physical memory or swap space
#   Check if swap backing store is full
#   Use 64 bit Java on a 64 bit OS
#   Decrease Java heap size (-Xmx/-Xms)
#   Decrease number of Java threads
#   Decrease Java thread stack sizes (-Xss)
#   Set larger code cache with -XX:ReservedCodeCacheSize=
# This output file may be truncated or incomplete.
#
#  Out of Memory Error (allocation.cpp:390), pid=536, tid=0x00000000000026d8
#
# JRE version: Java(TM) SE Runtime Environment (8.0_101-b13) (build 1.8.0_101-b13)
# Java VM: Java HotSpot(TM) 64-Bit Server VM (25.101-b13 mixed mode windows-amd64 compressed oops)
# Failed to write core dump. Minidumps are not enabled by default on client versions of Windows
#

---------------  T H R E A D  ---------------

Current thread (0x0000000014f69800):  JavaThread "C2 CompilerThread0" daemon [_thread_in_native, id=9944, stack(0x00000000165b0000,0x00000000166b0000)]

Stack: [0x00000000165b0000,0x00000000166b0000]
[error occurred during error reporting (printing stack bounds), id 0xc0000005]

Native frames: (J=compiled Java code, j=interpreted, Vv=VM code, C=native code)


Current CompileTask:
C2:   2761 1707   !   4       com.android.dx.cf.cst.ConstantPoolParser::parse0 (731 bytes)


---------------  P R O C E S S  ---------------

Java Threads: ( => current thread )
  0x0000000016b42800 JavaThread "pool-2-thread-4" [_thread_blocked, id=12408, stack(0x0000000017ab0000,0x0000000017bb0000)]
  0x0000000016b41000 JavaThread "pool-2-thread-3" [_thread_blocked, id=4672, stack(0x00000000179b0000,0x0000000017ab0000)]
  0x0000000016b40000 JavaThread "pool-2-thread-2" [_thread_blocked, id=3204, stack(0x00000000178b0000,0x00000000179b0000)]
  0x0000000016c4c800 JavaThread "pool-3-thread-1" [_thread_blocked, id=11816, stack(0x00000000177b0000,0x00000000178b0000)]
  0x0000000016c4b800 JavaThread "pool-2-thread-1" [_thread_blocked, id=8144, stack(0x00000000176b0000,0x00000000177b0000)]
  0x00000000168e6000 JavaThread "Service Thread" daemon [_thread_blocked, id=12512, stack(0x0000000016cb0000,0x0000000016db0000)]
  0x0000000014f5d800 JavaThread "C1 CompilerThread2" daemon [_thread_in_vm, id=12684, stack(0x00000000167b0000,0x00000000168b0000)]
  0x0000000014f5a800 JavaThread "C2 CompilerThread1" daemon [_thread_in_native, id=11620, stack(0x00000000166b0000,0x00000000167b0000)]
=>0x0000000014f69800 JavaThread "C2 CompilerThread0" daemon [_thread_in_native, id=9944, stack(0x00000000165b0000,0x00000000166b0000)]
  0x0000000014f67800 JavaThread "Attach Listener" daemon [_thread_blocked, id=12624, stack(0x00000000164b0000,0x00000000165b0000)]
  0x0000000014f66000 JavaThread "Signal Dispatcher" daemon [_thread_blocked, id=5556, stack(0x00000000163b0000,0x00000000164b0000)]
  0x0000000014f4a800 JavaThread "Finalizer" daemon [_thread_blocked, id=8868, stack(0x00000000161b0000,0x00000000162b0000)]
  0x0000000014f29000 JavaThread "Reference Handler" daemon [_thread_blocked, id=12992, stack(0x00000000160b0000,0x00000000161b0000)]
  0x000000000288d800 JavaThread "main" [_thread_blocked, id=4000, stack(0x0000000000e70000,0x0000000000f70000)]

Other Threads:
  0x0000000014f27000 VMThread [stack: 0x0000000015fb0000,0x00000000160b0000] [id=7308]
  0x00000000168ed000 WatcherThread [stack: 0x0000000016db0000,0x0000000016eb0000] [id=2884]

VM state:synchronizing (normal execution)

VM Mutex/Monitor currently owned by a thread:  ([mutex/lock_event])
[0x000000000288c4b0] Threads_lock - owner thread: 0x0000000014f27000

Heap:
 PSYoungGen      total 37888K, used 32690K [0x00000000eab00000, 0x00000000ef500000, 0x0000000100000000)
  eden space 32768K, 84% used [0x00000000eab00000,0x00000000ec5ed0f0,0x00000000ecb00000)
  from space 5120K, 99% used [0x00000000ecb00000,0x00000000ecfffab0,0x00000000ed000000)
  to   space 5120K, 0% used [0x00000000ef000000,0x00000000ef000000,0x00000000ef500000)
 ParOldGen       total 86016K, used 8209K [0x00000000c0000000, 0x00000000c5400000, 0x00000000eab00000)
  object space 86016K, 9% used [0x00000000c0000000,0x00000000c0804488,0x00000000c5400000)
 Metaspace       used 6216K, capacity 7090K, committed 7296K, reserved 1056768K
  class space    used 600K, capacity 618K, committed 640K, reserved 1048576K

Card table byte_map: [0x0000000011c50000,0x0000000011e60000] byte_map_base: 0x0000000011650000

Marking Bits: (ParMarkBitMap*) 0x000000006191a6d0
 Begin Bits: [0x00000000123c0000, 0x00000000133c0000)
 End Bits:   [0x00000000133c0000, 0x00000000143c0000)

Polling page: 0x0000000000f70000

CodeCache: size=245760Kb used=6939Kb max_used=6957Kb free=238820Kb
 bounds [0x0000000002890000, 0x0000000002f70000, 0x0000000011890000]
 total_blobs=1951 nmethods=1682 adapters=182
 compilation: enabled

Compilation events (10 events):
Event: 2.574 Thread 0x0000000014f69800 nmethod 1664 0x0000000002f428d0 code [0x0000000002f42a20, 0x0000000002f42b18]
Event: 2.641 Thread 0x0000000014f69800 1707   !   4       com.android.dx.cf.cst.ConstantPoolParser::parse0 (731 bytes)
Event: 2.678 Thread 0x0000000014f5d800 1708       3       com.android.dx.command.dexer.Main::access$1700 (4 bytes)
Event: 2.678 Thread 0x0000000014f5d800 nmethod 1708 0x0000000002edfdd0 code [0x0000000002edff20, 0x0000000002ee0070]
Event: 2.678 Thread 0x0000000014f5d800 1709       3       com.android.dx.command.dexer.Main::access$1800 (4 bytes)
Event: 2.678 Thread 0x0000000014f5d800 nmethod 1709 0x0000000002f425d0 code [0x0000000002f42720, 0x0000000002f42870]
Event: 2.678 Thread 0x0000000014f5d800 1710       3       com.android.dx.command.dexer.Main::access$2000 (4 bytes)
Event: 2.678 Thread 0x0000000014f5d800 nmethod 1710 0x0000000002f49b50 code [0x0000000002f49ca0, 0x0000000002f49df0]
Event: 2.679 Thread 0x0000000014f5d800 1713       3       com.android.dx.command.dexer.Main::access$1600 (4 bytes)
Event: 2.679 Thread 0x0000000014f5d800 nmethod 1713 0x0000000002f49850 code [0x0000000002f499a0, 0x0000000002f49af0]

GC Heap History (6 events):
Event: 0.557 GC heap before
{Heap before GC invocations=1 (full 0):
 PSYoungGen      total 37888K, used 32768K [0x00000000eab00000, 0x00000000ed500000, 0x0000000100000000)
  eden space 32768K, 100% used [0x00000000eab00000,0x00000000ecb00000,0x00000000ecb00000)
  from space 5120K, 0% used [0x00000000ed000000,0x00000000ed000000,0x00000000ed500000)
  to   space 5120K, 0% used [0x00000000ecb00000,0x00000000ecb00000,0x00000000ed000000)
 ParOldGen       total 86016K, used 0K [0x00000000c0000000, 0x00000000c5400000, 0x00000000eab00000)
  object space 86016K, 0% used [0x00000000c0000000,0x00000000c0000000,0x00000000c5400000)
 Metaspace       used 5867K, capacity 6768K, committed 7040K, reserved 1056768K
  class space    used 595K, capacity 616K, committed 640K, reserved 1048576K
Event: 0.562 GC heap after
Heap after GC invocations=1 (full 0):
 PSYoungGen      total 37888K, used 5107K [0x00000000eab00000, 0x00000000ed500000, 0x0000000100000000)
  eden space 32768K, 0% used [0x00000000eab00000,0x00000000eab00000,0x00000000ecb00000)
  from space 5120K, 99% used [0x00000000ecb00000,0x00000000ecffcd40,0x00000000ed000000)
  to   space 5120K, 0% used [0x00000000ed000000,0x00000000ed000000,0x00000000ed500000)
 ParOldGen       total 86016K, used 623K [0x00000000c0000000, 0x00000000c5400000, 0x00000000eab00000)
  object space 86016K, 0% used [0x00000000c0000000,0x00000000c009bd10,0x00000000c5400000)
 Metaspace       used 5867K, capacity 6768K, committed 7040K, reserved 1056768K
  class space    used 595K, capacity 616K, committed 640K, reserved 1048576K
}
Event: 1.021 GC heap before
{Heap before GC invocations=2 (full 0):
 PSYoungGen      total 37888K, used 37875K [0x00000000eab00000, 0x00000000ed500000, 0x0000000100000000)
  eden space 32768K, 100% used [0x00000000eab00000,0x00000000ecb00000,0x00000000ecb00000)
  from space 5120K, 99% used [0x00000000ecb00000,0x00000000ecffcd40,0x00000000ed000000)
  to   space 5120K, 0% used [0x00000000ed000000,0x00000000ed000000,0x00000000ed500000)
 ParOldGen       total 86016K, used 623K [0x00000000c0000000, 0x00000000c5400000, 0x00000000eab00000)
  object space 86016K, 0% used [0x00000000c0000000,0x00000000c009bd10,0x00000000c5400000)
 Metaspace       used 6120K, capacity 7026K, committed 7296K, reserved 1056768K
  class space    used 599K, capacity 618K, committed 640K, reserved 1048576K
Event: 1.207 GC heap after
Heap after GC invocations=2 (full 0):
 PSYoungGen      total 37888K, used 5113K [0x00000000eab00000, 0x00000000ef500000, 0x0000000100000000)
  eden space 32768K, 0% used [0x00000000eab00000,0x00000000eab00000,0x00000000ecb00000)
  from space 5120K, 99% used [0x00000000ed000000,0x00000000ed4fe530,0x00000000ed500000)
  to   space 5120K, 0% used [0x00000000ecb00000,0x00000000ecb00000,0x00000000ed000000)
 ParOldGen       total 86016K, used 4736K [0x00000000c0000000, 0x00000000c5400000, 0x00000000eab00000)
  object space 86016K, 5% used [0x00000000c0000000,0x00000000c04a0250,0x00000000c5400000)
 Metaspace       used 6120K, capacity 7026K, committed 7296K, reserved 1056768K
  class space    used 599K, capacity 618K, committed 640K, reserved 1048576K
}
Event: 1.706 GC heap before
{Heap before GC invocations=3 (full 0):
 PSYoungGen      total 37888K, used 37881K [0x00000000eab00000, 0x00000000ef500000, 0x0000000100000000)
  eden space 32768K, 100% used [0x00000000eab00000,0x00000000ecb00000,0x00000000ecb00000)
  from space 5120K, 99% used [0x00000000ed000000,0x00000000ed4fe530,0x00000000ed500000)
  to   space 5120K, 0% used [0x00000000ecb00000,0x00000000ecb00000,0x00000000ed000000)
 ParOldGen       total 86016K, used 4736K [0x00000000c0000000, 0x00000000c5400000, 0x00000000eab00000)
  object space 86016K, 5% used [0x00000000c0000000,0x00000000c04a0250,0x00000000c5400000)
 Metaspace       used 6184K, capacity 7090K, committed 7296K, reserved 1056768K
  class space    used 600K, capacity 618K, committed 640K, reserved 1048576K
Event: 1.743 GC heap after
Heap after GC invocations=3 (full 0):
 PSYoungGen      total 37888K, used 5118K [0x00000000eab00000, 0x00000000ef500000, 0x0000000100000000)
  eden space 32768K, 0% used [0x00000000eab00000,0x00000000eab00000,0x00000000ecb00000)
  from space 5120K, 99% used [0x00000000ecb00000,0x00000000ecfffab0,0x00000000ed000000)
  to   space 5120K, 0% used [0x00000000ef000000,0x00000000ef000000,0x00000000ef500000)
 ParOldGen       total 86016K, used 8209K [0x00000000c0000000, 0x00000000c5400000, 0x00000000eab00000)
  object space 86016K, 9% used [0x00000000c0000000,0x00000000c0804488,0x00000000c5400000)
 Metaspace       used 6184K, capacity 7090K, committed 7296K, reserved 1056768K
  class space    used 600K, capacity 618K, committed 640K, reserved 1048576K
}

Deoptimization events (10 events):
Event: 1.292 Thread 0x0000000016b41000 Uncommon trap: reason=class_check action=maybe_recompile pc=0x0000000002d884bc method=java.util.HashMap.putVal(ILjava/lang/Object;Ljava/lang/Object;ZZ)Ljava/lang/Object; @ 203
Event: 1.292 Thread 0x0000000016b41000 Uncommon trap: reason=bimorphic action=maybe_recompile pc=0x0000000002b47074 method=java.util.HashMap.getNode(ILjava/lang/Object;)Ljava/util/HashMap$Node; @ 126
Event: 1.292 Thread 0x0000000016b41000 Uncommon trap: reason=class_check action=maybe_recompile pc=0x0000000002d884bc method=java.util.HashMap.putVal(ILjava/lang/Object;Ljava/lang/Object;ZZ)Ljava/lang/Object; @ 203
Event: 1.292 Thread 0x0000000016b41000 Uncommon trap: reason=bimorphic action=maybe_recompile pc=0x0000000002b47074 method=java.util.HashMap.getNode(ILjava/lang/Object;)Ljava/util/HashMap$Node; @ 126
Event: 1.292 Thread 0x0000000016b41000 Uncommon trap: reason=bimorphic action=maybe_recompile pc=0x0000000002b47074 method=java.util.HashMap.getNode(ILjava/lang/Object;)Ljava/util/HashMap$Node; @ 126
Event: 1.292 Thread 0x0000000016b41000 Uncommon trap: reason=class_check action=maybe_recompile pc=0x0000000002d884bc method=java.util.HashMap.putVal(ILjava/lang/Object;Ljava/lang/Object;ZZ)Ljava/lang/Object; @ 203
Event: 1.592 Thread 0x0000000016b40000 Uncommon trap: reason=unstable_if action=reinterpret pc=0x0000000002e4a700 method=com.android.dx.rop.code.RegisterSpec.equals(ILcom/android/dx/rop/type/TypeBearer;Lcom/android/dx/rop/code/LocalItem;)Z @ 42
Event: 1.651 Thread 0x0000000016b40000 Uncommon trap: reason=bimorphic action=maybe_recompile pc=0x0000000002e22ee0 method=com.android.dx.cf.code.BytecodeArray.parseInstruction(ILcom/android/dx/cf/code/BytecodeArray$Visitor;)I @ 1501
Event: 1.652 Thread 0x0000000016b40000 Uncommon trap: reason=bimorphic action=maybe_recompile pc=0x0000000002e22ee0 method=com.android.dx.cf.code.BytecodeArray.parseInstruction(ILcom/android/dx/cf/code/BytecodeArray$Visitor;)I @ 1501
Event: 1.693 Thread 0x0000000016c4b800 Uncommon trap: reason=null_check action=make_not_entrant pc=0x0000000002b93aa8 method=com.android.dx.ssa.SsaRenamer.getLocalForNewReg(I)Lcom/android/dx/rop/code/LocalItem; @ 19

Internal exceptions (3 events):
Event: 0.027 Thread 0x000000000288d800 Exception <a 'java/lang/NoSuchMethodError': Method sun.misc.Unsafe.defineClass(Ljava/lang/String;[BII)Ljava/lang/Class; name or signature does not match> (0x00000000eab07cc0) thrown at [C:\re\workspace\8-2-build-windows-amd64-cygwin\jdk8u101\7261\hotspot\sÉ™æqë‰›?
Event: 0.027 Thread 0x000000000288d800 Exception <a 'java/lang/NoSuchMethodError': Method sun.misc.Unsafe.prefetchRead(Ljava/lang/Object;J)V name or signature does not match> (0x00000000eab07fa8) thrown at [C:\re\workspace\8-2-build-windows-amd64-cygwin\jdk8u101\7261\hotspot\src\share\vm\prims\ã'Á²qû?
Event: 1.693 Thread 0x0000000016c4b800 Implicit null exception at 0x0000000002b922f7 to 0x0000000002b93a61

Events (10 events):
Event: 1.672 Thread 0x0000000016b40000 DEOPT UNPACKING pc=0x00000000028d787f sp=0x00000000179aec80 mode 0
Event: 1.677 Thread 0x0000000016b41000 DEOPT PACKING pc=0x0000000002c9a42c sp=0x0000000017aaeee0
Event: 1.677 Thread 0x0000000016b41000 DEOPT UNPACKING pc=0x00000000028d787f sp=0x0000000017aaec60 mode 0
Event: 1.691 loading class com/android/dx/cf/attrib/AttExceptions
Event: 1.691 loading class com/android/dx/cf/attrib/AttExceptions done
Event: 1.693 Thread 0x0000000016c4b800 Uncommon trap: trap_request=0xfffffff4 fr.pc=0x0000000002b93aa8
Event: 1.693 Thread 0x0000000016c4b800 DEOPT PACKING pc=0x0000000002b93aa8 sp=0x00000000177ae730
Event: 1.693 Thread 0x0000000016c4b800 DEOPT UNPACKING pc=0x00000000028d582a sp=0x00000000177ae588 mode 2
Event: 1.706 Executing VM operation: ParallelGCFailedAllocation
Event: 1.743 Executing VM operation: ParallelGCFailedAllocation done


Dynamic libraries:
0x00007ff7d0e70000 - 0x00007ff7d0ea7000 	C:\Program Files\Java\jdk1.8.0_101\bin\java.exe
0x00007ffdaa3d0000 - 0x00007ffdaa591000 	C:\WINDOWS\SYSTEM32\ntdll.dll
0x00007ffda9a60000 - 0x00007ffda9b0d000 	C:\WINDOWS\system32\KERNEL32.DLL
0x00007ffda6d40000 - 0x00007ffda6f28000 	C:\WINDOWS\system32\KERNELBASE.dll
0x00007ffda77d0000 - 0x00007ffda7877000 	C:\WINDOWS\system32\ADVAPI32.dll
0x00007ffda7990000 - 0x00007ffda7a2d000 	C:\WINDOWS\system32\msvcrt.dll
0x00007ffda7a30000 - 0x00007ffda7a8b000 	C:\WINDOWS\system32\sechost.dll
0x00007ffda7cd0000 - 0x00007ffda7dec000 	C:\WINDOWS\system32\RPCRT4.dll
0x00007ffda93b0000 - 0x00007ffda9506000 	C:\WINDOWS\system32\USER32.dll
0x00007ffda9d20000 - 0x00007ffda9ea6000 	C:\WINDOWS\system32\GDI32.dll
0x00007ffda30e0000 - 0x00007ffda3354000 	C:\WINDOWS\WinSxS\amd64_microsoft.windows.common-controls_6595b64144ccf1df_6.0.10586.589_none_a2ddb3caa539acce\COMCTL32.dll
0x00007ffda97e0000 - 0x00007ffda9a5d000 	C:\WINDOWS\system32\combase.dll
0x00007ffda6ad0000 - 0x00007ffda6b3a000 	C:\WINDOWS\system32\bcryptPrimitives.dll
0x00007ffda7c90000 - 0x00007ffda7ccb000 	C:\WINDOWS\system32\IMM32.DLL
0x000000005eae0000 - 0x000000005ebb2000 	C:\Program Files\Java\jdk1.8.0_101\jre\bin\msvcr100.dll
0x0000000061100000 - 0x000000006199a000 	C:\Program Files\Java\jdk1.8.0_101\jre\bin\server\jvm.dll
0x00007ffda9700000 - 0x00007ffda9708000 	C:\WINDOWS\system32\PSAPI.DLL
0x00007ffda5140000 - 0x00007ffda5149000 	C:\WINDOWS\SYSTEM32\WSOCK32.dll
0x00007ffda4fb0000 - 0x00007ffda4fd3000 	C:\WINDOWS\SYSTEM32\WINMM.dll
0x00007ffda9eb0000 - 0x00007ffda9f1b000 	C:\WINDOWS\system32\WS2_32.dll
0x00007ffda30c0000 - 0x00007ffda30ca000 	C:\WINDOWS\SYSTEM32\VERSION.dll
0x00007ffda4f50000 - 0x00007ffda4f7c000 	C:\WINDOWS\SYSTEM32\WINMMBASE.dll
0x00007ffda6a80000 - 0x00007ffda6ac3000 	C:\WINDOWS\system32\cfgmgr32.dll
0x0000000061e40000 - 0x0000000061e4f000 	C:\Program Files\Java\jdk1.8.0_101\jre\bin\verify.dll
0x0000000061e10000 - 0x0000000061e39000 	C:\Program Files\Java\jdk1.8.0_101\jre\bin\java.dll
0x0000000061df0000 - 0x0000000061e06000 	C:\Program Files\Java\jdk1.8.0_101\jre\bin\zip.dll
0x00007ffda7e50000 - 0x00007ffda93ac000 	C:\WINDOWS\system32\SHELL32.dll
0x00007ffda6fb0000 - 0x00007ffda75f5000 	C:\WINDOWS\system32\windows.storage.dll
0x00007ffdaa350000 - 0x00007ffdaa3a2000 	C:\WINDOWS\system32\shlwapi.dll
0x00007ffda6a20000 - 0x00007ffda6a2f000 	C:\WINDOWS\system32\kernel.appcore.dll
0x00007ffda6b40000 - 0x00007ffda6bf5000 	C:\WINDOWS\system32\shcore.dll
0x00007ffda6a30000 - 0x00007ffda6a7b000 	C:\WINDOWS\system32\powrprof.dll
0x00007ffda69f0000 - 0x00007ffda6a04000 	C:\WINDOWS\system32\profapi.dll

VM Arguments:
jvm_args: -Djava.awt.headless=true -Xmx1024M -Dfile.encoding=windows-1252 -Duser.country=MX -Duser.language=es -Duser.variant 
java_command: com.android.dx.command.Main --dex --force-jumbo --num-threads=4 --multi-dex --output O:\Android\VentaenRuta2016\app\build\intermediates\transforms\dex\debug\folders\1000\10\support-v4-19.1.0_db97dcaea88e3b160b088095b51847c51f01755d C:\Users\mario\AppData\Local\Android\sdk\extras\android\m2repository\com\android\support\support-v4\19.1.0\support-v4-19.1.0.jar
java_class_path (initial): C:\Users\mario\AppData\Local\Android\sdk\build-tools\24.0.2\lib\dx.jar
Launcher Type: SUN_STANDARD

Environment Variables:
PATH=C:\ProgramData\Oracle\Java\javapath;C:\Program Files (x86)\Intel\iCLS Client\;C:\Program Files\Intel\iCLS Client\;C:\Windows\system32;C:\Windows;C:\Windows\System32\Wbem;C:\Windows\System32\WindowsPowerShell\v1.0\;C:\Program Files (x86)\NVIDIA Corporation\PhysX\Common;C:\Program Files (x86)\Intel\Intel(R) Management Engine Components\DAL;C:\Program Files\Intel\Intel(R) Management Engine Components\DAL;C:\Program Files (x86)\Intel\Intel(R) Management Engine Components\IPT;C:\Program Files\Intel\Intel(R) Management Engine Components\IPT;C:\WINDOWS\system32;C:\WINDOWS;C:\WINDOWS\System32\Wbem;C:\WINDOWS\System32\WindowsPowerShell\v1.0\;C:\WINDOWS\system32\config\systemprofile\.dnx\bin;C:\Program Files\Microsoft DNX\Dnvm\;C:\Program Files (x86)\Windows Kits\10\Windows Performance Toolkit\;C:\Program Files\Git\cmd;C:\Program Files\Microsoft SQL Server\130\Tools\Binn\;C:\Program Files\Microsoft\Web Platform Installer\;C:\Program Files (x86)\nodejs\;C:\Users\mario\AppData\Roaming\npm
USERNAME=mario
OS=Windows_NT
PROCESSOR_IDENTIFIER=Intel64 Family 6 Model 94 Stepping 3, GenuineIntel



---------------  S Y S T E M  ---------------

OS: Windows 10.0 , 64 bit Build 10586 (10.0.10586.589)

CPU:total 4 (4 cores per cpu, 1 threads per core) family 6 model 94 stepping 3, cmov, cx8, fxsr, mmx, sse, sse2, sse3, ssse3, sse4.1, sse4.2, popcnt, avx, avx2, aes, clmul, erms, rtm, 3dnowpref, lzcnt, tsc, tscinvbit, bmi1, bmi2, adx

Memory: 4k page, physical 8245152k(149260k free), swap 10192800k(3816k free)

vm_info: Java HotSpot(TM) 64-Bit Server VM (25.101-b13) for windows-amd64 JRE (1.8.0_101-b13), built on Jun 22 2016 01:21:29 by "java_re" with MS VC++ 10.0 (VS2010)

time: Tue Sep 20 13:32:50 2016
elapsed time: 2 seconds (0d 0h 0m 2s)

