#
# There is insufficient memory for the Java Runtime Environment to continue.
# Native memory allocation (malloc) failed to allocate 65552 bytes for Chunk::new
# Possible reasons:
#   The system is out of physical RAM or swap space
#   In 32 bit mode, the process size limit was hit
# Possible solutions:
#   Reduce memory load on the system
#   Increase physical memory or swap space
#   Check if swap backing store is full
#   Use 64 bit Java on a 64 bit OS
#   Decrease Java heap size (-Xmx/-Xms)
#   Decrease number of Java threads
#   Decrease Java thread stack sizes (-Xss)
#   Set larger code cache with -XX:ReservedCodeCacheSize=
# This output file may be truncated or incomplete.
#
#  Out of Memory Error (allocation.cpp:390), pid=11244, tid=0x00000000000015dc
#
# JRE version: Java(TM) SE Runtime Environment (8.0_101-b13) (build 1.8.0_101-b13)
# Java VM: Java HotSpot(TM) 64-Bit Server VM (25.101-b13 mixed mode windows-amd64 compressed oops)
# Failed to write core dump. Minidumps are not enabled by default on client versions of Windows
#

---------------  T H R E A D  ---------------

Current thread (0x0000000015620800):  JavaThread "C2 CompilerThread1" daemon [_thread_in_native, id=5596, stack(0x0000000016da0000,0x0000000016ea0000)]

Stack: [0x0000000016da0000,0x0000000016ea0000]
[error occurred during error reporting (printing stack bounds), id 0xc0000005]

Native frames: (J=compiled Java code, j=interpreted, Vv=VM code, C=native code)


Current CompileTask:
C2:   7673 1239       4       com.android.dx.ssa.SCCP::simulatePhi (169 bytes)


---------------  P R O C E S S  ---------------

Java Threads: ( => current thread )
  0x000000001711e000 JavaThread "pool-2-thread-4" [_thread_blocked, id=3748, stack(0x00000000179a0000,0x0000000017aa0000)]
  0x000000001711d800 JavaThread "pool-2-thread-3" [_thread_blocked, id=7836, stack(0x00000000178a0000,0x00000000179a0000)]
  0x000000001711c800 JavaThread "pool-2-thread-2" [_thread_in_Java, id=7584, stack(0x00000000177a0000,0x00000000178a0000)]
  0x0000000017115000 JavaThread "pool-3-thread-1" [_thread_blocked, id=8736, stack(0x00000000176a0000,0x00000000177a0000)]
  0x0000000017114800 JavaThread "pool-2-thread-1" [_thread_blocked, id=6360, stack(0x00000000175a0000,0x00000000176a0000)]
  0x0000000016eae000 JavaThread "Service Thread" daemon [_thread_blocked, id=7776, stack(0x00000000173a0000,0x00000000174a0000)]
  0x0000000016ea8800 JavaThread "C1 CompilerThread2" daemon [_thread_in_native, id=2644, stack(0x00000000172a0000,0x00000000173a0000)]
=>0x0000000015620800 JavaThread "C2 CompilerThread1" daemon [_thread_in_native, id=5596, stack(0x0000000016da0000,0x0000000016ea0000)]
  0x000000001561d800 JavaThread "C2 CompilerThread0" daemon [_thread_in_native, id=3808, stack(0x0000000016ca0000,0x0000000016da0000)]
  0x000000001561b800 JavaThread "Attach Listener" daemon [_thread_blocked, id=7728, stack(0x0000000016ba0000,0x0000000016ca0000)]
  0x000000001561a800 JavaThread "Signal Dispatcher" daemon [_thread_blocked, id=3920, stack(0x0000000016aa0000,0x0000000016ba0000)]
  0x0000000002f45800 JavaThread "Finalizer" daemon [_thread_blocked, id=10348, stack(0x0000000016890000,0x0000000016990000)]
  0x0000000002f40000 JavaThread "Reference Handler" daemon [_thread_blocked, id=9536, stack(0x0000000016790000,0x0000000016890000)]
  0x0000000002d4d800 JavaThread "main" [_thread_in_Java, id=7428, stack(0x0000000002d50000,0x0000000002e50000)]

Other Threads:
  0x00000000155e8000 VMThread [stack: 0x0000000016690000,0x0000000016790000] [id=10488]
  0x0000000016eb3800 WatcherThread [stack: 0x00000000174a0000,0x00000000175a0000] [id=6860]

VM state:not at safepoint (normal execution)

VM Mutex/Monitor currently owned by a thread: None

Heap:
 PSYoungGen      total 37888K, used 21879K [0x00000000eab00000, 0x00000000ef500000, 0x0000000100000000)
  eden space 32768K, 51% used [0x00000000eab00000,0x00000000ebb60110,0x00000000ecb00000)
  from space 5120K, 99% used [0x00000000ecb00000,0x00000000ecffdc88,0x00000000ed000000)
  to   space 5120K, 0% used [0x00000000ef000000,0x00000000ef000000,0x00000000ef500000)
 ParOldGen       total 86016K, used 1305K [0x00000000c0000000, 0x00000000c5400000, 0x00000000eab00000)
  object space 86016K, 1% used [0x00000000c0000000,0x00000000c0146708,0x00000000c5400000)
 Metaspace       used 6027K, capacity 6964K, committed 7040K, reserved 1056768K
  class space    used 600K, capacity 620K, committed 640K, reserved 1048576K

Card table byte_map: [0x0000000012310000,0x0000000012520000] byte_map_base: 0x0000000011d10000

Marking Bits: (ParMarkBitMap*) 0x0000000066d5a6d0
 Begin Bits: [0x0000000012a80000, 0x0000000013a80000)
 End Bits:   [0x0000000013a80000, 0x0000000014a80000)

Polling page: 0x0000000002cc0000

CodeCache: size=245760Kb used=5023Kb max_used=5023Kb free=240736Kb
 bounds [0x0000000002f50000, 0x0000000003440000, 0x0000000011f50000]
 total_blobs=1528 nmethods=1259 adapters=182
 compilation: enabled

Compilation events (10 events):
Event: 7.657 Thread 0x0000000016ea8800 nmethod 1236 0x0000000003417f10 code [0x0000000003418180, 0x0000000003419288]
Event: 7.657 Thread 0x0000000016ea8800 1238       3       com.android.dx.ssa.back.FirstFitLocalCombiningAllocator::canMapRegs (60 bytes)
Event: 7.657 Thread 0x0000000015620800 1239       4       com.android.dx.ssa.SCCP::simulatePhi (169 bytes)
Event: 7.657 Thread 0x000000001561d800 1240       4       com.android.dx.ssa.SCCP::simulateBranch (666 bytes)
Event: 7.658 Thread 0x0000000016ea8800 nmethod 1238 0x00000000034163d0 code [0x0000000003416640, 0x0000000003417648]
Event: 7.658 Thread 0x0000000016ea8800 1237       3       com.android.dx.ssa.back.FirstFitLocalCombiningAllocator::findRopRegForLocal (74 bytes)
Event: 7.658 Thread 0x0000000016ea8800 nmethod 1237 0x000000000340ca50 code [0x000000000340cc20, 0x000000000340d2e8]
Event: 7.658 Thread 0x0000000016ea8800 1241       3       com.android.dx.ssa.ConstCollector::getConstsSortedByCountUse (386 bytes)
Event: 7.661 Thread 0x0000000016ea8800 nmethod 1241 0x0000000003423110 code [0x0000000003423700, 0x0000000003427be8]
Event: 7.661 Thread 0x0000000016ea8800 1245       3       com.android.dx.ssa.DomFront::calcDomFronts (154 bytes)

GC Heap History (2 events):
Event: 6.996 GC heap before
{Heap before GC invocations=1 (full 0):
 PSYoungGen      total 37888K, used 32768K [0x00000000eab00000, 0x00000000ed500000, 0x0000000100000000)
  eden space 32768K, 100% used [0x00000000eab00000,0x00000000ecb00000,0x00000000ecb00000)
  from space 5120K, 0% used [0x00000000ed000000,0x00000000ed000000,0x00000000ed500000)
  to   space 5120K, 0% used [0x00000000ecb00000,0x00000000ecb00000,0x00000000ed000000)
 ParOldGen       total 86016K, used 0K [0x00000000c0000000, 0x00000000c5400000, 0x00000000eab00000)
  object space 86016K, 0% used [0x00000000c0000000,0x00000000c0000000,0x00000000c5400000)
 Metaspace       used 5965K, capacity 6900K, committed 7040K, reserved 1056768K
  class space    used 600K, capacity 620K, committed 640K, reserved 1048576K
Event: 7.103 GC heap after
Heap after GC invocations=1 (full 0):
 PSYoungGen      total 37888K, used 5111K [0x00000000eab00000, 0x00000000ef500000, 0x0000000100000000)
  eden space 32768K, 0% used [0x00000000eab00000,0x00000000eab00000,0x00000000ecb00000)
  from space 5120K, 99% used [0x00000000ecb00000,0x00000000ecffdc88,0x00000000ed000000)
  to   space 5120K, 0% used [0x00000000ef000000,0x00000000ef000000,0x00000000ef500000)
 ParOldGen       total 86016K, used 1305K [0x00000000c0000000, 0x00000000c5400000, 0x00000000eab00000)
  object space 86016K, 1% used [0x00000000c0000000,0x00000000c0146708,0x00000000c5400000)
 Metaspace       used 5965K, capacity 6900K, committed 7040K, reserved 1056768K
  class space    used 600K, capacity 620K, committed 640K, reserved 1048576K
}

Deoptimization events (5 events):
Event: 6.630 Thread 0x0000000017114800 Uncommon trap: reason=null_check action=make_not_entrant pc=0x00000000031ed1b0 method=com.android.dx.ssa.SsaRenamer.getLocalForNewReg(I)Lcom/android/dx/rop/code/LocalItem; @ 19
Event: 6.680 Thread 0x000000001711c800 Uncommon trap: reason=unstable_if action=reinterpret pc=0x00000000031e702c method=com.android.dx.rop.code.RegisterSpecSet.put(Lcom/android/dx/rop/code/RegisterSpec;)V @ 77
Event: 7.113 Thread 0x000000001711c800 Uncommon trap: reason=unstable_if action=reinterpret pc=0x00000000033c42bc method=com.android.dx.ssa.SsaRenamer$BlockRenamer.addMapping(ILcom/android/dx/rop/code/RegisterSpec;)V @ 120
Event: 7.122 Thread 0x000000001711c800 Uncommon trap: reason=unstable_if action=reinterpret pc=0x00000000032f7004 method=com.android.dx.ssa.SsaRenamer$BlockRenamer.addMapping(ILcom/android/dx/rop/code/RegisterSpec;)V @ 120
Event: 7.153 Thread 0x0000000002d4d800 Uncommon trap: reason=unstable_if action=reinterpret pc=0x00000000032ddb1c method=com.android.dx.rop.cst.Constant.compareTo(Lcom/android/dx/rop/cst/Constant;)I @ 12

Internal exceptions (3 events):
Event: 0.031 Thread 0x0000000002d4d800 Exception <a 'java/lang/NoSuchMethodError': Method sun.misc.Unsafe.defineClass(Ljava/lang/String;[BII)Ljava/lang/Class; name or signature does not match> (0x00000000eab07cc0) thrown at [C:\re\workspace\8-2-build-windows-amd64-cygwin\jdk8u101\7261\hotspot\sµ‚»šhŸ?
Event: 0.031 Thread 0x0000000002d4d800 Exception <a 'java/lang/NoSuchMethodError': Method sun.misc.Unsafe.prefetchRead(Ljava/lang/Object;J)V name or signature does not match> (0x00000000eab07fa8) thrown at [C:\re\workspace\8-2-build-windows-amd64-cygwin\jdk8u101\7261\hotspot\src\share\vm\prims\«^üfN…@
Event: 6.630 Thread 0x0000000017114800 Implicit null exception at 0x00000000031eb829 to 0x00000000031ed189

Events (10 events):
Event: 7.122 Thread 0x000000001711c800 DEOPT UNPACKING pc=0x0000000002f9582a sp=0x000000001789e410 mode 2
Event: 7.132 Thread 0x0000000017114800 DEOPT PACKING pc=0x000000000319044f sp=0x000000001769e810
Event: 7.132 Thread 0x0000000017114800 DEOPT UNPACKING pc=0x0000000002f9787f sp=0x000000001769e5f0 mode 0
Event: 7.139 Thread 0x0000000002d4d800 DEOPT PACKING pc=0x000000000319044f sp=0x0000000002e4e230
Event: 7.139 Thread 0x0000000002d4d800 DEOPT UNPACKING pc=0x0000000002f9787f sp=0x0000000002e4e010 mode 0
Event: 7.148 Thread 0x000000001711c800 DEOPT PACKING pc=0x000000000319044f sp=0x000000001789e770
Event: 7.148 Thread 0x000000001711c800 DEOPT UNPACKING pc=0x0000000002f9787f sp=0x000000001789e550 mode 0
Event: 7.153 Thread 0x0000000002d4d800 Uncommon trap: trap_request=0xffffff65 fr.pc=0x00000000032ddb1c
Event: 7.153 Thread 0x0000000002d4d800 DEOPT PACKING pc=0x00000000032ddb1c sp=0x0000000002e4e010
Event: 7.153 Thread 0x0000000002d4d800 DEOPT UNPACKING pc=0x0000000002f9582a sp=0x0000000002e4dfb0 mode 2


Dynamic libraries:
0x00007ff7e9c10000 - 0x00007ff7e9c47000 	C:\Program Files\Java\jdk1.8.0_101\bin\java.exe
0x00007ff9c4de0000 - 0x00007ff9c4fb1000 	C:\WINDOWS\SYSTEM32\ntdll.dll
0x00007ff9c2440000 - 0x00007ff9c24eb000 	C:\WINDOWS\System32\KERNEL32.DLL
0x00007ff9c2150000 - 0x00007ff9c236d000 	C:\WINDOWS\System32\KERNELBASE.dll
0x00007ff9c2b50000 - 0x00007ff9c2bf2000 	C:\WINDOWS\System32\ADVAPI32.dll
0x00007ff9c23a0000 - 0x00007ff9c243e000 	C:\WINDOWS\System32\msvcrt.dll
0x00007ff9c3490000 - 0x00007ff9c34e9000 	C:\WINDOWS\System32\sechost.dll
0x00007ff9c2c00000 - 0x00007ff9c2d21000 	C:\WINDOWS\System32\RPCRT4.dll
0x00007ff9c2e10000 - 0x00007ff9c2f75000 	C:\WINDOWS\System32\USER32.dll
0x00007ff9c2090000 - 0x00007ff9c20ae000 	C:\WINDOWS\System32\win32u.dll
0x00007ff9c2f80000 - 0x00007ff9c2fb4000 	C:\WINDOWS\System32\GDI32.dll
0x00007ff9c1bb0000 - 0x00007ff9c1d32000 	C:\WINDOWS\System32\gdi32full.dll
0x00007ff9b7e40000 - 0x00007ff9b80b9000 	C:\WINDOWS\WinSxS\amd64_microsoft.windows.common-controls_6595b64144ccf1df_6.0.14393.0_none_2d0f50fcbdb171b8\COMCTL32.dll
0x00007ff9c2880000 - 0x00007ff9c2b47000 	C:\WINDOWS\System32\combase.dll
0x00007ff9c1ab0000 - 0x00007ff9c1ba5000 	C:\WINDOWS\System32\ucrtbase.dll
0x00007ff9c1fc0000 - 0x00007ff9c202a000 	C:\WINDOWS\System32\bcryptPrimitives.dll
0x00007ff9c2370000 - 0x00007ff9c239e000 	C:\WINDOWS\System32\IMM32.DLL
0x00000000641c0000 - 0x0000000064292000 	C:\Program Files\Java\jdk1.8.0_101\jre\bin\msvcr100.dll
0x0000000066540000 - 0x0000000066dda000 	C:\Program Files\Java\jdk1.8.0_101\jre\bin\server\jvm.dll
0x00007ff9c3500000 - 0x00007ff9c3508000 	C:\WINDOWS\System32\PSAPI.DLL
0x00007ff9b5010000 - 0x00007ff9b5019000 	C:\WINDOWS\SYSTEM32\WSOCK32.dll
0x00007ff9c3510000 - 0x00007ff9c357a000 	C:\WINDOWS\System32\WS2_32.dll
0x00007ff9bec60000 - 0x00007ff9bec83000 	C:\WINDOWS\SYSTEM32\WINMM.dll
0x00007ff9bb4f0000 - 0x00007ff9bb4fa000 	C:\WINDOWS\SYSTEM32\VERSION.dll
0x00007ff9bec00000 - 0x00007ff9bec2b000 	C:\WINDOWS\SYSTEM32\WINMMBASE.dll
0x00007ff9c1380000 - 0x00007ff9c13c2000 	C:\WINDOWS\System32\cfgmgr32.dll
0x0000000066530000 - 0x000000006653f000 	C:\Program Files\Java\jdk1.8.0_101\jre\bin\verify.dll
0x0000000066500000 - 0x0000000066529000 	C:\Program Files\Java\jdk1.8.0_101\jre\bin\java.dll
0x00000000664e0000 - 0x00000000664f6000 	C:\Program Files\Java\jdk1.8.0_101\jre\bin\zip.dll
0x00007ff9c38d0000 - 0x00007ff9c4dd8000 	C:\WINDOWS\System32\SHELL32.dll
0x00007ff9c13d0000 - 0x00007ff9c1aaa000 	C:\WINDOWS\System32\windows.storage.dll
0x00007ff9c1270000 - 0x00007ff9c12bc000 	C:\WINDOWS\System32\powrprof.dll
0x00007ff9c25c0000 - 0x00007ff9c2612000 	C:\WINDOWS\System32\shlwapi.dll
0x00007ff9c12c0000 - 0x00007ff9c12cf000 	C:\WINDOWS\System32\kernel.appcore.dll
0x00007ff9c1f10000 - 0x00007ff9c1fb9000 	C:\WINDOWS\System32\shcore.dll
0x00007ff9c1240000 - 0x00007ff9c1254000 	C:\WINDOWS\System32\profapi.dll

VM Arguments:
jvm_args: -Djava.awt.headless=true -Xmx1024M -Dfile.encoding=windows-1252 -Duser.country=MX -Duser.language=es -Duser.variant 
java_command: com.android.dx.command.Main --dex --force-jumbo --num-threads=4 --multi-dex --output O:\Android\VentaenRuta2016\app\build\intermediates\transforms\dex\debug\folders\1000\10\gson-2.1_e21c6a1620782f3787d71ba9009d38af17c040c4 C:\Users\mario\.gradle\caches\modules-2\files-2.1\com.google.code.gson\gson\2.1\2e66da15851f9f5b5079228f856c2f090ba98c38\gson-2.1.jar
java_class_path (initial): C:\Users\mario\AppData\Local\Android\sdk\build-tools\24.0.2\lib\dx.jar
Launcher Type: SUN_STANDARD

Environment Variables:
PATH=C:\ProgramData\Oracle\Java\javapath;C:\Program Files (x86)\Intel\iCLS Client\;C:\Program Files\Intel\iCLS Client\;C:\Windows\system32;C:\Windows;C:\Windows\System32\Wbem;C:\Windows\System32\WindowsPowerShell\v1.0\;C:\Program Files (x86)\NVIDIA Corporation\PhysX\Common;C:\Program Files (x86)\Intel\Intel(R) Management Engine Components\DAL;C:\Program Files\Intel\Intel(R) Management Engine Components\DAL;C:\Program Files (x86)\Intel\Intel(R) Management Engine Components\IPT;C:\Program Files\Intel\Intel(R) Management Engine Components\IPT;C:\WINDOWS\system32;C:\WINDOWS;C:\WINDOWS\System32\Wbem;C:\WINDOWS\System32\WindowsPowerShell\v1.0\;C:\WINDOWS\system32\config\systemprofile\.dnx\bin;C:\Program Files\Microsoft DNX\Dnvm\;C:\Program Files (x86)\Windows Kits\10\Windows Performance Toolkit\;C:\Program Files\Git\cmd;C:\Program Files\Microsoft SQL Server\130\Tools\Binn\;C:\Program Files\Microsoft\Web Platform Installer\;C:\Program Files (x86)\nodejs\;C:\Users\mario\AppData\Roaming\npm;%USERPROFILE%\AppData\Local\Microsoft\WindowsApps;
USERNAME=mario
OS=Windows_NT
PROCESSOR_IDENTIFIER=Intel64 Family 6 Model 94 Stepping 3, GenuineIntel



---------------  S Y S T E M  ---------------

OS: Windows 10.0 , 64 bit Build 14393 (10.0.14393.0)

CPU:total 4 (4 cores per cpu, 1 threads per core) family 6 model 94 stepping 3, cmov, cx8, fxsr, mmx, sse, sse2, sse3, ssse3, sse4.1, sse4.2, popcnt, avx, avx2, aes, clmul, erms, rtm, 3dnowpref, lzcnt, tsc, tscinvbit, bmi1, bmi2, adx

Memory: 4k page, physical 8245152k(1190384k free), swap 8245152k(5136k free)

vm_info: Java HotSpot(TM) 64-Bit Server VM (25.101-b13) for windows-amd64 JRE (1.8.0_101-b13), built on Jun 22 2016 01:21:29 by "java_re" with MS VC++ 10.0 (VS2010)

time: Sat Oct 22 11:16:22 2016
elapsed time: 7 seconds (0d 0h 0m 7s)

