#
# There is insufficient memory for the Java Runtime Environment to continue.
# Native memory allocation (malloc) failed to allocate 304816 bytes for Chunk::new
# Possible reasons:
#   The system is out of physical RAM or swap space
#   In 32 bit mode, the process size limit was hit
# Possible solutions:
#   Reduce memory load on the system
#   Increase physical memory or swap space
#   Check if swap backing store is full
#   Use 64 bit Java on a 64 bit OS
#   Decrease Java heap size (-Xmx/-Xms)
#   Decrease number of Java threads
#   Decrease Java thread stack sizes (-Xss)
#   Set larger code cache with -XX:ReservedCodeCacheSize=
# This output file may be truncated or incomplete.
#
#  Out of Memory Error (allocation.cpp:390), pid=9116, tid=0x000000000000210c
#
# JRE version: Java(TM) SE Runtime Environment (8.0_101-b13) (build 1.8.0_101-b13)
# Java VM: Java HotSpot(TM) 64-Bit Server VM (25.101-b13 mixed mode windows-amd64 compressed oops)
# Failed to write core dump. Minidumps are not enabled by default on client versions of Windows
#

---------------  T H R E A D  ---------------

Current thread (0x0000000014e2e800):  JavaThread "C2 CompilerThread0" daemon [_thread_in_native, id=8460, stack(0x0000000016490000,0x0000000016590000)]

Stack: [0x0000000016490000,0x0000000016590000]
[error occurred during error reporting (printing stack bounds), id 0xc0000005]

Native frames: (J=compiled Java code, j=interpreted, Vv=VM code, C=native code)


Current CompileTask:
C2:   5461 1302       4       com.android.dx.ssa.SCCP::simulateBranch (666 bytes)


---------------  P R O C E S S  ---------------

Java Threads: ( => current thread )
  0x0000000016acc800 JavaThread "pool-2-thread-4" [_thread_in_Java, id=7448, stack(0x0000000017190000,0x0000000017290000)]
  0x00000000169e8000 JavaThread "pool-2-thread-3" [_thread_blocked, id=6140, stack(0x0000000017090000,0x0000000017190000)]
  0x00000000169e7800 JavaThread "pool-2-thread-2" [_thread_blocked, id=4828, stack(0x0000000016f90000,0x0000000017090000)]
  0x00000000169e4800 JavaThread "pool-3-thread-1" [_thread_blocked, id=1512, stack(0x0000000016e90000,0x0000000016f90000)]
  0x0000000016ab9800 JavaThread "pool-2-thread-1" [_thread_blocked, id=6896, stack(0x0000000016d90000,0x0000000016e90000)]
  0x00000000167b9800 JavaThread "Service Thread" daemon [_thread_blocked, id=4584, stack(0x0000000016b90000,0x0000000016c90000)]
  0x0000000014e35800 JavaThread "C1 CompilerThread2" daemon [_thread_blocked, id=9680, stack(0x0000000016690000,0x0000000016790000)]
  0x0000000014e31800 JavaThread "C2 CompilerThread1" daemon [_thread_in_native, id=6092, stack(0x0000000016590000,0x0000000016690000)]
=>0x0000000014e2e800 JavaThread "C2 CompilerThread0" daemon [_thread_in_native, id=8460, stack(0x0000000016490000,0x0000000016590000)]
  0x0000000014e2c800 JavaThread "Attach Listener" daemon [_thread_blocked, id=6564, stack(0x0000000016390000,0x0000000016490000)]
  0x0000000014e2b800 JavaThread "Signal Dispatcher" daemon [_thread_blocked, id=9640, stack(0x0000000016290000,0x0000000016390000)]
  0x000000000275b000 JavaThread "Finalizer" daemon [_thread_blocked, id=5428, stack(0x0000000016080000,0x0000000016180000)]
  0x0000000002750000 JavaThread "Reference Handler" daemon [_thread_blocked, id=5112, stack(0x0000000015f80000,0x0000000016080000)]
  0x000000000265d800 JavaThread "main" [_thread_in_native, id=7608, stack(0x0000000002460000,0x0000000002560000)]

Other Threads:
  0x0000000014df8000 VMThread [stack: 0x0000000015e80000,0x0000000015f80000] [id=9052]
  0x00000000167d4000 WatcherThread [stack: 0x0000000016c90000,0x0000000016d90000] [id=10552]

VM state:not at safepoint (normal execution)

VM Mutex/Monitor currently owned by a thread: None

Heap:
 PSYoungGen      total 37888K, used 12994K [0x00000000eab00000, 0x00000000ed500000, 0x0000000100000000)
  eden space 32768K, 24% used [0x00000000eab00000,0x00000000eb2b7cc0,0x00000000ecb00000)
  from space 5120K, 99% used [0x00000000ecb00000,0x00000000ecff8eb8,0x00000000ed000000)
  to   space 5120K, 0% used [0x00000000ed000000,0x00000000ed000000,0x00000000ed500000)
 ParOldGen       total 86016K, used 200K [0x00000000c0000000, 0x00000000c5400000, 0x00000000eab00000)
  object space 86016K, 0% used [0x00000000c0000000,0x00000000c00323a8,0x00000000c5400000)
 Metaspace       used 6050K, capacity 6960K, committed 7040K, reserved 1056768K
  class space    used 596K, capacity 616K, committed 640K, reserved 1048576K

Card table byte_map: [0x0000000011b20000,0x0000000011d30000] byte_map_base: 0x0000000011520000

Marking Bits: (ParMarkBitMap*) 0x000000005885a6d0
 Begin Bits: [0x0000000012290000, 0x0000000013290000)
 End Bits:   [0x0000000013290000, 0x0000000014290000)

Polling page: 0x00000000023c0000

CodeCache: size=245760Kb used=5259Kb max_used=5259Kb free=240500Kb
 bounds [0x0000000002760000, 0x0000000002c90000, 0x0000000011760000]
 total_blobs=1591 nmethods=1322 adapters=182
 compilation: enabled

Compilation events (10 events):
Event: 5.453 Thread 0x0000000014e35800 1323       1       com.android.dx.rop.code.Insn$BaseVisitor::visitThrowingCstInsn (1 bytes)
Event: 5.453 Thread 0x0000000014e35800 nmethod 1323 0x0000000002c82510 code [0x0000000002c82660, 0x0000000002c82770]
Event: 5.453 Thread 0x0000000014e35800 1324       3       com.android.dx.rop.cst.CstType::equals (29 bytes)
Event: 5.454 Thread 0x0000000014e35800 nmethod 1324 0x0000000002c827d0 code [0x0000000002c82940, 0x0000000002c82d30]
Event: 5.454 Thread 0x0000000014e35800 1325       3       java.util.BitSet::set (18 bytes)
Event: 5.454 Thread 0x0000000014e35800 nmethod 1325 0x0000000002c82e10 code [0x0000000002c82f80, 0x0000000002c831b8]
Event: 5.456 Thread 0x0000000014e35800 1326   !   3       com.android.dx.cf.code.Ropper::doit (126 bytes)
Event: 5.457 Thread 0x0000000014e35800 nmethod 1326 0x0000000002c83290 code [0x0000000002c83580, 0x0000000002c849d8]
Event: 5.457 Thread 0x0000000014e35800 1327       3       com.android.dx.rop.type.Type::getInitializedType (42 bytes)
Event: 5.458 Thread 0x0000000014e35800 nmethod 1327 0x0000000002c85610 code [0x0000000002c857e0, 0x0000000002c85ff8]

GC Heap History (2 events):
Event: 5.355 GC heap before
{Heap before GC invocations=1 (full 0):
 PSYoungGen      total 37888K, used 32768K [0x00000000eab00000, 0x00000000ed500000, 0x0000000100000000)
  eden space 32768K, 100% used [0x00000000eab00000,0x00000000ecb00000,0x00000000ecb00000)
  from space 5120K, 0% used [0x00000000ed000000,0x00000000ed000000,0x00000000ed500000)
  to   space 5120K, 0% used [0x00000000ecb00000,0x00000000ecb00000,0x00000000ed000000)
 ParOldGen       total 86016K, used 0K [0x00000000c0000000, 0x00000000c5400000, 0x00000000eab00000)
  object space 86016K, 0% used [0x00000000c0000000,0x00000000c0000000,0x00000000c5400000)
 Metaspace       used 6003K, capacity 6896K, committed 7040K, reserved 1056768K
  class space    used 595K, capacity 616K, committed 640K, reserved 1048576K
Event: 5.394 GC heap after
Heap after GC invocations=1 (full 0):
 PSYoungGen      total 37888K, used 5091K [0x00000000eab00000, 0x00000000ed500000, 0x0000000100000000)
  eden space 32768K, 0% used [0x00000000eab00000,0x00000000eab00000,0x00000000ecb00000)
  from space 5120K, 99% used [0x00000000ecb00000,0x00000000ecff8eb8,0x00000000ed000000)
  to   space 5120K, 0% used [0x00000000ed000000,0x00000000ed000000,0x00000000ed500000)
 ParOldGen       total 86016K, used 200K [0x00000000c0000000, 0x00000000c5400000, 0x00000000eab00000)
  object space 86016K, 0% used [0x00000000c0000000,0x00000000c00323a8,0x00000000c5400000)
 Metaspace       used 6003K, capacity 6896K, committed 7040K, reserved 1056768K
  class space    used 595K, capacity 616K, committed 640K, reserved 1048576K
}

Deoptimization events (6 events):
Event: 4.620 Thread 0x0000000016acc800 Uncommon trap: reason=unstable_if action=reinterpret pc=0x0000000002973704 method=java.util.HashMap.getNode(ILjava/lang/Object;)Ljava/util/HashMap$Node; @ 62
Event: 4.759 Thread 0x00000000169e7800 Uncommon trap: reason=unstable_if action=reinterpret pc=0x00000000029bf858 method=java.util.HashMap.getNode(ILjava/lang/Object;)Ljava/util/HashMap$Node; @ 129
Event: 4.806 Thread 0x0000000016ab9800 Uncommon trap: reason=unstable_if action=reinterpret pc=0x00000000029949f4 method=java.util.BitSet.ensureCapacity(I)V @ 6
Event: 4.806 Thread 0x0000000016ab9800 Uncommon trap: reason=unstable_if action=reinterpret pc=0x0000000002970cb0 method=java.util.BitSet.nextSetBit(I)I @ 87
Event: 5.158 Thread 0x0000000016acc800 Uncommon trap: reason=unstable_if action=reinterpret pc=0x00000000029abd50 method=java.util.HashMap.getNode(ILjava/lang/Object;)Ljava/util/HashMap$Node; @ 129
Event: 5.422 Thread 0x00000000169e8000 Uncommon trap: reason=unstable_if action=reinterpret pc=0x0000000002a87a1c method=com.android.dx.rop.cst.Constant.compareTo(Lcom/android/dx/rop/cst/Constant;)I @ 12

Internal exceptions (2 events):
Event: 0.074 Thread 0x000000000265d800 Exception <a 'java/lang/NoSuchMethodError': Method sun.misc.Unsafe.defineClass(Ljava/lang/String;[BII)Ljava/lang/Class; name or signature does not match> (0x00000000eab07cc0) thrown at [C:\re\workspace\8-2-build-windows-amd64-cygwin\jdk8u101\7261\hotspot\s|5¢³?
Event: 0.074 Thread 0x000000000265d800 Exception <a 'java/lang/NoSuchMethodError': Method sun.misc.Unsafe.prefetchRead(Ljava/lang/Object;J)V name or signature does not match> (0x00000000eab07fa8) thrown at [C:\re\workspace\8-2-build-windows-amd64-cygwin\jdk8u101\7261\hotspot\src\share\vm\prims\

Events (10 events):
Event: 5.237 Thread 0x0000000016acc800 DEOPT UNPACKING pc=0x00000000027a787f sp=0x000000001728e438 mode 0
Event: 5.296 Executing VM operation: ForceSafepoint
Event: 5.347 Executing VM operation: ForceSafepoint done
Event: 5.354 Executing VM operation: ParallelGCFailedAllocation
Event: 5.394 Executing VM operation: ParallelGCFailedAllocation done
Event: 5.396 loading class com/android/dx/cf/attrib/AttLocalVariableTypeTable
Event: 5.396 loading class com/android/dx/cf/attrib/AttLocalVariableTypeTable done
Event: 5.422 Thread 0x00000000169e8000 Uncommon trap: trap_request=0xffffff65 fr.pc=0x0000000002a87a1c
Event: 5.422 Thread 0x00000000169e8000 DEOPT PACKING pc=0x0000000002a87a1c sp=0x000000001718e5e0
Event: 5.422 Thread 0x00000000169e8000 DEOPT UNPACKING pc=0x00000000027a582a sp=0x000000001718e580 mode 2


Dynamic libraries:
0x00007ff7fdab0000 - 0x00007ff7fdae7000 	C:\Program Files\Java\jdk1.8.0_101\bin\java.exe
0x00007ff9ec780000 - 0x00007ff9ec951000 	C:\WINDOWS\SYSTEM32\ntdll.dll
0x00007ff9e9d10000 - 0x00007ff9e9dbb000 	C:\WINDOWS\System32\KERNEL32.DLL
0x00007ff9e9220000 - 0x00007ff9e943d000 	C:\WINDOWS\System32\KERNELBASE.dll
0x00007ff9ea360000 - 0x00007ff9ea402000 	C:\WINDOWS\System32\ADVAPI32.dll
0x00007ff9eb020000 - 0x00007ff9eb0be000 	C:\WINDOWS\System32\msvcrt.dll
0x00007ff9ea9a0000 - 0x00007ff9ea9f9000 	C:\WINDOWS\System32\sechost.dll
0x00007ff9ea230000 - 0x00007ff9ea351000 	C:\WINDOWS\System32\RPCRT4.dll
0x00007ff9ec610000 - 0x00007ff9ec775000 	C:\WINDOWS\System32\USER32.dll
0x00007ff9e9cf0000 - 0x00007ff9e9d0e000 	C:\WINDOWS\System32\win32u.dll
0x00007ff9ec5d0000 - 0x00007ff9ec604000 	C:\WINDOWS\System32\GDI32.dll
0x00007ff9e8d80000 - 0x00007ff9e8f02000 	C:\WINDOWS\System32\gdi32full.dll
0x00007ff9e0800000 - 0x00007ff9e0a79000 	C:\WINDOWS\WinSxS\amd64_microsoft.windows.common-controls_6595b64144ccf1df_6.0.14393.0_none_2d0f50fcbdb171b8\COMCTL32.dll
0x00007ff9e9e60000 - 0x00007ff9ea127000 	C:\WINDOWS\System32\combase.dll
0x00007ff9e8f10000 - 0x00007ff9e9005000 	C:\WINDOWS\System32\ucrtbase.dll
0x00007ff9e8d10000 - 0x00007ff9e8d7a000 	C:\WINDOWS\System32\bcryptPrimitives.dll
0x00007ff9eae40000 - 0x00007ff9eae6e000 	C:\WINDOWS\System32\IMM32.DLL
0x0000000055d50000 - 0x0000000055e22000 	C:\Program Files\Java\jdk1.8.0_101\jre\bin\msvcr100.dll
0x0000000058040000 - 0x00000000588da000 	C:\Program Files\Java\jdk1.8.0_101\jre\bin\server\jvm.dll
0x00007ff9eaa00000 - 0x00007ff9eaa08000 	C:\WINDOWS\System32\PSAPI.DLL
0x00007ff9de1d0000 - 0x00007ff9de1d9000 	C:\WINDOWS\SYSTEM32\WSOCK32.dll
0x00007ff9ea560000 - 0x00007ff9ea5ca000 	C:\WINDOWS\System32\WS2_32.dll
0x00007ff9e6c80000 - 0x00007ff9e6ca3000 	C:\WINDOWS\SYSTEM32\WINMM.dll
0x00007ff9e4320000 - 0x00007ff9e432a000 	C:\WINDOWS\SYSTEM32\VERSION.dll
0x00007ff9e6c30000 - 0x00007ff9e6c5b000 	C:\WINDOWS\SYSTEM32\winmmbase.dll
0x00007ff9e9010000 - 0x00007ff9e9052000 	C:\WINDOWS\System32\cfgmgr32.dll
0x0000000059390000 - 0x000000005939f000 	C:\Program Files\Java\jdk1.8.0_101\jre\bin\verify.dll
0x0000000059360000 - 0x0000000059389000 	C:\Program Files\Java\jdk1.8.0_101\jre\bin\java.dll
0x0000000058020000 - 0x0000000058036000 	C:\Program Files\Java\jdk1.8.0_101\jre\bin\zip.dll
0x00007ff9eb0c0000 - 0x00007ff9ec5c8000 	C:\WINDOWS\System32\SHELL32.dll
0x00007ff9e9610000 - 0x00007ff9e9cea000 	C:\WINDOWS\System32\windows.storage.dll
0x00007ff9e8c10000 - 0x00007ff9e8c5c000 	C:\WINDOWS\System32\powrprof.dll
0x00007ff9ea940000 - 0x00007ff9ea992000 	C:\WINDOWS\System32\shlwapi.dll
0x00007ff9e8c60000 - 0x00007ff9e8c6f000 	C:\WINDOWS\System32\kernel.appcore.dll
0x00007ff9e9110000 - 0x00007ff9e91b9000 	C:\WINDOWS\System32\shcore.dll
0x00007ff9e8bf0000 - 0x00007ff9e8c04000 	C:\WINDOWS\System32\profapi.dll

VM Arguments:
jvm_args: -Djava.awt.headless=true -Xmx1024M -Dfile.encoding=windows-1252 -Duser.country=MX -Duser.language=es -Duser.variant 
java_command: com.android.dx.command.Main --dex --force-jumbo --num-threads=4 --multi-dex --output O:\Android\VentaenRuta2016\app\build\intermediates\transforms\dex\debug\folders\1000\10\support-v4-19.1.0_db97dcaea88e3b160b088095b51847c51f01755d C:\Users\mario\AppData\Local\Android\sdk\extras\android\m2repository\com\android\support\support-v4\19.1.0\support-v4-19.1.0.jar
java_class_path (initial): C:\Users\mario\AppData\Local\Android\sdk\build-tools\24.0.2\lib\dx.jar
Launcher Type: SUN_STANDARD

Environment Variables:
PATH=C:\ProgramData\Oracle\Java\javapath;C:\Program Files (x86)\Intel\iCLS Client\;C:\Program Files\Intel\iCLS Client\;C:\Windows\system32;C:\Windows;C:\Windows\System32\Wbem;C:\Windows\System32\WindowsPowerShell\v1.0\;C:\Program Files (x86)\NVIDIA Corporation\PhysX\Common;C:\Program Files (x86)\Intel\Intel(R) Management Engine Components\DAL;C:\Program Files\Intel\Intel(R) Management Engine Components\DAL;C:\Program Files (x86)\Intel\Intel(R) Management Engine Components\IPT;C:\Program Files\Intel\Intel(R) Management Engine Components\IPT;C:\WINDOWS\system32;C:\WINDOWS;C:\WINDOWS\System32\Wbem;C:\WINDOWS\System32\WindowsPowerShell\v1.0\;C:\WINDOWS\system32\config\systemprofile\.dnx\bin;C:\Program Files\Microsoft DNX\Dnvm\;C:\Program Files (x86)\Windows Kits\10\Windows Performance Toolkit\;C:\Program Files\Git\cmd;C:\Program Files\Microsoft SQL Server\130\Tools\Binn\;C:\Program Files\Microsoft\Web Platform Installer\;C:\Program Files (x86)\nodejs\;C:\Users\mario\AppData\Roaming\npm;%USERPROFILE%\AppData\Local\Microsoft\WindowsApps;
USERNAME=mario
OS=Windows_NT
PROCESSOR_IDENTIFIER=Intel64 Family 6 Model 94 Stepping 3, GenuineIntel



---------------  S Y S T E M  ---------------

OS: Windows 10.0 , 64 bit Build 14393 (10.0.14393.0)

CPU:total 4 (4 cores per cpu, 1 threads per core) family 6 model 94 stepping 3, cmov, cx8, fxsr, mmx, sse, sse2, sse3, ssse3, sse4.1, sse4.2, popcnt, avx, avx2, aes, clmul, erms, rtm, 3dnowpref, lzcnt, tsc, tscinvbit, bmi1, bmi2, adx

Memory: 4k page, physical 8245152k(1084840k free), swap 8245152k(5328k free)

vm_info: Java HotSpot(TM) 64-Bit Server VM (25.101-b13) for windows-amd64 JRE (1.8.0_101-b13), built on Jun 22 2016 01:21:29 by "java_re" with MS VC++ 10.0 (VS2010)

time: Wed Oct 26 01:44:20 2016
elapsed time: 5 seconds (0d 0h 0m 5s)

