#
# There is insufficient memory for the Java Runtime Environment to continue.
# Native memory allocation (malloc) failed to allocate 775136 bytes for Chunk::new
# Possible reasons:
#   The system is out of physical RAM or swap space
#   In 32 bit mode, the process size limit was hit
# Possible solutions:
#   Reduce memory load on the system
#   Increase physical memory or swap space
#   Check if swap backing store is full
#   Use 64 bit Java on a 64 bit OS
#   Decrease Java heap size (-Xmx/-Xms)
#   Decrease number of Java threads
#   Decrease Java thread stack sizes (-Xss)
#   Set larger code cache with -XX:ReservedCodeCacheSize=
# This output file may be truncated or incomplete.
#
#  Out of Memory Error (allocation.cpp:390), pid=6988, tid=0x0000000000001c54
#
# JRE version: Java(TM) SE Runtime Environment (8.0_101-b13) (build 1.8.0_101-b13)
# Java VM: Java HotSpot(TM) 64-Bit Server VM (25.101-b13 mixed mode windows-amd64 compressed oops)
# Failed to write core dump. Minidumps are not enabled by default on client versions of Windows
#

---------------  T H R E A D  ---------------

Current thread (0x00000000153d9800):  JavaThread "C2 CompilerThread0" daemon [_thread_in_native, id=7252, stack(0x0000000016a30000,0x0000000016b30000)]

Stack: [0x0000000016a30000,0x0000000016b30000]
[error occurred during error reporting (printing stack bounds), id 0xc0000005]

Native frames: (J=compiled Java code, j=interpreted, Vv=VM code, C=native code)


Current CompileTask:
C2:   4534 1711       4       com.android.dx.dex.code.RopToDop::dopFor (792 bytes)


---------------  P R O C E S S  ---------------

Java Threads: ( => current thread )
  0x0000000016f99000 JavaThread "pool-2-thread-4" [_thread_blocked, id=6984, stack(0x0000000017730000,0x0000000017830000)]
  0x0000000016f98000 JavaThread "pool-2-thread-3" [_thread_in_Java, id=7184, stack(0x0000000017630000,0x0000000017730000)]
  0x0000000016f97800 JavaThread "pool-2-thread-2" [_thread_blocked, id=6600, stack(0x0000000017530000,0x0000000017630000)]
  0x0000000017011800 JavaThread "pool-3-thread-1" [_thread_blocked, id=12908, stack(0x0000000017430000,0x0000000017530000)]
  0x0000000017010800 JavaThread "pool-2-thread-1" [_thread_blocked, id=13048, stack(0x0000000017330000,0x0000000017430000)]
  0x00000000153d3800 JavaThread "Service Thread" daemon [_thread_blocked, id=1844, stack(0x0000000017130000,0x0000000017230000)]
  0x00000000153e6000 JavaThread "C1 CompilerThread2" daemon [_thread_blocked, id=12936, stack(0x0000000016c30000,0x0000000016d30000)]
  0x00000000153ca800 JavaThread "C2 CompilerThread1" daemon [_thread_in_native, id=9820, stack(0x0000000016b30000,0x0000000016c30000)]
=>0x00000000153d9800 JavaThread "C2 CompilerThread0" daemon [_thread_in_native, id=7252, stack(0x0000000016a30000,0x0000000016b30000)]
  0x00000000153d7800 JavaThread "Attach Listener" daemon [_thread_blocked, id=12200, stack(0x0000000016930000,0x0000000016a30000)]
  0x00000000153d6000 JavaThread "Signal Dispatcher" daemon [_thread_blocked, id=6292, stack(0x0000000016830000,0x0000000016930000)]
  0x00000000153ba000 JavaThread "Finalizer" daemon [_thread_blocked, id=12396, stack(0x0000000016620000,0x0000000016720000)]
  0x0000000015399000 JavaThread "Reference Handler" daemon [_thread_blocked, id=2412, stack(0x0000000016520000,0x0000000016620000)]
  0x000000000133d800 JavaThread "main" [_thread_blocked, id=9920, stack(0x0000000002b00000,0x0000000002c00000)]

Other Threads:
  0x0000000015397000 VMThread [stack: 0x0000000016420000,0x0000000016520000] [id=9664]
  0x000000001542e800 WatcherThread [stack: 0x0000000017230000,0x0000000017330000] [id=11596]

VM state:not at safepoint (normal execution)

VM Mutex/Monitor currently owned by a thread: None

Heap:
 PSYoungGen      total 37888K, used 7107K [0x00000000eab00000, 0x00000000ed500000, 0x0000000100000000)
  eden space 32768K, 6% used [0x00000000eab00000,0x00000000eacf4d80,0x00000000ecb00000)
  from space 5120K, 99% used [0x00000000ed000000,0x00000000ed4fc138,0x00000000ed500000)
  to   space 5120K, 0% used [0x00000000ecb00000,0x00000000ecb00000,0x00000000ed000000)
 ParOldGen       total 86016K, used 10543K [0x00000000c0000000, 0x00000000c5400000, 0x00000000eab00000)
  object space 86016K, 12% used [0x00000000c0000000,0x00000000c0a4bd48,0x00000000c5400000)
 Metaspace       used 6241K, capacity 7092K, committed 7296K, reserved 1056768K
  class space    used 601K, capacity 620K, committed 640K, reserved 1048576K

Card table byte_map: [0x00000000120c0000,0x00000000122d0000] byte_map_base: 0x0000000011ac0000

Marking Bits: (ParMarkBitMap*) 0x0000000067f0a6d0
 Begin Bits: [0x0000000012830000, 0x0000000013830000)
 End Bits:   [0x0000000013830000, 0x0000000014830000)

Polling page: 0x0000000000bf0000

CodeCache: size=245760Kb used=7159Kb max_used=7171Kb free=238600Kb
 bounds [0x0000000002d00000, 0x0000000003410000, 0x0000000011d00000]
 total_blobs=1976 nmethods=1706 adapters=182
 compilation: enabled

Compilation events (10 events):
Event: 4.491 Thread 0x00000000153d9800 nmethod 1660 0x00000000033dced0 code [0x00000000033dd000, 0x00000000033dd058]
Event: 4.491 Thread 0x00000000153d9800 1649       4       com.android.dx.rop.cst.CstFieldRef::compareTo0 (43 bytes)
Event: 4.493 Thread 0x00000000153d9800 nmethod 1649 0x00000000033e29d0 code [0x00000000033e2b40, 0x00000000033e3098]
Event: 4.493 Thread 0x00000000153d9800 1711       4       com.android.dx.dex.code.RopToDop::dopFor (792 bytes)
Event: 4.496 Thread 0x00000000153ca800 nmethod 1651 0x00000000033e58d0 code [0x00000000033e5a40, 0x00000000033e6498]
Event: 4.496 Thread 0x00000000153ca800 1644       4       com.android.dx.cf.code.BasicBlocker::addWorkIfNecessary (32 bytes)
Event: 4.497 Thread 0x00000000153ca800 nmethod 1644 0x00000000033e7110 code [0x00000000033e7260, 0x00000000033e7398]
Event: 4.497 Thread 0x00000000153ca800 1650       4       com.android.dx.ssa.SsaRenamer$1::visitBlock (16 bytes)
Event: 4.513 Thread 0x00000000153e6000 1712       3       com.android.dx.command.dexer.Main::access$1600 (4 bytes)
Event: 4.513 Thread 0x00000000153e6000 nmethod 1712 0x00000000033e6e10 code [0x00000000033e6f60, 0x00000000033e70b0]

GC Heap History (8 events):
Event: 2.485 GC heap before
{Heap before GC invocations=1 (full 0):
 PSYoungGen      total 37888K, used 32768K [0x00000000eab00000, 0x00000000ed500000, 0x0000000100000000)
  eden space 32768K, 100% used [0x00000000eab00000,0x00000000ecb00000,0x00000000ecb00000)
  from space 5120K, 0% used [0x00000000ed000000,0x00000000ed000000,0x00000000ed500000)
  to   space 5120K, 0% used [0x00000000ecb00000,0x00000000ecb00000,0x00000000ed000000)
 ParOldGen       total 86016K, used 1K [0x00000000c0000000, 0x00000000c5400000, 0x00000000eab00000)
  object space 86016K, 0% used [0x00000000c0000000,0x00000000c0000768,0x00000000c5400000)
 Metaspace       used 6014K, capacity 6900K, committed 7040K, reserved 1056768K
  class space    used 600K, capacity 620K, committed 640K, reserved 1048576K
Event: 2.886 GC heap after
Heap after GC invocations=1 (full 0):
 PSYoungGen      total 37888K, used 5105K [0x00000000eab00000, 0x00000000ed500000, 0x0000000100000000)
  eden space 32768K, 0% used [0x00000000eab00000,0x00000000eab00000,0x00000000ecb00000)
  from space 5120K, 99% used [0x00000000ecb00000,0x00000000ecffc5a0,0x00000000ed000000)
  to   space 5120K, 0% used [0x00000000ed000000,0x00000000ed000000,0x00000000ed500000)
 ParOldGen       total 86016K, used 1262K [0x00000000c0000000, 0x00000000c5400000, 0x00000000eab00000)
  object space 86016K, 1% used [0x00000000c0000000,0x00000000c013b978,0x00000000c5400000)
 Metaspace       used 6014K, capacity 6900K, committed 7040K, reserved 1056768K
  class space    used 600K, capacity 620K, committed 640K, reserved 1048576K
}
Event: 2.995 GC heap before
{Heap before GC invocations=2 (full 0):
 PSYoungGen      total 37888K, used 6185K [0x00000000eab00000, 0x00000000ed500000, 0x0000000100000000)
  eden space 32768K, 3% used [0x00000000eab00000,0x00000000eac0e048,0x00000000ecb00000)
  from space 5120K, 99% used [0x00000000ecb00000,0x00000000ecffc5a0,0x00000000ed000000)
  to   space 5120K, 0% used [0x00000000ed000000,0x00000000ed000000,0x00000000ed500000)
 ParOldGen       total 86016K, used 1262K [0x00000000c0000000, 0x00000000c5400000, 0x00000000eab00000)
  object space 86016K, 1% used [0x00000000c0000000,0x00000000c013b978,0x00000000c5400000)
 Metaspace       used 6038K, capacity 6964K, committed 7040K, reserved 1056768K
  class space    used 600K, capacity 620K, committed 640K, reserved 1048576K
Event: 3.151 GC heap after
Heap after GC invocations=2 (full 0):
 PSYoungGen      total 37888K, used 4874K [0x00000000eab00000, 0x00000000ed500000, 0x0000000100000000)
  eden space 32768K, 0% used [0x00000000eab00000,0x00000000eab00000,0x00000000ecb00000)
  from space 5120K, 95% used [0x00000000ed000000,0x00000000ed4c2ad8,0x00000000ed500000)
  to   space 5120K, 0% used [0x00000000ecb00000,0x00000000ecb00000,0x00000000ed000000)
 ParOldGen       total 86016K, used 1270K [0x00000000c0000000, 0x00000000c5400000, 0x00000000eab00000)
  object space 86016K, 1% used [0x00000000c0000000,0x00000000c013d978,0x00000000c5400000)
 Metaspace       used 6038K, capacity 6964K, committed 7040K, reserved 1056768K
  class space    used 600K, capacity 620K, committed 640K, reserved 1048576K
}
Event: 3.999 GC heap before
{Heap before GC invocations=3 (full 0):
 PSYoungGen      total 37888K, used 37642K [0x00000000eab00000, 0x00000000ed500000, 0x0000000100000000)
  eden space 32768K, 100% used [0x00000000eab00000,0x00000000ecb00000,0x00000000ecb00000)
  from space 5120K, 95% used [0x00000000ed000000,0x00000000ed4c2ad8,0x00000000ed500000)
  to   space 5120K, 0% used [0x00000000ecb00000,0x00000000ecb00000,0x00000000ed000000)
 ParOldGen       total 86016K, used 1270K [0x00000000c0000000, 0x00000000c5400000, 0x00000000eab00000)
  object space 86016K, 1% used [0x00000000c0000000,0x00000000c013d978,0x00000000c5400000)
 Metaspace       used 6202K, capacity 7092K, committed 7296K, reserved 1056768K
  class space    used 601K, capacity 620K, committed 640K, reserved 1048576K
Event: 4.240 GC heap after
Heap after GC invocations=3 (full 0):
 PSYoungGen      total 37888K, used 5108K [0x00000000eab00000, 0x00000000ed500000, 0x0000000100000000)
  eden space 32768K, 0% used [0x00000000eab00000,0x00000000eab00000,0x00000000ecb00000)
  from space 5120K, 99% used [0x00000000ecb00000,0x00000000ecffd378,0x00000000ed000000)
  to   space 5120K, 0% used [0x00000000ed000000,0x00000000ed000000,0x00000000ed500000)
 ParOldGen       total 86016K, used 5572K [0x00000000c0000000, 0x00000000c5400000, 0x00000000eab00000)
  object space 86016K, 6% used [0x00000000c0000000,0x00000000c05712e0,0x00000000c5400000)
 Metaspace       used 6202K, capacity 7092K, committed 7296K, reserved 1056768K
  class space    used 601K, capacity 620K, committed 640K, reserved 1048576K
}
Event: 4.439 GC heap before
{Heap before GC invocations=4 (full 0):
 PSYoungGen      total 37888K, used 37876K [0x00000000eab00000, 0x00000000ed500000, 0x0000000100000000)
  eden space 32768K, 100% used [0x00000000eab00000,0x00000000ecb00000,0x00000000ecb00000)
  from space 5120K, 99% used [0x00000000ecb00000,0x00000000ecffd378,0x00000000ed000000)
  to   space 5120K, 0% used [0x00000000ed000000,0x00000000ed000000,0x00000000ed500000)
 ParOldGen       total 86016K, used 5572K [0x00000000c0000000, 0x00000000c5400000, 0x00000000eab00000)
  object space 86016K, 6% used [0x00000000c0000000,0x00000000c05712e0,0x00000000c5400000)
 Metaspace       used 6240K, capacity 7092K, committed 7296K, reserved 1056768K
  class space    used 601K, capacity 620K, committed 640K, reserved 1048576K
Event: 4.450 GC heap after
Heap after GC invocations=4 (full 0):
 PSYoungGen      total 37888K, used 5104K [0x00000000eab00000, 0x00000000ed500000, 0x0000000100000000)
  eden space 32768K, 0% used [0x00000000eab00000,0x00000000eab00000,0x00000000ecb00000)
  from space 5120K, 99% used [0x00000000ed000000,0x00000000ed4fc138,0x00000000ed500000)
  to   space 5120K, 0% used [0x00000000ecb00000,0x00000000ecb00000,0x00000000ed000000)
 ParOldGen       total 86016K, used 10543K [0x00000000c0000000, 0x00000000c5400000, 0x00000000eab00000)
  object space 86016K, 12% used [0x00000000c0000000,0x00000000c0a4bd48,0x00000000c5400000)
 Metaspace       used 6240K, capacity 7092K, committed 7296K, reserved 1056768K
  class space    used 601K, capacity 620K, committed 640K, reserved 1048576K
}

Deoptimization events (10 events):
Event: 3.503 Thread 0x000000000133d800 Uncommon trap: reason=unstable_if action=reinterpret pc=0x0000000002fab400 method=com.android.dx.rop.code.RegisterSpec.equals(ILcom/android/dx/rop/type/TypeBearer;Lcom/android/dx/rop/code/LocalItem;)Z @ 42
Event: 3.505 Thread 0x000000000133d800 Uncommon trap: reason=unstable_if action=reinterpret pc=0x00000000030c31dc method=com.android.dx.ssa.SsaMethod.updateOneDefinition(Lcom/android/dx/ssa/SsaInsn;Lcom/android/dx/rop/code/RegisterSpec;)V @ 4
Event: 3.744 Thread 0x0000000016f98000 Uncommon trap: reason=unstable_if action=reinterpret pc=0x00000000032defa4 method=com.android.dx.ssa.SsaRenamer$BlockRenamer.process()V @ 90
Event: 3.797 Thread 0x0000000016f98000 Uncommon trap: reason=unstable_if action=reinterpret pc=0x00000000031d13a0 method=com.android.dx.ssa.SCCP.simulateStmt(Lcom/android/dx/ssa/SsaInsn;)V @ 53
Event: 3.877 Thread 0x0000000016f99000 Uncommon trap: reason=bimorphic action=maybe_recompile pc=0x00000000030f6b4c method=java.util.HashMap.getNode(ILjava/lang/Object;)Ljava/util/HashMap$Node; @ 126
Event: 3.888 Thread 0x0000000016f99000 Uncommon trap: reason=bimorphic action=maybe_recompile pc=0x00000000031dc3a8 method=com.android.dx.cf.code.BytecodeArray.parseInstruction(ILcom/android/dx/cf/code/BytecodeArray$Visitor;)I @ 939
Event: 3.888 Thread 0x0000000016f99000 Uncommon trap: reason=bimorphic action=maybe_recompile pc=0x00000000031dc428 method=com.android.dx.cf.code.BytecodeArray.parseInstruction(ILcom/android/dx/cf/code/BytecodeArray$Visitor;)I @ 923
Event: 3.888 Thread 0x0000000016f99000 Uncommon trap: reason=bimorphic action=maybe_recompile pc=0x00000000031dc3a8 method=com.android.dx.cf.code.BytecodeArray.parseInstruction(ILcom/android/dx/cf/code/BytecodeArray$Visitor;)I @ 939
Event: 3.888 Thread 0x0000000016f99000 Uncommon trap: reason=bimorphic action=maybe_recompile pc=0x00000000031dc428 method=com.android.dx.cf.code.BytecodeArray.parseInstruction(ILcom/android/dx/cf/code/BytecodeArray$Visitor;)I @ 923
Event: 4.376 Thread 0x0000000017010800 Uncommon trap: reason=unstable_if action=reinterpret pc=0x00000000032d0a0c method=com.android.dx.ssa.MoveParamCombiner$1.visitNonMoveInsn(Lcom/android/dx/ssa/NormalSsaInsn;)V @ 27

Internal exceptions (3 events):
Event: 0.029 Thread 0x000000000133d800 Exception <a 'java/lang/NoSuchMethodError': Method sun.misc.Unsafe.defineClass(Ljava/lang/String;[BII)Ljava/lang/Class; name or signature does not match> (0x00000000eab07cc0) thrown at [C:\re\workspace\8-2-build-windows-amd64-cygwin\jdk8u101\7261\hotspot\s©_Økù?
Event: 0.029 Thread 0x000000000133d800 Exception <a 'java/lang/NoSuchMethodError': Method sun.misc.Unsafe.prefetchRead(Ljava/lang/Object;J)V name or signature does not match> (0x00000000eab07fa8) thrown at [C:\re\workspace\8-2-build-windows-amd64-cygwin\jdk8u101\7261\hotspot\src\share\vm\prims\í¨«ÅÆ
Event: 2.085 Thread 0x0000000017010800 Implicit null exception at 0x0000000002f5812a to 0x0000000002f59985

Events (10 events):
Event: 3.888 Thread 0x0000000016f99000 Uncommon trap: trap_request=0xffffffc6 fr.pc=0x00000000031dc428
Event: 3.888 Thread 0x0000000016f99000 DEOPT PACKING pc=0x00000000031dc428 sp=0x000000001782e440
Event: 3.888 Thread 0x0000000016f99000 DEOPT UNPACKING pc=0x0000000002d4582a sp=0x000000001782e3c8 mode 2
Event: 3.965 Executing VM operation: ParallelGCFailedAllocation
Event: 4.240 Executing VM operation: ParallelGCFailedAllocation done
Event: 4.376 Thread 0x0000000017010800 Uncommon trap: trap_request=0xffffff65 fr.pc=0x00000000032d0a0c
Event: 4.376 Thread 0x0000000017010800 DEOPT PACKING pc=0x00000000032d0a0c sp=0x000000001742eb70
Event: 4.376 Thread 0x0000000017010800 DEOPT UNPACKING pc=0x0000000002d4582a sp=0x000000001742eac8 mode 2
Event: 4.414 Executing VM operation: ParallelGCFailedAllocation
Event: 4.450 Executing VM operation: ParallelGCFailedAllocation done


Dynamic libraries:
0x00007ff605890000 - 0x00007ff6058c7000 	C:\Program Files\Java\jdk1.8.0_101\bin\java.exe
0x00007ffab0db0000 - 0x00007ffab0f81000 	C:\WINDOWS\SYSTEM32\ntdll.dll
0x00007ffab0c90000 - 0x00007ffab0d3b000 	C:\WINDOWS\System32\KERNEL32.DLL
0x00007ffaadac0000 - 0x00007ffaadcdd000 	C:\WINDOWS\System32\KERNELBASE.dll
0x00007ffaaed10000 - 0x00007ffaaedb2000 	C:\WINDOWS\System32\ADVAPI32.dll
0x00007ffaaeb00000 - 0x00007ffaaeb9e000 	C:\WINDOWS\System32\msvcrt.dll
0x00007ffaaf2f0000 - 0x00007ffaaf349000 	C:\WINDOWS\System32\sechost.dll
0x00007ffaaf350000 - 0x00007ffaaf471000 	C:\WINDOWS\System32\RPCRT4.dll
0x00007ffaaeba0000 - 0x00007ffaaed05000 	C:\WINDOWS\System32\USER32.dll
0x00007ffaad980000 - 0x00007ffaad99e000 	C:\WINDOWS\System32\win32u.dll
0x00007ffab0c50000 - 0x00007ffab0c84000 	C:\WINDOWS\System32\GDI32.dll
0x00007ffaadd80000 - 0x00007ffaadf02000 	C:\WINDOWS\System32\gdi32full.dll
0x00007ffaa4ad0000 - 0x00007ffaa4d49000 	C:\WINDOWS\WinSxS\amd64_microsoft.windows.common-controls_6595b64144ccf1df_6.0.14393.0_none_2d0f50fcbdb171b8\COMCTL32.dll
0x00007ffaae340000 - 0x00007ffaae607000 	C:\WINDOWS\System32\combase.dll
0x00007ffaadf70000 - 0x00007ffaae065000 	C:\WINDOWS\System32\ucrtbase.dll
0x00007ffaada50000 - 0x00007ffaadaba000 	C:\WINDOWS\System32\bcryptPrimitives.dll
0x00007ffaaf2c0000 - 0x00007ffaaf2ee000 	C:\WINDOWS\System32\IMM32.DLL
0x00000000670e0000 - 0x00000000671b2000 	C:\Program Files\Java\jdk1.8.0_101\jre\bin\msvcr100.dll
0x00000000676f0000 - 0x0000000067f8a000 	C:\Program Files\Java\jdk1.8.0_101\jre\bin\server\jvm.dll
0x00007ffaae7d0000 - 0x00007ffaae7d8000 	C:\WINDOWS\System32\PSAPI.DLL
0x00007ffaa6b70000 - 0x00007ffaa6b79000 	C:\WINDOWS\SYSTEM32\WSOCK32.dll
0x00007ffab0aa0000 - 0x00007ffab0b0a000 	C:\WINDOWS\System32\WS2_32.dll
0x00007ffaab230000 - 0x00007ffaab253000 	C:\WINDOWS\SYSTEM32\WINMM.dll
0x00007ffaa8fe0000 - 0x00007ffaa8fea000 	C:\WINDOWS\SYSTEM32\VERSION.dll
0x00007ffaab1d0000 - 0x00007ffaab1fb000 	C:\WINDOWS\SYSTEM32\WINMMBASE.dll
0x00007ffaae120000 - 0x00007ffaae162000 	C:\WINDOWS\System32\cfgmgr32.dll
0x00000000689d0000 - 0x00000000689df000 	C:\Program Files\Java\jdk1.8.0_101\jre\bin\verify.dll
0x00000000689a0000 - 0x00000000689c9000 	C:\Program Files\Java\jdk1.8.0_101\jre\bin\java.dll
0x0000000068980000 - 0x0000000068996000 	C:\Program Files\Java\jdk1.8.0_101\jre\bin\zip.dll
0x00007ffaaf480000 - 0x00007ffab0988000 	C:\WINDOWS\System32\SHELL32.dll
0x00007ffaad2a0000 - 0x00007ffaad97a000 	C:\WINDOWS\System32\windows.storage.dll
0x00007ffaad250000 - 0x00007ffaad29c000 	C:\WINDOWS\System32\powrprof.dll
0x00007ffab0a40000 - 0x00007ffab0a92000 	C:\WINDOWS\System32\shlwapi.dll
0x00007ffaad230000 - 0x00007ffaad23f000 	C:\WINDOWS\System32\kernel.appcore.dll
0x00007ffaad9a0000 - 0x00007ffaada49000 	C:\WINDOWS\System32\shcore.dll
0x00007ffaad210000 - 0x00007ffaad224000 	C:\WINDOWS\System32\profapi.dll

VM Arguments:
jvm_args: -Djava.awt.headless=true -Xmx1024M -Dfile.encoding=windows-1252 -Duser.country=MX -Duser.language=es -Duser.variant 
java_command: com.android.dx.command.Main --dex --force-jumbo --num-threads=4 --multi-dex --output O:\Android\VentaenRuta2016\app\build\intermediates\transforms\dex\debug\folders\1000\2\commons-net-3.1_9df4612ebcf771c3c749aa8a0c909855560b14e4 O:\Android\VentaenRuta2016\app\libs\commons-net-3.1.jar
java_class_path (initial): C:\Users\mario\AppData\Local\Android\sdk\build-tools\24.0.2\lib\dx.jar
Launcher Type: SUN_STANDARD

Environment Variables:
PATH=C:\ProgramData\Oracle\Java\javapath;C:\Program Files (x86)\Intel\iCLS Client\;C:\Program Files\Intel\iCLS Client\;C:\Windows\system32;C:\Windows;C:\Windows\System32\Wbem;C:\Windows\System32\WindowsPowerShell\v1.0\;C:\Program Files (x86)\NVIDIA Corporation\PhysX\Common;C:\Program Files (x86)\Intel\Intel(R) Management Engine Components\DAL;C:\Program Files\Intel\Intel(R) Management Engine Components\DAL;C:\Program Files (x86)\Intel\Intel(R) Management Engine Components\IPT;C:\Program Files\Intel\Intel(R) Management Engine Components\IPT;C:\WINDOWS\system32;C:\WINDOWS;C:\WINDOWS\System32\Wbem;C:\WINDOWS\System32\WindowsPowerShell\v1.0\;C:\Users\mario\.dnx\bin;C:\Program Files\Microsoft DNX\Dnvm\;C:\Program Files (x86)\Windows Kits\10\Windows Performance Toolkit\;C:\Program Files\Git\cmd;C:\Program Files\Microsoft SQL Server\130\Tools\Binn\;C:\Program Files\Microsoft\Web Platform Installer\;C:\Program Files (x86)\nodejs\;C:\Users\mario\AppData\Roaming\npm;%USERPROFILE%\AppData\Local\Microsoft\WindowsApps;
USERNAME=mario
OS=Windows_NT
PROCESSOR_IDENTIFIER=Intel64 Family 6 Model 94 Stepping 3, GenuineIntel



---------------  S Y S T E M  ---------------

OS: Windows 10.0 , 64 bit Build 14393 (10.0.14393.0)

CPU:total 4 (4 cores per cpu, 1 threads per core) family 6 model 94 stepping 3, cmov, cx8, fxsr, mmx, sse, sse2, sse3, ssse3, sse4.1, sse4.2, popcnt, avx, avx2, aes, clmul, erms, rtm, 3dnowpref, lzcnt, tsc, tscinvbit, bmi1, bmi2, adx

Memory: 4k page, physical 8245152k(1162236k free), swap 10192800k(7032k free)

vm_info: Java HotSpot(TM) 64-Bit Server VM (25.101-b13) for windows-amd64 JRE (1.8.0_101-b13), built on Jun 22 2016 01:21:29 by "java_re" with MS VC++ 10.0 (VS2010)

time: Mon Oct 03 02:31:23 2016
elapsed time: 4 seconds (0d 0h 0m 4s)

