#
# There is insufficient memory for the Java Runtime Environment to continue.
# Native memory allocation (malloc) failed to allocate 183856 bytes for Chunk::new
# Possible reasons:
#   The system is out of physical RAM or swap space
#   In 32 bit mode, the process size limit was hit
# Possible solutions:
#   Reduce memory load on the system
#   Increase physical memory or swap space
#   Check if swap backing store is full
#   Use 64 bit Java on a 64 bit OS
#   Decrease Java heap size (-Xmx/-Xms)
#   Decrease number of Java threads
#   Decrease Java thread stack sizes (-Xss)
#   Set larger code cache with -XX:ReservedCodeCacheSize=
# This output file may be truncated or incomplete.
#
#  Out of Memory Error (allocation.cpp:390), pid=7192, tid=0x0000000000002aa4
#
# JRE version: Java(TM) SE Runtime Environment (8.0_101-b13) (build 1.8.0_101-b13)
# Java VM: Java HotSpot(TM) 64-Bit Server VM (25.101-b13 mixed mode windows-amd64 compressed oops)
# Failed to write core dump. Minidumps are not enabled by default on client versions of Windows
#

---------------  T H R E A D  ---------------

Current thread (0x000000001595d800):  JavaThread "C2 CompilerThread0" daemon [_thread_in_native, id=10916, stack(0x0000000016fd0000,0x00000000170d0000)]

Stack: [0x0000000016fd0000,0x00000000170d0000]
[error occurred during error reporting (printing stack bounds), id 0xc0000005]

Native frames: (J=compiled Java code, j=interpreted, Vv=VM code, C=native code)


Current CompileTask:
C2:    343  612       4       com.android.dx.ssa.SsaBasicBlock::forEachInsn (37 bytes)


---------------  P R O C E S S  ---------------

Java Threads: ( => current thread )
  0x000000001737b800 JavaThread "pool-2-thread-4" [_thread_in_Java, id=11128, stack(0x0000000017cd0000,0x0000000017dd0000)]
  0x0000000017376800 JavaThread "pool-2-thread-3" [_thread_blocked, id=2008, stack(0x0000000017bd0000,0x0000000017cd0000)]
  0x0000000017376000 JavaThread "pool-2-thread-2" [_thread_in_Java, id=7356, stack(0x0000000017ad0000,0x0000000017bd0000)]
  0x0000000017373000 JavaThread "pool-3-thread-1" [_thread_blocked, id=3684, stack(0x00000000179d0000,0x0000000017ad0000)]
  0x0000000017371000 JavaThread "pool-2-thread-1" [_thread_blocked, id=2444, stack(0x00000000178d0000,0x00000000179d0000)]
  0x00000000171f6000 JavaThread "Service Thread" daemon [_thread_blocked, id=8140, stack(0x00000000176d0000,0x00000000177d0000)]
  0x00000000171d8800 JavaThread "C1 CompilerThread2" daemon [_thread_blocked, id=8608, stack(0x00000000175d0000,0x00000000176d0000)]
  0x0000000015960800 JavaThread "C2 CompilerThread1" daemon [_thread_in_native, id=7000, stack(0x00000000170d0000,0x00000000171d0000)]
=>0x000000001595d800 JavaThread "C2 CompilerThread0" daemon [_thread_in_native, id=10916, stack(0x0000000016fd0000,0x00000000170d0000)]
  0x000000001595b800 JavaThread "Attach Listener" daemon [_thread_blocked, id=7440, stack(0x0000000016ed0000,0x0000000016fd0000)]
  0x000000001595a000 JavaThread "Signal Dispatcher" daemon [_thread_blocked, id=9012, stack(0x0000000016dd0000,0x0000000016ed0000)]
  0x000000000323b000 JavaThread "Finalizer" daemon [_thread_blocked, id=11012, stack(0x0000000016bc0000,0x0000000016cc0000)]
  0x0000000003230000 JavaThread "Reference Handler" daemon [_thread_blocked, id=10856, stack(0x0000000016ac0000,0x0000000016bc0000)]
  0x000000000328d800 JavaThread "main" [_thread_in_Java, id=3384, stack(0x0000000003010000,0x0000000003110000)]

Other Threads:
  0x0000000015928000 VMThread [stack: 0x00000000169c0000,0x0000000016ac0000] [id=10300]
  0x00000000171fb000 WatcherThread [stack: 0x00000000177d0000,0x00000000178d0000] [id=9348]

VM state:not at safepoint (normal execution)

VM Mutex/Monitor currently owned by a thread: None

Heap:
 PSYoungGen      total 37888K, used 17994K [0x00000000eab00000, 0x00000000ed500000, 0x0000000100000000)
  eden space 32768K, 54% used [0x00000000eab00000,0x00000000ebc928c8,0x00000000ecb00000)
  from space 5120K, 0% used [0x00000000ed000000,0x00000000ed000000,0x00000000ed500000)
  to   space 5120K, 0% used [0x00000000ecb00000,0x00000000ecb00000,0x00000000ed000000)
 ParOldGen       total 86016K, used 0K [0x00000000c0000000, 0x00000000c5400000, 0x00000000eab00000)
  object space 86016K, 0% used [0x00000000c0000000,0x00000000c0000000,0x00000000c5400000)
 Metaspace       used 5691K, capacity 6642K, committed 6784K, reserved 1056768K
  class space    used 598K, capacity 618K, committed 640K, reserved 1048576K

Card table byte_map: [0x0000000012650000,0x0000000012860000] byte_map_base: 0x0000000012050000

Marking Bits: (ParMarkBitMap*) 0x000000005885a6d0
 Begin Bits: [0x0000000012dc0000, 0x0000000013dc0000)
 End Bits:   [0x0000000013dc0000, 0x0000000014dc0000)

Polling page: 0x0000000003120000

CodeCache: size=245760Kb used=2255Kb max_used=2266Kb free=243504Kb
 bounds [0x0000000003290000, 0x0000000003500000, 0x0000000012290000]
 total_blobs=844 nmethods=575 adapters=182
 compilation: enabled

Compilation events (10 events):
Event: 0.338 Thread 0x00000000171d8800 nmethod 550 0x00000000034bf910 code [0x00000000034bfb20, 0x00000000034c05c8]
Event: 0.338 Thread 0x0000000015960800 nmethod 619 0x00000000034c3e90 code [0x00000000034c3fe0, 0x00000000034c40b8]
Event: 0.338 Thread 0x0000000015960800  616       4       com.android.dx.ssa.SsaBasicBlock::isReachable (29 bytes)
Event: 0.339 Thread 0x0000000015960800 nmethod 616 0x00000000034b8590 code [0x00000000034b86c0, 0x00000000034b8758]
Event: 0.339 Thread 0x0000000015960800  611       4       com.android.dx.rop.code.RegisterSpec::hashCodeOf (30 bytes)
Event: 0.342 Thread 0x00000000171d8800  625       3       com.android.dx.util.LabeledList::addLabelIndex (43 bytes)
Event: 0.342 Thread 0x00000000171d8800 nmethod 625 0x00000000034c1990 code [0x00000000034c1b20, 0x00000000034c1f78]
Event: 0.342 Thread 0x00000000171d8800  634       3       com.android.dx.ssa.SsaBasicBlock::forEachPhiInsn (54 bytes)
Event: 0.343 Thread 0x00000000171d8800 nmethod 634 0x00000000034c2f50 code [0x00000000034c3140, 0x00000000034c39e8]
Event: 0.343 Thread 0x00000000171d8800  622       3       com.android.dx.ssa.SsaBasicBlock::getCountPhiInsns (45 bytes)

GC Heap History (0 events):
No events

Deoptimization events (0 events):
No events

Internal exceptions (2 events):
Event: 0.025 Thread 0x000000000328d800 Exception <a 'java/lang/NoSuchMethodError': Method sun.misc.Unsafe.defineClass(Ljava/lang/String;[BII)Ljava/lang/Class; name or signature does not match> (0x00000000eab07cc0) thrown at [C:\re\workspace\8-2-build-windows-amd64-cygwin\jdk8u101\7261\hotspot\s*¸2à:™?
Event: 0.025 Thread 0x000000000328d800 Exception <a 'java/lang/NoSuchMethodError': Method sun.misc.Unsafe.prefetchRead(Ljava/lang/Object;J)V name or signature does not match> (0x00000000eab07fa8) thrown at [C:\re\workspace\8-2-build-windows-amd64-cygwin\jdk8u101\7261\hotspot\src\share\vm\prims\

Events (10 events):
Event: 0.263 loading class com/android/dx/dex/file/FieldAnnotationStruct
Event: 0.263 loading class com/android/dx/dex/file/FieldAnnotationStruct done
Event: 0.269 loading class java/util/TreeMap$EntrySet
Event: 0.269 loading class java/util/TreeMap$EntrySet done
Event: 0.269 loading class java/util/TreeMap$EntryIterator
Event: 0.270 loading class com/android/dx/cf/code/BytecodeArray$ConstantParserVisitor
Event: 0.270 loading class com/android/dx/cf/code/BytecodeArray$ConstantParserVisitor done
Event: 0.270 loading class java/util/TreeMap$EntryIterator done
Event: 0.316 loading class java/util/ArrayList$1
Event: 0.316 loading class java/util/ArrayList$1 done


Dynamic libraries:
0x00007ff7fdab0000 - 0x00007ff7fdae7000 	C:\Program Files\Java\jdk1.8.0_101\bin\java.exe
0x00007ff9ec780000 - 0x00007ff9ec951000 	C:\WINDOWS\SYSTEM32\ntdll.dll
0x00007ff9e9d10000 - 0x00007ff9e9dbb000 	C:\WINDOWS\System32\KERNEL32.DLL
0x00007ff9e9220000 - 0x00007ff9e943d000 	C:\WINDOWS\System32\KERNELBASE.dll
0x00007ff9ea360000 - 0x00007ff9ea402000 	C:\WINDOWS\System32\ADVAPI32.dll
0x00007ff9eb020000 - 0x00007ff9eb0be000 	C:\WINDOWS\System32\msvcrt.dll
0x00007ff9ea9a0000 - 0x00007ff9ea9f9000 	C:\WINDOWS\System32\sechost.dll
0x00007ff9ea230000 - 0x00007ff9ea351000 	C:\WINDOWS\System32\RPCRT4.dll
0x00007ff9ec610000 - 0x00007ff9ec775000 	C:\WINDOWS\System32\USER32.dll
0x00007ff9e9cf0000 - 0x00007ff9e9d0e000 	C:\WINDOWS\System32\win32u.dll
0x00007ff9ec5d0000 - 0x00007ff9ec604000 	C:\WINDOWS\System32\GDI32.dll
0x00007ff9e8d80000 - 0x00007ff9e8f02000 	C:\WINDOWS\System32\gdi32full.dll
0x00007ff9e0800000 - 0x00007ff9e0a79000 	C:\WINDOWS\WinSxS\amd64_microsoft.windows.common-controls_6595b64144ccf1df_6.0.14393.0_none_2d0f50fcbdb171b8\COMCTL32.dll
0x00007ff9e9e60000 - 0x00007ff9ea127000 	C:\WINDOWS\System32\combase.dll
0x00007ff9e8f10000 - 0x00007ff9e9005000 	C:\WINDOWS\System32\ucrtbase.dll
0x00007ff9e8d10000 - 0x00007ff9e8d7a000 	C:\WINDOWS\System32\bcryptPrimitives.dll
0x00007ff9eae40000 - 0x00007ff9eae6e000 	C:\WINDOWS\System32\IMM32.DLL
0x0000000057bc0000 - 0x0000000057c92000 	C:\Program Files\Java\jdk1.8.0_101\jre\bin\msvcr100.dll
0x0000000058040000 - 0x00000000588da000 	C:\Program Files\Java\jdk1.8.0_101\jre\bin\server\jvm.dll
0x00007ff9eaa00000 - 0x00007ff9eaa08000 	C:\WINDOWS\System32\PSAPI.DLL
0x00007ff9e4320000 - 0x00007ff9e432a000 	C:\WINDOWS\SYSTEM32\VERSION.dll
0x00007ff9de1d0000 - 0x00007ff9de1d9000 	C:\WINDOWS\SYSTEM32\WSOCK32.dll
0x00007ff9e6c80000 - 0x00007ff9e6ca3000 	C:\WINDOWS\SYSTEM32\WINMM.dll
0x00007ff9ea560000 - 0x00007ff9ea5ca000 	C:\WINDOWS\System32\WS2_32.dll
0x00007ff9e6c30000 - 0x00007ff9e6c5b000 	C:\WINDOWS\SYSTEM32\WINMMBASE.dll
0x00007ff9e9010000 - 0x00007ff9e9052000 	C:\WINDOWS\System32\cfgmgr32.dll
0x0000000059390000 - 0x000000005939f000 	C:\Program Files\Java\jdk1.8.0_101\jre\bin\verify.dll
0x0000000059360000 - 0x0000000059389000 	C:\Program Files\Java\jdk1.8.0_101\jre\bin\java.dll
0x0000000058020000 - 0x0000000058036000 	C:\Program Files\Java\jdk1.8.0_101\jre\bin\zip.dll
0x00007ff9eb0c0000 - 0x00007ff9ec5c8000 	C:\WINDOWS\System32\SHELL32.dll
0x00007ff9e9610000 - 0x00007ff9e9cea000 	C:\WINDOWS\System32\windows.storage.dll
0x00007ff9e8c10000 - 0x00007ff9e8c5c000 	C:\WINDOWS\System32\powrprof.dll
0x00007ff9ea940000 - 0x00007ff9ea992000 	C:\WINDOWS\System32\shlwapi.dll
0x00007ff9e8c60000 - 0x00007ff9e8c6f000 	C:\WINDOWS\System32\kernel.appcore.dll
0x00007ff9e9110000 - 0x00007ff9e91b9000 	C:\WINDOWS\System32\shcore.dll
0x00007ff9e8bf0000 - 0x00007ff9e8c04000 	C:\WINDOWS\System32\profapi.dll

VM Arguments:
jvm_args: -Djava.awt.headless=true -Xmx1024M -Dfile.encoding=windows-1252 -Duser.country=MX -Duser.language=es -Duser.variant 
java_command: com.android.dx.command.Main --dex --force-jumbo --num-threads=4 --multi-dex --output O:\Android\VentaenRuta2016\app\build\intermediates\transforms\dex\debug\folders\1000\10\instant-run_1b1338de9028a72e14d84537c2f7b1c01ddf8bb9 O:\Android\VentaenRuta2016\app\build\intermediates\incremental-runtime-classes\debug\instant-run.jar
java_class_path (initial): C:\Users\mario\AppData\Local\Android\sdk\build-tools\24.0.2\lib\dx.jar
Launcher Type: SUN_STANDARD

Environment Variables:
PATH=C:\ProgramData\Oracle\Java\javapath;C:\Program Files (x86)\Intel\iCLS Client\;C:\Program Files\Intel\iCLS Client\;C:\Windows\system32;C:\Windows;C:\Windows\System32\Wbem;C:\Windows\System32\WindowsPowerShell\v1.0\;C:\Program Files (x86)\NVIDIA Corporation\PhysX\Common;C:\Program Files (x86)\Intel\Intel(R) Management Engine Components\DAL;C:\Program Files\Intel\Intel(R) Management Engine Components\DAL;C:\Program Files (x86)\Intel\Intel(R) Management Engine Components\IPT;C:\Program Files\Intel\Intel(R) Management Engine Components\IPT;C:\WINDOWS\system32;C:\WINDOWS;C:\WINDOWS\System32\Wbem;C:\WINDOWS\System32\WindowsPowerShell\v1.0\;C:\WINDOWS\system32\config\systemprofile\.dnx\bin;C:\Program Files\Microsoft DNX\Dnvm\;C:\Program Files (x86)\Windows Kits\10\Windows Performance Toolkit\;C:\Program Files\Git\cmd;C:\Program Files\Microsoft SQL Server\130\Tools\Binn\;C:\Program Files\Microsoft\Web Platform Installer\;C:\Program Files (x86)\nodejs\;C:\Users\mario\AppData\Roaming\npm;%USERPROFILE%\AppData\Local\Microsoft\WindowsApps;
USERNAME=mario
OS=Windows_NT
PROCESSOR_IDENTIFIER=Intel64 Family 6 Model 94 Stepping 3, GenuineIntel



---------------  S Y S T E M  ---------------

OS: Windows 10.0 , 64 bit Build 14393 (10.0.14393.0)

CPU:total 4 (4 cores per cpu, 1 threads per core) family 6 model 94 stepping 3, cmov, cx8, fxsr, mmx, sse, sse2, sse3, ssse3, sse4.1, sse4.2, popcnt, avx, avx2, aes, clmul, erms, rtm, 3dnowpref, lzcnt, tsc, tscinvbit, bmi1, bmi2, adx

Memory: 4k page, physical 8245152k(1488852k free), swap 8245152k(5128k free)

vm_info: Java HotSpot(TM) 64-Bit Server VM (25.101-b13) for windows-amd64 JRE (1.8.0_101-b13), built on Jun 22 2016 01:21:29 by "java_re" with MS VC++ 10.0 (VS2010)

time: Wed Oct 26 02:00:08 2016
elapsed time: 0 seconds (0d 0h 0m 0s)

