#
# There is insufficient memory for the Java Runtime Environment to continue.
# Native memory allocation (malloc) failed to allocate 787136 bytes for Chunk::new
# Possible reasons:
#   The system is out of physical RAM or swap space
#   In 32 bit mode, the process size limit was hit
# Possible solutions:
#   Reduce memory load on the system
#   Increase physical memory or swap space
#   Check if swap backing store is full
#   Use 64 bit Java on a 64 bit OS
#   Decrease Java heap size (-Xmx/-Xms)
#   Decrease number of Java threads
#   Decrease Java thread stack sizes (-Xss)
#   Set larger code cache with -XX:ReservedCodeCacheSize=
# This output file may be truncated or incomplete.
#
#  Out of Memory Error (allocation.cpp:390), pid=7508, tid=0x0000000000002494
#
# JRE version: Java(TM) SE Runtime Environment (8.0_101-b13) (build 1.8.0_101-b13)
# Java VM: Java HotSpot(TM) 64-Bit Server VM (25.101-b13 mixed mode windows-amd64 compressed oops)
# Failed to write core dump. Minidumps are not enabled by default on client versions of Windows
#

---------------  T H R E A D  ---------------

Current thread (0x000000001539d800):  JavaThread "C2 CompilerThread0" daemon [_thread_in_native, id=9364, stack(0x0000000016a20000,0x0000000016b20000)]

Stack: [0x0000000016a20000,0x0000000016b20000]
[error occurred during error reporting (printing stack bounds), id 0xc0000005]

Native frames: (J=compiled Java code, j=interpreted, Vv=VM code, C=native code)


Current CompileTask:
C2:   2111 1067   !   4       com.android.dx.cf.code.BytecodeArray::parseInstruction (2764 bytes)


---------------  P R O C E S S  ---------------

Java Threads: ( => current thread )
  0x0000000016eab000 JavaThread "pool-2-thread-4" [_thread_in_Java, id=7072, stack(0x0000000017720000,0x0000000017820000)]
  0x0000000016ea4800 JavaThread "pool-2-thread-3" [_thread_blocked, id=5656, stack(0x0000000017620000,0x0000000017720000)]
  0x0000000016ea8000 JavaThread "pool-2-thread-2" [_thread_in_Java, id=8524, stack(0x0000000017520000,0x0000000017620000)]
  0x0000000016e87800 JavaThread "pool-3-thread-1" [_thread_blocked, id=5168, stack(0x0000000017420000,0x0000000017520000)]
  0x0000000016e86800 JavaThread "pool-2-thread-1" [_thread_in_vm, id=8160, stack(0x0000000017320000,0x0000000017420000)]
  0x0000000016c25800 JavaThread "Service Thread" daemon [_thread_blocked, id=7788, stack(0x0000000017120000,0x0000000017220000)]
  0x00000000153fd000 JavaThread "C1 CompilerThread2" daemon [_thread_blocked, id=2060, stack(0x0000000017020000,0x0000000017120000)]
  0x00000000153fa000 JavaThread "C2 CompilerThread1" daemon [_thread_in_native, id=7412, stack(0x0000000016b20000,0x0000000016c20000)]
=>0x000000001539d800 JavaThread "C2 CompilerThread0" daemon [_thread_in_native, id=9364, stack(0x0000000016a20000,0x0000000016b20000)]
  0x000000001539b800 JavaThread "Attach Listener" daemon [_thread_blocked, id=10968, stack(0x0000000016920000,0x0000000016a20000)]
  0x000000001539a800 JavaThread "Signal Dispatcher" daemon [_thread_blocked, id=7572, stack(0x0000000016820000,0x0000000016920000)]
  0x0000000002cab000 JavaThread "Finalizer" daemon [_thread_blocked, id=9272, stack(0x0000000016600000,0x0000000016700000)]
  0x0000000002ca0000 JavaThread "Reference Handler" daemon [_thread_blocked, id=9424, stack(0x0000000016500000,0x0000000016600000)]
  0x0000000000e7d800 JavaThread "main" [_thread_in_Java, id=3188, stack(0x0000000002ab0000,0x0000000002bb0000)]

Other Threads:
  0x0000000015368000 VMThread [stack: 0x0000000016400000,0x0000000016500000] [id=6224]
  0x0000000016c53000 WatcherThread [stack: 0x0000000017220000,0x0000000017320000] [id=10572]

VM state:not at safepoint (normal execution)

VM Mutex/Monitor currently owned by a thread: None

Heap:
 PSYoungGen      total 37888K, used 27783K [0x00000000eab00000, 0x00000000ef500000, 0x0000000100000000)
  eden space 32768K, 69% used [0x00000000eab00000,0x00000000ec129bc8,0x00000000ecb00000)
  from space 5120K, 99% used [0x00000000ecb00000,0x00000000ecff83c0,0x00000000ed000000)
  to   space 5120K, 0% used [0x00000000ef000000,0x00000000ef000000,0x00000000ef500000)
 ParOldGen       total 86016K, used 1614K [0x00000000c0000000, 0x00000000c5400000, 0x00000000eab00000)
  object space 86016K, 1% used [0x00000000c0000000,0x00000000c01938b8,0x00000000c5400000)
 Metaspace       used 5865K, capacity 6770K, committed 7040K, reserved 1056768K
  class space    used 595K, capacity 618K, committed 640K, reserved 1048576K

Card table byte_map: [0x0000000012070000,0x0000000012280000] byte_map_base: 0x0000000011a70000

Marking Bits: (ParMarkBitMap*) 0x000000005885a6d0
 Begin Bits: [0x00000000127e0000, 0x00000000137e0000)
 End Bits:   [0x00000000137e0000, 0x00000000147e0000)

Polling page: 0x0000000000e80000

CodeCache: size=245760Kb used=4265Kb max_used=4279Kb free=241494Kb
 bounds [0x0000000002cb0000, 0x00000000030f0000, 0x0000000011cb0000]
 total_blobs=1343 nmethods=1074 adapters=182
 compilation: enabled

Compilation events (10 events):
Event: 2.084 Thread 0x00000000153fd000 1073       1       sun.util.calendar.CalendarDate::getMonth (5 bytes)
Event: 2.084 Thread 0x00000000153fd000 nmethod 1073 0x00000000030d8450 code [0x00000000030d85a0, 0x00000000030d86b0]
Event: 2.084 Thread 0x00000000153fd000 1090       1       com.android.dx.cf.attrib.AttConstantValue::getConstantValue (5 bytes)
Event: 2.084 Thread 0x00000000153fd000 nmethod 1090 0x00000000030d8710 code [0x00000000030d8860, 0x00000000030d8970]
Event: 2.105 Thread 0x00000000153fa000 nmethod 1089% 0x00000000030dcf90 code [0x00000000030dd1e0, 0x00000000030deb28]
Event: 2.105 Thread 0x00000000153fa000 1043       4       com.android.dx.dex.code.OutputFinisher::updateInfo (44 bytes)
Event: 2.109 Thread 0x00000000153fa000 nmethod 1043 0x00000000030d9ad0 code [0x00000000030d9c20, 0x00000000030d9e78]
Event: 2.109 Thread 0x00000000153fa000  998       4       com.android.dx.rop.code.PlainInsn::<init> (73 bytes)
Event: 2.110 Thread 0x00000000153fa000 nmethod 998 0x00000000030d96d0 code [0x00000000030d9820, 0x00000000030d9978]
Event: 2.110 Thread 0x00000000153fa000 1070       4       java.util.ArrayList::grow (45 bytes)

GC Heap History (2 events):
Event: 1.835 GC heap before
{Heap before GC invocations=1 (full 0):
 PSYoungGen      total 37888K, used 32768K [0x00000000eab00000, 0x00000000ed500000, 0x0000000100000000)
  eden space 32768K, 100% used [0x00000000eab00000,0x00000000ecb00000,0x00000000ecb00000)
  from space 5120K, 0% used [0x00000000ed000000,0x00000000ed000000,0x00000000ed500000)
  to   space 5120K, 0% used [0x00000000ecb00000,0x00000000ecb00000,0x00000000ed000000)
 ParOldGen       total 86016K, used 0K [0x00000000c0000000, 0x00000000c5400000, 0x00000000eab00000)
  object space 86016K, 0% used [0x00000000c0000000,0x00000000c0000000,0x00000000c5400000)
 Metaspace       used 5852K, capacity 6770K, committed 7040K, reserved 1056768K
  class space    used 595K, capacity 618K, committed 640K, reserved 1048576K
Event: 1.905 GC heap after
Heap after GC invocations=1 (full 0):
 PSYoungGen      total 37888K, used 5088K [0x00000000eab00000, 0x00000000ef500000, 0x0000000100000000)
  eden space 32768K, 0% used [0x00000000eab00000,0x00000000eab00000,0x00000000ecb00000)
  from space 5120K, 99% used [0x00000000ecb00000,0x00000000ecff83c0,0x00000000ed000000)
  to   space 5120K, 0% used [0x00000000ef000000,0x00000000ef000000,0x00000000ef500000)
 ParOldGen       total 86016K, used 1614K [0x00000000c0000000, 0x00000000c5400000, 0x00000000eab00000)
  object space 86016K, 1% used [0x00000000c0000000,0x00000000c01938b8,0x00000000c5400000)
 Metaspace       used 5852K, capacity 6770K, committed 7040K, reserved 1056768K
  class space    used 595K, capacity 618K, committed 640K, reserved 1048576K
}

Deoptimization events (10 events):
Event: 1.527 Thread 0x0000000000e7d800 Uncommon trap: reason=class_check action=maybe_recompile pc=0x0000000003015254 method=java.util.Collections$UnmodifiableCollection$1.hasNext()Z @ 4
Event: 1.527 Thread 0x0000000000e7d800 Uncommon trap: reason=class_check action=maybe_recompile pc=0x0000000003015254 method=java.util.Collections$UnmodifiableCollection$1.hasNext()Z @ 4
Event: 1.718 Thread 0x0000000016eab000 Uncommon trap: reason=bimorphic action=maybe_recompile pc=0x000000000307a9a0 method=com.android.dx.cf.code.BytecodeArray.parseInstruction(ILcom/android/dx/cf/code/BytecodeArray$Visitor;)I @ 1161
Event: 1.718 Thread 0x0000000016eab000 Uncommon trap: reason=bimorphic action=maybe_recompile pc=0x000000000307a56c method=com.android.dx.cf.code.BytecodeArray.parseInstruction(ILcom/android/dx/cf/code/BytecodeArray$Visitor;)I @ 907
Event: 1.718 Thread 0x0000000016eab000 Uncommon trap: reason=bimorphic action=maybe_recompile pc=0x000000000307a5ec method=com.android.dx.cf.code.BytecodeArray.parseInstruction(ILcom/android/dx/cf/code/BytecodeArray$Visitor;)I @ 923
Event: 1.718 Thread 0x0000000016eab000 Uncommon trap: reason=bimorphic action=maybe_recompile pc=0x000000000307a66c method=com.android.dx.cf.code.BytecodeArray.parseInstruction(ILcom/android/dx/cf/code/BytecodeArray$Visitor;)I @ 939
Event: 1.718 Thread 0x0000000016eab000 Uncommon trap: reason=bimorphic action=maybe_recompile pc=0x000000000307a6ec method=com.android.dx.cf.code.BytecodeArray.parseInstruction(ILcom/android/dx/cf/code/BytecodeArray$Visitor;)I @ 955
Event: 1.718 Thread 0x0000000016eab000 Uncommon trap: reason=bimorphic action=maybe_recompile pc=0x000000000307a7b0 method=com.android.dx.cf.code.BytecodeArray.parseInstruction(ILcom/android/dx/cf/code/BytecodeArray$Visitor;)I @ 987
Event: 1.718 Thread 0x0000000016eab000 Uncommon trap: reason=bimorphic action=maybe_recompile pc=0x000000000307a5ec method=com.android.dx.cf.code.BytecodeArray.parseInstruction(ILcom/android/dx/cf/code/BytecodeArray$Visitor;)I @ 923
Event: 2.017 Thread 0x0000000016eab000 Uncommon trap: reason=bimorphic action=maybe_recompile pc=0x0000000002ea4bb8 method=java.util.HashMap.getNode(ILjava/lang/Object;)Ljava/util/HashMap$Node; @ 126

Internal exceptions (3 events):
Event: 0.023 Thread 0x0000000000e7d800 Exception <a 'java/lang/NoSuchMethodError': Method sun.misc.Unsafe.defineClass(Ljava/lang/String;[BII)Ljava/lang/Class; name or signature does not match> (0x00000000eab07cc0) thrown at [C:\re\workspace\8-2-build-windows-amd64-cygwin\jdk8u101\7261\hotspot\sf®5
Event: 0.023 Thread 0x0000000000e7d800 Exception <a 'java/lang/NoSuchMethodError': Method sun.misc.Unsafe.prefetchRead(Ljava/lang/Object;J)V name or signature does not match> (0x00000000eab07fa8) thrown at [C:\re\workspace\8-2-build-windows-amd64-cygwin\jdk8u101\7261\hotspot\src\share\vm\prims\Ž5¹Ø3-ø?
Event: 1.511 Thread 0x0000000000e7d800 Implicit null exception at 0x0000000002f6a1e2 to 0x0000000002f6a2da

Events (10 events):
Event: 1.718 Thread 0x0000000016eab000 DEOPT PACKING pc=0x000000000307a7b0 sp=0x000000001781eb30
Event: 1.718 Thread 0x0000000016eab000 DEOPT UNPACKING pc=0x0000000002cf582a sp=0x000000001781eab8 mode 2
Event: 1.718 Thread 0x0000000016eab000 Uncommon trap: trap_request=0xffffffc6 fr.pc=0x000000000307a5ec
Event: 1.718 Thread 0x0000000016eab000 DEOPT PACKING pc=0x000000000307a5ec sp=0x000000001781eb30
Event: 1.718 Thread 0x0000000016eab000 DEOPT UNPACKING pc=0x0000000002cf582a sp=0x000000001781eab8 mode 2
Event: 1.759 Executing VM operation: ParallelGCFailedAllocation
Event: 1.905 Executing VM operation: ParallelGCFailedAllocation done
Event: 2.017 Thread 0x0000000016eab000 Uncommon trap: trap_request=0xffffffc6 fr.pc=0x0000000002ea4bb8
Event: 2.017 Thread 0x0000000016eab000 DEOPT PACKING pc=0x0000000002ea4bb8 sp=0x000000001781eba0
Event: 2.017 Thread 0x0000000016eab000 DEOPT UNPACKING pc=0x0000000002cf582a sp=0x000000001781eac8 mode 2


Dynamic libraries:
0x00007ff7fdab0000 - 0x00007ff7fdae7000 	C:\Program Files\Java\jdk1.8.0_101\bin\java.exe
0x00007ff9ec780000 - 0x00007ff9ec951000 	C:\WINDOWS\SYSTEM32\ntdll.dll
0x00007ff9e9d10000 - 0x00007ff9e9dbb000 	C:\WINDOWS\System32\KERNEL32.DLL
0x00007ff9e9220000 - 0x00007ff9e943d000 	C:\WINDOWS\System32\KERNELBASE.dll
0x00007ff9ea360000 - 0x00007ff9ea402000 	C:\WINDOWS\System32\ADVAPI32.dll
0x00007ff9eb020000 - 0x00007ff9eb0be000 	C:\WINDOWS\System32\msvcrt.dll
0x00007ff9ea9a0000 - 0x00007ff9ea9f9000 	C:\WINDOWS\System32\sechost.dll
0x00007ff9ea230000 - 0x00007ff9ea351000 	C:\WINDOWS\System32\RPCRT4.dll
0x00007ff9ec610000 - 0x00007ff9ec775000 	C:\WINDOWS\System32\USER32.dll
0x00007ff9e9cf0000 - 0x00007ff9e9d0e000 	C:\WINDOWS\System32\win32u.dll
0x00007ff9ec5d0000 - 0x00007ff9ec604000 	C:\WINDOWS\System32\GDI32.dll
0x00007ff9e8d80000 - 0x00007ff9e8f02000 	C:\WINDOWS\System32\gdi32full.dll
0x00007ff9e0800000 - 0x00007ff9e0a79000 	C:\WINDOWS\WinSxS\amd64_microsoft.windows.common-controls_6595b64144ccf1df_6.0.14393.0_none_2d0f50fcbdb171b8\COMCTL32.dll
0x00007ff9e9e60000 - 0x00007ff9ea127000 	C:\WINDOWS\System32\combase.dll
0x00007ff9e8f10000 - 0x00007ff9e9005000 	C:\WINDOWS\System32\ucrtbase.dll
0x00007ff9e8d10000 - 0x00007ff9e8d7a000 	C:\WINDOWS\System32\bcryptPrimitives.dll
0x00007ff9eae40000 - 0x00007ff9eae6e000 	C:\WINDOWS\System32\IMM32.DLL
0x0000000057bc0000 - 0x0000000057c92000 	C:\Program Files\Java\jdk1.8.0_101\jre\bin\msvcr100.dll
0x0000000058040000 - 0x00000000588da000 	C:\Program Files\Java\jdk1.8.0_101\jre\bin\server\jvm.dll
0x00007ff9eaa00000 - 0x00007ff9eaa08000 	C:\WINDOWS\System32\PSAPI.DLL
0x00007ff9de1d0000 - 0x00007ff9de1d9000 	C:\WINDOWS\SYSTEM32\WSOCK32.dll
0x00007ff9e6c80000 - 0x00007ff9e6ca3000 	C:\WINDOWS\SYSTEM32\WINMM.dll
0x00007ff9e4320000 - 0x00007ff9e432a000 	C:\WINDOWS\SYSTEM32\VERSION.dll
0x00007ff9ea560000 - 0x00007ff9ea5ca000 	C:\WINDOWS\System32\WS2_32.dll
0x00007ff9e6c30000 - 0x00007ff9e6c5b000 	C:\WINDOWS\SYSTEM32\WINMMBASE.dll
0x00007ff9e9010000 - 0x00007ff9e9052000 	C:\WINDOWS\System32\cfgmgr32.dll
0x0000000059390000 - 0x000000005939f000 	C:\Program Files\Java\jdk1.8.0_101\jre\bin\verify.dll
0x0000000059360000 - 0x0000000059389000 	C:\Program Files\Java\jdk1.8.0_101\jre\bin\java.dll
0x0000000058020000 - 0x0000000058036000 	C:\Program Files\Java\jdk1.8.0_101\jre\bin\zip.dll
0x00007ff9eb0c0000 - 0x00007ff9ec5c8000 	C:\WINDOWS\System32\SHELL32.dll
0x00007ff9e9610000 - 0x00007ff9e9cea000 	C:\WINDOWS\System32\windows.storage.dll
0x00007ff9e8c10000 - 0x00007ff9e8c5c000 	C:\WINDOWS\System32\powrprof.dll
0x00007ff9ea940000 - 0x00007ff9ea992000 	C:\WINDOWS\System32\shlwapi.dll
0x00007ff9e8c60000 - 0x00007ff9e8c6f000 	C:\WINDOWS\System32\kernel.appcore.dll
0x00007ff9e9110000 - 0x00007ff9e91b9000 	C:\WINDOWS\System32\shcore.dll
0x00007ff9e8bf0000 - 0x00007ff9e8c04000 	C:\WINDOWS\System32\profapi.dll

VM Arguments:
jvm_args: -Djava.awt.headless=true -Xmx1024M -Dfile.encoding=windows-1252 -Duser.country=MX -Duser.language=es -Duser.variant 
java_command: com.android.dx.command.Main --dex --force-jumbo --num-threads=4 --multi-dex --output O:\Android\VentaenRuta2016\app\build\intermediates\transforms\dex\debug\folders\1000\2\snmp6_1_e3fc97a1e1a9396b913ea6fc5c98593e3eab2d7e O:\Android\VentaenRuta2016\app\libs\snmp6_1.jar
java_class_path (initial): C:\Users\mario\AppData\Local\Android\sdk\build-tools\24.0.2\lib\dx.jar
Launcher Type: SUN_STANDARD

Environment Variables:
PATH=C:\ProgramData\Oracle\Java\javapath;C:\Program Files (x86)\Intel\iCLS Client\;C:\Program Files\Intel\iCLS Client\;C:\Windows\system32;C:\Windows;C:\Windows\System32\Wbem;C:\Windows\System32\WindowsPowerShell\v1.0\;C:\Program Files (x86)\NVIDIA Corporation\PhysX\Common;C:\Program Files (x86)\Intel\Intel(R) Management Engine Components\DAL;C:\Program Files\Intel\Intel(R) Management Engine Components\DAL;C:\Program Files (x86)\Intel\Intel(R) Management Engine Components\IPT;C:\Program Files\Intel\Intel(R) Management Engine Components\IPT;C:\WINDOWS\system32;C:\WINDOWS;C:\WINDOWS\System32\Wbem;C:\WINDOWS\System32\WindowsPowerShell\v1.0\;C:\WINDOWS\system32\config\systemprofile\.dnx\bin;C:\Program Files\Microsoft DNX\Dnvm\;C:\Program Files (x86)\Windows Kits\10\Windows Performance Toolkit\;C:\Program Files\Git\cmd;C:\Program Files\Microsoft SQL Server\130\Tools\Binn\;C:\Program Files\Microsoft\Web Platform Installer\;C:\Program Files (x86)\nodejs\;C:\Users\mario\AppData\Roaming\npm;%USERPROFILE%\AppData\Local\Microsoft\WindowsApps;
USERNAME=mario
OS=Windows_NT
PROCESSOR_IDENTIFIER=Intel64 Family 6 Model 94 Stepping 3, GenuineIntel



---------------  S Y S T E M  ---------------

OS: Windows 10.0 , 64 bit Build 14393 (10.0.14393.0)

CPU:total 4 (4 cores per cpu, 1 threads per core) family 6 model 94 stepping 3, cmov, cx8, fxsr, mmx, sse, sse2, sse3, ssse3, sse4.1, sse4.2, popcnt, avx, avx2, aes, clmul, erms, rtm, 3dnowpref, lzcnt, tsc, tscinvbit, bmi1, bmi2, adx

Memory: 4k page, physical 8245152k(1201128k free), swap 8245152k(5120k free)

vm_info: Java HotSpot(TM) 64-Bit Server VM (25.101-b13) for windows-amd64 JRE (1.8.0_101-b13), built on Jun 22 2016 01:21:29 by "java_re" with MS VC++ 10.0 (VS2010)

time: Wed Oct 26 02:01:45 2016
elapsed time: 2 seconds (0d 0h 0m 2s)

