#
# There is insufficient memory for the Java Runtime Environment to continue.
# Native memory allocation (malloc) failed to allocate 32744 bytes for ChunkPool::allocate
# Possible reasons:
#   The system is out of physical RAM or swap space
#   In 32 bit mode, the process size limit was hit
# Possible solutions:
#   Reduce memory load on the system
#   Increase physical memory or swap space
#   Check if swap backing store is full
#   Use 64 bit Java on a 64 bit OS
#   Decrease Java heap size (-Xmx/-Xms)
#   Decrease number of Java threads
#   Decrease Java thread stack sizes (-Xss)
#   Set larger code cache with -XX:ReservedCodeCacheSize=
# This output file may be truncated or incomplete.
#
#  Out of Memory Error (allocation.cpp:273), pid=2268, tid=0x00000000000019d0
#
# JRE version: Java(TM) SE Runtime Environment (8.0_101-b13) (build 1.8.0_101-b13)
# Java VM: Java HotSpot(TM) 64-Bit Server VM (25.101-b13 mixed mode windows-amd64 compressed oops)
# Failed to write core dump. Minidumps are not enabled by default on client versions of Windows
#

---------------  T H R E A D  ---------------

Current thread (0x0000000015299000):  JavaThread "C2 CompilerThread0" daemon [_thread_in_native, id=6608, stack(0x0000000016920000,0x0000000016a20000)]

Stack: [0x0000000016920000,0x0000000016a20000]
[error occurred during error reporting (printing stack bounds), id 0xc0000005]

Native frames: (J=compiled Java code, j=interpreted, Vv=VM code, C=native code)


Current CompileTask:
C2:   2650 1255   !   4       com.android.dx.cf.code.RopperMachine::run (1550 bytes)


---------------  P R O C E S S  ---------------

Java Threads: ( => current thread )
  0x0000000016e23000 JavaThread "pool-2-thread-4" [_thread_in_Java, id=8704, stack(0x0000000017620000,0x0000000017720000)]
  0x0000000016e18000 JavaThread "pool-2-thread-3" [_thread_blocked, id=10128, stack(0x0000000017520000,0x0000000017620000)]
  0x0000000016e39800 JavaThread "pool-2-thread-2" [_thread_in_Java, id=6060, stack(0x0000000017420000,0x0000000017520000)]
  0x0000000016e90800 JavaThread "pool-3-thread-1" [_thread_blocked, id=3384, stack(0x0000000017320000,0x0000000017420000)]
  0x0000000016e65800 JavaThread "pool-2-thread-1" [_thread_blocked, id=9112, stack(0x0000000017220000,0x0000000017320000)]
  0x0000000016b28000 JavaThread "Service Thread" daemon [_thread_blocked, id=5464, stack(0x0000000017020000,0x0000000017120000)]
  0x00000000152ec800 JavaThread "C1 CompilerThread2" daemon [_thread_in_native, id=7592, stack(0x0000000016f20000,0x0000000017020000)]
  0x0000000015294800 JavaThread "C2 CompilerThread1" daemon [_thread_in_native, id=5912, stack(0x0000000016a20000,0x0000000016b20000)]
=>0x0000000015299000 JavaThread "C2 CompilerThread0" daemon [_thread_in_native, id=6608, stack(0x0000000016920000,0x0000000016a20000)]
  0x0000000015297000 JavaThread "Attach Listener" daemon [_thread_blocked, id=788, stack(0x0000000016820000,0x0000000016920000)]
  0x0000000015295800 JavaThread "Signal Dispatcher" daemon [_thread_blocked, id=7320, stack(0x0000000016720000,0x0000000016820000)]
  0x000000001527a800 JavaThread "Finalizer" daemon [_thread_blocked, id=8544, stack(0x0000000016510000,0x0000000016610000)]
  0x0000000002bb0000 JavaThread "Reference Handler" daemon [_thread_blocked, id=10732, stack(0x0000000016410000,0x0000000016510000)]
  0x000000000119d800 JavaThread "main" [_thread_in_Java, id=8096, stack(0x00000000029c0000,0x0000000002ac0000)]

Other Threads:
  0x0000000015258000 VMThread [stack: 0x0000000016310000,0x0000000016410000] [id=3600]
  0x0000000016b45000 WatcherThread [stack: 0x0000000017120000,0x0000000017220000] [id=5052]

VM state:not at safepoint (normal execution)

VM Mutex/Monitor currently owned by a thread: None

Heap:
 PSYoungGen      total 37888K, used 23492K [0x00000000eab00000, 0x00000000ed500000, 0x0000000100000000)
  eden space 32768K, 56% used [0x00000000eab00000,0x00000000ebcf6400,0x00000000ecb00000)
  from space 5120K, 99% used [0x00000000ecb00000,0x00000000ecffac30,0x00000000ed000000)
  to   space 5120K, 0% used [0x00000000ed000000,0x00000000ed000000,0x00000000ed500000)
 ParOldGen       total 86016K, used 712K [0x00000000c0000000, 0x00000000c5400000, 0x00000000eab00000)
  object space 86016K, 0% used [0x00000000c0000000,0x00000000c00b2240,0x00000000c5400000)
 Metaspace       used 6050K, capacity 6960K, committed 7040K, reserved 1056768K
  class space    used 598K, capacity 616K, committed 640K, reserved 1048576K

Card table byte_map: [0x0000000011f80000,0x0000000012190000] byte_map_base: 0x0000000011980000

Marking Bits: (ParMarkBitMap*) 0x0000000066d5a6d0
 Begin Bits: [0x00000000126f0000, 0x00000000136f0000)
 End Bits:   [0x00000000136f0000, 0x00000000146f0000)

Polling page: 0x0000000001180000

CodeCache: size=245760Kb used=4952Kb max_used=4952Kb free=240807Kb
 bounds [0x0000000002bc0000, 0x00000000030a0000, 0x0000000011bc0000]
 total_blobs=1525 nmethods=1256 adapters=182
 compilation: enabled

Compilation events (10 events):
Event: 2.646 Thread 0x00000000152ec800 nmethod 1253 0x000000000308df50 code [0x000000000308e100, 0x000000000308e7b8]
Event: 2.646 Thread 0x00000000152ec800 1262       3       com.android.dx.rop.cst.TypedConstant::getBasicFrameType (8 bytes)
Event: 2.646 Thread 0x00000000152ec800 nmethod 1262 0x0000000003084450 code [0x00000000030845c0, 0x0000000003084898]
Event: 2.646 Thread 0x00000000152ec800 1254       3       com.android.dx.dex.file.ClassDataItem::addVirtualMethod (24 bytes)
Event: 2.646 Thread 0x00000000152ec800 nmethod 1254 0x000000000308d350 code [0x000000000308d520, 0x000000000308dbb8]
Event: 2.647 Thread 0x00000000152ec800 1263       3       com.android.dx.ssa.back.SsaToRop::verifyValidExitPredecessor (53 bytes)
Event: 2.647 Thread 0x00000000152ec800 nmethod 1263 0x0000000003093490 code [0x0000000003093680, 0x0000000003093e98]
Event: 2.647 Thread 0x00000000152ec800 1266       3       com.android.dx.ssa.back.SsaToRop::removePhiFunctions (83 bytes)
Event: 2.648 Thread 0x00000000152ec800 nmethod 1266 0x00000000030983d0 code [0x00000000030986a0, 0x00000000030999c8]
Event: 2.648 Thread 0x00000000152ec800 1265       3       com.android.dx.ssa.SsaMethod::makeExitBlock (134 bytes)

GC Heap History (2 events):
Event: 2.177 GC heap before
{Heap before GC invocations=1 (full 0):
 PSYoungGen      total 37888K, used 32768K [0x00000000eab00000, 0x00000000ed500000, 0x0000000100000000)
  eden space 32768K, 100% used [0x00000000eab00000,0x00000000ecb00000,0x00000000ecb00000)
  from space 5120K, 0% used [0x00000000ed000000,0x00000000ed000000,0x00000000ed500000)
  to   space 5120K, 0% used [0x00000000ecb00000,0x00000000ecb00000,0x00000000ed000000)
 ParOldGen       total 86016K, used 0K [0x00000000c0000000, 0x00000000c5400000, 0x00000000eab00000)
  object space 86016K, 0% used [0x00000000c0000000,0x00000000c0000000,0x00000000c5400000)
 Metaspace       used 5871K, capacity 6768K, committed 7040K, reserved 1056768K
  class space    used 598K, capacity 616K, committed 640K, reserved 1048576K
Event: 2.183 GC heap after
Heap after GC invocations=1 (full 0):
 PSYoungGen      total 37888K, used 5099K [0x00000000eab00000, 0x00000000ed500000, 0x0000000100000000)
  eden space 32768K, 0% used [0x00000000eab00000,0x00000000eab00000,0x00000000ecb00000)
  from space 5120K, 99% used [0x00000000ecb00000,0x00000000ecffac30,0x00000000ed000000)
  to   space 5120K, 0% used [0x00000000ed000000,0x00000000ed000000,0x00000000ed500000)
 ParOldGen       total 86016K, used 712K [0x00000000c0000000, 0x00000000c5400000, 0x00000000eab00000)
  object space 86016K, 0% used [0x00000000c0000000,0x00000000c00b2240,0x00000000c5400000)
 Metaspace       used 5871K, capacity 6768K, committed 7040K, reserved 1056768K
  class space    used 598K, capacity 616K, committed 640K, reserved 1048576K
}

Deoptimization events (4 events):
Event: 1.879 Thread 0x000000000119d800 Uncommon trap: reason=unstable_if action=reinterpret pc=0x0000000002dbe75c method=java.util.HashMap.getNode(ILjava/lang/Object;)Ljava/util/HashMap$Node; @ 129
Event: 1.879 Thread 0x000000000119d800 Uncommon trap: reason=unstable_if action=reinterpret pc=0x0000000002dccf34 method=java.util.BitSet.ensureCapacity(I)V @ 6
Event: 1.879 Thread 0x000000000119d800 Uncommon trap: reason=unstable_if action=reinterpret pc=0x0000000002dbed70 method=java.util.BitSet.nextSetBit(I)I @ 87
Event: 2.274 Thread 0x0000000016e18000 Uncommon trap: reason=unstable_if action=reinterpret pc=0x0000000002ed125c method=com.android.dx.rop.cst.Constant.compareTo(Lcom/android/dx/rop/cst/Constant;)I @ 12

Internal exceptions (2 events):
Event: 0.024 Thread 0x000000000119d800 Exception <a 'java/lang/NoSuchMethodError': Method sun.misc.Unsafe.defineClass(Ljava/lang/String;[BII)Ljava/lang/Class; name or signature does not match> (0x00000000eab07cc0) thrown at [C:\re\workspace\8-2-build-windows-amd64-cygwin\jdk8u101\7261\hotspot\sîãÅ”ó˜?
Event: 0.024 Thread 0x000000000119d800 Exception <a 'java/lang/NoSuchMethodError': Method sun.misc.Unsafe.prefetchRead(Ljava/lang/Object;J)V name or signature does not match> (0x00000000eab07fa8) thrown at [C:\re\workspace\8-2-build-windows-amd64-cygwin\jdk8u101\7261\hotspot\src\share\vm\prims\

Events (10 events):
Event: 2.317 Thread 0x0000000016e23000 DEOPT PACKING pc=0x0000000002df2022 sp=0x000000001771e930
Event: 2.317 Thread 0x0000000016e23000 DEOPT UNPACKING pc=0x0000000002c0787f sp=0x000000001771e698 mode 0
Event: 2.317 Thread 0x0000000016e23000 DEOPT PACKING pc=0x0000000002df2022 sp=0x000000001771e930
Event: 2.317 Thread 0x0000000016e23000 DEOPT UNPACKING pc=0x0000000002c0787f sp=0x000000001771e698 mode 0
Event: 2.338 Thread 0x0000000016e65800 DEOPT PACKING pc=0x0000000002df2022 sp=0x000000001731ea50
Event: 2.338 Thread 0x0000000016e65800 DEOPT UNPACKING pc=0x0000000002c0787f sp=0x000000001731e7b8 mode 0
Event: 2.346 Thread 0x0000000016e39800 DEOPT PACKING pc=0x0000000002df2022 sp=0x000000001751e450
Event: 2.346 Thread 0x0000000016e39800 DEOPT UNPACKING pc=0x0000000002c0787f sp=0x000000001751e1b8 mode 0
Event: 2.644 Thread 0x000000000119d800 DEOPT PACKING pc=0x0000000002fcc6a8 sp=0x0000000002abe2a0
Event: 2.644 Thread 0x000000000119d800 DEOPT UNPACKING pc=0x0000000002c0787f sp=0x0000000002abe008 mode 0


Dynamic libraries:
0x00007ff7e9c10000 - 0x00007ff7e9c47000 	C:\Program Files\Java\jdk1.8.0_101\bin\java.exe
0x00007ff9c4de0000 - 0x00007ff9c4fb1000 	C:\WINDOWS\SYSTEM32\ntdll.dll
0x00007ff9c2440000 - 0x00007ff9c24eb000 	C:\WINDOWS\System32\KERNEL32.DLL
0x00007ff9c2150000 - 0x00007ff9c236d000 	C:\WINDOWS\System32\KERNELBASE.dll
0x00007ff9c2b50000 - 0x00007ff9c2bf2000 	C:\WINDOWS\System32\ADVAPI32.dll
0x00007ff9c23a0000 - 0x00007ff9c243e000 	C:\WINDOWS\System32\msvcrt.dll
0x00007ff9c3490000 - 0x00007ff9c34e9000 	C:\WINDOWS\System32\sechost.dll
0x00007ff9c2c00000 - 0x00007ff9c2d21000 	C:\WINDOWS\System32\RPCRT4.dll
0x00007ff9c2e10000 - 0x00007ff9c2f75000 	C:\WINDOWS\System32\USER32.dll
0x00007ff9c2090000 - 0x00007ff9c20ae000 	C:\WINDOWS\System32\win32u.dll
0x00007ff9c2f80000 - 0x00007ff9c2fb4000 	C:\WINDOWS\System32\GDI32.dll
0x00007ff9c1bb0000 - 0x00007ff9c1d32000 	C:\WINDOWS\System32\gdi32full.dll
0x00007ff9b7e40000 - 0x00007ff9b80b9000 	C:\WINDOWS\WinSxS\amd64_microsoft.windows.common-controls_6595b64144ccf1df_6.0.14393.0_none_2d0f50fcbdb171b8\COMCTL32.dll
0x00007ff9c2880000 - 0x00007ff9c2b47000 	C:\WINDOWS\System32\combase.dll
0x00007ff9c1ab0000 - 0x00007ff9c1ba5000 	C:\WINDOWS\System32\ucrtbase.dll
0x00007ff9c1fc0000 - 0x00007ff9c202a000 	C:\WINDOWS\System32\bcryptPrimitives.dll
0x00007ff9c2370000 - 0x00007ff9c239e000 	C:\WINDOWS\System32\IMM32.DLL
0x00000000641c0000 - 0x0000000064292000 	C:\Program Files\Java\jdk1.8.0_101\jre\bin\msvcr100.dll
0x0000000066540000 - 0x0000000066dda000 	C:\Program Files\Java\jdk1.8.0_101\jre\bin\server\jvm.dll
0x00007ff9c3500000 - 0x00007ff9c3508000 	C:\WINDOWS\System32\PSAPI.DLL
0x00007ff9b5010000 - 0x00007ff9b5019000 	C:\WINDOWS\SYSTEM32\WSOCK32.dll
0x00007ff9bec60000 - 0x00007ff9bec83000 	C:\WINDOWS\SYSTEM32\WINMM.dll
0x00007ff9c3510000 - 0x00007ff9c357a000 	C:\WINDOWS\System32\WS2_32.dll
0x00007ff9bb4f0000 - 0x00007ff9bb4fa000 	C:\WINDOWS\SYSTEM32\VERSION.dll
0x00000000011a0000 - 0x00000000011cb000 	C:\WINDOWS\SYSTEM32\WINMMBASE.dll
0x00007ff9c1380000 - 0x00007ff9c13c2000 	C:\WINDOWS\System32\cfgmgr32.dll
0x0000000066530000 - 0x000000006653f000 	C:\Program Files\Java\jdk1.8.0_101\jre\bin\verify.dll
0x0000000066500000 - 0x0000000066529000 	C:\Program Files\Java\jdk1.8.0_101\jre\bin\java.dll
0x00000000664e0000 - 0x00000000664f6000 	C:\Program Files\Java\jdk1.8.0_101\jre\bin\zip.dll
0x00007ff9c38d0000 - 0x00007ff9c4dd8000 	C:\WINDOWS\System32\SHELL32.dll
0x00007ff9c13d0000 - 0x00007ff9c1aaa000 	C:\WINDOWS\System32\windows.storage.dll
0x00007ff9c1270000 - 0x00007ff9c12bc000 	C:\WINDOWS\System32\powrprof.dll
0x00007ff9c25c0000 - 0x00007ff9c2612000 	C:\WINDOWS\System32\shlwapi.dll
0x00007ff9c12c0000 - 0x00007ff9c12cf000 	C:\WINDOWS\System32\kernel.appcore.dll
0x00007ff9c1f10000 - 0x00007ff9c1fb9000 	C:\WINDOWS\System32\shcore.dll
0x00007ff9c1240000 - 0x00007ff9c1254000 	C:\WINDOWS\System32\profapi.dll

VM Arguments:
jvm_args: -Djava.awt.headless=true -Xmx1024M -Dfile.encoding=windows-1252 -Duser.country=MX -Duser.language=es -Duser.variant 
java_command: com.android.dx.command.Main --dex --force-jumbo --num-threads=4 --multi-dex --output O:\Android\VentaenRuta2016\app\build\intermediates\transforms\dex\debug\folders\1000\10\support-v4-19.1.0_db97dcaea88e3b160b088095b51847c51f01755d C:\Users\mario\AppData\Local\Android\sdk\extras\android\m2repository\com\android\support\support-v4\19.1.0\support-v4-19.1.0.jar
java_class_path (initial): C:\Users\mario\AppData\Local\Android\sdk\build-tools\24.0.2\lib\dx.jar
Launcher Type: SUN_STANDARD

Environment Variables:
PATH=C:\ProgramData\Oracle\Java\javapath;C:\Program Files (x86)\Intel\iCLS Client\;C:\Program Files\Intel\iCLS Client\;C:\Windows\system32;C:\Windows;C:\Windows\System32\Wbem;C:\Windows\System32\WindowsPowerShell\v1.0\;C:\Program Files (x86)\NVIDIA Corporation\PhysX\Common;C:\Program Files (x86)\Intel\Intel(R) Management Engine Components\DAL;C:\Program Files\Intel\Intel(R) Management Engine Components\DAL;C:\Program Files (x86)\Intel\Intel(R) Management Engine Components\IPT;C:\Program Files\Intel\Intel(R) Management Engine Components\IPT;C:\WINDOWS\system32;C:\WINDOWS;C:\WINDOWS\System32\Wbem;C:\WINDOWS\System32\WindowsPowerShell\v1.0\;C:\WINDOWS\system32\config\systemprofile\.dnx\bin;C:\Program Files\Microsoft DNX\Dnvm\;C:\Program Files (x86)\Windows Kits\10\Windows Performance Toolkit\;C:\Program Files\Git\cmd;C:\Program Files\Microsoft SQL Server\130\Tools\Binn\;C:\Program Files\Microsoft\Web Platform Installer\;C:\Program Files (x86)\nodejs\;C:\Users\mario\AppData\Roaming\npm;%USERPROFILE%\AppData\Local\Microsoft\WindowsApps;
USERNAME=mario
OS=Windows_NT
PROCESSOR_IDENTIFIER=Intel64 Family 6 Model 94 Stepping 3, GenuineIntel



---------------  S Y S T E M  ---------------

OS: Windows 10.0 , 64 bit Build 14393 (10.0.14393.0)

CPU:total 4 (4 cores per cpu, 1 threads per core) family 6 model 94 stepping 3, cmov, cx8, fxsr, mmx, sse, sse2, sse3, ssse3, sse4.1, sse4.2, popcnt, avx, avx2, aes, clmul, erms, rtm, 3dnowpref, lzcnt, tsc, tscinvbit, bmi1, bmi2, adx

Memory: 4k page, physical 8245152k(1088112k free), swap 8245152k(4092k free)

vm_info: Java HotSpot(TM) 64-Bit Server VM (25.101-b13) for windows-amd64 JRE (1.8.0_101-b13), built on Jun 22 2016 01:21:29 by "java_re" with MS VC++ 10.0 (VS2010)

time: Sat Oct 22 11:15:10 2016
elapsed time: 2 seconds (0d 0h 0m 2s)

