#
# There is insufficient memory for the Java Runtime Environment to continue.
# Native memory allocation (malloc) failed to allocate 275696 bytes for Chunk::new
# Possible reasons:
#   The system is out of physical RAM or swap space
#   In 32 bit mode, the process size limit was hit
# Possible solutions:
#   Reduce memory load on the system
#   Increase physical memory or swap space
#   Check if swap backing store is full
#   Use 64 bit Java on a 64 bit OS
#   Decrease Java heap size (-Xmx/-Xms)
#   Decrease number of Java threads
#   Decrease Java thread stack sizes (-Xss)
#   Set larger code cache with -XX:ReservedCodeCacheSize=
# This output file may be truncated or incomplete.
#
#  Out of Memory Error (allocation.cpp:390), pid=10952, tid=0x00000000000029c8
#
# JRE version: Java(TM) SE Runtime Environment (8.0_101-b13) (build 1.8.0_101-b13)
# Java VM: Java HotSpot(TM) 64-Bit Server VM (25.101-b13 mixed mode windows-amd64 compressed oops)
# Failed to write core dump. Minidumps are not enabled by default on client versions of Windows
#

---------------  T H R E A D  ---------------

Current thread (0x000000001587d800):  JavaThread "C2 CompilerThread0" daemon [_thread_in_native, id=10696, stack(0x0000000016ef0000,0x0000000016ff0000)]

Stack: [0x0000000016ef0000,0x0000000016ff0000]
[error occurred during error reporting (printing stack bounds), id 0xc0000005]

Native frames: (J=compiled Java code, j=interpreted, Vv=VM code, C=native code)


Current CompileTask:
C2:   3179 1667       4       com.android.dx.ssa.Dominators::compress (229 bytes)


---------------  P R O C E S S  ---------------

Java Threads: ( => current thread )
  0x0000000017433800 JavaThread "pool-2-thread-4" [_thread_in_Java, id=10684, stack(0x00000000183f0000,0x00000000184f0000)]
  0x0000000017481800 JavaThread "pool-2-thread-3" [_thread_in_Java, id=7388, stack(0x00000000182f0000,0x00000000183f0000)]
  0x0000000017481000 JavaThread "pool-2-thread-2" [_thread_in_Java, id=3768, stack(0x00000000181f0000,0x00000000182f0000)]
  0x000000001735d000 JavaThread "pool-3-thread-1" [_thread_blocked, id=10596, stack(0x00000000180f0000,0x00000000181f0000)]
  0x000000001735a800 JavaThread "pool-2-thread-1" [_thread_in_Java, id=7284, stack(0x0000000017ff0000,0x00000000180f0000)]
  0x00000000170fe800 JavaThread "Service Thread" daemon [_thread_blocked, id=6140, stack(0x00000000175f0000,0x00000000176f0000)]
  0x00000000158dd000 JavaThread "C1 CompilerThread2" daemon [_thread_in_native, id=3540, stack(0x00000000174f0000,0x00000000175f0000)]
  0x0000000015880800 JavaThread "C2 CompilerThread1" daemon [_thread_in_native, id=7048, stack(0x0000000016ff0000,0x00000000170f0000)]
=>0x000000001587d800 JavaThread "C2 CompilerThread0" daemon [_thread_in_native, id=10696, stack(0x0000000016ef0000,0x0000000016ff0000)]
  0x000000001587b800 JavaThread "Attach Listener" daemon [_thread_blocked, id=5172, stack(0x0000000016df0000,0x0000000016ef0000)]
  0x000000001587a800 JavaThread "Signal Dispatcher" daemon [_thread_blocked, id=3384, stack(0x0000000016cf0000,0x0000000016df0000)]
  0x00000000031ab000 JavaThread "Finalizer" daemon [_thread_blocked, id=8364, stack(0x0000000016ae0000,0x0000000016be0000)]
  0x00000000031a0000 JavaThread "Reference Handler" daemon [_thread_blocked, id=5840, stack(0x00000000169e0000,0x0000000016ae0000)]
  0x000000000309d800 JavaThread "main" [_thread_in_Java, id=10428, stack(0x0000000002ec0000,0x0000000002fc0000)]

Other Threads:
  0x0000000015848000 VMThread [stack: 0x00000000168e0000,0x00000000169e0000] [id=1240]
  0x0000000017113000 WatcherThread [stack: 0x00000000176f0000,0x00000000177f0000] [id=568]

VM state:not at safepoint (normal execution)

VM Mutex/Monitor currently owned by a thread: None

Heap:
 PSYoungGen      total 37888K, used 26689K [0x00000000eab00000, 0x00000000ef500000, 0x0000000100000000)
  eden space 32768K, 65% used [0x00000000eab00000,0x00000000ec016150,0x00000000ecb00000)
  from space 5120K, 99% used [0x00000000ed000000,0x00000000ed4fa2c8,0x00000000ed500000)
  to   space 5120K, 0% used [0x00000000ecb00000,0x00000000ecb00000,0x00000000ed000000)
 ParOldGen       total 86016K, used 13718K [0x00000000c0000000, 0x00000000c5400000, 0x00000000eab00000)
  object space 86016K, 15% used [0x00000000c0000000,0x00000000c0d658a8,0x00000000c5400000)
 Metaspace       used 6261K, capacity 7090K, committed 7296K, reserved 1056768K
  class space    used 601K, capacity 618K, committed 640K, reserved 1048576K

Card table byte_map: [0x0000000012570000,0x0000000012780000] byte_map_base: 0x0000000011f70000

Marking Bits: (ParMarkBitMap*) 0x000000005885a6d0
 Begin Bits: [0x0000000012ce0000, 0x0000000013ce0000)
 End Bits:   [0x0000000013ce0000, 0x0000000014ce0000)

Polling page: 0x00000000018d0000

CodeCache: size=245760Kb used=6783Kb max_used=6783Kb free=238976Kb
 bounds [0x00000000031b0000, 0x0000000003860000, 0x00000000121b0000]
 total_blobs=2012 nmethods=1743 adapters=182
 compilation: enabled

Compilation events (10 events):
Event: 3.100 Thread 0x00000000158dd000 nmethod 1666 0x00000000037e8790 code [0x00000000037e8900, 0x00000000037e8b58]
Event: 3.100 Thread 0x00000000158dd000 1668   !   2       com.android.dx.cf.cst.ConstantPoolParser::determineOffsets (285 bytes)
Event: 3.101 Thread 0x00000000158dd000 nmethod 1668 0x00000000037ebd50 code [0x00000000037ec020, 0x00000000037ecc58]
Event: 3.101 Thread 0x000000001587d800 nmethod 1603 0x00000000037edb10 code [0x00000000037edcc0, 0x00000000037ee160]
Event: 3.101 Thread 0x000000001587d800 1667       4       com.android.dx.ssa.Dominators::compress (229 bytes)
Event: 3.101 Thread 0x00000000158dd000 1669       2       com.android.dx.cf.cst.ConstantPoolParser::parse (365 bytes)
Event: 3.103 Thread 0x00000000158dd000 nmethod 1669 0x00000000037e8f50 code [0x00000000037e9320, 0x00000000037ea6e8]
Event: 3.103 Thread 0x00000000158dd000 1670       2       com.android.dx.rop.code.LocalVariableInfo::<init> (82 bytes)
Event: 3.103 Thread 0x00000000158dd000 nmethod 1670 0x00000000037ee9d0 code [0x00000000037eeba0, 0x00000000037ef148]
Event: 3.105 Thread 0x00000000158dd000 1672       2       com.android.dx.dex.cf.CfTranslator::translate0 (259 bytes)

GC Heap History (6 events):
Event: 1.294 GC heap before
{Heap before GC invocations=1 (full 0):
 PSYoungGen      total 37888K, used 32768K [0x00000000eab00000, 0x00000000ed500000, 0x0000000100000000)
  eden space 32768K, 100% used [0x00000000eab00000,0x00000000ecb00000,0x00000000ecb00000)
  from space 5120K, 0% used [0x00000000ed000000,0x00000000ed000000,0x00000000ed500000)
  to   space 5120K, 0% used [0x00000000ecb00000,0x00000000ecb00000,0x00000000ed000000)
 ParOldGen       total 86016K, used 0K [0x00000000c0000000, 0x00000000c5400000, 0x00000000eab00000)
  object space 86016K, 0% used [0x00000000c0000000,0x00000000c0000000,0x00000000c5400000)
 Metaspace       used 5892K, capacity 6832K, committed 7040K, reserved 1056768K
  class space    used 599K, capacity 616K, committed 640K, reserved 1048576K
Event: 1.300 GC heap after
Heap after GC invocations=1 (full 0):
 PSYoungGen      total 37888K, used 5097K [0x00000000eab00000, 0x00000000ed500000, 0x0000000100000000)
  eden space 32768K, 0% used [0x00000000eab00000,0x00000000eab00000,0x00000000ecb00000)
  from space 5120K, 99% used [0x00000000ecb00000,0x00000000ecffa718,0x00000000ed000000)
  to   space 5120K, 0% used [0x00000000ed000000,0x00000000ed000000,0x00000000ed500000)
 ParOldGen       total 86016K, used 866K [0x00000000c0000000, 0x00000000c5400000, 0x00000000eab00000)
  object space 86016K, 1% used [0x00000000c0000000,0x00000000c00d8bd8,0x00000000c5400000)
 Metaspace       used 5892K, capacity 6832K, committed 7040K, reserved 1056768K
  class space    used 599K, capacity 616K, committed 640K, reserved 1048576K
}
Event: 1.995 GC heap before
{Heap before GC invocations=2 (full 0):
 PSYoungGen      total 37888K, used 37865K [0x00000000eab00000, 0x00000000ed500000, 0x0000000100000000)
  eden space 32768K, 100% used [0x00000000eab00000,0x00000000ecb00000,0x00000000ecb00000)
  from space 5120K, 99% used [0x00000000ecb00000,0x00000000ecffa718,0x00000000ed000000)
  to   space 5120K, 0% used [0x00000000ed000000,0x00000000ed000000,0x00000000ed500000)
 ParOldGen       total 86016K, used 866K [0x00000000c0000000, 0x00000000c5400000, 0x00000000eab00000)
  object space 86016K, 1% used [0x00000000c0000000,0x00000000c00d8bd8,0x00000000c5400000)
 Metaspace       used 6055K, capacity 6962K, committed 7040K, reserved 1056768K
  class space    used 600K, capacity 618K, committed 640K, reserved 1048576K
Event: 2.170 GC heap after
Heap after GC invocations=2 (full 0):
 PSYoungGen      total 37888K, used 5105K [0x00000000eab00000, 0x00000000ed500000, 0x0000000100000000)
  eden space 32768K, 0% used [0x00000000eab00000,0x00000000eab00000,0x00000000ecb00000)
  from space 5120K, 99% used [0x00000000ed000000,0x00000000ed4fc5b0,0x00000000ed500000)
  to   space 5120K, 0% used [0x00000000ecb00000,0x00000000ecb00000,0x00000000ed000000)
 ParOldGen       total 86016K, used 3832K [0x00000000c0000000, 0x00000000c5400000, 0x00000000eab00000)
  object space 86016K, 4% used [0x00000000c0000000,0x00000000c03be230,0x00000000c5400000)
 Metaspace       used 6055K, capacity 6962K, committed 7040K, reserved 1056768K
  class space    used 600K, capacity 618K, committed 640K, reserved 1048576K
}
Event: 2.800 GC heap before
{Heap before GC invocations=3 (full 0):
 PSYoungGen      total 37888K, used 37873K [0x00000000eab00000, 0x00000000ed500000, 0x0000000100000000)
  eden space 32768K, 100% used [0x00000000eab00000,0x00000000ecb00000,0x00000000ecb00000)
  from space 5120K, 99% used [0x00000000ed000000,0x00000000ed4fc5b0,0x00000000ed500000)
  to   space 5120K, 0% used [0x00000000ecb00000,0x00000000ecb00000,0x00000000ed000000)
 ParOldGen       total 86016K, used 3832K [0x00000000c0000000, 0x00000000c5400000, 0x00000000eab00000)
  object space 86016K, 4% used [0x00000000c0000000,0x00000000c03be230,0x00000000c5400000)
 Metaspace       used 6156K, capacity 7026K, committed 7296K, reserved 1056768K
  class space    used 601K, capacity 618K, committed 640K, reserved 1048576K
Event: 3.031 GC heap after
Heap after GC invocations=3 (full 0):
 PSYoungGen      total 37888K, used 5118K [0x00000000eab00000, 0x00000000ed500000, 0x0000000100000000)
  eden space 32768K, 0% used [0x00000000eab00000,0x00000000eab00000,0x00000000ecb00000)
  from space 5120K, 99% used [0x00000000ecb00000,0x00000000ecfffa68,0x00000000ed000000)
  to   space 5120K, 0% used [0x00000000ed000000,0x00000000ed000000,0x00000000ed500000)
 ParOldGen       total 86016K, used 8648K [0x00000000c0000000, 0x00000000c5400000, 0x00000000eab00000)
  object space 86016K, 10% used [0x00000000c0000000,0x00000000c0872298,0x00000000c5400000)
 Metaspace       used 6156K, capacity 7026K, committed 7296K, reserved 1056768K
  class space    used 601K, capacity 618K, committed 640K, reserved 1048576K
}

Deoptimization events (10 events):
Event: 2.745 Thread 0x0000000017481800 Uncommon trap: reason=bimorphic action=maybe_recompile pc=0x00000000036005e8 method=java.util.HashMap.getNode(ILjava/lang/Object;)Ljava/util/HashMap$Node; @ 126
Event: 2.745 Thread 0x0000000017481800 Uncommon trap: reason=class_check action=maybe_recompile pc=0x00000000035eac0c method=java.util.HashMap.putVal(ILjava/lang/Object;Ljava/lang/Object;ZZ)Ljava/lang/Object; @ 203
Event: 2.745 Thread 0x0000000017481800 Uncommon trap: reason=bimorphic action=maybe_recompile pc=0x00000000036005e8 method=java.util.HashMap.getNode(ILjava/lang/Object;)Ljava/util/HashMap$Node; @ 126
Event: 2.745 Thread 0x0000000017481800 Uncommon trap: reason=class_check action=maybe_recompile pc=0x00000000035eac0c method=java.util.HashMap.putVal(ILjava/lang/Object;Ljava/lang/Object;ZZ)Ljava/lang/Object; @ 203
Event: 2.745 Thread 0x0000000017481800 Uncommon trap: reason=bimorphic action=maybe_recompile pc=0x000000000342c630 method=java.util.HashMap.getNode(ILjava/lang/Object;)Ljava/util/HashMap$Node; @ 126
Event: 2.745 Thread 0x0000000017481800 Uncommon trap: reason=bimorphic action=maybe_recompile pc=0x000000000342c630 method=java.util.HashMap.getNode(ILjava/lang/Object;)Ljava/util/HashMap$Node; @ 126
Event: 2.745 Thread 0x0000000017481800 Uncommon trap: reason=class_check action=maybe_recompile pc=0x00000000035e6e44 method=java.util.HashMap.putVal(ILjava/lang/Object;Ljava/lang/Object;ZZ)Ljava/lang/Object; @ 203
Event: 2.745 Thread 0x0000000017481800 Uncommon trap: reason=bimorphic action=maybe_recompile pc=0x00000000036005e8 method=java.util.HashMap.getNode(ILjava/lang/Object;)Ljava/util/HashMap$Node; @ 126
Event: 2.769 Thread 0x0000000017481000 Uncommon trap: reason=null_check action=make_not_entrant pc=0x000000000372cedc method=com.android.dx.ssa.SsaRenamer.getLocalForNewReg(I)Lcom/android/dx/rop/code/LocalItem; @ 19
Event: 3.048 Thread 0x0000000017433800 Uncommon trap: reason=unstable_if action=reinterpret pc=0x00000000037ad810 method=com.android.dx.rop.code.LocalVariableInfo.mergeStarts(ILcom/android/dx/rop/code/RegisterSpecSet;)Z @ 31

Internal exceptions (3 events):
Event: 0.025 Thread 0x000000000309d800 Exception <a 'java/lang/NoSuchMethodError': Method sun.misc.Unsafe.defineClass(Ljava/lang/String;[BII)Ljava/lang/Class; name or signature does not match> (0x00000000eab07cc0) thrown at [C:\re\workspace\8-2-build-windows-amd64-cygwin\jdk8u101\7261\hotspot\s¡jÌ-‚™?
Event: 0.025 Thread 0x000000000309d800 Exception <a 'java/lang/NoSuchMethodError': Method sun.misc.Unsafe.prefetchRead(Ljava/lang/Object;J)V name or signature does not match> (0x00000000eab07fa8) thrown at [C:\re\workspace\8-2-build-windows-amd64-cygwin\jdk8u101\7261\hotspot\src\share\vm\prims\&0ÿßÝ&@
Event: 2.769 Thread 0x0000000017481000 Implicit null exception at 0x000000000372a5d2 to 0x000000000372ce91

Events (10 events):
Event: 2.780 Thread 0x0000000017481000 DEOPT UNPACKING pc=0x00000000031f787f sp=0x00000000182ee978 mode 0
Event: 2.784 loading class com/android/dx/cf/attrib/AttExceptions
Event: 2.784 loading class com/android/dx/cf/attrib/AttExceptions done
Event: 2.792 Thread 0x0000000017481800 DEOPT PACKING pc=0x0000000003701ff8 sp=0x00000000183eed00
Event: 2.792 Thread 0x0000000017481800 DEOPT UNPACKING pc=0x00000000031f787f sp=0x00000000183eead8 mode 0
Event: 2.800 Executing VM operation: ParallelGCFailedAllocation
Event: 3.031 Executing VM operation: ParallelGCFailedAllocation done
Event: 3.048 Thread 0x0000000017433800 Uncommon trap: trap_request=0xffffff65 fr.pc=0x00000000037ad810
Event: 3.048 Thread 0x0000000017433800 DEOPT PACKING pc=0x00000000037ad810 sp=0x00000000184eecb0
Event: 3.048 Thread 0x0000000017433800 DEOPT UNPACKING pc=0x00000000031f582a sp=0x00000000184eec10 mode 2


Dynamic libraries:
0x00007ff7fdab0000 - 0x00007ff7fdae7000 	C:\Program Files\Java\jdk1.8.0_101\bin\java.exe
0x00007ff9ec780000 - 0x00007ff9ec951000 	C:\WINDOWS\SYSTEM32\ntdll.dll
0x00007ff9e9d10000 - 0x00007ff9e9dbb000 	C:\WINDOWS\System32\KERNEL32.DLL
0x00007ff9e9220000 - 0x00007ff9e943d000 	C:\WINDOWS\System32\KERNELBASE.dll
0x00007ff9ea360000 - 0x00007ff9ea402000 	C:\WINDOWS\System32\ADVAPI32.dll
0x00007ff9eb020000 - 0x00007ff9eb0be000 	C:\WINDOWS\System32\msvcrt.dll
0x00007ff9ea9a0000 - 0x00007ff9ea9f9000 	C:\WINDOWS\System32\sechost.dll
0x00007ff9ea230000 - 0x00007ff9ea351000 	C:\WINDOWS\System32\RPCRT4.dll
0x00007ff9ec610000 - 0x00007ff9ec775000 	C:\WINDOWS\System32\USER32.dll
0x00007ff9e9cf0000 - 0x00007ff9e9d0e000 	C:\WINDOWS\System32\win32u.dll
0x00007ff9ec5d0000 - 0x00007ff9ec604000 	C:\WINDOWS\System32\GDI32.dll
0x00007ff9e8d80000 - 0x00007ff9e8f02000 	C:\WINDOWS\System32\gdi32full.dll
0x00007ff9e0800000 - 0x00007ff9e0a79000 	C:\WINDOWS\WinSxS\amd64_microsoft.windows.common-controls_6595b64144ccf1df_6.0.14393.0_none_2d0f50fcbdb171b8\COMCTL32.dll
0x00007ff9e9e60000 - 0x00007ff9ea127000 	C:\WINDOWS\System32\combase.dll
0x00007ff9e8f10000 - 0x00007ff9e9005000 	C:\WINDOWS\System32\ucrtbase.dll
0x00007ff9e8d10000 - 0x00007ff9e8d7a000 	C:\WINDOWS\System32\bcryptPrimitives.dll
0x00007ff9eae40000 - 0x00007ff9eae6e000 	C:\WINDOWS\System32\IMM32.DLL
0x0000000057bc0000 - 0x0000000057c92000 	C:\Program Files\Java\jdk1.8.0_101\jre\bin\msvcr100.dll
0x0000000058040000 - 0x00000000588da000 	C:\Program Files\Java\jdk1.8.0_101\jre\bin\server\jvm.dll
0x00007ff9eaa00000 - 0x00007ff9eaa08000 	C:\WINDOWS\System32\PSAPI.DLL
0x00007ff9e4320000 - 0x00007ff9e432a000 	C:\WINDOWS\SYSTEM32\VERSION.dll
0x00007ff9de1d0000 - 0x00007ff9de1d9000 	C:\WINDOWS\SYSTEM32\WSOCK32.dll
0x00007ff9e6c80000 - 0x00007ff9e6ca3000 	C:\WINDOWS\SYSTEM32\WINMM.dll
0x00007ff9ea560000 - 0x00007ff9ea5ca000 	C:\WINDOWS\System32\WS2_32.dll
0x00007ff9e6c30000 - 0x00007ff9e6c5b000 	C:\WINDOWS\SYSTEM32\WINMMBASE.dll
0x00007ff9e9010000 - 0x00007ff9e9052000 	C:\WINDOWS\System32\cfgmgr32.dll
0x0000000059390000 - 0x000000005939f000 	C:\Program Files\Java\jdk1.8.0_101\jre\bin\verify.dll
0x0000000059360000 - 0x0000000059389000 	C:\Program Files\Java\jdk1.8.0_101\jre\bin\java.dll
0x0000000058020000 - 0x0000000058036000 	C:\Program Files\Java\jdk1.8.0_101\jre\bin\zip.dll
0x00007ff9eb0c0000 - 0x00007ff9ec5c8000 	C:\WINDOWS\System32\SHELL32.dll
0x00007ff9e9610000 - 0x00007ff9e9cea000 	C:\WINDOWS\System32\windows.storage.dll
0x00007ff9e8c10000 - 0x00007ff9e8c5c000 	C:\WINDOWS\System32\powrprof.dll
0x00007ff9ea940000 - 0x00007ff9ea992000 	C:\WINDOWS\System32\shlwapi.dll
0x00007ff9e8c60000 - 0x00007ff9e8c6f000 	C:\WINDOWS\System32\kernel.appcore.dll
0x00007ff9e9110000 - 0x00007ff9e91b9000 	C:\WINDOWS\System32\shcore.dll
0x00007ff9e8bf0000 - 0x00007ff9e8c04000 	C:\WINDOWS\System32\profapi.dll

VM Arguments:
jvm_args: -Djava.awt.headless=true -Xmx1024M -Dfile.encoding=windows-1252 -Duser.country=MX -Duser.language=es -Duser.variant 
java_command: com.android.dx.command.Main --dex --force-jumbo --num-threads=4 --multi-dex --output O:\Android\VentaenRuta2016\app\build\intermediates\transforms\dex\debug\folders\1000\10\support-v4-19.1.0_db97dcaea88e3b160b088095b51847c51f01755d C:\Users\mario\AppData\Local\Android\sdk\extras\android\m2repository\com\android\support\support-v4\19.1.0\support-v4-19.1.0.jar
java_class_path (initial): C:\Users\mario\AppData\Local\Android\sdk\build-tools\24.0.2\lib\dx.jar
Launcher Type: SUN_STANDARD

Environment Variables:
PATH=C:\ProgramData\Oracle\Java\javapath;C:\Program Files (x86)\Intel\iCLS Client\;C:\Program Files\Intel\iCLS Client\;C:\Windows\system32;C:\Windows;C:\Windows\System32\Wbem;C:\Windows\System32\WindowsPowerShell\v1.0\;C:\Program Files (x86)\NVIDIA Corporation\PhysX\Common;C:\Program Files (x86)\Intel\Intel(R) Management Engine Components\DAL;C:\Program Files\Intel\Intel(R) Management Engine Components\DAL;C:\Program Files (x86)\Intel\Intel(R) Management Engine Components\IPT;C:\Program Files\Intel\Intel(R) Management Engine Components\IPT;C:\WINDOWS\system32;C:\WINDOWS;C:\WINDOWS\System32\Wbem;C:\WINDOWS\System32\WindowsPowerShell\v1.0\;C:\WINDOWS\system32\config\systemprofile\.dnx\bin;C:\Program Files\Microsoft DNX\Dnvm\;C:\Program Files (x86)\Windows Kits\10\Windows Performance Toolkit\;C:\Program Files\Git\cmd;C:\Program Files\Microsoft SQL Server\130\Tools\Binn\;C:\Program Files\Microsoft\Web Platform Installer\;C:\Program Files (x86)\nodejs\;C:\Users\mario\AppData\Roaming\npm;%USERPROFILE%\AppData\Local\Microsoft\WindowsApps;
USERNAME=mario
OS=Windows_NT
PROCESSOR_IDENTIFIER=Intel64 Family 6 Model 94 Stepping 3, GenuineIntel



---------------  S Y S T E M  ---------------

OS: Windows 10.0 , 64 bit Build 14393 (10.0.14393.0)

CPU:total 4 (4 cores per cpu, 1 threads per core) family 6 model 94 stepping 3, cmov, cx8, fxsr, mmx, sse, sse2, sse3, ssse3, sse4.1, sse4.2, popcnt, avx, avx2, aes, clmul, erms, rtm, 3dnowpref, lzcnt, tsc, tscinvbit, bmi1, bmi2, adx

Memory: 4k page, physical 8245152k(1178080k free), swap 8245152k(209492k free)

vm_info: Java HotSpot(TM) 64-Bit Server VM (25.101-b13) for windows-amd64 JRE (1.8.0_101-b13), built on Jun 22 2016 01:21:29 by "java_re" with MS VC++ 10.0 (VS2010)

time: Wed Oct 26 02:02:22 2016
elapsed time: 3 seconds (0d 0h 0m 3s)

