#
# There is insufficient memory for the Java Runtime Environment to continue.
# Native memory allocation (malloc) failed to allocate 491360 bytes for Chunk::new
# Possible reasons:
#   The system is out of physical RAM or swap space
#   In 32 bit mode, the process size limit was hit
# Possible solutions:
#   Reduce memory load on the system
#   Increase physical memory or swap space
#   Check if swap backing store is full
#   Use 64 bit Java on a 64 bit OS
#   Decrease Java heap size (-Xmx/-Xms)
#   Decrease number of Java threads
#   Decrease Java thread stack sizes (-Xss)
#   Set larger code cache with -XX:ReservedCodeCacheSize=
# This output file may be truncated or incomplete.
#
#  Out of Memory Error (allocation.cpp:390), pid=1168, tid=0x00000000000016bc
#
# JRE version: Java(TM) SE Runtime Environment (8.0_101-b13) (build 1.8.0_101-b13)
# Java VM: Java HotSpot(TM) 64-Bit Server VM (25.101-b13 mixed mode windows-amd64 compressed oops)
# Failed to write core dump. Minidumps are not enabled by default on client versions of Windows
#

---------------  T H R E A D  ---------------

Current thread (0x0000000014f81000):  JavaThread "C2 CompilerThread1" daemon [_thread_in_native, id=5820, stack(0x00000000166e0000,0x00000000167e0000)]

Stack: [0x00000000166e0000,0x00000000167e0000]
[error occurred during error reporting (printing stack bounds), id 0xc0000005]

Native frames: (J=compiled Java code, j=interpreted, Vv=VM code, C=native code)


Current CompileTask:
C2:   3759 1644 %     4       com.android.dx.ssa.SsaMethod::forEachBlockDepthFirstDom @ 32 (128 bytes)


---------------  P R O C E S S  ---------------

Java Threads: ( => current thread )
  0x0000000016ae0000 JavaThread "pool-2-thread-4" [_thread_blocked, id=5332, stack(0x00000000172e0000,0x00000000173e0000)]
  0x0000000016ade000 JavaThread "pool-2-thread-3" [_thread_in_Java, id=7712, stack(0x00000000171e0000,0x00000000172e0000)]
  0x0000000016add000 JavaThread "pool-2-thread-2" [_thread_in_Java, id=8072, stack(0x00000000170e0000,0x00000000171e0000)]
  0x0000000016ada800 JavaThread "pool-3-thread-1" [_thread_blocked, id=7064, stack(0x0000000016fe0000,0x00000000170e0000)]
  0x0000000016ac7800 JavaThread "pool-2-thread-1" [_thread_in_vm, id=8288, stack(0x0000000016ee0000,0x0000000016fe0000)]
  0x00000000167ea800 JavaThread "Service Thread" daemon [_thread_blocked, id=3164, stack(0x0000000016ce0000,0x0000000016de0000)]
  0x00000000167e8800 JavaThread "C1 CompilerThread2" daemon [_thread_blocked, id=9920, stack(0x0000000016be0000,0x0000000016ce0000)]
=>0x0000000014f81000 JavaThread "C2 CompilerThread1" daemon [_thread_in_native, id=5820, stack(0x00000000166e0000,0x00000000167e0000)]
  0x0000000014f7e000 JavaThread "C2 CompilerThread0" daemon [_thread_in_native, id=6016, stack(0x00000000165e0000,0x00000000166e0000)]
  0x0000000014f7c800 JavaThread "Attach Listener" daemon [_thread_blocked, id=3008, stack(0x00000000164e0000,0x00000000165e0000)]
  0x00000000028ae800 JavaThread "Signal Dispatcher" daemon [_thread_blocked, id=10180, stack(0x00000000163e0000,0x00000000164e0000)]
  0x0000000014f6a000 JavaThread "Finalizer" daemon [_thread_blocked, id=10136, stack(0x00000000161d0000,0x00000000162d0000)]
  0x0000000014f49000 JavaThread "Reference Handler" daemon [_thread_blocked, id=6236, stack(0x00000000160d0000,0x00000000161d0000)]
  0x000000000268d800 JavaThread "main" [_thread_blocked, id=10784, stack(0x00000000026b0000,0x00000000027b0000)]

Other Threads:
  0x0000000014f48000 VMThread [stack: 0x0000000015fd0000,0x00000000160d0000] [id=10352]
  0x00000000167f5800 WatcherThread [stack: 0x0000000016de0000,0x0000000016ee0000] [id=240]

VM state:not at safepoint (normal execution)

VM Mutex/Monitor currently owned by a thread: None

Heap:
 PSYoungGen      total 145408K, used 22403K [0x00000000eab00000, 0x00000000f4d00000, 0x0000000100000000)
  eden space 129536K, 6% used [0x00000000eab00000,0x00000000eb2b88b8,0x00000000f2980000)
  from space 15872K, 91% used [0x00000000f3a80000,0x00000000f48a85f8,0x00000000f4a00000)
  to   space 17408K, 0% used [0x00000000f2980000,0x00000000f2980000,0x00000000f3a80000)
 ParOldGen       total 86016K, used 23536K [0x00000000c0000000, 0x00000000c5400000, 0x00000000eab00000)
  object space 86016K, 27% used [0x00000000c0000000,0x00000000c16fc378,0x00000000c5400000)
 Metaspace       used 6402K, capacity 7154K, committed 7296K, reserved 1058816K
  class space    used 601K, capacity 618K, committed 640K, reserved 1048576K

Card table byte_map: [0x0000000011c70000,0x0000000011e80000] byte_map_base: 0x0000000011670000

Marking Bits: (ParMarkBitMap*) 0x000000005885a6d0
 Begin Bits: [0x00000000123e0000, 0x00000000133e0000)
 End Bits:   [0x00000000133e0000, 0x00000000143e0000)

Polling page: 0x0000000000990000

CodeCache: size=245760Kb used=6244Kb max_used=6244Kb free=239515Kb
 bounds [0x00000000028b0000, 0x0000000002ed0000, 0x00000000118b0000]
 total_blobs=2136 nmethods=1863 adapters=182
 compilation: enabled

Compilation events (10 events):
Event: 3.727 Thread 0x00000000167e8800 2075   !   2       java.lang.ref.Finalizer::remove (94 bytes)
Event: 3.727 Thread 0x00000000167e8800 nmethod 2075 0x0000000002ecddd0 code [0x0000000002ecdf40, 0x0000000002ece330]
Event: 3.727 Thread 0x00000000167e8800 2076       2       java.lang.System$2::invokeFinalize (5 bytes)
Event: 3.727 Thread 0x00000000167e8800 nmethod 2076 0x0000000002ece490 code [0x0000000002ece600, 0x0000000002ece788]
Event: 3.727 Thread 0x00000000167e8800 2077       2       java.lang.ref.Reference::clear (6 bytes)
Event: 3.727 Thread 0x00000000167e8800 nmethod 2077 0x0000000002ece810 code [0x0000000002ece960, 0x0000000002ecead0]
Event: 3.747 Thread 0x00000000167e8800 2082       2       com.android.dx.rop.cst.CstLiteral64::equals (36 bytes)
Event: 3.747 Thread 0x00000000167e8800 nmethod 2082 0x0000000002eceb50 code [0x0000000002ececa0, 0x0000000002ecee70]
Event: 3.757 Thread 0x00000000167e8800 2092       2       com.android.dx.cf.code.BytecodeArray$ConstantParserVisitor::visitConstant (18 bytes)
Event: 3.757 Thread 0x00000000167e8800 nmethod 2092 0x0000000002ecef50 code [0x0000000002ecf0a0, 0x0000000002ecf210]

GC Heap History (10 events):
Event: 2.409 GC heap before
{Heap before GC invocations=2 (full 0):
 PSYoungGen      total 37888K, used 37870K [0x00000000eab00000, 0x00000000ed500000, 0x0000000100000000)
  eden space 32768K, 100% used [0x00000000eab00000,0x00000000ecb00000,0x00000000ecb00000)
  from space 5120K, 99% used [0x00000000ecb00000,0x00000000ecffbad0,0x00000000ed000000)
  to   space 5120K, 0% used [0x00000000ed000000,0x00000000ed000000,0x00000000ed500000)
 ParOldGen       total 86016K, used 913K [0x00000000c0000000, 0x00000000c5400000, 0x00000000eab00000)
  object space 86016K, 1% used [0x00000000c0000000,0x00000000c00e44a8,0x00000000c5400000)
 Metaspace       used 5998K, capacity 6898K, committed 7040K, reserved 1058816K
  class space    used 599K, capacity 618K, committed 640K, reserved 1048576K
Event: 2.418 GC heap after
Heap after GC invocations=2 (full 0):
 PSYoungGen      total 37888K, used 5101K [0x00000000eab00000, 0x00000000ef500000, 0x0000000100000000)
  eden space 32768K, 0% used [0x00000000eab00000,0x00000000eab00000,0x00000000ecb00000)
  from space 5120K, 99% used [0x00000000ed000000,0x00000000ed4fb7a0,0x00000000ed500000)
  to   space 5120K, 0% used [0x00000000ecb00000,0x00000000ecb00000,0x00000000ed000000)
 ParOldGen       total 86016K, used 3796K [0x00000000c0000000, 0x00000000c5400000, 0x00000000eab00000)
  object space 86016K, 4% used [0x00000000c0000000,0x00000000c03b5218,0x00000000c5400000)
 Metaspace       used 5998K, capacity 6898K, committed 7040K, reserved 1058816K
  class space    used 599K, capacity 618K, committed 640K, reserved 1048576K
}
Event: 2.606 GC heap before
{Heap before GC invocations=3 (full 0):
 PSYoungGen      total 37888K, used 37869K [0x00000000eab00000, 0x00000000ef500000, 0x0000000100000000)
  eden space 32768K, 100% used [0x00000000eab00000,0x00000000ecb00000,0x00000000ecb00000)
  from space 5120K, 99% used [0x00000000ed000000,0x00000000ed4fb7a0,0x00000000ed500000)
  to   space 5120K, 0% used [0x00000000ecb00000,0x00000000ecb00000,0x00000000ed000000)
 ParOldGen       total 86016K, used 3796K [0x00000000c0000000, 0x00000000c5400000, 0x00000000eab00000)
  object space 86016K, 4% used [0x00000000c0000000,0x00000000c03b5218,0x00000000c5400000)
 Metaspace       used 6104K, capacity 6962K, committed 7040K, reserved 1058816K
  class space    used 600K, capacity 618K, committed 640K, reserved 1048576K
Event: 2.617 GC heap after
Heap after GC invocations=3 (full 0):
 PSYoungGen      total 37888K, used 5114K [0x00000000eab00000, 0x00000000ef500000, 0x0000000100000000)
  eden space 32768K, 0% used [0x00000000eab00000,0x00000000eab00000,0x00000000ecb00000)
  from space 5120K, 99% used [0x00000000ecb00000,0x00000000ecffe898,0x00000000ed000000)
  to   space 5120K, 0% used [0x00000000ef000000,0x00000000ef000000,0x00000000ef500000)
 ParOldGen       total 86016K, used 8791K [0x00000000c0000000, 0x00000000c5400000, 0x00000000eab00000)
  object space 86016K, 10% used [0x00000000c0000000,0x00000000c0895f00,0x00000000c5400000)
 Metaspace       used 6104K, capacity 6962K, committed 7040K, reserved 1058816K
  class space    used 600K, capacity 618K, committed 640K, reserved 1048576K
}
Event: 2.859 GC heap before
{Heap before GC invocations=4 (full 0):
 PSYoungGen      total 37888K, used 37882K [0x00000000eab00000, 0x00000000ef500000, 0x0000000100000000)
  eden space 32768K, 100% used [0x00000000eab00000,0x00000000ecb00000,0x00000000ecb00000)
  from space 5120K, 99% used [0x00000000ecb00000,0x00000000ecffe898,0x00000000ed000000)
  to   space 5120K, 0% used [0x00000000ef000000,0x00000000ef000000,0x00000000ef500000)
 ParOldGen       total 86016K, used 8791K [0x00000000c0000000, 0x00000000c5400000, 0x00000000eab00000)
  object space 86016K, 10% used [0x00000000c0000000,0x00000000c0895f00,0x00000000c5400000)
 Metaspace       used 6145K, capacity 7026K, committed 7296K, reserved 1058816K
  class space    used 600K, capacity 618K, committed 640K, reserved 1048576K
Event: 2.874 GC heap after
Heap after GC invocations=4 (full 0):
 PSYoungGen      total 70656K, used 5105K [0x00000000eab00000, 0x00000000ef500000, 0x0000000100000000)
  eden space 65536K, 0% used [0x00000000eab00000,0x00000000eab00000,0x00000000eeb00000)
  from space 5120K, 99% used [0x00000000ef000000,0x00000000ef4fc7f8,0x00000000ef500000)
  to   space 5120K, 0% used [0x00000000eeb00000,0x00000000eeb00000,0x00000000ef000000)
 ParOldGen       total 86016K, used 14256K [0x00000000c0000000, 0x00000000c5400000, 0x00000000eab00000)
  object space 86016K, 16% used [0x00000000c0000000,0x00000000c0dec1a8,0x00000000c5400000)
 Metaspace       used 6145K, capacity 7026K, committed 7296K, reserved 1058816K
  class space    used 600K, capacity 618K, committed 640K, reserved 1048576K
}
Event: 3.311 GC heap before
{Heap before GC invocations=5 (full 0):
 PSYoungGen      total 70656K, used 70641K [0x00000000eab00000, 0x00000000ef500000, 0x0000000100000000)
  eden space 65536K, 100% used [0x00000000eab00000,0x00000000eeb00000,0x00000000eeb00000)
  from space 5120K, 99% used [0x00000000ef000000,0x00000000ef4fc7f8,0x00000000ef500000)
  to   space 5120K, 0% used [0x00000000eeb00000,0x00000000eeb00000,0x00000000ef000000)
 ParOldGen       total 86016K, used 14256K [0x00000000c0000000, 0x00000000c5400000, 0x00000000eab00000)
  object space 86016K, 16% used [0x00000000c0000000,0x00000000c0dec1a8,0x00000000c5400000)
 Metaspace       used 6364K, capacity 7154K, committed 7296K, reserved 1058816K
  class space    used 601K, capacity 618K, committed 640K, reserved 1048576K
Event: 3.336 GC heap after
Heap after GC invocations=5 (full 0):
 PSYoungGen      total 70656K, used 5090K [0x00000000eab00000, 0x00000000f4a00000, 0x0000000100000000)
  eden space 65536K, 0% used [0x00000000eab00000,0x00000000eab00000,0x00000000eeb00000)
  from space 5120K, 99% used [0x00000000eeb00000,0x00000000eeff8808,0x00000000ef000000)
  to   space 15872K, 0% used [0x00000000f3a80000,0x00000000f3a80000,0x00000000f4a00000)
 ParOldGen       total 86016K, used 23536K [0x00000000c0000000, 0x00000000c5400000, 0x00000000eab00000)
  object space 86016K, 27% used [0x00000000c0000000,0x00000000c16fc378,0x00000000c5400000)
 Metaspace       used 6364K, capacity 7154K, committed 7296K, reserved 1058816K
  class space    used 601K, capacity 618K, committed 640K, reserved 1048576K
}
Event: 3.682 GC heap before
{Heap before GC invocations=6 (full 0):
 PSYoungGen      total 70656K, used 70626K [0x00000000eab00000, 0x00000000f4a00000, 0x0000000100000000)
  eden space 65536K, 100% used [0x00000000eab00000,0x00000000eeb00000,0x00000000eeb00000)
  from space 5120K, 99% used [0x00000000eeb00000,0x00000000eeff8808,0x00000000ef000000)
  to   space 15872K, 0% used [0x00000000f3a80000,0x00000000f3a80000,0x00000000f4a00000)
 ParOldGen       total 86016K, used 23536K [0x00000000c0000000, 0x00000000c5400000, 0x00000000eab00000)
  object space 86016K, 27% used [0x00000000c0000000,0x00000000c16fc378,0x00000000c5400000)
 Metaspace       used 6400K, capacity 7154K, committed 7296K, reserved 1058816K
  class space    used 601K, capacity 618K, committed 640K, reserved 1048576K
Event: 3.708 GC heap after
Heap after GC invocations=6 (full 0):
 PSYoungGen      total 145408K, used 14497K [0x00000000eab00000, 0x00000000f4d00000, 0x0000000100000000)
  eden space 129536K, 0% used [0x00000000eab00000,0x00000000eab00000,0x00000000f2980000)
  from space 15872K, 91% used [0x00000000f3a80000,0x00000000f48a85f8,0x00000000f4a00000)
  to   space 17408K, 0% used [0x00000000f2980000,0x00000000f2980000,0x00000000f3a80000)
 ParOldGen       total 86016K, used 23536K [0x00000000c0000000, 0x00000000c5400000, 0x00000000eab00000)
  object space 86016K, 27% used [0x00000000c0000000,0x00000000c16fc378,0x00000000c5400000)
 Metaspace       used 6400K, capacity 7154K, committed 7296K, reserved 1058816K
  class space    used 601K, capacity 618K, committed 640K, reserved 1048576K
}

Deoptimization events (10 events):
Event: 1.918 Thread 0x0000000016add000 Uncommon trap: reason=unstable_if action=reinterpret pc=0x0000000002ade3c4 method=java.util.HashMap.getNode(ILjava/lang/Object;)Ljava/util/HashMap$Node; @ 62
Event: 2.206 Thread 0x0000000016ade000 Uncommon trap: reason=unstable_if action=reinterpret pc=0x0000000002aee9f0 method=java.util.BitSet.nextSetBit(I)I @ 87
Event: 2.220 Thread 0x0000000016ac7800 Uncommon trap: reason=class_check action=maybe_recompile pc=0x0000000002c010e0 method=com.android.dx.rop.type.Type.equals(Ljava/lang/Object;)Z @ 8
Event: 2.220 Thread 0x0000000016ac7800 Uncommon trap: reason=class_check action=maybe_recompile pc=0x0000000002c010e0 method=com.android.dx.rop.type.Type.equals(Ljava/lang/Object;)Z @ 8
Event: 2.259 Thread 0x000000000268d800 Uncommon trap: reason=unstable_if action=reinterpret pc=0x0000000002c2e0dc method=com.android.dx.rop.cst.Constant.compareTo(Lcom/android/dx/rop/cst/Constant;)I @ 12
Event: 2.262 Thread 0x0000000016ae0000 Uncommon trap: reason=unstable_if action=reinterpret pc=0x0000000002c37a20 method=com.android.dx.rop.code.LocalItem.hashCode()I @ 25
Event: 2.268 Thread 0x0000000016ae0000 Uncommon trap: reason=class_check action=maybe_recompile pc=0x0000000002c010e0 method=com.android.dx.rop.type.Type.equals(Ljava/lang/Object;)Z @ 8
Event: 2.268 Thread 0x0000000016ae0000 Uncommon trap: reason=class_check action=maybe_recompile pc=0x0000000002c010e0 method=com.android.dx.rop.type.Type.equals(Ljava/lang/Object;)Z @ 8
Event: 2.969 Thread 0x0000000016ade000 Uncommon trap: reason=unstable_if action=reinterpret pc=0x0000000002d0ca38 method=com.android.dx.rop.code.RegisterSpecSet.<init>(I)V @ 2
Event: 3.116 Thread 0x0000000016add000 Uncommon trap: reason=unstable_if action=reinterpret pc=0x0000000002cda494 method=java.util.HashMap.putVal(ILjava/lang/Object;Ljava/lang/Object;ZZ)Ljava/lang/Object; @ 94

Internal exceptions (2 events):
Event: 0.030 Thread 0x000000000268d800 Exception <a 'java/lang/NoSuchMethodError': Method sun.misc.Unsafe.defineClass(Ljava/lang/String;[BII)Ljava/lang/Class; name or signature does not match> (0x00000000eab07cc0) thrown at [C:\re\workspace\8-2-build-windows-amd64-cygwin\jdk8u101\7261\hotspot\sùö◊˛¢û?
Event: 0.030 Thread 0x000000000268d800 Exception <a 'java/lang/NoSuchMethodError': Method sun.misc.Unsafe.prefetchRead(Ljava/lang/Object;J)V name or signature does not match> (0x00000000eab07fa8) thrown at [C:\re\workspace\8-2-build-windows-amd64-cygwin\jdk8u101\7261\hotspot\src\share\vm\prims\

Events (10 events):
Event: 3.555 Thread 0x0000000016add000 DEOPT PACKING pc=0x00000000029f7c86 sp=0x00000000171deb40
Event: 3.555 Thread 0x0000000016add000 DEOPT UNPACKING pc=0x00000000028f787f sp=0x00000000171de8d0 mode 0
Event: 3.572 Thread 0x0000000016ae0000 DEOPT PACKING pc=0x0000000002c2dc4b sp=0x00000000173de810
Event: 3.572 Thread 0x0000000016ae0000 DEOPT UNPACKING pc=0x00000000028f787f sp=0x00000000173de530 mode 0
Event: 3.667 Thread 0x0000000016add000 DEOPT PACKING pc=0x0000000002c6cf03 sp=0x00000000171debb0
Event: 3.667 Thread 0x0000000016add000 DEOPT UNPACKING pc=0x00000000028f787f sp=0x00000000171de930 mode 0
Event: 3.682 Executing VM operation: ParallelGCFailedAllocation
Event: 3.708 Executing VM operation: ParallelGCFailedAllocation done
Event: 3.755 Thread 0x0000000016ae0000 DEOPT PACKING pc=0x0000000002c50240 sp=0x00000000173de570
Event: 3.756 Thread 0x0000000016ae0000 DEOPT UNPACKING pc=0x00000000028f787f sp=0x00000000173de280 mode 0


Dynamic libraries:
0x00007ff7fdab0000 - 0x00007ff7fdae7000 	C:\Program Files\Java\jdk1.8.0_101\bin\java.exe
0x00007ff9ec780000 - 0x00007ff9ec951000 	C:\WINDOWS\SYSTEM32\ntdll.dll
0x00007ff9e9d10000 - 0x00007ff9e9dbb000 	C:\WINDOWS\System32\KERNEL32.DLL
0x00007ff9e9220000 - 0x00007ff9e943d000 	C:\WINDOWS\System32\KERNELBASE.dll
0x00007ff9ea360000 - 0x00007ff9ea402000 	C:\WINDOWS\System32\ADVAPI32.dll
0x00007ff9eb020000 - 0x00007ff9eb0be000 	C:\WINDOWS\System32\msvcrt.dll
0x00007ff9ea9a0000 - 0x00007ff9ea9f9000 	C:\WINDOWS\System32\sechost.dll
0x00007ff9ea230000 - 0x00007ff9ea351000 	C:\WINDOWS\System32\RPCRT4.dll
0x00007ff9ec610000 - 0x00007ff9ec775000 	C:\WINDOWS\System32\USER32.dll
0x00007ff9e9cf0000 - 0x00007ff9e9d0e000 	C:\WINDOWS\System32\win32u.dll
0x00007ff9ec5d0000 - 0x00007ff9ec604000 	C:\WINDOWS\System32\GDI32.dll
0x00007ff9e8d80000 - 0x00007ff9e8f02000 	C:\WINDOWS\System32\gdi32full.dll
0x00007ff9e0800000 - 0x00007ff9e0a79000 	C:\WINDOWS\WinSxS\amd64_microsoft.windows.common-controls_6595b64144ccf1df_6.0.14393.0_none_2d0f50fcbdb171b8\COMCTL32.dll
0x00007ff9e9e60000 - 0x00007ff9ea127000 	C:\WINDOWS\System32\combase.dll
0x00007ff9e8f10000 - 0x00007ff9e9005000 	C:\WINDOWS\System32\ucrtbase.dll
0x00007ff9e8d10000 - 0x00007ff9e8d7a000 	C:\WINDOWS\System32\bcryptPrimitives.dll
0x00007ff9eae40000 - 0x00007ff9eae6e000 	C:\WINDOWS\System32\IMM32.DLL
0x0000000057bc0000 - 0x0000000057c92000 	C:\Program Files\Java\jdk1.8.0_101\jre\bin\msvcr100.dll
0x0000000058040000 - 0x00000000588da000 	C:\Program Files\Java\jdk1.8.0_101\jre\bin\server\jvm.dll
0x00007ff9eaa00000 - 0x00007ff9eaa08000 	C:\WINDOWS\System32\PSAPI.DLL
0x00007ff9de1d0000 - 0x00007ff9de1d9000 	C:\WINDOWS\SYSTEM32\WSOCK32.dll
0x00007ff9ea560000 - 0x00007ff9ea5ca000 	C:\WINDOWS\System32\WS2_32.dll
0x00007ff9e6c80000 - 0x00007ff9e6ca3000 	C:\WINDOWS\SYSTEM32\WINMM.dll
0x00007ff9e4320000 - 0x00007ff9e432a000 	C:\WINDOWS\SYSTEM32\VERSION.dll
0x00007ff9e6c30000 - 0x00007ff9e6c5b000 	C:\WINDOWS\SYSTEM32\WINMMBASE.dll
0x00007ff9e9010000 - 0x00007ff9e9052000 	C:\WINDOWS\System32\cfgmgr32.dll
0x0000000059390000 - 0x000000005939f000 	C:\Program Files\Java\jdk1.8.0_101\jre\bin\verify.dll
0x0000000059360000 - 0x0000000059389000 	C:\Program Files\Java\jdk1.8.0_101\jre\bin\java.dll
0x0000000058020000 - 0x0000000058036000 	C:\Program Files\Java\jdk1.8.0_101\jre\bin\zip.dll
0x00007ff9eb0c0000 - 0x00007ff9ec5c8000 	C:\WINDOWS\System32\SHELL32.dll
0x00007ff9e9610000 - 0x00007ff9e9cea000 	C:\WINDOWS\System32\windows.storage.dll
0x00007ff9e8c10000 - 0x00007ff9e8c5c000 	C:\WINDOWS\System32\powrprof.dll
0x00007ff9ea940000 - 0x00007ff9ea992000 	C:\WINDOWS\System32\shlwapi.dll
0x00007ff9e8c60000 - 0x00007ff9e8c6f000 	C:\WINDOWS\System32\kernel.appcore.dll
0x00007ff9e9110000 - 0x00007ff9e91b9000 	C:\WINDOWS\System32\shcore.dll
0x00007ff9e8bf0000 - 0x00007ff9e8c04000 	C:\WINDOWS\System32\profapi.dll

VM Arguments:
jvm_args: -Djava.awt.headless=true -Xmx1024M -Dfile.encoding=windows-1252 -Duser.country=MX -Duser.language=es -Duser.variant 
java_command: com.android.dx.command.Main --dex --force-jumbo --num-threads=4 --multi-dex --output O:\Android\VentaenRuta2016\app\build\intermediates\transforms\dex\debug\folders\1000\10\support-v4-19.1.0_db97dcaea88e3b160b088095b51847c51f01755d C:\Users\mario\AppData\Local\Android\sdk\extras\android\m2repository\com\android\support\support-v4\19.1.0\support-v4-19.1.0.jar
java_class_path (initial): C:\Users\mario\AppData\Local\Android\sdk\build-tools\24.0.2\lib\dx.jar
Launcher Type: SUN_STANDARD

Environment Variables:
PATH=C:\ProgramData\Oracle\Java\javapath;C:\Program Files (x86)\Intel\iCLS Client\;C:\Program Files\Intel\iCLS Client\;C:\Windows\system32;C:\Windows;C:\Windows\System32\Wbem;C:\Windows\System32\WindowsPowerShell\v1.0\;C:\Program Files (x86)\NVIDIA Corporation\PhysX\Common;C:\Program Files (x86)\Intel\Intel(R) Management Engine Components\DAL;C:\Program Files\Intel\Intel(R) Management Engine Components\DAL;C:\Program Files (x86)\Intel\Intel(R) Management Engine Components\IPT;C:\Program Files\Intel\Intel(R) Management Engine Components\IPT;C:\WINDOWS\system32;C:\WINDOWS;C:\WINDOWS\System32\Wbem;C:\WINDOWS\System32\WindowsPowerShell\v1.0\;C:\WINDOWS\system32\config\systemprofile\.dnx\bin;C:\Program Files\Microsoft DNX\Dnvm\;C:\Program Files (x86)\Windows Kits\10\Windows Performance Toolkit\;C:\Program Files\Git\cmd;C:\Program Files\Microsoft SQL Server\130\Tools\Binn\;C:\Program Files\Microsoft\Web Platform Installer\;C:\Program Files (x86)\nodejs\;C:\Users\mario\AppData\Roaming\npm;%USERPROFILE%\AppData\Local\Microsoft\WindowsApps;
USERNAME=mario
OS=Windows_NT
PROCESSOR_IDENTIFIER=Intel64 Family 6 Model 94 Stepping 3, GenuineIntel



---------------  S Y S T E M  ---------------

OS: Windows 10.0 , 64 bit Build 14393 (10.0.14393.0)

CPU:total 4 (4 cores per cpu, 1 threads per core) family 6 model 94 stepping 3, cmov, cx8, fxsr, mmx, sse, sse2, sse3, ssse3, sse4.1, sse4.2, popcnt, avx, avx2, aes, clmul, erms, rtm, 3dnowpref, lzcnt, tsc, tscinvbit, bmi1, bmi2, adx

Memory: 4k page, physical 8245152k(1434568k free), swap 8245152k(5520k free)

vm_info: Java HotSpot(TM) 64-Bit Server VM (25.101-b13) for windows-amd64 JRE (1.8.0_101-b13), built on Jun 22 2016 01:21:29 by "java_re" with MS VC++ 10.0 (VS2010)

time: Wed Oct 26 01:59:23 2016
elapsed time: 3 seconds (0d 0h 0m 3s)

