#
# There is insufficient memory for the Java Runtime Environment to continue.
# Native memory allocation (malloc) failed to allocate 280496 bytes for Chunk::new
# Possible reasons:
#   The system is out of physical RAM or swap space
#   In 32 bit mode, the process size limit was hit
# Possible solutions:
#   Reduce memory load on the system
#   Increase physical memory or swap space
#   Check if swap backing store is full
#   Use 64 bit Java on a 64 bit OS
#   Decrease Java heap size (-Xmx/-Xms)
#   Decrease number of Java threads
#   Decrease Java thread stack sizes (-Xss)
#   Set larger code cache with -XX:ReservedCodeCacheSize=
# This output file may be truncated or incomplete.
#
#  Out of Memory Error (allocation.cpp:390), pid=3580, tid=0x0000000000000ce8
#
# JRE version: Java(TM) SE Runtime Environment (8.0_101-b13) (build 1.8.0_101-b13)
# Java VM: Java HotSpot(TM) 64-Bit Server VM (25.101-b13 mixed mode windows-amd64 compressed oops)
# Failed to write core dump. Minidumps are not enabled by default on client versions of Windows
#

---------------  T H R E A D  ---------------

Current thread (0x000000001543a800):  JavaThread "C2 CompilerThread1" daemon [_thread_in_native, id=3304, stack(0x0000000016b90000,0x0000000016c90000)]

Stack: [0x0000000016b90000,0x0000000016c90000]
[error occurred during error reporting (printing stack bounds), id 0xc0000005]

Native frames: (J=compiled Java code, j=interpreted, Vv=VM code, C=native code)


Current CompileTask:
C2:   1419 1215       4       com.android.dx.ssa.SCCP::simulateStmt (481 bytes)


---------------  P R O C E S S  ---------------

Java Threads: ( => current thread )
  0x0000000016efb800 JavaThread "pool-1-thread-4" [_thread_blocked, id=11716, stack(0x0000000017790000,0x0000000017890000)]
  0x0000000016efa800 JavaThread "pool-1-thread-3" [_thread_blocked, id=9060, stack(0x0000000017690000,0x0000000017790000)]
  0x0000000016ef9800 JavaThread "pool-1-thread-2" [_thread_blocked, id=3712, stack(0x0000000017590000,0x0000000017690000)]
  0x0000000016ef0000 JavaThread "pool-2-thread-1" [_thread_blocked, id=6332, stack(0x0000000017490000,0x0000000017590000)]
  0x0000000016eef000 JavaThread "pool-1-thread-1" [_thread_blocked, id=8556, stack(0x0000000017390000,0x0000000017490000)]
  0x0000000016c9e000 JavaThread "Service Thread" daemon [_thread_blocked, id=1288, stack(0x0000000017190000,0x0000000017290000)]
  0x0000000016c98800 JavaThread "C1 CompilerThread2" daemon [_thread_blocked, id=1136, stack(0x0000000017090000,0x0000000017190000)]
=>0x000000001543a800 JavaThread "C2 CompilerThread1" daemon [_thread_in_native, id=3304, stack(0x0000000016b90000,0x0000000016c90000)]
  0x0000000015449800 JavaThread "C2 CompilerThread0" daemon [_thread_in_native, id=10796, stack(0x0000000016a90000,0x0000000016b90000)]
  0x0000000015447800 JavaThread "Attach Listener" daemon [_thread_blocked, id=8188, stack(0x0000000016990000,0x0000000016a90000)]
  0x0000000015446000 JavaThread "Signal Dispatcher" daemon [_thread_blocked, id=12320, stack(0x0000000016890000,0x0000000016990000)]
  0x000000001542a000 JavaThread "Finalizer" daemon [_thread_blocked, id=4496, stack(0x0000000016690000,0x0000000016790000)]
  0x0000000015408800 JavaThread "Reference Handler" daemon [_thread_blocked, id=8208, stack(0x0000000016590000,0x0000000016690000)]
  0x0000000002d6d800 JavaThread "main" [_thread_blocked, id=7408, stack(0x0000000002a50000,0x0000000002b50000)]

Other Threads:
  0x0000000015407000 VMThread [stack: 0x0000000016490000,0x0000000016590000] [id=7576]
  0x0000000016ca3000 WatcherThread [stack: 0x0000000017290000,0x0000000017390000] [id=7872]

VM state:not at safepoint (normal execution)

VM Mutex/Monitor currently owned by a thread:  ([mutex/lock_event])
[0x0000000002d6cdb0] Heap_lock - owner thread: 0x0000000002d6d800

Heap:
 PSYoungGen      total 37888K, used 5497K [0x00000000eab00000, 0x00000000ed500000, 0x0000000100000000)
  eden space 32768K, 1% used [0x00000000eab00000,0x00000000eab5f0a8,0x00000000ecb00000)
  from space 5120K, 99% used [0x00000000ecb00000,0x00000000ecfff6c0,0x00000000ed000000)
  to   space 5120K, 0% used [0x00000000ed000000,0x00000000ed000000,0x00000000ed500000)
 ParOldGen       total 86016K, used 1027K [0x00000000c0000000, 0x00000000c5400000, 0x00000000eab00000)
  object space 86016K, 1% used [0x00000000c0000000,0x00000000c0100c50,0x00000000c5400000)
 Metaspace       used 5971K, capacity 6900K, committed 7040K, reserved 1056768K
  class space    used 595K, capacity 620K, committed 640K, reserved 1048576K

Card table byte_map: [0x0000000012130000,0x0000000012340000] byte_map_base: 0x0000000011b30000

Marking Bits: (ParMarkBitMap*) 0x000000006191a6d0
 Begin Bits: [0x00000000128a0000, 0x00000000138a0000)
 End Bits:   [0x00000000138a0000, 0x00000000148a0000)

Polling page: 0x0000000002b50000

CodeCache: size=245760Kb used=4882Kb max_used=4882Kb free=240877Kb
 bounds [0x0000000002d70000, 0x0000000003240000, 0x0000000011d70000]
 total_blobs=1502 nmethods=1234 adapters=181
 compilation: enabled

Compilation events (10 events):
Event: 1.164 Thread 0x0000000016c98800 1235       3       com.android.dx.dex.code.RopTranslator$LocalVariableAwareTranslationVisitor::visitPlainCstInsn (11 bytes)
Event: 1.165 Thread 0x0000000016c98800 nmethod 1235 0x0000000003231bd0 code [0x0000000003231dc0, 0x0000000003232748]
Event: 1.165 Thread 0x0000000016c98800 1238       3       com.android.dx.dex.file.ValueEncoder::addContents (75 bytes)
Event: 1.165 Thread 0x0000000016c98800 nmethod 1238 0x0000000003232cd0 code [0x0000000003232ec0, 0x0000000003233ae8]
Event: 1.165 Thread 0x0000000016c98800 1236       3       com.android.dx.dex.code.RopTranslator$TranslationVisitor::visitPlainCstInsn (161 bytes)
Event: 1.166 Thread 0x0000000016c98800 nmethod 1236 0x0000000003233e50 code [0x0000000003234200, 0x00000000032366b8]
Event: 1.166 Thread 0x0000000016c98800 1239       3       java.util.TreeMap::rotateLeft (96 bytes)
Event: 1.167 Thread 0x0000000016c98800 nmethod 1239 0x0000000003238310 code [0x0000000003238480, 0x00000000032387d0]
Event: 1.167 Thread 0x0000000016c98800 1240       3       java.util.concurrent.locks.AbstractQueuedSynchronizer$ConditionObject::signal (33 bytes)
Event: 1.167 Thread 0x0000000016c98800 nmethod 1240 0x00000000032388d0 code [0x0000000003238a60, 0x0000000003238dc8]

GC Heap History (2 events):
Event: 1.310 GC heap before
{Heap before GC invocations=1 (full 0):
 PSYoungGen      total 37888K, used 32768K [0x00000000eab00000, 0x00000000ed500000, 0x0000000100000000)
  eden space 32768K, 100% used [0x00000000eab00000,0x00000000ecb00000,0x00000000ecb00000)
  from space 5120K, 0% used [0x00000000ed000000,0x00000000ed000000,0x00000000ed500000)
  to   space 5120K, 0% used [0x00000000ecb00000,0x00000000ecb00000,0x00000000ed000000)
 ParOldGen       total 86016K, used 0K [0x00000000c0000000, 0x00000000c5400000, 0x00000000eab00000)
  object space 86016K, 0% used [0x00000000c0000000,0x00000000c0000000,0x00000000c5400000)
 Metaspace       used 5970K, capacity 6900K, committed 7040K, reserved 1056768K
  class space    used 595K, capacity 620K, committed 640K, reserved 1048576K
Event: 1.416 GC heap after
Heap after GC invocations=1 (full 0):
 PSYoungGen      total 37888K, used 5117K [0x00000000eab00000, 0x00000000ed500000, 0x0000000100000000)
  eden space 32768K, 0% used [0x00000000eab00000,0x00000000eab00000,0x00000000ecb00000)
  from space 5120K, 99% used [0x00000000ecb00000,0x00000000ecfff6c0,0x00000000ed000000)
  to   space 5120K, 0% used [0x00000000ed000000,0x00000000ed000000,0x00000000ed500000)
 ParOldGen       total 86016K, used 1027K [0x00000000c0000000, 0x00000000c5400000, 0x00000000eab00000)
  object space 86016K, 1% used [0x00000000c0000000,0x00000000c0100c50,0x00000000c5400000)
 Metaspace       used 5970K, capacity 6900K, committed 7040K, reserved 1056768K
  class space    used 595K, capacity 620K, committed 640K, reserved 1048576K
}

Deoptimization events (10 events):
Event: 0.843 Thread 0x0000000002d6d800 Uncommon trap: reason=unstable_if action=reinterpret pc=0x0000000002f6e7d0 method=java.util.HashMap.getNode(ILjava/lang/Object;)Ljava/util/HashMap$Node; @ 129
Event: 0.868 Thread 0x0000000002d6d800 Uncommon trap: reason=unstable_if action=reinterpret pc=0x000000000300bbb0 method=java.lang.String.<init>([CII)V @ 18
Event: 0.874 Thread 0x0000000016efb800 Uncommon trap: reason=unstable_if action=reinterpret pc=0x0000000002f6edf0 method=java.util.BitSet.nextSetBit(I)I @ 87
Event: 0.876 Thread 0x0000000016efb800 Uncommon trap: reason=unstable_if action=reinterpret pc=0x0000000002fdf074 method=java.util.BitSet.ensureCapacity(I)V @ 6
Event: 0.912 Thread 0x0000000016ef9800 Uncommon trap: reason=class_check action=maybe_recompile pc=0x0000000003022630 method=com.android.dx.ssa.NormalSsaInsn.accept(Lcom/android/dx/ssa/SsaInsn$Visitor;)V @ 9
Event: 0.913 Thread 0x0000000016ef9800 Uncommon trap: reason=class_check action=maybe_recompile pc=0x0000000002fd91b0 method=com.android.dx.ssa.NormalSsaInsn.accept(Lcom/android/dx/ssa/SsaInsn$Visitor;)V @ 9
Event: 0.913 Thread 0x0000000016ef9800 Uncommon trap: reason=class_check action=maybe_recompile pc=0x0000000002fd91b0 method=com.android.dx.ssa.NormalSsaInsn.accept(Lcom/android/dx/ssa/SsaInsn$Visitor;)V @ 9
Event: 0.913 Thread 0x0000000016ef9800 Uncommon trap: reason=class_check action=maybe_recompile pc=0x0000000002fd91b0 method=com.android.dx.ssa.NormalSsaInsn.accept(Lcom/android/dx/ssa/SsaInsn$Visitor;)V @ 9
Event: 0.914 Thread 0x0000000016ef9800 Uncommon trap: reason=class_check action=maybe_recompile pc=0x0000000003022630 method=com.android.dx.ssa.NormalSsaInsn.accept(Lcom/android/dx/ssa/SsaInsn$Visitor;)V @ 9
Event: 1.145 Thread 0x0000000016efb800 Uncommon trap: reason=unstable_if action=reinterpret pc=0x00000000030c9ea8 method=com.android.dx.util.IntList.binarysearch(I)I @ 105

Internal exceptions (2 events):
Event: 0.060 Thread 0x0000000002d6d800 Exception <a 'java/lang/NoSuchMethodError': Method sun.misc.Unsafe.defineClass(Ljava/lang/String;[BII)Ljava/lang/Class; name or signature does not match> (0x00000000eab07cc0) thrown at [C:\re\workspace\8-2-build-windows-amd64-cygwin\jdk8u101\7261\hotspot\sàd&ŒZö®?
Event: 0.060 Thread 0x0000000002d6d800 Exception <a 'java/lang/NoSuchMethodError': Method sun.misc.Unsafe.prefetchRead(Ljava/lang/Object;J)V name or signature does not match> (0x00000000eab07fa8) thrown at [C:\re\workspace\8-2-build-windows-amd64-cygwin\jdk8u101\7261\hotspot\src\share\vm\prims\

Events (10 events):
Event: 1.095 Executing VM operation: ForceSafepoint done
Event: 1.099 loading class java/util/DualPivotQuicksort
Event: 1.099 loading class java/util/DualPivotQuicksort done
Event: 1.139 loading class com/android/dx/dex/file/FieldAnnotationStruct
Event: 1.139 loading class com/android/dx/dex/file/FieldAnnotationStruct done
Event: 1.145 Thread 0x0000000016efb800 Uncommon trap: trap_request=0xffffff65 fr.pc=0x00000000030c9ea8
Event: 1.145 Thread 0x0000000016efb800 DEOPT PACKING pc=0x00000000030c9ea8 sp=0x000000001788e9c0
Event: 1.145 Thread 0x0000000016efb800 DEOPT UNPACKING pc=0x0000000002db582a sp=0x000000001788e938 mode 2
Event: 1.167 Executing VM operation: ParallelGCFailedAllocation
Event: 1.416 Executing VM operation: ParallelGCFailedAllocation done


Dynamic libraries:
0x00007ff7d0e70000 - 0x00007ff7d0ea7000 	C:\Program Files\Java\jdk1.8.0_101\bin\java.exe
0x00007ffdaa3d0000 - 0x00007ffdaa591000 	C:\WINDOWS\SYSTEM32\ntdll.dll
0x00007ffda9a60000 - 0x00007ffda9b0d000 	C:\WINDOWS\system32\KERNEL32.DLL
0x00007ffda6d40000 - 0x00007ffda6f28000 	C:\WINDOWS\system32\KERNELBASE.dll
0x00007ffda77d0000 - 0x00007ffda7877000 	C:\WINDOWS\system32\ADVAPI32.dll
0x00007ffda7990000 - 0x00007ffda7a2d000 	C:\WINDOWS\system32\msvcrt.dll
0x00007ffda7a30000 - 0x00007ffda7a8b000 	C:\WINDOWS\system32\sechost.dll
0x00007ffda7cd0000 - 0x00007ffda7dec000 	C:\WINDOWS\system32\RPCRT4.dll
0x00007ffda93b0000 - 0x00007ffda9506000 	C:\WINDOWS\system32\USER32.dll
0x00007ffda9d20000 - 0x00007ffda9ea6000 	C:\WINDOWS\system32\GDI32.dll
0x00007ffda30e0000 - 0x00007ffda3354000 	C:\WINDOWS\WinSxS\amd64_microsoft.windows.common-controls_6595b64144ccf1df_6.0.10586.589_none_a2ddb3caa539acce\COMCTL32.dll
0x00007ffda97e0000 - 0x00007ffda9a5d000 	C:\WINDOWS\system32\combase.dll
0x00007ffda6ad0000 - 0x00007ffda6b3a000 	C:\WINDOWS\system32\bcryptPrimitives.dll
0x00007ffda7c90000 - 0x00007ffda7ccb000 	C:\WINDOWS\system32\IMM32.DLL
0x000000005eae0000 - 0x000000005ebb2000 	C:\Program Files\Java\jdk1.8.0_101\jre\bin\msvcr100.dll
0x0000000061100000 - 0x000000006199a000 	C:\Program Files\Java\jdk1.8.0_101\jre\bin\server\jvm.dll
0x00007ffda9700000 - 0x00007ffda9708000 	C:\WINDOWS\system32\PSAPI.DLL
0x00007ffda5140000 - 0x00007ffda5149000 	C:\WINDOWS\SYSTEM32\WSOCK32.dll
0x00007ffda9eb0000 - 0x00007ffda9f1b000 	C:\WINDOWS\system32\WS2_32.dll
0x00007ffda4fb0000 - 0x00007ffda4fd3000 	C:\WINDOWS\SYSTEM32\WINMM.dll
0x00007ffda30c0000 - 0x00007ffda30ca000 	C:\WINDOWS\SYSTEM32\VERSION.dll
0x00007ffda4f50000 - 0x00007ffda4f7c000 	C:\WINDOWS\SYSTEM32\WINMMBASE.dll
0x00007ffda6a80000 - 0x00007ffda6ac3000 	C:\WINDOWS\system32\cfgmgr32.dll
0x0000000061e40000 - 0x0000000061e4f000 	C:\Program Files\Java\jdk1.8.0_101\jre\bin\verify.dll
0x0000000061e10000 - 0x0000000061e39000 	C:\Program Files\Java\jdk1.8.0_101\jre\bin\java.dll
0x0000000061df0000 - 0x0000000061e06000 	C:\Program Files\Java\jdk1.8.0_101\jre\bin\zip.dll
0x00007ffda7e50000 - 0x00007ffda93ac000 	C:\WINDOWS\system32\SHELL32.dll
0x00007ffda6fb0000 - 0x00007ffda75f5000 	C:\WINDOWS\system32\windows.storage.dll
0x00007ffdaa350000 - 0x00007ffdaa3a2000 	C:\WINDOWS\system32\shlwapi.dll
0x00007ffda6a20000 - 0x00007ffda6a2f000 	C:\WINDOWS\system32\kernel.appcore.dll
0x00007ffda6b40000 - 0x00007ffda6bf5000 	C:\WINDOWS\system32\shcore.dll
0x00007ffda6a30000 - 0x00007ffda6a7b000 	C:\WINDOWS\system32\powrprof.dll
0x00007ffda69f0000 - 0x00007ffda6a04000 	C:\WINDOWS\system32\profapi.dll

VM Arguments:
jvm_args: -Djava.awt.headless=true -Xmx1024M -Dfile.encoding=windows-1252 -Duser.country=MX -Duser.language=es -Duser.variant 
java_command: com.android.dx.command.Main --dex --num-threads=4 --output O:\Android\VentaenRuta2016\app\build\intermediates\pre-dexed\release\ZSDK_ANDROID_API_086ab4076e2fb39fbfb47f10284e8bc012bfe18a.jar O:\Android\VentaenRuta2016\app\libs\ZSDK_ANDROID_API.jar
java_class_path (initial): C:\Users\mario\AppData\Local\Android\sdk\build-tools\24.0.2\lib\dx.jar
Launcher Type: SUN_STANDARD

Environment Variables:
PATH=C:\ProgramData\Oracle\Java\javapath;C:\Program Files (x86)\Intel\iCLS Client\;C:\Program Files\Intel\iCLS Client\;C:\Windows\system32;C:\Windows;C:\Windows\System32\Wbem;C:\Windows\System32\WindowsPowerShell\v1.0\;C:\Program Files (x86)\NVIDIA Corporation\PhysX\Common;C:\Program Files (x86)\Intel\Intel(R) Management Engine Components\DAL;C:\Program Files\Intel\Intel(R) Management Engine Components\DAL;C:\Program Files (x86)\Intel\Intel(R) Management Engine Components\IPT;C:\Program Files\Intel\Intel(R) Management Engine Components\IPT;C:\WINDOWS\system32;C:\WINDOWS;C:\WINDOWS\System32\Wbem;C:\WINDOWS\System32\WindowsPowerShell\v1.0\;C:\WINDOWS\system32\config\systemprofile\.dnx\bin;C:\Program Files\Microsoft DNX\Dnvm\;C:\Program Files (x86)\Windows Kits\10\Windows Performance Toolkit\;C:\Program Files\Git\cmd;C:\Program Files\Microsoft SQL Server\130\Tools\Binn\;C:\Program Files\Microsoft\Web Platform Installer\;C:\Program Files (x86)\nodejs\;C:\Users\mario\AppData\Roaming\npm
USERNAME=mario
OS=Windows_NT
PROCESSOR_IDENTIFIER=Intel64 Family 6 Model 94 Stepping 3, GenuineIntel



---------------  S Y S T E M  ---------------

OS: Windows 10.0 , 64 bit Build 10586 (10.0.10586.589)

CPU:total 4 (4 cores per cpu, 1 threads per core) family 6 model 94 stepping 3, cmov, cx8, fxsr, mmx, sse, sse2, sse3, ssse3, sse4.1, sse4.2, popcnt, avx, avx2, aes, clmul, erms, rtm, 3dnowpref, lzcnt, tsc, tscinvbit, bmi1, bmi2, adx

Memory: 4k page, physical 8245152k(998104k free), swap 10192800k(4184k free)

vm_info: Java HotSpot(TM) 64-Bit Server VM (25.101-b13) for windows-amd64 JRE (1.8.0_101-b13), built on Jun 22 2016 01:21:29 by "java_re" with MS VC++ 10.0 (VS2010)

time: Tue Sep 20 12:03:44 2016
elapsed time: 1 seconds (0d 0h 0m 1s)

