#
# There is insufficient memory for the Java Runtime Environment to continue.
# Native memory allocation (malloc) failed to allocate 705136 bytes for Chunk::new
# Possible reasons:
#   The system is out of physical RAM or swap space
#   In 32 bit mode, the process size limit was hit
# Possible solutions:
#   Reduce memory load on the system
#   Increase physical memory or swap space
#   Check if swap backing store is full
#   Use 64 bit Java on a 64 bit OS
#   Decrease Java heap size (-Xmx/-Xms)
#   Decrease number of Java threads
#   Decrease Java thread stack sizes (-Xss)
#   Set larger code cache with -XX:ReservedCodeCacheSize=
# This output file may be truncated or incomplete.
#
#  Out of Memory Error (allocation.cpp:390), pid=7188, tid=0x00000000000024fc
#
# JRE version: Java(TM) SE Runtime Environment (8.0_101-b13) (build 1.8.0_101-b13)
# Java VM: Java HotSpot(TM) 64-Bit Server VM (25.101-b13 mixed mode windows-amd64 compressed oops)
# Failed to write core dump. Minidumps are not enabled by default on client versions of Windows
#

---------------  T H R E A D  ---------------

Current thread (0x0000000014e49800):  JavaThread "C2 CompilerThread0" daemon [_thread_in_native, id=9468, stack(0x00000000164c0000,0x00000000165c0000)]

Stack: [0x00000000164c0000,0x00000000165c0000]
[error occurred during error reporting (printing stack bounds), id 0xc0000005]

Native frames: (J=compiled Java code, j=interpreted, Vv=VM code, C=native code)


Current CompileTask:
C2:   1028 1602       4       com.android.dx.ssa.LocalVariableExtractor::processBlock (383 bytes)


---------------  P R O C E S S  ---------------

Java Threads: ( => current thread )
  0x0000000016aeb800 JavaThread "pool-2-thread-4" [_thread_blocked, id=11964, stack(0x00000000171c0000,0x00000000172c0000)]
  0x0000000016b33000 JavaThread "pool-2-thread-3" [_thread_in_Java, id=3252, stack(0x00000000170c0000,0x00000000171c0000)]
  0x0000000016b32800 JavaThread "pool-2-thread-2" [_thread_blocked, id=6784, stack(0x0000000016fc0000,0x00000000170c0000)]
  0x0000000016a2c800 JavaThread "pool-3-thread-1" [_thread_blocked, id=7084, stack(0x0000000016ec0000,0x0000000016fc0000)]
  0x0000000016a2c000 JavaThread "pool-2-thread-1" [_thread_blocked, id=5112, stack(0x0000000016dc0000,0x0000000016ec0000)]
  0x0000000014e9e800 JavaThread "Service Thread" daemon [_thread_blocked, id=9800, stack(0x0000000016bc0000,0x0000000016cc0000)]
  0x0000000014e43000 JavaThread "C1 CompilerThread2" daemon [_thread_in_native, id=1636, stack(0x00000000166c0000,0x00000000167c0000)]
  0x0000000014e3c800 JavaThread "C2 CompilerThread1" daemon [_thread_in_native, id=6732, stack(0x00000000165c0000,0x00000000166c0000)]
=>0x0000000014e49800 JavaThread "C2 CompilerThread0" daemon [_thread_in_native, id=9468, stack(0x00000000164c0000,0x00000000165c0000)]
  0x0000000014e47800 JavaThread "Attach Listener" daemon [_thread_blocked, id=11460, stack(0x00000000163c0000,0x00000000164c0000)]
  0x0000000014e46000 JavaThread "Signal Dispatcher" daemon [_thread_blocked, id=5296, stack(0x00000000162c0000,0x00000000163c0000)]
  0x0000000014e2a000 JavaThread "Finalizer" daemon [_thread_blocked, id=9404, stack(0x00000000160a0000,0x00000000161a0000)]
  0x0000000014e09000 JavaThread "Reference Handler" daemon [_thread_blocked, id=6180, stack(0x0000000015fa0000,0x00000000160a0000)]
  0x000000000251d800 JavaThread "main" [_thread_in_vm, id=11192, stack(0x0000000002520000,0x0000000002620000)]

Other Threads:
  0x0000000014e07000 VMThread [stack: 0x0000000015ea0000,0x0000000015fa0000] [id=5268]
  0x0000000016805800 WatcherThread [stack: 0x0000000016cc0000,0x0000000016dc0000] [id=5132]

VM state:not at safepoint (normal execution)

VM Mutex/Monitor currently owned by a thread: None

Heap:
 PSYoungGen      total 70656K, used 58481K [0x00000000eab00000, 0x00000000ef500000, 0x0000000100000000)
  eden space 65536K, 81% used [0x00000000eab00000,0x00000000edf1d3a8,0x00000000eeb00000)
  from space 5120K, 99% used [0x00000000ef000000,0x00000000ef4ff268,0x00000000ef500000)
  to   space 5120K, 0% used [0x00000000eeb00000,0x00000000eeb00000,0x00000000ef000000)
 ParOldGen       total 86016K, used 3876K [0x00000000c0000000, 0x00000000c5400000, 0x00000000eab00000)
  object space 86016K, 4% used [0x00000000c0000000,0x00000000c03c91a8,0x00000000c5400000)
 Metaspace       used 6243K, capacity 7090K, committed 7296K, reserved 1056768K
  class space    used 600K, capacity 618K, committed 640K, reserved 1048576K

Card table byte_map: [0x0000000011b10000,0x0000000011d20000] byte_map_base: 0x0000000011510000

Marking Bits: (ParMarkBitMap*) 0x00000000588fa6d0
 Begin Bits: [0x0000000012280000, 0x0000000013280000)
 End Bits:   [0x0000000013280000, 0x0000000014280000)

Polling page: 0x0000000002620000

CodeCache: size=245760Kb used=6145Kb max_used=6145Kb free=239614Kb
 bounds [0x0000000002750000, 0x0000000002d60000, 0x0000000011750000]
 total_blobs=1898 nmethods=1628 adapters=182
 compilation: enabled

Compilation events (10 events):
Event: 1.008 Thread 0x0000000014e43000 1647       2       com.android.dx.rop.code.LocalVariableInfo::getAssignmentCount (8 bytes)
Event: 1.008 Thread 0x0000000014e43000 nmethod 1647 0x0000000002d50a10 code [0x0000000002d50b60, 0x0000000002d50cb0]
Event: 1.009 Thread 0x0000000014e43000 1648       2       com.android.dx.cf.code.LocalVariableList::<init> (6 bytes)
Event: 1.009 Thread 0x0000000014e43000 nmethod 1648 0x0000000002d50d50 code [0x0000000002d50ec0, 0x0000000002d51028]
Event: 1.020 Thread 0x0000000014e43000 1652       2       com.android.dx.cf.code.ByteCatchList::set (21 bytes)
Event: 1.020 Thread 0x0000000014e43000 nmethod 1652 0x0000000002d510d0 code [0x0000000002d51280, 0x0000000002d51798]
Event: 1.022 Thread 0x0000000014e43000 1653   !   2       com.android.dx.cf.cst.ConstantPoolParser::determineOffsets (285 bytes)
Event: 1.022 Thread 0x0000000014e43000 nmethod 1653 0x0000000002d51d10 code [0x0000000002d51fe0, 0x0000000002d52c18]
Event: 1.022 Thread 0x0000000014e43000 1654       2       com.android.dx.cf.cst.ConstantPoolParser::parse (365 bytes)
Event: 1.024 Thread 0x0000000014e43000 nmethod 1654 0x0000000002d53ad0 code [0x0000000002d53ea0, 0x0000000002d55268]

GC Heap History (4 events):
Event: 0.543 GC heap before
{Heap before GC invocations=1 (full 0):
 PSYoungGen      total 37888K, used 32768K [0x00000000eab00000, 0x00000000ed500000, 0x0000000100000000)
  eden space 32768K, 100% used [0x00000000eab00000,0x00000000ecb00000,0x00000000ecb00000)
  from space 5120K, 0% used [0x00000000ed000000,0x00000000ed000000,0x00000000ed500000)
  to   space 5120K, 0% used [0x00000000ecb00000,0x00000000ecb00000,0x00000000ed000000)
 ParOldGen       total 86016K, used 0K [0x00000000c0000000, 0x00000000c5400000, 0x00000000eab00000)
  object space 86016K, 0% used [0x00000000c0000000,0x00000000c0000000,0x00000000c5400000)
 Metaspace       used 5932K, capacity 6832K, committed 7040K, reserved 1056768K
  class space    used 598K, capacity 616K, committed 640K, reserved 1048576K
Event: 0.549 GC heap after
Heap after GC invocations=1 (full 0):
 PSYoungGen      total 37888K, used 5105K [0x00000000eab00000, 0x00000000ef500000, 0x0000000100000000)
  eden space 32768K, 0% used [0x00000000eab00000,0x00000000eab00000,0x00000000ecb00000)
  from space 5120K, 99% used [0x00000000ecb00000,0x00000000ecffc718,0x00000000ed000000)
  to   space 5120K, 0% used [0x00000000ef000000,0x00000000ef000000,0x00000000ef500000)
 ParOldGen       total 86016K, used 944K [0x00000000c0000000, 0x00000000c5400000, 0x00000000eab00000)
  object space 86016K, 1% used [0x00000000c0000000,0x00000000c00ec010,0x00000000c5400000)
 Metaspace       used 5932K, capacity 6832K, committed 7040K, reserved 1056768K
  class space    used 598K, capacity 616K, committed 640K, reserved 1048576K
}
Event: 0.738 GC heap before
{Heap before GC invocations=2 (full 0):
 PSYoungGen      total 37888K, used 37873K [0x00000000eab00000, 0x00000000ef500000, 0x0000000100000000)
  eden space 32768K, 100% used [0x00000000eab00000,0x00000000ecb00000,0x00000000ecb00000)
  from space 5120K, 99% used [0x00000000ecb00000,0x00000000ecffc718,0x00000000ed000000)
  to   space 5120K, 0% used [0x00000000ef000000,0x00000000ef000000,0x00000000ef500000)
 ParOldGen       total 86016K, used 944K [0x00000000c0000000, 0x00000000c5400000, 0x00000000eab00000)
  object space 86016K, 1% used [0x00000000c0000000,0x00000000c00ec010,0x00000000c5400000)
 Metaspace       used 6111K, capacity 7026K, committed 7296K, reserved 1056768K
  class space    used 599K, capacity 618K, committed 640K, reserved 1048576K
Event: 0.747 GC heap after
Heap after GC invocations=2 (full 0):
 PSYoungGen      total 70656K, used 5116K [0x00000000eab00000, 0x00000000ef500000, 0x0000000100000000)
  eden space 65536K, 0% used [0x00000000eab00000,0x00000000eab00000,0x00000000eeb00000)
  from space 5120K, 99% used [0x00000000ef000000,0x00000000ef4ff268,0x00000000ef500000)
  to   space 5120K, 0% used [0x00000000eeb00000,0x00000000eeb00000,0x00000000ef000000)
 ParOldGen       total 86016K, used 3876K [0x00000000c0000000, 0x00000000c5400000, 0x00000000eab00000)
  object space 86016K, 4% used [0x00000000c0000000,0x00000000c03c91a8,0x00000000c5400000)
 Metaspace       used 6111K, capacity 7026K, committed 7296K, reserved 1056768K
  class space    used 599K, capacity 618K, committed 640K, reserved 1048576K
}

Deoptimization events (10 events):
Event: 0.767 Thread 0x000000000251d800 Uncommon trap: reason=unstable_if action=reinterpret pc=0x0000000002bb5fbc method=com.android.dx.util.IntList.binarysearch(I)I @ 105
Event: 0.790 Thread 0x000000000251d800 Uncommon trap: reason=unstable_if action=reinterpret pc=0x00000000029eb544 method=com.android.dx.rop.code.RegisterSpec.equals(ILcom/android/dx/rop/type/TypeBearer;Lcom/android/dx/rop/code/LocalItem;)Z @ 42
Event: 0.857 Thread 0x0000000016a2c000 Uncommon trap: reason=unstable_if action=reinterpret pc=0x0000000002a3b964 method=com.android.dx.rop.code.RegisterSpecSet.put(Lcom/android/dx/rop/code/RegisterSpec;)V @ 77
Event: 0.875 Thread 0x0000000016a2c000 Uncommon trap: reason=bimorphic action=maybe_recompile pc=0x00000000029d3a68 method=java.util.HashMap.getNode(ILjava/lang/Object;)Ljava/util/HashMap$Node; @ 126
Event: 0.875 Thread 0x0000000016a2c000 Uncommon trap: reason=class_check action=maybe_recompile pc=0x0000000002bdc900 method=java.util.HashMap.putVal(ILjava/lang/Object;Ljava/lang/Object;ZZ)Ljava/lang/Object; @ 203
Event: 0.875 Thread 0x0000000016a2c000 Uncommon trap: reason=bimorphic action=maybe_recompile pc=0x00000000029d3a68 method=java.util.HashMap.getNode(ILjava/lang/Object;)Ljava/util/HashMap$Node; @ 126
Event: 0.875 Thread 0x0000000016a2c000 Uncommon trap: reason=class_check action=maybe_recompile pc=0x0000000002bdc900 method=java.util.HashMap.putVal(ILjava/lang/Object;Ljava/lang/Object;ZZ)Ljava/lang/Object; @ 203
Event: 0.875 Thread 0x0000000016a2c000 Uncommon trap: reason=bimorphic action=maybe_recompile pc=0x00000000029d3a68 method=java.util.HashMap.getNode(ILjava/lang/Object;)Ljava/util/HashMap$Node; @ 126
Event: 0.875 Thread 0x0000000016a2c000 Uncommon trap: reason=bimorphic action=maybe_recompile pc=0x00000000029d3a68 method=java.util.HashMap.getNode(ILjava/lang/Object;)Ljava/util/HashMap$Node; @ 126
Event: 0.875 Thread 0x0000000016a2c000 Uncommon trap: reason=class_check action=maybe_recompile pc=0x0000000002bdc900 method=java.util.HashMap.putVal(ILjava/lang/Object;Ljava/lang/Object;ZZ)Ljava/lang/Object; @ 203

Internal exceptions (2 events):
Event: 0.094 Thread 0x000000000251d800 Exception <a 'java/lang/NoSuchMethodError': Method sun.misc.Unsafe.defineClass(Ljava/lang/String;[BII)Ljava/lang/Class; name or signature does not match> (0x00000000eab07cc0) thrown at [C:\re\workspace\8-2-build-windows-amd64-cygwin\jdk8u101\7261\hotspot\s@°Jf§*¸?
Event: 0.094 Thread 0x000000000251d800 Exception <a 'java/lang/NoSuchMethodError': Method sun.misc.Unsafe.prefetchRead(Ljava/lang/Object;J)V name or signature does not match> (0x00000000eab07fa8) thrown at [C:\re\workspace\8-2-build-windows-amd64-cygwin\jdk8u101\7261\hotspot\src\share\vm\prims\

Events (10 events):
Event: 0.875 Thread 0x0000000016a2c000 DEOPT PACKING pc=0x0000000002bdc900 sp=0x0000000016ebe640
Event: 0.875 Thread 0x0000000016a2c000 DEOPT UNPACKING pc=0x000000000279582a sp=0x0000000016ebe5c8 mode 2
Event: 0.893 Thread 0x0000000016b32800 DEOPT PACKING pc=0x0000000002a6971b sp=0x00000000170bebd0
Event: 0.893 Thread 0x0000000016b32800 DEOPT UNPACKING pc=0x000000000279787f sp=0x00000000170be998 mode 0
Event: 0.903 loading class com/android/dx/cf/attrib/AttExceptions
Event: 0.903 loading class com/android/dx/cf/attrib/AttExceptions done
Event: 0.950 Thread 0x0000000016a2c000 DEOPT PACKING pc=0x0000000002b15aed sp=0x0000000016ebe790
Event: 0.950 Thread 0x0000000016a2c000 DEOPT UNPACKING pc=0x000000000279787f sp=0x0000000016ebe528 mode 0
Event: 0.959 Thread 0x0000000016b32800 DEOPT PACKING pc=0x0000000002b15aed sp=0x00000000170bed40
Event: 0.959 Thread 0x0000000016b32800 DEOPT UNPACKING pc=0x000000000279787f sp=0x00000000170bead8 mode 0


Dynamic libraries:
0x00007ff7fdab0000 - 0x00007ff7fdae7000 	C:\Program Files\Java\jdk1.8.0_101\bin\java.exe
0x00007ff9ec780000 - 0x00007ff9ec951000 	C:\WINDOWS\SYSTEM32\ntdll.dll
0x00007ff9e9d10000 - 0x00007ff9e9dbb000 	C:\WINDOWS\System32\KERNEL32.DLL
0x00007ff9e9220000 - 0x00007ff9e943d000 	C:\WINDOWS\System32\KERNELBASE.dll
0x00007ff9ea360000 - 0x00007ff9ea402000 	C:\WINDOWS\System32\ADVAPI32.dll
0x00007ff9eb020000 - 0x00007ff9eb0be000 	C:\WINDOWS\System32\msvcrt.dll
0x00007ff9ea9a0000 - 0x00007ff9ea9f9000 	C:\WINDOWS\System32\sechost.dll
0x00007ff9ea230000 - 0x00007ff9ea351000 	C:\WINDOWS\System32\RPCRT4.dll
0x00007ff9ec610000 - 0x00007ff9ec775000 	C:\WINDOWS\System32\USER32.dll
0x00007ff9e9cf0000 - 0x00007ff9e9d0e000 	C:\WINDOWS\System32\win32u.dll
0x00007ff9ec5d0000 - 0x00007ff9ec604000 	C:\WINDOWS\System32\GDI32.dll
0x00007ff9e8d80000 - 0x00007ff9e8f02000 	C:\WINDOWS\System32\gdi32full.dll
0x00007ff9e0800000 - 0x00007ff9e0a79000 	C:\WINDOWS\WinSxS\amd64_microsoft.windows.common-controls_6595b64144ccf1df_6.0.14393.0_none_2d0f50fcbdb171b8\COMCTL32.dll
0x00007ff9e9e60000 - 0x00007ff9ea127000 	C:\WINDOWS\System32\combase.dll
0x00007ff9e8f10000 - 0x00007ff9e9005000 	C:\WINDOWS\System32\ucrtbase.dll
0x00007ff9e8d10000 - 0x00007ff9e8d7a000 	C:\WINDOWS\System32\bcryptPrimitives.dll
0x00007ff9eae40000 - 0x00007ff9eae6e000 	C:\WINDOWS\System32\IMM32.DLL
0x0000000057cb0000 - 0x0000000057d82000 	C:\Program Files\Java\jdk1.8.0_101\jre\bin\msvcr100.dll
0x00000000580e0000 - 0x000000005897a000 	C:\Program Files\Java\jdk1.8.0_101\jre\bin\server\jvm.dll
0x00007ff9eaa00000 - 0x00007ff9eaa08000 	C:\WINDOWS\System32\PSAPI.DLL
0x00007ff9e5bd0000 - 0x00007ff9e5bd9000 	C:\WINDOWS\SYSTEM32\WSOCK32.dll
0x00007ff9ea560000 - 0x00007ff9ea5ca000 	C:\WINDOWS\System32\WS2_32.dll
0x00007ff9e6c80000 - 0x00007ff9e6ca3000 	C:\WINDOWS\SYSTEM32\WINMM.dll
0x00007ff9e4320000 - 0x00007ff9e432a000 	C:\WINDOWS\SYSTEM32\VERSION.dll
0x00007ff9e6c30000 - 0x00007ff9e6c5b000 	C:\WINDOWS\SYSTEM32\WINMMBASE.dll
0x00007ff9e9010000 - 0x00007ff9e9052000 	C:\WINDOWS\System32\cfgmgr32.dll
0x00000000593e0000 - 0x00000000593ef000 	C:\Program Files\Java\jdk1.8.0_101\jre\bin\verify.dll
0x00000000593b0000 - 0x00000000593d9000 	C:\Program Files\Java\jdk1.8.0_101\jre\bin\java.dll
0x0000000059390000 - 0x00000000593a6000 	C:\Program Files\Java\jdk1.8.0_101\jre\bin\zip.dll
0x00007ff9eb0c0000 - 0x00007ff9ec5c8000 	C:\WINDOWS\System32\SHELL32.dll
0x00007ff9e9610000 - 0x00007ff9e9cea000 	C:\WINDOWS\System32\windows.storage.dll
0x00007ff9e8c10000 - 0x00007ff9e8c5c000 	C:\WINDOWS\System32\powrprof.dll
0x00007ff9ea940000 - 0x00007ff9ea992000 	C:\WINDOWS\System32\shlwapi.dll
0x00007ff9e8c60000 - 0x00007ff9e8c6f000 	C:\WINDOWS\System32\kernel.appcore.dll
0x00007ff9e9110000 - 0x00007ff9e91b9000 	C:\WINDOWS\System32\shcore.dll
0x00007ff9e8bf0000 - 0x00007ff9e8c04000 	C:\WINDOWS\System32\profapi.dll

VM Arguments:
jvm_args: -Djava.awt.headless=true -Xmx1024M -Dfile.encoding=windows-1252 -Duser.country=MX -Duser.language=es -Duser.variant 
java_command: com.android.dx.command.Main --dex --force-jumbo --num-threads=4 --multi-dex --output O:\Android\VentaenRuta2016\app\build\intermediates\transforms\dex\debug\folders\1000\10\support-v4-19.1.0_db97dcaea88e3b160b088095b51847c51f01755d C:\Users\mario\AppData\Local\Android\sdk\extras\android\m2repository\com\android\support\support-v4\19.1.0\support-v4-19.1.0.jar
java_class_path (initial): C:\Users\mario\AppData\Local\Android\sdk\build-tools\24.0.2\lib\dx.jar
Launcher Type: SUN_STANDARD

Environment Variables:
PATH=C:\ProgramData\Oracle\Java\javapath;C:\Program Files (x86)\Intel\iCLS Client\;C:\Program Files\Intel\iCLS Client\;C:\Windows\system32;C:\Windows;C:\Windows\System32\Wbem;C:\Windows\System32\WindowsPowerShell\v1.0\;C:\Program Files (x86)\NVIDIA Corporation\PhysX\Common;C:\Program Files (x86)\Intel\Intel(R) Management Engine Components\DAL;C:\Program Files\Intel\Intel(R) Management Engine Components\DAL;C:\Program Files (x86)\Intel\Intel(R) Management Engine Components\IPT;C:\Program Files\Intel\Intel(R) Management Engine Components\IPT;C:\WINDOWS\system32;C:\WINDOWS;C:\WINDOWS\System32\Wbem;C:\WINDOWS\System32\WindowsPowerShell\v1.0\;C:\WINDOWS\system32\config\systemprofile\.dnx\bin;C:\Program Files\Microsoft DNX\Dnvm\;C:\Program Files (x86)\Windows Kits\10\Windows Performance Toolkit\;C:\Program Files\Git\cmd;C:\Program Files\Microsoft SQL Server\130\Tools\Binn\;C:\Program Files\Microsoft\Web Platform Installer\;C:\Program Files (x86)\nodejs\;C:\Users\mario\AppData\Roaming\npm;%USERPROFILE%\AppData\Local\Microsoft\WindowsApps;
USERNAME=mario
OS=Windows_NT
PROCESSOR_IDENTIFIER=Intel64 Family 6 Model 94 Stepping 3, GenuineIntel



---------------  S Y S T E M  ---------------

OS: Windows 10.0 , 64 bit Build 14393 (10.0.14393.0)

CPU:total 4 (4 cores per cpu, 1 threads per core) family 6 model 94 stepping 3, cmov, cx8, fxsr, mmx, sse, sse2, sse3, ssse3, sse4.1, sse4.2, popcnt, avx, avx2, aes, clmul, erms, rtm, 3dnowpref, lzcnt, tsc, tscinvbit, bmi1, bmi2, adx

Memory: 4k page, physical 8245152k(1845124k free), swap 8245152k(5284k free)

vm_info: Java HotSpot(TM) 64-Bit Server VM (25.101-b13) for windows-amd64 JRE (1.8.0_101-b13), built on Jun 22 2016 01:21:29 by "java_re" with MS VC++ 10.0 (VS2010)

time: Wed Oct 26 20:59:35 2016
elapsed time: 1 seconds (0d 0h 0m 1s)

