#
# There is insufficient memory for the Java Runtime Environment to continue.
# Native memory allocation (malloc) failed to allocate 503936 bytes for Chunk::new
# Possible reasons:
#   The system is out of physical RAM or swap space
#   In 32 bit mode, the process size limit was hit
# Possible solutions:
#   Reduce memory load on the system
#   Increase physical memory or swap space
#   Check if swap backing store is full
#   Use 64 bit Java on a 64 bit OS
#   Decrease Java heap size (-Xmx/-Xms)
#   Decrease number of Java threads
#   Decrease Java thread stack sizes (-Xss)
#   Set larger code cache with -XX:ReservedCodeCacheSize=
# This output file may be truncated or incomplete.
#
#  Out of Memory Error (allocation.cpp:390), pid=5060, tid=0x000000000000301c
#
# JRE version: Java(TM) SE Runtime Environment (8.0_101-b13) (build 1.8.0_101-b13)
# Java VM: Java HotSpot(TM) 64-Bit Server VM (25.101-b13 mixed mode windows-amd64 compressed oops)
# Failed to write core dump. Minidumps are not enabled by default on client versions of Windows
#

---------------  T H R E A D  ---------------

Current thread (0x0000000014bca800):  JavaThread "C2 CompilerThread1" daemon [_thread_in_native, id=12316, stack(0x0000000016440000,0x0000000016540000)]

Stack: [0x0000000016440000,0x0000000016540000]
[error occurred during error reporting (printing stack bounds), id 0xc0000005]

Native frames: (J=compiled Java code, j=interpreted, Vv=VM code, C=native code)


Current CompileTask:
C2:   4608 1791       4       com.android.dx.dex.code.OutputFinisher::addConstants (93 bytes)


---------------  P R O C E S S  ---------------

Java Threads: ( => current thread )
  0x000000001771c000 JavaThread "pool-1-thread-1" [_thread_in_Java, id=7712, stack(0x0000000018910000,0x0000000018a10000)]
  0x0000000014c2d000 JavaThread "Service Thread" daemon [_thread_blocked, id=8496, stack(0x0000000016a40000,0x0000000016b40000)]
  0x0000000016550800 JavaThread "C1 CompilerThread2" daemon [_thread_blocked, id=6096, stack(0x0000000016940000,0x0000000016a40000)]
=>0x0000000014bca800 JavaThread "C2 CompilerThread1" daemon [_thread_in_native, id=12316, stack(0x0000000016440000,0x0000000016540000)]
  0x0000000014bd9800 JavaThread "C2 CompilerThread0" daemon [_thread_in_native, id=8400, stack(0x0000000016340000,0x0000000016440000)]
  0x0000000014bd7800 JavaThread "Attach Listener" daemon [_thread_blocked, id=11808, stack(0x0000000016240000,0x0000000016340000)]
  0x0000000014bd6000 JavaThread "Signal Dispatcher" daemon [_thread_blocked, id=4232, stack(0x0000000016140000,0x0000000016240000)]
  0x0000000014bba800 JavaThread "Finalizer" daemon [_thread_blocked, id=7708, stack(0x0000000015e30000,0x0000000015f30000)]
  0x0000000014b99000 JavaThread "Reference Handler" daemon [_thread_blocked, id=9084, stack(0x0000000015d30000,0x0000000015e30000)]
  0x0000000000cbd800 JavaThread "main" [_thread_blocked, id=3572, stack(0x0000000000bb0000,0x0000000000cb0000)]

Other Threads:
  0x0000000014b97000 VMThread [stack: 0x0000000015c30000,0x0000000015d30000] [id=12012]
  0x000000001655c000 WatcherThread [stack: 0x0000000016b40000,0x0000000016c40000] [id=11640]

VM state:not at safepoint (normal execution)

VM Mutex/Monitor currently owned by a thread: None

Heap:
 PSYoungGen      total 37888K, used 34399K [0x00000000eab00000, 0x00000000ed500000, 0x0000000100000000)
  eden space 32768K, 89% used [0x00000000eab00000,0x00000000ec79a0f0,0x00000000ecb00000)
  from space 5120K, 99% used [0x00000000ed000000,0x00000000ed4fdc88,0x00000000ed500000)
  to   space 5120K, 0% used [0x00000000ecb00000,0x00000000ecb00000,0x00000000ed000000)
 ParOldGen       total 86016K, used 5813K [0x00000000c0000000, 0x00000000c5400000, 0x00000000eab00000)
  object space 86016K, 6% used [0x00000000c0000000,0x00000000c05ad678,0x00000000c5400000)
 Metaspace       used 6337K, capacity 7160K, committed 7296K, reserved 1056768K
  class space    used 608K, capacity 624K, committed 640K, reserved 1048576K

Card table byte_map: [0x00000000118c0000,0x0000000011ad0000] byte_map_base: 0x00000000112c0000

Marking Bits: (ParMarkBitMap*) 0x0000000067f0a6d0
 Begin Bits: [0x0000000012030000, 0x0000000013030000)
 End Bits:   [0x0000000013030000, 0x0000000014030000)

Polling page: 0x0000000000810000

CodeCache: size=245760Kb used=7321Kb max_used=7334Kb free=238438Kb
 bounds [0x0000000002500000, 0x0000000002c40000, 0x0000000011500000]
 total_blobs=2030 nmethods=1760 adapters=182
 compilation: enabled

Compilation events (10 events):
Event: 4.562 Thread 0x0000000014bca800 nmethod 1786 0x0000000002c2a4d0 code [0x0000000002c2a600, 0x0000000002c2a738]
Event: 4.562 Thread 0x0000000016550800 1787   !   3       com.android.dx.rop.cst.CstType::intern (48 bytes)
Event: 4.563 Thread 0x0000000016550800 nmethod 1787 0x0000000002c2c050 code [0x0000000002c2c260, 0x0000000002c2ce88]
Event: 4.564 Thread 0x0000000014bca800 1788       4       java.util.HashMap::putVal (300 bytes)
Event: 4.571 Thread 0x0000000014bca800 nmethod 1788 0x0000000002c295d0 code [0x0000000002c29780, 0x0000000002c29ee8]
Event: 4.571 Thread 0x0000000014bca800 1789       4       java.util.HashMap::hash (20 bytes)
Event: 4.572 Thread 0x0000000014bca800 nmethod 1789 0x0000000002c27290 code [0x0000000002c273e0, 0x0000000002c27498]
Event: 4.572 Thread 0x0000000014bca800 1790       4       java.util.HashMap::put (13 bytes)
Event: 4.579 Thread 0x0000000014bca800 nmethod 1790 0x0000000002c2e350 code [0x0000000002c2e500, 0x0000000002c2ece8]
Event: 4.580 Thread 0x0000000014bca800 1791       4       com.android.dx.dex.code.OutputFinisher::addConstants (93 bytes)

GC Heap History (4 events):
Event: 2.249 GC heap before
{Heap before GC invocations=1 (full 0):
 PSYoungGen      total 37888K, used 32768K [0x00000000eab00000, 0x00000000ed500000, 0x0000000100000000)
  eden space 32768K, 100% used [0x00000000eab00000,0x00000000ecb00000,0x00000000ecb00000)
  from space 5120K, 0% used [0x00000000ed000000,0x00000000ed000000,0x00000000ed500000)
  to   space 5120K, 0% used [0x00000000ecb00000,0x00000000ecb00000,0x00000000ed000000)
 ParOldGen       total 86016K, used 0K [0x00000000c0000000, 0x00000000c5400000, 0x00000000eab00000)
  object space 86016K, 0% used [0x00000000c0000000,0x00000000c0000000,0x00000000c5400000)
 Metaspace       used 6052K, capacity 6962K, committed 7040K, reserved 1056768K
  class space    used 599K, capacity 618K, committed 640K, reserved 1048576K
Event: 2.498 GC heap after
Heap after GC invocations=1 (full 0):
 PSYoungGen      total 37888K, used 5098K [0x00000000eab00000, 0x00000000ed500000, 0x0000000100000000)
  eden space 32768K, 0% used [0x00000000eab00000,0x00000000eab00000,0x00000000ecb00000)
  from space 5120K, 99% used [0x00000000ecb00000,0x00000000ecffaab8,0x00000000ed000000)
  to   space 5120K, 0% used [0x00000000ed000000,0x00000000ed000000,0x00000000ed500000)
 ParOldGen       total 86016K, used 1321K [0x00000000c0000000, 0x00000000c5400000, 0x00000000eab00000)
  object space 86016K, 1% used [0x00000000c0000000,0x00000000c014a4b8,0x00000000c5400000)
 Metaspace       used 6052K, capacity 6962K, committed 7040K, reserved 1056768K
  class space    used 599K, capacity 618K, committed 640K, reserved 1048576K
}
Event: 3.210 GC heap before
{Heap before GC invocations=2 (full 0):
 PSYoungGen      total 37888K, used 37866K [0x00000000eab00000, 0x00000000ed500000, 0x0000000100000000)
  eden space 32768K, 100% used [0x00000000eab00000,0x00000000ecb00000,0x00000000ecb00000)
  from space 5120K, 99% used [0x00000000ecb00000,0x00000000ecffaab8,0x00000000ed000000)
  to   space 5120K, 0% used [0x00000000ed000000,0x00000000ed000000,0x00000000ed500000)
 ParOldGen       total 86016K, used 1321K [0x00000000c0000000, 0x00000000c5400000, 0x00000000eab00000)
  object space 86016K, 1% used [0x00000000c0000000,0x00000000c014a4b8,0x00000000c5400000)
 Metaspace       used 6205K, capacity 7090K, committed 7296K, reserved 1056768K
  class space    used 600K, capacity 618K, committed 640K, reserved 1048576K
Event: 3.522 GC heap after
Heap after GC invocations=2 (full 0):
 PSYoungGen      total 37888K, used 5111K [0x00000000eab00000, 0x00000000ed500000, 0x0000000100000000)
  eden space 32768K, 0% used [0x00000000eab00000,0x00000000eab00000,0x00000000ecb00000)
  from space 5120K, 99% used [0x00000000ed000000,0x00000000ed4fdc88,0x00000000ed500000)
  to   space 5120K, 0% used [0x00000000ecb00000,0x00000000ecb00000,0x00000000ed000000)
 ParOldGen       total 86016K, used 5813K [0x00000000c0000000, 0x00000000c5400000, 0x00000000eab00000)
  object space 86016K, 6% used [0x00000000c0000000,0x00000000c05ad678,0x00000000c5400000)
 Metaspace       used 6205K, capacity 7090K, committed 7296K, reserved 1056768K
  class space    used 600K, capacity 618K, committed 640K, reserved 1048576K
}

Deoptimization events (10 events):
Event: 4.452 Thread 0x000000001771c000 Uncommon trap: reason=class_check action=maybe_recompile pc=0x00000000029275e8 method=java.util.Arrays.hashCode([Ljava/lang/Object;)I @ 43
Event: 4.483 Thread 0x000000001771c000 Uncommon trap: reason=bimorphic action=maybe_recompile pc=0x000000000273a758 method=java.util.HashMap.getNode(ILjava/lang/Object;)Ljava/util/HashMap$Node; @ 126
Event: 4.483 Thread 0x000000001771c000 Uncommon trap: reason=class_check action=maybe_recompile pc=0x0000000002ae3edc method=java.util.HashMap.putVal(ILjava/lang/Object;Ljava/lang/Object;ZZ)Ljava/lang/Object; @ 203
Event: 4.483 Thread 0x000000001771c000 Uncommon trap: reason=bimorphic action=maybe_recompile pc=0x000000000273a758 method=java.util.HashMap.getNode(ILjava/lang/Object;)Ljava/util/HashMap$Node; @ 126
Event: 4.483 Thread 0x000000001771c000 Uncommon trap: reason=bimorphic action=maybe_recompile pc=0x000000000273a758 method=java.util.HashMap.getNode(ILjava/lang/Object;)Ljava/util/HashMap$Node; @ 126
Event: 4.490 Thread 0x000000001771c000 Uncommon trap: reason=bimorphic action=maybe_recompile pc=0x000000000273a758 method=java.util.HashMap.getNode(ILjava/lang/Object;)Ljava/util/HashMap$Node; @ 126
Event: 4.563 Thread 0x000000001771c000 Uncommon trap: reason=class_check action=maybe_recompile pc=0x0000000002ae3edc method=java.util.HashMap.putVal(ILjava/lang/Object;Ljava/lang/Object;ZZ)Ljava/lang/Object; @ 203
Event: 4.563 Thread 0x000000001771c000 Uncommon trap: reason=class_check action=maybe_recompile pc=0x0000000002ae3edc method=java.util.HashMap.putVal(ILjava/lang/Object;Ljava/lang/Object;ZZ)Ljava/lang/Object; @ 203
Event: 4.563 Thread 0x000000001771c000 Uncommon trap: reason=class_check action=maybe_recompile pc=0x0000000002ae3edc method=java.util.HashMap.putVal(ILjava/lang/Object;Ljava/lang/Object;ZZ)Ljava/lang/Object; @ 203
Event: 4.563 Thread 0x000000001771c000 Uncommon trap: reason=class_check action=maybe_recompile pc=0x0000000002ae2e9c method=java.util.HashMap.putVal(ILjava/lang/Object;Ljava/lang/Object;ZZ)Ljava/lang/Object; @ 203

Internal exceptions (4 events):
Event: 0.053 Thread 0x0000000000cbd800 Exception <a 'java/lang/NoSuchMethodError': Method sun.misc.Unsafe.defineClass(Ljava/lang/String;[BII)Ljava/lang/Class; name or signature does not match> (0x00000000eab07cc0) thrown at [C:\re\workspace\8-2-build-windows-amd64-cygwin\jdk8u101\7261\hotspot\sywOt´?
Event: 0.053 Thread 0x0000000000cbd800 Exception <a 'java/lang/NoSuchMethodError': Method sun.misc.Unsafe.prefetchRead(Ljava/lang/Object;J)V name or signature does not match> (0x00000000eab07fa8) thrown at [C:\re\workspace\8-2-build-windows-amd64-cygwin\jdk8u101\7261\hotspot\src\share\vm\prims\qÛj‚Å@
Event: 2.188 Thread 0x00000000167af800 Implicit null exception at 0x00000000027d4d12 to 0x00000000027d672d
Event: 3.603 Thread 0x00000000167b3000 Implicit null exception at 0x0000000002ae9907 to 0x0000000002aeb08d

Events (10 events):
Event: 4.563 Thread 0x000000001771c000 DEOPT UNPACKING pc=0x000000000254582a sp=0x0000000018a0ea00 mode 2
Event: 4.563 Thread 0x000000001771c000 Uncommon trap: trap_request=0xffffffde fr.pc=0x0000000002ae3edc
Event: 4.563 Thread 0x000000001771c000 DEOPT PACKING pc=0x0000000002ae3edc sp=0x0000000018a0eaf0
Event: 4.563 Thread 0x000000001771c000 DEOPT UNPACKING pc=0x000000000254582a sp=0x0000000018a0ea00 mode 2
Event: 4.563 Thread 0x000000001771c000 Uncommon trap: trap_request=0xffffffde fr.pc=0x0000000002ae3edc
Event: 4.563 Thread 0x000000001771c000 DEOPT PACKING pc=0x0000000002ae3edc sp=0x0000000018a0eaf0
Event: 4.563 Thread 0x000000001771c000 DEOPT UNPACKING pc=0x000000000254582a sp=0x0000000018a0ea00 mode 2
Event: 4.563 Thread 0x000000001771c000 Uncommon trap: trap_request=0xffffffde fr.pc=0x0000000002ae2e9c
Event: 4.563 Thread 0x000000001771c000 DEOPT PACKING pc=0x0000000002ae2e9c sp=0x0000000018a0ea40
Event: 4.563 Thread 0x000000001771c000 DEOPT UNPACKING pc=0x000000000254582a sp=0x0000000018a0e9f8 mode 2


Dynamic libraries:
0x00007ff605890000 - 0x00007ff6058c7000 	C:\Program Files\Java\jdk1.8.0_101\bin\java.exe
0x00007ffab0db0000 - 0x00007ffab0f81000 	C:\WINDOWS\SYSTEM32\ntdll.dll
0x00007ffab0c90000 - 0x00007ffab0d3b000 	C:\WINDOWS\System32\KERNEL32.DLL
0x00007ffaadac0000 - 0x00007ffaadcdd000 	C:\WINDOWS\System32\KERNELBASE.dll
0x00007ffaaed10000 - 0x00007ffaaedb2000 	C:\WINDOWS\System32\ADVAPI32.dll
0x00007ffaaeb00000 - 0x00007ffaaeb9e000 	C:\WINDOWS\System32\msvcrt.dll
0x00007ffaaf2f0000 - 0x00007ffaaf349000 	C:\WINDOWS\System32\sechost.dll
0x00007ffaaf350000 - 0x00007ffaaf471000 	C:\WINDOWS\System32\RPCRT4.dll
0x00007ffaaeba0000 - 0x00007ffaaed05000 	C:\WINDOWS\System32\USER32.dll
0x00007ffaad980000 - 0x00007ffaad99e000 	C:\WINDOWS\System32\win32u.dll
0x00007ffab0c50000 - 0x00007ffab0c84000 	C:\WINDOWS\System32\GDI32.dll
0x00007ffaadd80000 - 0x00007ffaadf02000 	C:\WINDOWS\System32\gdi32full.dll
0x00007ffaa4ad0000 - 0x00007ffaa4d49000 	C:\WINDOWS\WinSxS\amd64_microsoft.windows.common-controls_6595b64144ccf1df_6.0.14393.0_none_2d0f50fcbdb171b8\COMCTL32.dll
0x00007ffaae340000 - 0x00007ffaae607000 	C:\WINDOWS\System32\combase.dll
0x00007ffaadf70000 - 0x00007ffaae065000 	C:\WINDOWS\System32\ucrtbase.dll
0x00007ffaada50000 - 0x00007ffaadaba000 	C:\WINDOWS\System32\bcryptPrimitives.dll
0x00007ffaaf2c0000 - 0x00007ffaaf2ee000 	C:\WINDOWS\System32\IMM32.DLL
0x00000000670e0000 - 0x00000000671b2000 	C:\Program Files\Java\jdk1.8.0_101\jre\bin\msvcr100.dll
0x00000000676f0000 - 0x0000000067f8a000 	C:\Program Files\Java\jdk1.8.0_101\jre\bin\server\jvm.dll
0x00007ffaae7d0000 - 0x00007ffaae7d8000 	C:\WINDOWS\System32\PSAPI.DLL
0x00007ffaa6b70000 - 0x00007ffaa6b79000 	C:\WINDOWS\SYSTEM32\WSOCK32.dll
0x00007ffab0aa0000 - 0x00007ffab0b0a000 	C:\WINDOWS\System32\WS2_32.dll
0x00007ffaab230000 - 0x00007ffaab253000 	C:\WINDOWS\SYSTEM32\WINMM.dll
0x00007ffaab1d0000 - 0x00007ffaab1fb000 	C:\WINDOWS\SYSTEM32\WINMMBASE.dll
0x00007ffaa8fe0000 - 0x00007ffaa8fea000 	C:\WINDOWS\SYSTEM32\VERSION.dll
0x00007ffaae120000 - 0x00007ffaae162000 	C:\WINDOWS\System32\cfgmgr32.dll
0x00000000689d0000 - 0x00000000689df000 	C:\Program Files\Java\jdk1.8.0_101\jre\bin\verify.dll
0x00000000689a0000 - 0x00000000689c9000 	C:\Program Files\Java\jdk1.8.0_101\jre\bin\java.dll
0x0000000068980000 - 0x0000000068996000 	C:\Program Files\Java\jdk1.8.0_101\jre\bin\zip.dll
0x00007ffaaf480000 - 0x00007ffab0988000 	C:\WINDOWS\System32\SHELL32.dll
0x00007ffaad2a0000 - 0x00007ffaad97a000 	C:\WINDOWS\System32\windows.storage.dll
0x00007ffaad250000 - 0x00007ffaad29c000 	C:\WINDOWS\System32\powrprof.dll
0x00007ffab0a40000 - 0x00007ffab0a92000 	C:\WINDOWS\System32\shlwapi.dll
0x00007ffaad230000 - 0x00007ffaad23f000 	C:\WINDOWS\System32\kernel.appcore.dll
0x00007ffaad9a0000 - 0x00007ffaada49000 	C:\WINDOWS\System32\shcore.dll
0x00007ffaad210000 - 0x00007ffaad224000 	C:\WINDOWS\System32\profapi.dll

VM Arguments:
jvm_args: -Djava.awt.headless=true -Xmx1024M -Dfile.encoding=windows-1252 -Duser.country=MX -Duser.language=es -Duser.variant 
java_command: com.android.dx.command.Main --dex --force-jumbo --num-threads=4 --multi-dex --output O:\Android\VentaenRuta2016\app\build\intermediates\transforms\dex\debug\folders\1000\10\gson-2.1_e21c6a1620782f3787d71ba9009d38af17c040c4 C:\Users\mario\.gradle\caches\modules-2\files-2.1\com.google.code.gson\gson\2.1\2e66da15851f9f5b5079228f856c2f090ba98c38\gson-2.1.jar
java_class_path (initial): C:\Users\mario\AppData\Local\Android\sdk\build-tools\24.0.2\lib\dx.jar
Launcher Type: SUN_STANDARD

Environment Variables:
PATH=C:\ProgramData\Oracle\Java\javapath;C:\Program Files (x86)\Intel\iCLS Client\;C:\Program Files\Intel\iCLS Client\;C:\Windows\system32;C:\Windows;C:\Windows\System32\Wbem;C:\Windows\System32\WindowsPowerShell\v1.0\;C:\Program Files (x86)\NVIDIA Corporation\PhysX\Common;C:\Program Files (x86)\Intel\Intel(R) Management Engine Components\DAL;C:\Program Files\Intel\Intel(R) Management Engine Components\DAL;C:\Program Files (x86)\Intel\Intel(R) Management Engine Components\IPT;C:\Program Files\Intel\Intel(R) Management Engine Components\IPT;C:\WINDOWS\system32;C:\WINDOWS;C:\WINDOWS\System32\Wbem;C:\WINDOWS\System32\WindowsPowerShell\v1.0\;C:\Users\mario\.dnx\bin;C:\Program Files\Microsoft DNX\Dnvm\;C:\Program Files (x86)\Windows Kits\10\Windows Performance Toolkit\;C:\Program Files\Git\cmd;C:\Program Files\Microsoft SQL Server\130\Tools\Binn\;C:\Program Files\Microsoft\Web Platform Installer\;C:\Program Files (x86)\nodejs\;C:\Users\mario\AppData\Roaming\npm;%USERPROFILE%\AppData\Local\Microsoft\WindowsApps;
USERNAME=mario
OS=Windows_NT
PROCESSOR_IDENTIFIER=Intel64 Family 6 Model 94 Stepping 3, GenuineIntel



---------------  S Y S T E M  ---------------

OS: Windows 10.0 , 64 bit Build 14393 (10.0.14393.0)

CPU:total 4 (4 cores per cpu, 1 threads per core) family 6 model 94 stepping 3, cmov, cx8, fxsr, mmx, sse, sse2, sse3, ssse3, sse4.1, sse4.2, popcnt, avx, avx2, aes, clmul, erms, rtm, 3dnowpref, lzcnt, tsc, tscinvbit, bmi1, bmi2, adx

Memory: 4k page, physical 8245152k(1152068k free), swap 10192800k(5360k free)

vm_info: Java HotSpot(TM) 64-Bit Server VM (25.101-b13) for windows-amd64 JRE (1.8.0_101-b13), built on Jun 22 2016 01:21:29 by "java_re" with MS VC++ 10.0 (VS2010)

time: Mon Oct 03 02:31:23 2016
elapsed time: 4 seconds (0d 0h 0m 4s)

