#
# There is insufficient memory for the Java Runtime Environment to continue.
# Native memory allocation (malloc) failed to allocate 138784 bytes for Chunk::new
# Possible reasons:
#   The system is out of physical RAM or swap space
#   In 32 bit mode, the process size limit was hit
# Possible solutions:
#   Reduce memory load on the system
#   Increase physical memory or swap space
#   Check if swap backing store is full
#   Use 64 bit Java on a 64 bit OS
#   Decrease Java heap size (-Xmx/-Xms)
#   Decrease number of Java threads
#   Decrease Java thread stack sizes (-Xss)
#   Set larger code cache with -XX:ReservedCodeCacheSize=
# This output file may be truncated or incomplete.
#
#  Out of Memory Error (allocation.cpp:390), pid=1820, tid=0x0000000000001354
#
# JRE version: Java(TM) SE Runtime Environment (8.0_101-b13) (build 1.8.0_101-b13)
# Java VM: Java HotSpot(TM) 64-Bit Server VM (25.101-b13 mixed mode windows-amd64 compressed oops)
# Failed to write core dump. Minidumps are not enabled by default on client versions of Windows
#

---------------  T H R E A D  ---------------

Current thread (0x0000000014aaa800):  JavaThread "C2 CompilerThread1" daemon [_thread_in_native, id=4948, stack(0x0000000016210000,0x0000000016310000)]

Stack: [0x0000000016210000,0x0000000016310000]
[error occurred during error reporting (printing stack bounds), id 0xc0000005]

Native frames: (J=compiled Java code, j=interpreted, Vv=VM code, C=native code)


Current CompileTask:
C2:    978 1084       4       com.android.dx.ssa.Dominators::eval (29 bytes)


---------------  P R O C E S S  ---------------

Java Threads: ( => current thread )
  0x0000000016699000 JavaThread "pool-2-thread-4" [_thread_in_vm, id=1084, stack(0x0000000016e10000,0x0000000016f10000)]
  0x0000000016701000 JavaThread "pool-2-thread-3" [_thread_in_Java, id=2644, stack(0x0000000016d10000,0x0000000016e10000)]
  0x0000000016700000 JavaThread "pool-2-thread-2" [_thread_in_Java, id=4020, stack(0x0000000016c10000,0x0000000016d10000)]
  0x00000000166fd800 JavaThread "pool-3-thread-1" [_thread_blocked, id=4244, stack(0x0000000016b10000,0x0000000016c10000)]
  0x00000000166dc000 JavaThread "pool-2-thread-1" [_thread_blocked, id=5872, stack(0x0000000016a10000,0x0000000016b10000)]
  0x0000000014b0c000 JavaThread "Service Thread" daemon [_thread_blocked, id=4812, stack(0x0000000016810000,0x0000000016910000)]
  0x0000000014aeb000 JavaThread "C1 CompilerThread2" daemon [_thread_in_vm, id=204, stack(0x0000000016310000,0x0000000016410000)]
=>0x0000000014aaa800 JavaThread "C2 CompilerThread1" daemon [_thread_in_native, id=4948, stack(0x0000000016210000,0x0000000016310000)]
  0x0000000014ab9800 JavaThread "C2 CompilerThread0" daemon [_thread_in_native, id=5948, stack(0x0000000016110000,0x0000000016210000)]
  0x0000000014ab7800 JavaThread "Attach Listener" daemon [_thread_blocked, id=5112, stack(0x0000000016010000,0x0000000016110000)]
  0x0000000014ab6000 JavaThread "Signal Dispatcher" daemon [_thread_blocked, id=9544, stack(0x0000000015f10000,0x0000000016010000)]
  0x00000000023db000 JavaThread "Finalizer" daemon [_thread_blocked, id=10276, stack(0x0000000015d00000,0x0000000015e00000)]
  0x0000000014a79000 JavaThread "Reference Handler" daemon [_thread_blocked, id=5564, stack(0x0000000015c00000,0x0000000015d00000)]
  0x00000000021ad800 JavaThread "main" [_thread_blocked, id=9632, stack(0x00000000021b0000,0x00000000022b0000)]

Other Threads:
  0x0000000014a77000 VMThread [stack: 0x0000000015b00000,0x0000000015c00000] [id=236]
  0x0000000016456800 WatcherThread [stack: 0x0000000016910000,0x0000000016a10000] [id=5132]

VM state:not at safepoint (normal execution)

VM Mutex/Monitor currently owned by a thread: None

Heap:
 PSYoungGen      total 37888K, used 25337K [0x00000000eab00000, 0x00000000ed500000, 0x0000000100000000)
  eden space 32768K, 61% used [0x00000000eab00000,0x00000000ebec6078,0x00000000ecb00000)
  from space 5120K, 99% used [0x00000000ecb00000,0x00000000ecff8480,0x00000000ed000000)
  to   space 5120K, 0% used [0x00000000ed000000,0x00000000ed000000,0x00000000ed500000)
 ParOldGen       total 86016K, used 1140K [0x00000000c0000000, 0x00000000c5400000, 0x00000000eab00000)
  object space 86016K, 1% used [0x00000000c0000000,0x00000000c011d138,0x00000000c5400000)
 Metaspace       used 6093K, capacity 7026K, committed 7296K, reserved 1056768K
  class space    used 600K, capacity 618K, committed 640K, reserved 1048576K

Card table byte_map: [0x00000000117a0000,0x00000000119b0000] byte_map_base: 0x00000000111a0000

Marking Bits: (ParMarkBitMap*) 0x00000000588fa6d0
 Begin Bits: [0x0000000011f10000, 0x0000000012f10000)
 End Bits:   [0x0000000012f10000, 0x0000000013f10000)

Polling page: 0x00000000008d0000

CodeCache: size=245760Kb used=5429Kb max_used=5429Kb free=240330Kb
 bounds [0x00000000023e0000, 0x0000000002940000, 0x00000000113e0000]
 total_blobs=1649 nmethods=1379 adapters=182
 compilation: enabled

Compilation events (10 events):
Event: 0.854 Thread 0x0000000014aeb000 nmethod 1090 0x0000000002822e50 code [0x00000000028230c0, 0x0000000002824308]
Event: 0.854 Thread 0x0000000014aeb000 1091       3       java.util.ArrayList::rangeCheckForAdd (26 bytes)
Event: 0.855 Thread 0x0000000014aeb000 nmethod 1091 0x00000000028206d0 code [0x00000000028208e0, 0x0000000002821418]
Event: 0.855 Thread 0x0000000014aeb000 1092       3       com.android.dx.ssa.SsaMethod::forEachBlockDepthFirstDom (128 bytes)
Event: 0.855 Thread 0x0000000014ab9800 1094       4       java.util.ArrayList::toArray (12 bytes)
Event: 0.856 Thread 0x0000000014aeb000 nmethod 1092 0x0000000002824d90 code [0x00000000028250e0, 0x0000000002827238]
Event: 0.856 Thread 0x0000000014aeb000 1093       3       com.android.dx.ssa.SsaMethod::makeExitBlock (134 bytes)
Event: 0.857 Thread 0x0000000014aeb000 nmethod 1093 0x0000000002828550 code [0x00000000028287e0, 0x00000000028297e8]
Event: 0.857 Thread 0x0000000014ab9800 nmethod 1094 0x0000000002820290 code [0x00000000028203e0, 0x00000000028205b8]
Event: 0.857 Thread 0x0000000014ab9800 1095       4       java.util.HashMap::putVal (300 bytes)

GC Heap History (0 events):
No events

Deoptimization events (10 events):
Event: 0.715 Thread 0x0000000016700000 Uncommon trap: reason=class_check action=maybe_recompile pc=0x0000000002676414 method=com.android.dx.ssa.NormalSsaInsn.accept(Lcom/android/dx/ssa/SsaInsn$Visitor;)V @ 9
Event: 0.715 Thread 0x0000000016700000 Uncommon trap: reason=class_check action=maybe_recompile pc=0x0000000002676414 method=com.android.dx.ssa.NormalSsaInsn.accept(Lcom/android/dx/ssa/SsaInsn$Visitor;)V @ 9
Event: 0.716 Thread 0x0000000016700000 Uncommon trap: reason=class_check action=maybe_recompile pc=0x0000000002676414 method=com.android.dx.ssa.NormalSsaInsn.accept(Lcom/android/dx/ssa/SsaInsn$Visitor;)V @ 9
Event: 0.716 Thread 0x0000000016700000 Uncommon trap: reason=class_check action=maybe_recompile pc=0x000000000262c970 method=com.android.dx.ssa.NormalSsaInsn.accept(Lcom/android/dx/ssa/SsaInsn$Visitor;)V @ 9
Event: 0.725 Thread 0x00000000166dc000 Uncommon trap: reason=class_check action=maybe_recompile pc=0x00000000026274fc method=com.android.dx.rop.type.Type.equals(Ljava/lang/Object;)Z @ 8
Event: 0.725 Thread 0x00000000166dc000 Uncommon trap: reason=class_check action=maybe_recompile pc=0x00000000026274fc method=com.android.dx.rop.type.Type.equals(Ljava/lang/Object;)Z @ 8
Event: 0.744 Thread 0x0000000016701000 Uncommon trap: reason=unstable_if action=reinterpret pc=0x00000000025f17b0 method=java.util.BitSet.nextSetBit(I)I @ 87
Event: 0.754 Thread 0x00000000166dc000 Uncommon trap: reason=unstable_if action=reinterpret pc=0x00000000026274b4 method=com.android.dx.rop.code.RegisterSpec.equals(ILcom/android/dx/rop/type/TypeBearer;Lcom/android/dx/rop/code/LocalItem;)Z @ 16
Event: 0.754 Thread 0x00000000166dc000 Uncommon trap: reason=unstable_if action=reinterpret pc=0x00000000025ecf1c method=java.util.HashMap.getNode(ILjava/lang/Object;)Ljava/util/HashMap$Node; @ 129
Event: 0.840 Thread 0x0000000016699000 Uncommon trap: reason=null_check action=make_not_entrant pc=0x0000000002769ba8 method=com.android.dx.rop.type.Type.equals(Ljava/lang/Object;)Z @ 8

Internal exceptions (3 events):
Event: 0.029 Thread 0x00000000021ad800 Exception <a 'java/lang/NoSuchMethodError': Method sun.misc.Unsafe.defineClass(Ljava/lang/String;[BII)Ljava/lang/Class; name or signature does not match> (0x00000000eab07cc0) thrown at [C:\re\workspace\8-2-build-windows-amd64-cygwin\jdk8u101\7261\hotspot\sb¯≠∫ù?
Event: 0.029 Thread 0x00000000021ad800 Exception <a 'java/lang/NoSuchMethodError': Method sun.misc.Unsafe.prefetchRead(Ljava/lang/Object;J)V name or signature does not match> (0x00000000eab07fa8) thrown at [C:\re\workspace\8-2-build-windows-amd64-cygwin\jdk8u101\7261\hotspot\src\share\vm\prims\±5s6Î‹Í?
Event: 0.839 Thread 0x0000000016699000 Implicit null exception at 0x0000000002769aa2 to 0x0000000002769b9a

Events (10 events):
Event: 0.798 loading class com/android/dx/cf/attrib/AttDeprecated done
Event: 0.798 loading class com/android/dx/cf/direct/AnnotationParser
Event: 0.798 loading class com/android/dx/cf/direct/AnnotationParser done
Event: 0.800 loading class com/android/dx/cf/attrib/AttRuntimeVisibleAnnotations
Event: 0.800 loading class com/android/dx/cf/attrib/AttRuntimeVisibleAnnotations done
Event: 0.800 loading class com/android/dx/cf/attrib/BaseAnnotations
Event: 0.800 loading class com/android/dx/cf/attrib/BaseAnnotations done
Event: 0.839 Thread 0x0000000016699000 Uncommon trap: trap_request=0xfffffff4 fr.pc=0x0000000002769ba8
Event: 0.840 Thread 0x0000000016699000 DEOPT PACKING pc=0x0000000002769ba8 sp=0x0000000016f0e7e0
Event: 0.840 Thread 0x0000000016699000 DEOPT UNPACKING pc=0x000000000242582a sp=0x0000000016f0e768 mode 2


Dynamic libraries:
0x00007ff7fdab0000 - 0x00007ff7fdae7000 	C:\Program Files\Java\jdk1.8.0_101\bin\java.exe
0x00007ff9ec780000 - 0x00007ff9ec951000 	C:\WINDOWS\SYSTEM32\ntdll.dll
0x00007ff9e9d10000 - 0x00007ff9e9dbb000 	C:\WINDOWS\System32\KERNEL32.DLL
0x00007ff9e9220000 - 0x00007ff9e943d000 	C:\WINDOWS\System32\KERNELBASE.dll
0x00007ff9ea360000 - 0x00007ff9ea402000 	C:\WINDOWS\System32\ADVAPI32.dll
0x00007ff9eb020000 - 0x00007ff9eb0be000 	C:\WINDOWS\System32\msvcrt.dll
0x00007ff9ea9a0000 - 0x00007ff9ea9f9000 	C:\WINDOWS\System32\sechost.dll
0x00007ff9ea230000 - 0x00007ff9ea351000 	C:\WINDOWS\System32\RPCRT4.dll
0x00007ff9ec610000 - 0x00007ff9ec775000 	C:\WINDOWS\System32\USER32.dll
0x00007ff9e9cf0000 - 0x00007ff9e9d0e000 	C:\WINDOWS\System32\win32u.dll
0x00007ff9ec5d0000 - 0x00007ff9ec604000 	C:\WINDOWS\System32\GDI32.dll
0x00007ff9e8d80000 - 0x00007ff9e8f02000 	C:\WINDOWS\System32\gdi32full.dll
0x00007ff9e0800000 - 0x00007ff9e0a79000 	C:\WINDOWS\WinSxS\amd64_microsoft.windows.common-controls_6595b64144ccf1df_6.0.14393.0_none_2d0f50fcbdb171b8\COMCTL32.dll
0x00007ff9e9e60000 - 0x00007ff9ea127000 	C:\WINDOWS\System32\combase.dll
0x00007ff9e8f10000 - 0x00007ff9e9005000 	C:\WINDOWS\System32\ucrtbase.dll
0x00007ff9e8d10000 - 0x00007ff9e8d7a000 	C:\WINDOWS\System32\bcryptPrimitives.dll
0x00007ff9eae40000 - 0x00007ff9eae6e000 	C:\WINDOWS\System32\IMM32.DLL
0x0000000057ba0000 - 0x0000000057c72000 	C:\Program Files\Java\jdk1.8.0_101\jre\bin\msvcr100.dll
0x00000000580e0000 - 0x000000005897a000 	C:\Program Files\Java\jdk1.8.0_101\jre\bin\server\jvm.dll
0x00007ff9eaa00000 - 0x00007ff9eaa08000 	C:\WINDOWS\System32\PSAPI.DLL
0x00007ff9e5bd0000 - 0x00007ff9e5bd9000 	C:\WINDOWS\SYSTEM32\WSOCK32.dll
0x00007ff9ea560000 - 0x00007ff9ea5ca000 	C:\WINDOWS\System32\WS2_32.dll
0x00007ff9e6c80000 - 0x00007ff9e6ca3000 	C:\WINDOWS\SYSTEM32\WINMM.dll
0x00007ff9e4320000 - 0x00007ff9e432a000 	C:\WINDOWS\SYSTEM32\VERSION.dll
0x00007ff9e6c30000 - 0x00007ff9e6c5b000 	C:\WINDOWS\SYSTEM32\WINMMBASE.dll
0x00007ff9e9010000 - 0x00007ff9e9052000 	C:\WINDOWS\System32\cfgmgr32.dll
0x00000000593e0000 - 0x00000000593ef000 	C:\Program Files\Java\jdk1.8.0_101\jre\bin\verify.dll
0x00000000593b0000 - 0x00000000593d9000 	C:\Program Files\Java\jdk1.8.0_101\jre\bin\java.dll
0x0000000059390000 - 0x00000000593a6000 	C:\Program Files\Java\jdk1.8.0_101\jre\bin\zip.dll
0x00007ff9eb0c0000 - 0x00007ff9ec5c8000 	C:\WINDOWS\System32\SHELL32.dll
0x00007ff9e9610000 - 0x00007ff9e9cea000 	C:\WINDOWS\System32\windows.storage.dll
0x00007ff9e8c10000 - 0x00007ff9e8c5c000 	C:\WINDOWS\System32\powrprof.dll
0x00007ff9ea940000 - 0x00007ff9ea992000 	C:\WINDOWS\System32\shlwapi.dll
0x00007ff9e8c60000 - 0x00007ff9e8c6f000 	C:\WINDOWS\System32\kernel.appcore.dll
0x00007ff9e9110000 - 0x00007ff9e91b9000 	C:\WINDOWS\System32\shcore.dll
0x00007ff9e8bf0000 - 0x00007ff9e8c04000 	C:\WINDOWS\System32\profapi.dll

VM Arguments:
jvm_args: -Djava.awt.headless=true -Xmx1024M -Dfile.encoding=windows-1252 -Duser.country=MX -Duser.language=es -Duser.variant 
java_command: com.android.dx.command.Main --dex --force-jumbo --num-threads=4 --multi-dex --output O:\Android\VentaenRuta2016\app\build\intermediates\transforms\dex\debug\folders\1000\10\gson-2.1_e21c6a1620782f3787d71ba9009d38af17c040c4 C:\Users\mario\.gradle\caches\modules-2\files-2.1\com.google.code.gson\gson\2.1\2e66da15851f9f5b5079228f856c2f090ba98c38\gson-2.1.jar
java_class_path (initial): C:\Users\mario\AppData\Local\Android\sdk\build-tools\24.0.2\lib\dx.jar
Launcher Type: SUN_STANDARD

Environment Variables:
PATH=C:\ProgramData\Oracle\Java\javapath;C:\Program Files (x86)\Intel\iCLS Client\;C:\Program Files\Intel\iCLS Client\;C:\Windows\system32;C:\Windows;C:\Windows\System32\Wbem;C:\Windows\System32\WindowsPowerShell\v1.0\;C:\Program Files (x86)\NVIDIA Corporation\PhysX\Common;C:\Program Files (x86)\Intel\Intel(R) Management Engine Components\DAL;C:\Program Files\Intel\Intel(R) Management Engine Components\DAL;C:\Program Files (x86)\Intel\Intel(R) Management Engine Components\IPT;C:\Program Files\Intel\Intel(R) Management Engine Components\IPT;C:\WINDOWS\system32;C:\WINDOWS;C:\WINDOWS\System32\Wbem;C:\WINDOWS\System32\WindowsPowerShell\v1.0\;C:\WINDOWS\system32\config\systemprofile\.dnx\bin;C:\Program Files\Microsoft DNX\Dnvm\;C:\Program Files (x86)\Windows Kits\10\Windows Performance Toolkit\;C:\Program Files\Git\cmd;C:\Program Files\Microsoft SQL Server\130\Tools\Binn\;C:\Program Files\Microsoft\Web Platform Installer\;C:\Program Files (x86)\nodejs\;C:\Users\mario\AppData\Roaming\npm;%USERPROFILE%\AppData\Local\Microsoft\WindowsApps;
USERNAME=mario
OS=Windows_NT
PROCESSOR_IDENTIFIER=Intel64 Family 6 Model 94 Stepping 3, GenuineIntel



---------------  S Y S T E M  ---------------

OS: Windows 10.0 , 64 bit Build 14393 (10.0.14393.0)

CPU:total 4 (4 cores per cpu, 1 threads per core) family 6 model 94 stepping 3, cmov, cx8, fxsr, mmx, sse, sse2, sse3, ssse3, sse4.1, sse4.2, popcnt, avx, avx2, aes, clmul, erms, rtm, 3dnowpref, lzcnt, tsc, tscinvbit, bmi1, bmi2, adx

Memory: 4k page, physical 8245152k(2398828k free), swap 8245152k(50164k free)

vm_info: Java HotSpot(TM) 64-Bit Server VM (25.101-b13) for windows-amd64 JRE (1.8.0_101-b13), built on Jun 22 2016 01:21:29 by "java_re" with MS VC++ 10.0 (VS2010)

time: Thu Oct 27 09:52:08 2016
elapsed time: 0 seconds (0d 0h 0m 0s)

