#
# There is insufficient memory for the Java Runtime Environment to continue.
# Native memory allocation (malloc) failed to allocate 52336 bytes for Chunk::new
# Possible reasons:
#   The system is out of physical RAM or swap space
#   In 32 bit mode, the process size limit was hit
# Possible solutions:
#   Reduce memory load on the system
#   Increase physical memory or swap space
#   Check if swap backing store is full
#   Use 64 bit Java on a 64 bit OS
#   Decrease Java heap size (-Xmx/-Xms)
#   Decrease number of Java threads
#   Decrease Java thread stack sizes (-Xss)
#   Set larger code cache with -XX:ReservedCodeCacheSize=
# This output file may be truncated or incomplete.
#
#  Out of Memory Error (allocation.cpp:390), pid=11516, tid=0x0000000000001ef4
#
# JRE version: Java(TM) SE Runtime Environment (8.0_101-b13) (build 1.8.0_101-b13)
# Java VM: Java HotSpot(TM) 64-Bit Server VM (25.101-b13 mixed mode windows-amd64 compressed oops)
# Failed to write core dump. Minidumps are not enabled by default on client versions of Windows
#

---------------  T H R E A D  ---------------

Current thread (0x000000001581a800):  JavaThread "C2 CompilerThread1" daemon [_thread_in_native, id=7924, stack(0x0000000016f10000,0x0000000017010000)]

Stack: [0x0000000016f10000,0x0000000017010000]
[error occurred during error reporting (printing stack bounds), id 0xc0000005]

Native frames: (J=compiled Java code, j=interpreted, Vv=VM code, C=native code)


Current CompileTask:
C2:   1642  487       4       java.util.HashMap::getNode (148 bytes)


---------------  P R O C E S S  ---------------

Java Threads: ( => current thread )
  0x00000000172e7000 JavaThread "pool-1-thread-4" [_thread_blocked, id=12444, stack(0x0000000017b10000,0x0000000017c10000)]
  0x00000000172e6800 JavaThread "pool-1-thread-3" [_thread_in_vm, id=3648, stack(0x0000000017a10000,0x0000000017b10000)]
  0x00000000172e5800 JavaThread "pool-1-thread-2" [_thread_blocked, id=2344, stack(0x0000000017910000,0x0000000017a10000)]
  0x00000000172ec000 JavaThread "pool-2-thread-1" [_thread_blocked, id=4172, stack(0x0000000017810000,0x0000000017910000)]
  0x00000000172aa800 JavaThread "pool-1-thread-1" [_thread_in_vm, id=12864, stack(0x0000000017710000,0x0000000017810000)]
  0x0000000017013800 JavaThread "Service Thread" daemon [_thread_blocked, id=1416, stack(0x0000000017510000,0x0000000017610000)]
  0x000000001581d000 JavaThread "C1 CompilerThread2" daemon [_thread_in_vm, id=6400, stack(0x0000000017410000,0x0000000017510000)]
=>0x000000001581a800 JavaThread "C2 CompilerThread1" daemon [_thread_in_native, id=7924, stack(0x0000000016f10000,0x0000000017010000)]
  0x00000000157ca000 JavaThread "C2 CompilerThread0" daemon [_thread_blocked, id=2092, stack(0x0000000016e10000,0x0000000016f10000)]
  0x00000000157c8000 JavaThread "Attach Listener" daemon [_thread_blocked, id=3572, stack(0x0000000016d10000,0x0000000016e10000)]
  0x00000000157c7000 JavaThread "Signal Dispatcher" daemon [_thread_blocked, id=12844, stack(0x0000000016c10000,0x0000000016d10000)]
  0x00000000030ec000 JavaThread "Finalizer" daemon [_thread_blocked, id=6292, stack(0x0000000016a10000,0x0000000016b10000)]
  0x0000000015789000 JavaThread "Reference Handler" daemon [_thread_blocked, id=7416, stack(0x0000000016910000,0x0000000016a10000)]
  0x000000000163d800 JavaThread "main" [_thread_blocked, id=3728, stack(0x0000000002e70000,0x0000000002f70000)]

Other Threads:
  0x0000000015787800 VMThread [stack: 0x0000000016810000,0x0000000016910000] [id=11188]
  0x0000000017017000 WatcherThread [stack: 0x0000000017610000,0x0000000017710000] [id=4356]

VM state:not at safepoint (normal execution)

VM Mutex/Monitor currently owned by a thread: None

Heap:
 PSYoungGen      total 37888K, used 13773K [0x00000000eab00000, 0x00000000ed500000, 0x0000000100000000)
  eden space 32768K, 42% used [0x00000000eab00000,0x00000000eb8735c8,0x00000000ecb00000)
  from space 5120K, 0% used [0x00000000ed000000,0x00000000ed000000,0x00000000ed500000)
  to   space 5120K, 0% used [0x00000000ecb00000,0x00000000ecb00000,0x00000000ed000000)
 ParOldGen       total 86016K, used 0K [0x00000000c0000000, 0x00000000c5400000, 0x00000000eab00000)
  object space 86016K, 0% used [0x00000000c0000000,0x00000000c0000000,0x00000000c5400000)
 Metaspace       used 5425K, capacity 6384K, committed 6528K, reserved 1056768K
  class space    used 590K, capacity 616K, committed 640K, reserved 1048576K

Card table byte_map: [0x00000000124b0000,0x00000000126c0000] byte_map_base: 0x0000000011eb0000

Marking Bits: (ParMarkBitMap*) 0x000000006191a6d0
 Begin Bits: [0x0000000012c20000, 0x0000000013c20000)
 End Bits:   [0x0000000013c20000, 0x0000000014c20000)

Polling page: 0x0000000001610000

CodeCache: size=245760Kb used=2101Kb max_used=2101Kb free=243658Kb
 bounds [0x00000000030f0000, 0x0000000003360000, 0x00000000120f0000]
 total_blobs=761 nmethods=492 adapters=182
 compilation: enabled

Compilation events (10 events):
Event: 1.641 Thread 0x000000001581d000 nmethod 477 0x00000000032f86d0 code [0x00000000032f8820, 0x00000000032f8930]
Event: 1.641 Thread 0x000000001581d000  482       1       com.android.dx.cf.code.BaseMachine::getAuxCst (5 bytes)
Event: 1.641 Thread 0x000000001581d000 nmethod 482 0x00000000032f8990 code [0x00000000032f8ae0, 0x00000000032f8bf0]
Event: 1.641 Thread 0x000000001581d000  483       1       com.android.dx.ssa.Dominators::access$100 (5 bytes)
Event: 1.641 Thread 0x000000001581d000 nmethod 483 0x00000000032f8c50 code [0x00000000032f8da0, 0x00000000032f8e90]
Event: 1.641 Thread 0x000000001581d000  484       1       com.android.dx.ssa.Dominators::access$200 (5 bytes)
Event: 1.641 Thread 0x000000001581d000 nmethod 484 0x00000000032fa410 code [0x00000000032fa560, 0x00000000032fa650]
Event: 1.641 Thread 0x000000001581d000  491       3       com.android.dx.ssa.SsaBasicBlock::forEachPhiInsn (54 bytes)
Event: 1.641 Thread 0x00000000157ca000 nmethod 485 0x00000000032fbed0 code [0x00000000032fc020, 0x00000000032fc138]
Event: 1.641 Thread 0x00000000157ca000  488   !   4       com.android.dx.util.FixedSizeList::get0 (47 bytes)

GC Heap History (0 events):
No events

Deoptimization events (0 events):
No events

Internal exceptions (2 events):
Event: 0.033 Thread 0x000000000163d800 Exception <a 'java/lang/NoSuchMethodError': Method sun.misc.Unsafe.defineClass(Ljava/lang/String;[BII)Ljava/lang/Class; name or signature does not match> (0x00000000eab07cc0) thrown at [C:\re\workspace\8-2-build-windows-amd64-cygwin\jdk8u101\7261\hotspot\sjûÛy½Å ?
Event: 0.033 Thread 0x000000000163d800 Exception <a 'java/lang/NoSuchMethodError': Method sun.misc.Unsafe.prefetchRead(Ljava/lang/Object;J)V name or signature does not match> (0x00000000eab07fa8) thrown at [C:\re\workspace\8-2-build-windows-amd64-cygwin\jdk8u101\7261\hotspot\src\share\vm\prims\

Events (10 events):
Event: 1.624 loading class com/android/dx/dex/code/RopToDop
Event: 1.624 loading class com/android/dx/dex/code/RopToDop done
Event: 1.626 loading class com/android/dx/dex/code/StdCatchBuilder
Event: 1.626 loading class com/android/dx/dex/code/StdCatchBuilder done
Event: 1.626 loading class com/android/dx/dex/code/DalvCode
Event: 1.626 loading class com/android/dx/dex/code/DalvCode done
Event: 1.627 loading class java/io/PrintWriter
Event: 1.627 loading class java/io/PrintWriter done
Event: 1.627 loading class com/android/dx/dex/file/DebugInfoItem
Event: 1.627 loading class com/android/dx/dex/file/DebugInfoItem done


Dynamic libraries:
0x00007ff7d0e70000 - 0x00007ff7d0ea7000 	C:\Program Files\Java\jdk1.8.0_101\bin\java.exe
0x00007ffdaa3d0000 - 0x00007ffdaa591000 	C:\WINDOWS\SYSTEM32\ntdll.dll
0x00007ffda9a60000 - 0x00007ffda9b0d000 	C:\WINDOWS\system32\KERNEL32.DLL
0x00007ffda6d40000 - 0x00007ffda6f28000 	C:\WINDOWS\system32\KERNELBASE.dll
0x00007ffda77d0000 - 0x00007ffda7877000 	C:\WINDOWS\system32\ADVAPI32.dll
0x00007ffda7990000 - 0x00007ffda7a2d000 	C:\WINDOWS\system32\msvcrt.dll
0x00007ffda7a30000 - 0x00007ffda7a8b000 	C:\WINDOWS\system32\sechost.dll
0x00007ffda7cd0000 - 0x00007ffda7dec000 	C:\WINDOWS\system32\RPCRT4.dll
0x00007ffda93b0000 - 0x00007ffda9506000 	C:\WINDOWS\system32\USER32.dll
0x00007ffda9d20000 - 0x00007ffda9ea6000 	C:\WINDOWS\system32\GDI32.dll
0x00007ffda30e0000 - 0x00007ffda3354000 	C:\WINDOWS\WinSxS\amd64_microsoft.windows.common-controls_6595b64144ccf1df_6.0.10586.589_none_a2ddb3caa539acce\COMCTL32.dll
0x00007ffda97e0000 - 0x00007ffda9a5d000 	C:\WINDOWS\system32\combase.dll
0x00007ffda6ad0000 - 0x00007ffda6b3a000 	C:\WINDOWS\system32\bcryptPrimitives.dll
0x00007ffda7c90000 - 0x00007ffda7ccb000 	C:\WINDOWS\system32\IMM32.DLL
0x000000005eae0000 - 0x000000005ebb2000 	C:\Program Files\Java\jdk1.8.0_101\jre\bin\msvcr100.dll
0x0000000061100000 - 0x000000006199a000 	C:\Program Files\Java\jdk1.8.0_101\jre\bin\server\jvm.dll
0x00007ffda9700000 - 0x00007ffda9708000 	C:\WINDOWS\system32\PSAPI.DLL
0x00007ffda4fb0000 - 0x00007ffda4fd3000 	C:\WINDOWS\SYSTEM32\WINMM.dll
0x00007ffda5140000 - 0x00007ffda5149000 	C:\WINDOWS\SYSTEM32\WSOCK32.dll
0x00007ffda30c0000 - 0x00007ffda30ca000 	C:\WINDOWS\SYSTEM32\VERSION.dll
0x00007ffda9eb0000 - 0x00007ffda9f1b000 	C:\WINDOWS\system32\WS2_32.dll
0x00007ffda4f50000 - 0x00007ffda4f7c000 	C:\WINDOWS\SYSTEM32\WINMMBASE.dll
0x00007ffda6a80000 - 0x00007ffda6ac3000 	C:\WINDOWS\system32\cfgmgr32.dll
0x0000000061e40000 - 0x0000000061e4f000 	C:\Program Files\Java\jdk1.8.0_101\jre\bin\verify.dll
0x0000000061e10000 - 0x0000000061e39000 	C:\Program Files\Java\jdk1.8.0_101\jre\bin\java.dll
0x0000000061df0000 - 0x0000000061e06000 	C:\Program Files\Java\jdk1.8.0_101\jre\bin\zip.dll
0x00007ffda7e50000 - 0x00007ffda93ac000 	C:\WINDOWS\system32\SHELL32.dll
0x00007ffda6fb0000 - 0x00007ffda75f5000 	C:\WINDOWS\system32\windows.storage.dll
0x00007ffdaa350000 - 0x00007ffdaa3a2000 	C:\WINDOWS\system32\shlwapi.dll
0x00007ffda6a20000 - 0x00007ffda6a2f000 	C:\WINDOWS\system32\kernel.appcore.dll
0x00007ffda6b40000 - 0x00007ffda6bf5000 	C:\WINDOWS\system32\shcore.dll
0x00007ffda6a30000 - 0x00007ffda6a7b000 	C:\WINDOWS\system32\powrprof.dll
0x00007ffda69f0000 - 0x00007ffda6a04000 	C:\WINDOWS\system32\profapi.dll

VM Arguments:
jvm_args: -Djava.awt.headless=true -Xmx1024M -Dfile.encoding=windows-1252 -Duser.country=MX -Duser.language=es -Duser.variant 
java_command: com.android.dx.command.Main --dex --num-threads=4 --output O:\Android\VentaenRuta2016\app\build\intermediates\pre-dexed\release\gson-2.1_e21c6a1620782f3787d71ba9009d38af17c040c4.jar C:\Users\mario\.gradle\caches\modules-2\files-2.1\com.google.code.gson\gson\2.1\2e66da15851f9f5b5079228f856c2f090ba98c38\gson-2.1.jar
java_class_path (initial): C:\Users\mario\AppData\Local\Android\sdk\build-tools\24.0.2\lib\dx.jar
Launcher Type: SUN_STANDARD

Environment Variables:
PATH=C:\ProgramData\Oracle\Java\javapath;C:\Program Files (x86)\Intel\iCLS Client\;C:\Program Files\Intel\iCLS Client\;C:\Windows\system32;C:\Windows;C:\Windows\System32\Wbem;C:\Windows\System32\WindowsPowerShell\v1.0\;C:\Program Files (x86)\NVIDIA Corporation\PhysX\Common;C:\Program Files (x86)\Intel\Intel(R) Management Engine Components\DAL;C:\Program Files\Intel\Intel(R) Management Engine Components\DAL;C:\Program Files (x86)\Intel\Intel(R) Management Engine Components\IPT;C:\Program Files\Intel\Intel(R) Management Engine Components\IPT;C:\WINDOWS\system32;C:\WINDOWS;C:\WINDOWS\System32\Wbem;C:\WINDOWS\System32\WindowsPowerShell\v1.0\;C:\WINDOWS\system32\config\systemprofile\.dnx\bin;C:\Program Files\Microsoft DNX\Dnvm\;C:\Program Files (x86)\Windows Kits\10\Windows Performance Toolkit\;C:\Program Files\Git\cmd;C:\Program Files\Microsoft SQL Server\130\Tools\Binn\;C:\Program Files\Microsoft\Web Platform Installer\;C:\Program Files (x86)\nodejs\;C:\Users\mario\AppData\Roaming\npm
USERNAME=mario
OS=Windows_NT
PROCESSOR_IDENTIFIER=Intel64 Family 6 Model 94 Stepping 3, GenuineIntel



---------------  S Y S T E M  ---------------

OS: Windows 10.0 , 64 bit Build 10586 (10.0.10586.589)

CPU:total 4 (4 cores per cpu, 1 threads per core) family 6 model 94 stepping 3, cmov, cx8, fxsr, mmx, sse, sse2, sse3, ssse3, sse4.1, sse4.2, popcnt, avx, avx2, aes, clmul, erms, rtm, 3dnowpref, lzcnt, tsc, tscinvbit, bmi1, bmi2, adx

Memory: 4k page, physical 8245152k(525728k free), swap 10192800k(49236k free)

vm_info: Java HotSpot(TM) 64-Bit Server VM (25.101-b13) for windows-amd64 JRE (1.8.0_101-b13), built on Jun 22 2016 01:21:29 by "java_re" with MS VC++ 10.0 (VS2010)

time: Tue Sep 20 12:30:02 2016
elapsed time: 1 seconds (0d 0h 0m 1s)

