#
# There is insufficient memory for the Java Runtime Environment to continue.
# Native memory allocation (malloc) failed to allocate 32784 bytes for Chunk::new
# Possible reasons:
#   The system is out of physical RAM or swap space
#   In 32 bit mode, the process size limit was hit
# Possible solutions:
#   Reduce memory load on the system
#   Increase physical memory or swap space
#   Check if swap backing store is full
#   Use 64 bit Java on a 64 bit OS
#   Decrease Java heap size (-Xmx/-Xms)
#   Decrease number of Java threads
#   Decrease Java thread stack sizes (-Xss)
#   Set larger code cache with -XX:ReservedCodeCacheSize=
# This output file may be truncated or incomplete.
#
#  Out of Memory Error (allocation.cpp:390), pid=9720, tid=0x0000000000001c80
#
# JRE version: Java(TM) SE Runtime Environment (8.0_101-b13) (build 1.8.0_101-b13)
# Java VM: Java HotSpot(TM) 64-Bit Server VM (25.101-b13 mixed mode windows-amd64 compressed oops)
# Failed to write core dump. Minidumps are not enabled by default on client versions of Windows
#

---------------  T H R E A D  ---------------

Current thread (0x0000000014bf0800):  JavaThread "C2 CompilerThread1" daemon [_thread_in_native, id=7296, stack(0x0000000016360000,0x0000000016460000)]

Stack: [0x0000000016360000,0x0000000016460000]
[error occurred during error reporting (printing stack bounds), id 0xc0000005]

Native frames: (J=compiled Java code, j=interpreted, Vv=VM code, C=native code)


Current CompileTask:
C2:   3876 2074       4       com.android.dx.dex.file.CodeItem::addContents (174 bytes)


---------------  P R O C E S S  ---------------

Java Threads: ( => current thread )
  0x000000001688d000 JavaThread "pool-1-thread-1" [_thread_in_vm, id=6000, stack(0x0000000018830000,0x0000000018930000)]
  0x000000001659a000 JavaThread "Service Thread" daemon [_thread_blocked, id=9976, stack(0x0000000016960000,0x0000000016a60000)]
  0x0000000014c19800 JavaThread "C1 CompilerThread2" daemon [_thread_blocked, id=2292, stack(0x0000000016460000,0x0000000016560000)]
=>0x0000000014bf0800 JavaThread "C2 CompilerThread1" daemon [_thread_in_native, id=7296, stack(0x0000000016360000,0x0000000016460000)]
  0x0000000014bed800 JavaThread "C2 CompilerThread0" daemon [_thread_in_native, id=7444, stack(0x0000000016260000,0x0000000016360000)]
  0x0000000014beb800 JavaThread "Attach Listener" daemon [_thread_blocked, id=8692, stack(0x0000000016160000,0x0000000016260000)]
  0x0000000014bea000 JavaThread "Signal Dispatcher" daemon [_thread_blocked, id=7776, stack(0x0000000016060000,0x0000000016160000)]
  0x00000000024d5800 JavaThread "Finalizer" daemon [_thread_blocked, id=1256, stack(0x0000000015e40000,0x0000000015f40000)]
  0x00000000024d0000 JavaThread "Reference Handler" daemon [_thread_blocked, id=2968, stack(0x0000000015d40000,0x0000000015e40000)]
  0x00000000024ed800 JavaThread "main" [_thread_blocked, id=1936, stack(0x00000000022b0000,0x00000000023b0000)]

Other Threads:
  0x0000000014bb8000 VMThread [stack: 0x0000000015c40000,0x0000000015d40000] [id=6080]
  0x000000001659f800 WatcherThread [stack: 0x0000000016a60000,0x0000000016b60000] [id=6696]

VM state:not at safepoint (normal execution)

VM Mutex/Monitor currently owned by a thread: None

Heap:
 PSYoungGen      total 70656K, used 64542K [0x00000000eab00000, 0x00000000ef500000, 0x0000000100000000)
  eden space 65536K, 90% used [0x00000000eab00000,0x00000000ee50aa90,0x00000000eeb00000)
  from space 5120K, 99% used [0x00000000ef000000,0x00000000ef4fd088,0x00000000ef500000)
  to   space 5120K, 0% used [0x00000000eeb00000,0x00000000eeb00000,0x00000000ef000000)
 ParOldGen       total 86016K, used 33242K [0x00000000c0000000, 0x00000000c5400000, 0x00000000eab00000)
  object space 86016K, 38% used [0x00000000c0000000,0x00000000c2076ba0,0x00000000c5400000)
 Metaspace       used 6580K, capacity 7256K, committed 7424K, reserved 1056768K
  class space    used 633K, capacity 656K, committed 768K, reserved 1048576K

Card table byte_map: [0x00000000118c0000,0x0000000011ad0000] byte_map_base: 0x00000000112c0000

Marking Bits: (ParMarkBitMap*) 0x000000005885a6d0
 Begin Bits: [0x0000000012030000, 0x0000000013030000)
 End Bits:   [0x0000000013030000, 0x0000000014030000)

Polling page: 0x00000000023c0000

CodeCache: size=245760Kb used=8424Kb max_used=8424Kb free=237335Kb
 bounds [0x0000000002500000, 0x0000000002d40000, 0x0000000011500000]
 total_blobs=2399 nmethods=2128 adapters=182
 compilation: disabled (not enough contiguous free space left)

Compilation events (10 events):
Event: 3.869 Thread 0x0000000014c19800 2138       1       com.android.dx.dex.code.DalvInsn::getRegisters (5 bytes)
Event: 3.869 Thread 0x0000000014c19800 nmethod 2138 0x0000000002d3eb10 code [0x0000000002d3ec60, 0x0000000002d3ed70]
Event: 3.869 Thread 0x0000000014c19800 2141       3       com.android.dx.dex.code.DalvInsn::setAddress (20 bytes)
Event: 3.869 Thread 0x0000000014c19800 nmethod 2141 0x0000000002d3edd0 code [0x0000000002d3ef40, 0x0000000002d3f188]
Event: 3.869 Thread 0x0000000014c19800 2136       1       com.android.dx.dex.code.form.SpecialFormat::isCompatible (2 bytes)
Event: 3.869 Thread 0x0000000014c19800 nmethod 2136 0x0000000002d3f250 code [0x0000000002d3f3a0, 0x0000000002d3f4b0]
Event: 3.869 Thread 0x0000000014c19800 2140       1       com.android.dx.dex.code.ZeroSizeInsn::codeSize (2 bytes)
Event: 3.869 Thread 0x0000000014c19800 nmethod 2140 0x0000000002d3f510 code [0x0000000002d3f660, 0x0000000002d3f770]
Event: 3.869 Thread 0x0000000014c19800 2142       3       com.android.dx.dex.code.DalvInsnList::set (7 bytes)
Event: 3.871 Thread 0x0000000014c19800 


GC Heap History (10 events):
Event: 1.716 GC heap before
{Heap before GC invocations=2 (full 0):
 PSYoungGen      total 37888K, used 37866K [0x00000000eab00000, 0x00000000ed500000, 0x0000000100000000)
  eden space 32768K, 100% used [0x00000000eab00000,0x00000000ecb00000,0x00000000ecb00000)
  from space 5120K, 99% used [0x00000000ecb00000,0x00000000ecffaad8,0x00000000ed000000)
  to   space 5120K, 0% used [0x00000000ed000000,0x00000000ed000000,0x00000000ed500000)
 ParOldGen       total 86016K, used 1760K [0x00000000c0000000, 0x00000000c5400000, 0x00000000eab00000)
  object space 86016K, 2% used [0x00000000c0000000,0x00000000c01b83d0,0x00000000c5400000)
 Metaspace       used 6093K, capacity 6962K, committed 7040K, reserved 1056768K
  class space    used 598K, capacity 618K, committed 640K, reserved 1048576K
Event: 1.741 GC heap after
Heap after GC invocations=2 (full 0):
 PSYoungGen      total 37888K, used 5088K [0x00000000eab00000, 0x00000000ef500000, 0x0000000100000000)
  eden space 32768K, 0% used [0x00000000eab00000,0x00000000eab00000,0x00000000ecb00000)
  from space 5120K, 99% used [0x00000000ed000000,0x00000000ed4f8048,0x00000000ed500000)
  to   space 5120K, 0% used [0x00000000ecb00000,0x00000000ecb00000,0x00000000ed000000)
 ParOldGen       total 86016K, used 5750K [0x00000000c0000000, 0x00000000c5400000, 0x00000000eab00000)
  object space 86016K, 6% used [0x00000000c0000000,0x00000000c059dbb8,0x00000000c5400000)
 Metaspace       used 6093K, capacity 6962K, committed 7040K, reserved 1056768K
  class space    used 598K, capacity 618K, committed 640K, reserved 1048576K
}
Event: 1.881 GC heap before
{Heap before GC invocations=3 (full 0):
 PSYoungGen      total 37888K, used 37856K [0x00000000eab00000, 0x00000000ef500000, 0x0000000100000000)
  eden space 32768K, 100% used [0x00000000eab00000,0x00000000ecb00000,0x00000000ecb00000)
  from space 5120K, 99% used [0x00000000ed000000,0x00000000ed4f8048,0x00000000ed500000)
  to   space 5120K, 0% used [0x00000000ecb00000,0x00000000ecb00000,0x00000000ed000000)
 ParOldGen       total 86016K, used 5750K [0x00000000c0000000, 0x00000000c5400000, 0x00000000eab00000)
  object space 86016K, 6% used [0x00000000c0000000,0x00000000c059dbb8,0x00000000c5400000)
 Metaspace       used 6179K, capacity 7026K, committed 7296K, reserved 1056768K
  class space    used 598K, capacity 618K, committed 640K, reserved 1048576K
Event: 1.903 GC heap after
Heap after GC invocations=3 (full 0):
 PSYoungGen      total 37888K, used 5088K [0x00000000eab00000, 0x00000000ef500000, 0x0000000100000000)
  eden space 32768K, 0% used [0x00000000eab00000,0x00000000eab00000,0x00000000ecb00000)
  from space 5120K, 99% used [0x00000000ecb00000,0x00000000ecff8028,0x00000000ed000000)
  to   space 5120K, 0% used [0x00000000ef000000,0x00000000ef000000,0x00000000ef500000)
 ParOldGen       total 86016K, used 10275K [0x00000000c0000000, 0x00000000c5400000, 0x00000000eab00000)
  object space 86016K, 11% used [0x00000000c0000000,0x00000000c0a08d10,0x00000000c5400000)
 Metaspace       used 6179K, capacity 7026K, committed 7296K, reserved 1056768K
  class space    used 598K, capacity 618K, committed 640K, reserved 1048576K
}
Event: 2.016 GC heap before
{Heap before GC invocations=4 (full 0):
 PSYoungGen      total 37888K, used 37856K [0x00000000eab00000, 0x00000000ef500000, 0x0000000100000000)
  eden space 32768K, 100% used [0x00000000eab00000,0x00000000ecb00000,0x00000000ecb00000)
  from space 5120K, 99% used [0x00000000ecb00000,0x00000000ecff8028,0x00000000ed000000)
  to   space 5120K, 0% used [0x00000000ef000000,0x00000000ef000000,0x00000000ef500000)
 ParOldGen       total 86016K, used 10275K [0x00000000c0000000, 0x00000000c5400000, 0x00000000eab00000)
  object space 86016K, 11% used [0x00000000c0000000,0x00000000c0a08d10,0x00000000c5400000)
 Metaspace       used 6305K, capacity 7128K, committed 7424K, reserved 1056768K
  class space    used 618K, capacity 656K, committed 768K, reserved 1048576K
Event: 2.027 GC heap after
Heap after GC invocations=4 (full 0):
 PSYoungGen      total 70656K, used 5088K [0x00000000eab00000, 0x00000000ef500000, 0x0000000100000000)
  eden space 65536K, 0% used [0x00000000eab00000,0x00000000eab00000,0x00000000eeb00000)
  from space 5120K, 99% used [0x00000000ef000000,0x00000000ef4f8028,0x00000000ef500000)
  to   space 5120K, 0% used [0x00000000eeb00000,0x00000000eeb00000,0x00000000ef000000)
 ParOldGen       total 86016K, used 14438K [0x00000000c0000000, 0x00000000c5400000, 0x00000000eab00000)
  object space 86016K, 16% used [0x00000000c0000000,0x00000000c0e198b8,0x00000000c5400000)
 Metaspace       used 6305K, capacity 7128K, committed 7424K, reserved 1056768K
  class space    used 618K, capacity 656K, committed 768K, reserved 1048576K
}
Event: 2.271 GC heap before
{Heap before GC invocations=5 (full 0):
 PSYoungGen      total 70656K, used 70624K [0x00000000eab00000, 0x00000000ef500000, 0x0000000100000000)
  eden space 65536K, 100% used [0x00000000eab00000,0x00000000eeb00000,0x00000000eeb00000)
  from space 5120K, 99% used [0x00000000ef000000,0x00000000ef4f8028,0x00000000ef500000)
  to   space 5120K, 0% used [0x00000000eeb00000,0x00000000eeb00000,0x00000000ef000000)
 ParOldGen       total 86016K, used 14438K [0x00000000c0000000, 0x00000000c5400000, 0x00000000eab00000)
  object space 86016K, 16% used [0x00000000c0000000,0x00000000c0e198b8,0x00000000c5400000)
 Metaspace       used 6368K, capacity 7128K, committed 7424K, reserved 1056768K
  class space    used 618K, capacity 656K, committed 768K, reserved 1048576K
Event: 2.295 GC heap after
Heap after GC invocations=5 (full 0):
 PSYoungGen      total 70656K, used 5088K [0x00000000eab00000, 0x00000000ef500000, 0x0000000100000000)
  eden space 65536K, 0% used [0x00000000eab00000,0x00000000eab00000,0x00000000eeb00000)
  from space 5120K, 99% used [0x00000000eeb00000,0x00000000eeff8028,0x00000000ef000000)
  to   space 5120K, 0% used [0x00000000ef000000,0x00000000ef000000,0x00000000ef500000)
 ParOldGen       total 86016K, used 23217K [0x00000000c0000000, 0x00000000c5400000, 0x00000000eab00000)
  object space 86016K, 26% used [0x00000000c0000000,0x00000000c16ac778,0x00000000c5400000)
 Metaspace       used 6368K, capacity 7128K, committed 7424K, reserved 1056768K
  class space    used 618K, capacity 656K, committed 768K, reserved 1048576K
}
Event: 2.505 GC heap before
{Heap before GC invocations=6 (full 0):
 PSYoungGen      total 70656K, used 70624K [0x00000000eab00000, 0x00000000ef500000, 0x0000000100000000)
  eden space 65536K, 100% used [0x00000000eab00000,0x00000000eeb00000,0x00000000eeb00000)
  from space 5120K, 99% used [0x00000000eeb00000,0x00000000eeff8028,0x00000000ef000000)
  to   space 5120K, 0% used [0x00000000ef000000,0x00000000ef000000,0x00000000ef500000)
 ParOldGen       total 86016K, used 23217K [0x00000000c0000000, 0x00000000c5400000, 0x00000000eab00000)
  object space 86016K, 26% used [0x00000000c0000000,0x00000000c16ac778,0x00000000c5400000)
 Metaspace       used 6400K, capacity 7128K, committed 7424K, reserved 1056768K
  class space    used 618K, capacity 656K, committed 768K, reserved 1048576K
Event: 2.533 GC heap after
Heap after GC invocations=6 (full 0):
 PSYoungGen      total 70656K, used 5108K [0x00000000eab00000, 0x00000000ef500000, 0x0000000100000000)
  eden space 65536K, 0% used [0x00000000eab00000,0x00000000eab00000,0x00000000eeb00000)
  from space 5120K, 99% used [0x00000000ef000000,0x00000000ef4fd088,0x00000000ef500000)
  to   space 5120K, 0% used [0x00000000eeb00000,0x00000000eeb00000,0x00000000ef000000)
 ParOldGen       total 86016K, used 33242K [0x00000000c0000000, 0x00000000c5400000, 0x00000000eab00000)
  object space 86016K, 38% used [0x00000000c0000000,0x00000000c2076ba0,0x00000000c5400000)
 Metaspace       used 6400K, capacity 7128K, committed 7424K, reserved 1056768K
  class space    used 618K, capacity 656K, committed 768K, reserved 1048576K
}

Deoptimization events (10 events):
Event: 2.437 Thread 0x000000001688f800 Uncommon trap: reason=bimorphic action=maybe_recompile pc=0x00000000029b9c74 method=com.android.dx.ssa.LiteralOpUpgrader.tryReplacingWithConstant(Lcom/android/dx/ssa/NormalSsaInsn;)Z @ 62
Event: 2.437 Thread 0x000000001688f800 Uncommon trap: reason=unstable_if action=reinterpret pc=0x00000000029b9d2c method=com.android.dx.ssa.LiteralOpUpgrader$1.visitNonMoveInsn(Lcom/android/dx/ssa/NormalSsaInsn;)V @ 137
Event: 3.638 Thread 0x000000001688d000 Uncommon trap: reason=class_check action=maybe_recompile pc=0x00000000029092c8 method=java.util.Arrays.hashCode([Ljava/lang/Object;)I @ 43
Event: 3.638 Thread 0x000000001688d000 Uncommon trap: reason=class_check action=maybe_recompile pc=0x00000000029092c8 method=java.util.Arrays.hashCode([Ljava/lang/Object;)I @ 43
Event: 3.638 Thread 0x000000001688d000 Uncommon trap: reason=class_check action=maybe_recompile pc=0x00000000029092c8 method=java.util.Arrays.hashCode([Ljava/lang/Object;)I @ 43
Event: 3.638 Thread 0x000000001688d000 Uncommon trap: reason=class_check action=maybe_recompile pc=0x00000000029092c8 method=java.util.Arrays.hashCode([Ljava/lang/Object;)I @ 43
Event: 3.654 Thread 0x000000001688d000 Uncommon trap: reason=class_check action=maybe_recompile pc=0x0000000002950ea8 method=java.util.HashMap.putVal(ILjava/lang/Object;Ljava/lang/Object;ZZ)Ljava/lang/Object; @ 203
Event: 3.655 Thread 0x000000001688d000 Uncommon trap: reason=class_check action=maybe_recompile pc=0x0000000002950ea8 method=java.util.HashMap.putVal(ILjava/lang/Object;Ljava/lang/Object;ZZ)Ljava/lang/Object; @ 203
Event: 3.663 Thread 0x000000001688d000 Uncommon trap: reason=class_check action=maybe_recompile pc=0x0000000002950ea8 method=java.util.HashMap.putVal(ILjava/lang/Object;Ljava/lang/Object;ZZ)Ljava/lang/Object; @ 203
Event: 3.663 Thread 0x000000001688d000 Uncommon trap: reason=class_check action=maybe_recompile pc=0x0000000002950ea8 method=java.util.HashMap.putVal(ILjava/lang/Object;Ljava/lang/Object;ZZ)Ljava/lang/Object; @ 203

Internal exceptions (7 events):
Event: 0.411 Thread 0x00000000024ed800 Exception <a 'java/lang/NoSuchMethodError': Method sun.misc.Unsafe.defineClass(Ljava/lang/String;[BII)Ljava/lang/Class; name or signature does not match> (0x00000000eab07cc0) thrown at [C:\re\workspace\8-2-build-windows-amd64-cygwin\jdk8u101\7261\hotspot\sºîÉLÚ?
Event: 0.411 Thread 0x00000000024ed800 Exception <a 'java/lang/NoSuchMethodError': Method sun.misc.Unsafe.prefetchRead(Ljava/lang/Object;J)V name or signature does not match> (0x00000000eab07fa8) thrown at [C:\re\workspace\8-2-build-windows-amd64-cygwin\jdk8u101\7261\hotspot\src\share\vm\prims\lÙQ3/÷?
Event: 1.449 Thread 0x00000000024ed800 Implicit null exception at 0x0000000002830ba2 to 0x0000000002830c9a
Event: 1.501 Thread 0x00000000167ac000 Implicit null exception at 0x0000000002797957 to 0x00000000027996a5
Event: 1.967 Thread 0x000000001688c000 Exception <a 'java/lang/ArrayIndexOutOfBoundsException': 18> (0x00000000ebfc4c38) thrown at [C:\re\workspace\8-2-build-windows-amd64-cygwin\jdk8u101\7261\hotspot\src\share\vm\interpreter\interpreterRuntime.cpp, line 366]
Event: 1.967 Thread 0x000000001688c000 Exception <a 'java/lang/ArrayIndexOutOfBoundsException': 145> (0x00000000ebfc67b8) thrown at [C:\re\workspace\8-2-build-windows-amd64-cygwin\jdk8u101\7261\hotspot\src\share\vm\interpreter\interpreterRuntime.cpp, line 366]
Event: 1.968 Thread 0x000000001688c000 Exception <a 'java/lang/ArrayIndexOutOfBoundsException': 40> (0x00000000ebfc7aa0) thrown at [C:\re\workspace\8-2-build-windows-amd64-cygwin\jdk8u101\7261\hotspot\src\share\vm\interpreter\interpreterRuntime.cpp, line 366]

Events (10 events):
Event: 3.870 loading class com/android/dx/dex/code/LocalList$MakeState
Event: 3.870 loading class com/android/dx/dex/code/LocalList$MakeState done
Event: 3.871 loading class com/android/dx/dex/code/CatchHandlerList
Event: 3.871 loading class com/android/dx/dex/code/CatchHandlerList done
Event: 3.871 loading class com/android/dx/dex/code/CatchTable
Event: 3.871 loading class com/android/dx/dex/code/CatchTable done
Event: 3.871 loading class com/android/dx/dex/code/LocalList$Disposition
Event: 3.871 loading class com/android/dx/dex/code/LocalList$Disposition done
Event: 3.872 loading class com/android/dx/dex/code/LocalList$Entry
Event: 3.872 loading class com/android/dx/dex/code/LocalList$Entry done


Dynamic libraries:
0x00007ff7fdab0000 - 0x00007ff7fdae7000 	C:\Program Files\Java\jdk1.8.0_101\bin\java.exe
0x00007ff9ec780000 - 0x00007ff9ec951000 	C:\WINDOWS\SYSTEM32\ntdll.dll
0x00007ff9e9d10000 - 0x00007ff9e9dbb000 	C:\WINDOWS\System32\KERNEL32.DLL
0x00007ff9e9220000 - 0x00007ff9e943d000 	C:\WINDOWS\System32\KERNELBASE.dll
0x00007ff9ea360000 - 0x00007ff9ea402000 	C:\WINDOWS\System32\ADVAPI32.dll
0x00007ff9eb020000 - 0x00007ff9eb0be000 	C:\WINDOWS\System32\msvcrt.dll
0x00007ff9ea9a0000 - 0x00007ff9ea9f9000 	C:\WINDOWS\System32\sechost.dll
0x00007ff9ea230000 - 0x00007ff9ea351000 	C:\WINDOWS\System32\RPCRT4.dll
0x00007ff9ec610000 - 0x00007ff9ec775000 	C:\WINDOWS\System32\USER32.dll
0x00007ff9e9cf0000 - 0x00007ff9e9d0e000 	C:\WINDOWS\System32\win32u.dll
0x00007ff9ec5d0000 - 0x00007ff9ec604000 	C:\WINDOWS\System32\GDI32.dll
0x00007ff9e8d80000 - 0x00007ff9e8f02000 	C:\WINDOWS\System32\gdi32full.dll
0x00007ff9e0800000 - 0x00007ff9e0a79000 	C:\WINDOWS\WinSxS\amd64_microsoft.windows.common-controls_6595b64144ccf1df_6.0.14393.0_none_2d0f50fcbdb171b8\COMCTL32.dll
0x00007ff9e9e60000 - 0x00007ff9ea127000 	C:\WINDOWS\System32\combase.dll
0x00007ff9e8f10000 - 0x00007ff9e9005000 	C:\WINDOWS\System32\ucrtbase.dll
0x00007ff9e8d10000 - 0x00007ff9e8d7a000 	C:\WINDOWS\System32\bcryptPrimitives.dll
0x00007ff9eae40000 - 0x00007ff9eae6e000 	C:\WINDOWS\System32\IMM32.DLL
0x0000000057bc0000 - 0x0000000057c92000 	C:\Program Files\Java\jdk1.8.0_101\jre\bin\msvcr100.dll
0x0000000058040000 - 0x00000000588da000 	C:\Program Files\Java\jdk1.8.0_101\jre\bin\server\jvm.dll
0x00007ff9eaa00000 - 0x00007ff9eaa08000 	C:\WINDOWS\System32\PSAPI.DLL
0x00007ff9de1d0000 - 0x00007ff9de1d9000 	C:\WINDOWS\SYSTEM32\WSOCK32.dll
0x00007ff9ea560000 - 0x00007ff9ea5ca000 	C:\WINDOWS\System32\WS2_32.dll
0x00007ff9e6c80000 - 0x00007ff9e6ca3000 	C:\WINDOWS\SYSTEM32\WINMM.dll
0x00007ff9e4320000 - 0x00007ff9e432a000 	C:\WINDOWS\SYSTEM32\VERSION.dll
0x00007ff9e6c30000 - 0x00007ff9e6c5b000 	C:\WINDOWS\SYSTEM32\WINMMBASE.dll
0x00007ff9e9010000 - 0x00007ff9e9052000 	C:\WINDOWS\System32\cfgmgr32.dll
0x0000000059390000 - 0x000000005939f000 	C:\Program Files\Java\jdk1.8.0_101\jre\bin\verify.dll
0x0000000059360000 - 0x0000000059389000 	C:\Program Files\Java\jdk1.8.0_101\jre\bin\java.dll
0x0000000058020000 - 0x0000000058036000 	C:\Program Files\Java\jdk1.8.0_101\jre\bin\zip.dll
0x00007ff9eb0c0000 - 0x00007ff9ec5c8000 	C:\WINDOWS\System32\SHELL32.dll
0x00007ff9e9610000 - 0x00007ff9e9cea000 	C:\WINDOWS\System32\windows.storage.dll
0x00007ff9e8c10000 - 0x00007ff9e8c5c000 	C:\WINDOWS\System32\powrprof.dll
0x00007ff9ea940000 - 0x00007ff9ea992000 	C:\WINDOWS\System32\shlwapi.dll
0x00007ff9e8c60000 - 0x00007ff9e8c6f000 	C:\WINDOWS\System32\kernel.appcore.dll
0x00007ff9e9110000 - 0x00007ff9e91b9000 	C:\WINDOWS\System32\shcore.dll
0x00007ff9e8bf0000 - 0x00007ff9e8c04000 	C:\WINDOWS\System32\profapi.dll

VM Arguments:
jvm_args: -Djava.awt.headless=true -Xmx1024M -Dfile.encoding=windows-1252 -Duser.country=MX -Duser.language=es -Duser.variant 
java_command: com.android.dx.command.Main --dex --force-jumbo --num-threads=4 --multi-dex --output O:\Android\VentaenRuta2016\app\build\intermediates\transforms\dex\debug\folders\1000\2\ZXingAndroid_f3f202da1cbc232a36ff054496322aed88ecdbeb O:\Android\VentaenRuta2016\app\libs\ZXingAndroid.jar
java_class_path (initial): C:\Users\mario\AppData\Local\Android\sdk\build-tools\24.0.2\lib\dx.jar
Launcher Type: SUN_STANDARD

Environment Variables:
PATH=C:\ProgramData\Oracle\Java\javapath;C:\Program Files (x86)\Intel\iCLS Client\;C:\Program Files\Intel\iCLS Client\;C:\Windows\system32;C:\Windows;C:\Windows\System32\Wbem;C:\Windows\System32\WindowsPowerShell\v1.0\;C:\Program Files (x86)\NVIDIA Corporation\PhysX\Common;C:\Program Files (x86)\Intel\Intel(R) Management Engine Components\DAL;C:\Program Files\Intel\Intel(R) Management Engine Components\DAL;C:\Program Files (x86)\Intel\Intel(R) Management Engine Components\IPT;C:\Program Files\Intel\Intel(R) Management Engine Components\IPT;C:\WINDOWS\system32;C:\WINDOWS;C:\WINDOWS\System32\Wbem;C:\WINDOWS\System32\WindowsPowerShell\v1.0\;C:\WINDOWS\system32\config\systemprofile\.dnx\bin;C:\Program Files\Microsoft DNX\Dnvm\;C:\Program Files (x86)\Windows Kits\10\Windows Performance Toolkit\;C:\Program Files\Git\cmd;C:\Program Files\Microsoft SQL Server\130\Tools\Binn\;C:\Program Files\Microsoft\Web Platform Installer\;C:\Program Files (x86)\nodejs\;C:\Users\mario\AppData\Roaming\npm;%USERPROFILE%\AppData\Local\Microsoft\WindowsApps;
USERNAME=mario
OS=Windows_NT
PROCESSOR_IDENTIFIER=Intel64 Family 6 Model 94 Stepping 3, GenuineIntel



---------------  S Y S T E M  ---------------

OS: Windows 10.0 , 64 bit Build 14393 (10.0.14393.0)

CPU:total 4 (4 cores per cpu, 1 threads per core) family 6 model 94 stepping 3, cmov, cx8, fxsr, mmx, sse, sse2, sse3, ssse3, sse4.1, sse4.2, popcnt, avx, avx2, aes, clmul, erms, rtm, 3dnowpref, lzcnt, tsc, tscinvbit, bmi1, bmi2, adx

Memory: 4k page, physical 8245152k(1239492k free), swap 8245152k(5164k free)

vm_info: Java HotSpot(TM) 64-Bit Server VM (25.101-b13) for windows-amd64 JRE (1.8.0_101-b13), built on Jun 22 2016 01:21:29 by "java_re" with MS VC++ 10.0 (VS2010)

time: Wed Oct 26 01:57:37 2016
elapsed time: 3 seconds (0d 0h 0m 3s)

