#
# There is insufficient memory for the Java Runtime Environment to continue.
# Native memory allocation (malloc) failed to allocate 285936 bytes for Chunk::new
# Possible reasons:
#   The system is out of physical RAM or swap space
#   In 32 bit mode, the process size limit was hit
# Possible solutions:
#   Reduce memory load on the system
#   Increase physical memory or swap space
#   Check if swap backing store is full
#   Use 64 bit Java on a 64 bit OS
#   Decrease Java heap size (-Xmx/-Xms)
#   Decrease number of Java threads
#   Decrease Java thread stack sizes (-Xss)
#   Set larger code cache with -XX:ReservedCodeCacheSize=
# This output file may be truncated or incomplete.
#
#  Out of Memory Error (allocation.cpp:390), pid=9424, tid=0x0000000000002f60
#
# JRE version: Java(TM) SE Runtime Environment (8.0_101-b13) (build 1.8.0_101-b13)
# Java VM: Java HotSpot(TM) 64-Bit Server VM (25.101-b13 mixed mode windows-amd64 compressed oops)
# Failed to write core dump. Minidumps are not enabled by default on client versions of Windows
#

---------------  T H R E A D  ---------------

Current thread (0x0000000014f39800):  JavaThread "C2 CompilerThread0" daemon [_thread_in_native, id=12128, stack(0x0000000016580000,0x0000000016680000)]

Stack: [0x0000000016580000,0x0000000016680000]
[error occurred during error reporting (printing stack bounds), id 0xc0000005]

Native frames: (J=compiled Java code, j=interpreted, Vv=VM code, C=native code)


Current CompileTask:
C2:   2336 1069   !   4       com.android.dx.cf.code.BytecodeArray::parseInstruction (2764 bytes)


---------------  P R O C E S S  ---------------

Java Threads: ( => current thread )
  0x00000000169f3000 JavaThread "pool-1-thread-4" [_thread_in_vm, id=3668, stack(0x0000000017280000,0x0000000017380000)]
  0x00000000169f2800 JavaThread "pool-1-thread-3" [_thread_in_Java, id=10604, stack(0x0000000017180000,0x0000000017280000)]
  0x00000000169f1000 JavaThread "pool-1-thread-2" [_thread_in_Java, id=4808, stack(0x0000000017080000,0x0000000017180000)]
  0x00000000169ce000 JavaThread "pool-2-thread-1" [_thread_blocked, id=4544, stack(0x0000000016f80000,0x0000000017080000)]
  0x00000000169d0800 JavaThread "pool-1-thread-1" [_thread_in_Java, id=1792, stack(0x0000000016e80000,0x0000000016f80000)]
  0x000000001678d800 JavaThread "Service Thread" daemon [_thread_blocked, id=8168, stack(0x0000000016c80000,0x0000000016d80000)]
  0x0000000016788800 JavaThread "C1 CompilerThread2" daemon [_thread_blocked, id=12548, stack(0x0000000016b80000,0x0000000016c80000)]
  0x0000000014f3c800 JavaThread "C2 CompilerThread1" daemon [_thread_in_native, id=9612, stack(0x0000000016680000,0x0000000016780000)]
=>0x0000000014f39800 JavaThread "C2 CompilerThread0" daemon [_thread_in_native, id=12128, stack(0x0000000016580000,0x0000000016680000)]
  0x0000000014f37800 JavaThread "Attach Listener" daemon [_thread_blocked, id=9156, stack(0x0000000016480000,0x0000000016580000)]
  0x0000000014f36800 JavaThread "Signal Dispatcher" daemon [_thread_blocked, id=11760, stack(0x0000000016380000,0x0000000016480000)]
  0x0000000014f1a000 JavaThread "Finalizer" daemon [_thread_blocked, id=13224, stack(0x0000000016180000,0x0000000016280000)]
  0x0000000014ef8800 JavaThread "Reference Handler" daemon [_thread_blocked, id=10420, stack(0x0000000016080000,0x0000000016180000)]
  0x000000000275d800 JavaThread "main" [_thread_in_Java, id=12604, stack(0x00000000025b0000,0x00000000026b0000)]

Other Threads:
  0x0000000014ef7000 VMThread [stack: 0x0000000015f80000,0x0000000016080000] [id=8656]
  0x00000000167ab000 WatcherThread [stack: 0x0000000016d80000,0x0000000016e80000] [id=8460]

VM state:synchronizing (normal execution)

VM Mutex/Monitor currently owned by a thread:  ([mutex/lock_event])
[0x000000000275ca90] Safepoint_lock - owner thread: 0x0000000014ef7000
[0x000000000275cf10] Threads_lock - owner thread: 0x0000000014ef7000
[0x0000000002760950] CompiledIC_lock - owner thread: 0x00000000169f3000

Heap:
 PSYoungGen      total 37888K, used 28219K [0x00000000eab00000, 0x00000000ed500000, 0x0000000100000000)
  eden space 32768K, 86% used [0x00000000eab00000,0x00000000ec68edb8,0x00000000ecb00000)
  from space 5120K, 0% used [0x00000000ed000000,0x00000000ed000000,0x00000000ed500000)
  to   space 5120K, 0% used [0x00000000ecb00000,0x00000000ecb00000,0x00000000ed000000)
 ParOldGen       total 86016K, used 0K [0x00000000c0000000, 0x00000000c5400000, 0x00000000eab00000)
  object space 86016K, 0% used [0x00000000c0000000,0x00000000c0000000,0x00000000c5400000)
 Metaspace       used 5892K, capacity 6834K, committed 7040K, reserved 1056768K
  class space    used 596K, capacity 618K, committed 640K, reserved 1048576K

Card table byte_map: [0x0000000011c20000,0x0000000011e30000] byte_map_base: 0x0000000011620000

Marking Bits: (ParMarkBitMap*) 0x000000006191a6d0
 Begin Bits: [0x0000000012390000, 0x0000000013390000)
 End Bits:   [0x0000000013390000, 0x0000000014390000)

Polling page: 0x00000000024c0000

CodeCache: size=245760Kb used=4407Kb max_used=4407Kb free=241352Kb
 bounds [0x0000000002860000, 0x0000000002cc0000, 0x0000000011860000]
 total_blobs=1353 nmethods=1084 adapters=182
 compilation: enabled

Compilation events (10 events):
Event: 2.244 Thread 0x0000000016788800 nmethod 1075 0x0000000002ca3e50 code [0x0000000002ca4080, 0x0000000002ca4e88]
Event: 2.245 Thread 0x0000000016788800 1076       3       com.android.dx.cf.code.Ropper::addExceptionSetupBlocks (203 bytes)
Event: 2.246 Thread 0x0000000016788800 nmethod 1076 0x0000000002ca5690 code [0x0000000002ca5a80, 0x0000000002ca7e48]
Event: 2.246 Thread 0x0000000016788800 1077       3       com.android.dx.rop.code.ThrowingInsn::accept (8 bytes)
Event: 2.246 Thread 0x0000000016788800 nmethod 1077 0x0000000002ca1090 code [0x0000000002ca1200, 0x0000000002ca1428]
Event: 2.247 Thread 0x0000000016788800 1080       3       com.android.dx.rop.code.RegisterSpecSet::localItemToSpec (49 bytes)
Event: 2.247 Thread 0x0000000016788800 nmethod 1080 0x0000000002ca0650 code [0x0000000002ca07e0, 0x0000000002ca0da8]
Event: 2.248 Thread 0x0000000016788800 1084       3       com.android.dx.ssa.SsaRenamer$BlockRenamer::visitPhiInsn (6 bytes)
Event: 2.248 Thread 0x0000000016788800 nmethod 1084 0x0000000002ca9a50 code [0x0000000002ca9bc0, 0x0000000002ca9d68]
Event: 2.248 Thread 0x0000000016788800 1085       3       com.android.dx.ssa.SsaInsn::makeFromRop (10 bytes)

GC Heap History (0 events):
No events

Deoptimization events (10 events):
Event: 1.897 Thread 0x00000000169f3000 Uncommon trap: reason=class_check action=maybe_recompile pc=0x0000000002a9b0f0 method=com.android.dx.ssa.NormalSsaInsn.accept(Lcom/android/dx/ssa/SsaInsn$Visitor;)V @ 9
Event: 1.899 Thread 0x00000000169f3000 Uncommon trap: reason=unstable_if action=reinterpret pc=0x0000000002b67f84 method=com.android.dx.rop.code.RegisterSpec.equals(ILcom/android/dx/rop/type/TypeBearer;Lcom/android/dx/rop/code/LocalItem;)Z @ 42
Event: 1.910 Thread 0x000000000275d800 Uncommon trap: reason=class_check action=maybe_recompile pc=0x0000000002bbe420 method=com.android.dx.ssa.NormalSsaInsn.accept(Lcom/android/dx/ssa/SsaInsn$Visitor;)V @ 9
Event: 1.916 Thread 0x000000000275d800 Uncommon trap: reason=unstable_if action=reinterpret pc=0x0000000002a9d8f4 method=java.util.BitSet.ensureCapacity(I)V @ 6
Event: 2.001 Thread 0x00000000169f1000 Uncommon trap: reason=class_check action=maybe_recompile pc=0x0000000002be9094 method=java.util.Collections$UnmodifiableCollection$1.hasNext()Z @ 4
Event: 2.001 Thread 0x00000000169f1000 Uncommon trap: reason=class_check action=maybe_recompile pc=0x0000000002be9094 method=java.util.Collections$UnmodifiableCollection$1.hasNext()Z @ 4
Event: 2.001 Thread 0x00000000169f1000 Uncommon trap: reason=class_check action=maybe_recompile pc=0x0000000002be9094 method=java.util.Collections$UnmodifiableCollection$1.hasNext()Z @ 4
Event: 2.001 Thread 0x00000000169f1000 Uncommon trap: reason=class_check action=maybe_recompile pc=0x0000000002be9094 method=java.util.Collections$UnmodifiableCollection$1.hasNext()Z @ 4
Event: 2.026 Thread 0x000000000275d800 Uncommon trap: reason=unstable_if action=reinterpret pc=0x0000000002bb4d38 method=com.android.dx.cf.code.Ropper.labelToResultIndex(I)I @ 34
Event: 2.029 Thread 0x000000000275d800 Uncommon trap: reason=null_check action=make_not_entrant pc=0x0000000002ba1da8 method=com.android.dx.rop.type.Type.equals(Ljava/lang/Object;)Z @ 8

Internal exceptions (3 events):
Event: 0.119 Thread 0x000000000275d800 Exception <a 'java/lang/NoSuchMethodError': Method sun.misc.Unsafe.defineClass(Ljava/lang/String;[BII)Ljava/lang/Class; name or signature does not match> (0x00000000eab07cc0) thrown at [C:\re\workspace\8-2-build-windows-amd64-cygwin\jdk8u101\7261\hotspot\sða—˜Ø™¾?
Event: 0.120 Thread 0x000000000275d800 Exception <a 'java/lang/NoSuchMethodError': Method sun.misc.Unsafe.prefetchRead(Ljava/lang/Object;J)V name or signature does not match> (0x00000000eab07fa8) thrown at [C:\re\workspace\8-2-build-windows-amd64-cygwin\jdk8u101\7261\hotspot\src\share\vm\prims\*;
Event: 2.029 Thread 0x000000000275d800 Implicit null exception at 0x0000000002ba1ca2 to 0x0000000002ba1d9a

Events (10 events):
Event: 2.001 Thread 0x00000000169f1000 DEOPT UNPACKING pc=0x00000000028a582a sp=0x000000001717eb88 mode 2
Event: 2.001 Thread 0x00000000169f1000 Uncommon trap: trap_request=0xffffffde fr.pc=0x0000000002be9094
Event: 2.001 Thread 0x00000000169f1000 DEOPT PACKING pc=0x0000000002be9094 sp=0x000000001717ed50
Event: 2.001 Thread 0x00000000169f1000 DEOPT UNPACKING pc=0x00000000028a582a sp=0x000000001717ece8 mode 2
Event: 2.026 Thread 0x000000000275d800 Uncommon trap: trap_request=0xffffff65 fr.pc=0x0000000002bb4d38
Event: 2.026 Thread 0x000000000275d800 DEOPT PACKING pc=0x0000000002bb4d38 sp=0x00000000026ae250
Event: 2.026 Thread 0x000000000275d800 DEOPT UNPACKING pc=0x00000000028a582a sp=0x00000000026ae1f8 mode 2
Event: 2.029 Thread 0x000000000275d800 Uncommon trap: trap_request=0xfffffff4 fr.pc=0x0000000002ba1da8
Event: 2.029 Thread 0x000000000275d800 DEOPT PACKING pc=0x0000000002ba1da8 sp=0x00000000026add70
Event: 2.029 Thread 0x000000000275d800 DEOPT UNPACKING pc=0x00000000028a582a sp=0x00000000026add08 mode 2


Dynamic libraries:
0x00007ff7d0e70000 - 0x00007ff7d0ea7000 	C:\Program Files\Java\jdk1.8.0_101\bin\java.exe
0x00007ffdaa3d0000 - 0x00007ffdaa591000 	C:\WINDOWS\SYSTEM32\ntdll.dll
0x00007ffda9a60000 - 0x00007ffda9b0d000 	C:\WINDOWS\system32\KERNEL32.DLL
0x00007ffda6d40000 - 0x00007ffda6f28000 	C:\WINDOWS\system32\KERNELBASE.dll
0x00007ffda77d0000 - 0x00007ffda7877000 	C:\WINDOWS\system32\ADVAPI32.dll
0x00007ffda7990000 - 0x00007ffda7a2d000 	C:\WINDOWS\system32\msvcrt.dll
0x00007ffda7a30000 - 0x00007ffda7a8b000 	C:\WINDOWS\system32\sechost.dll
0x00007ffda7cd0000 - 0x00007ffda7dec000 	C:\WINDOWS\system32\RPCRT4.dll
0x00007ffda93b0000 - 0x00007ffda9506000 	C:\WINDOWS\system32\USER32.dll
0x00007ffda9d20000 - 0x00007ffda9ea6000 	C:\WINDOWS\system32\GDI32.dll
0x00007ffda30e0000 - 0x00007ffda3354000 	C:\WINDOWS\WinSxS\amd64_microsoft.windows.common-controls_6595b64144ccf1df_6.0.10586.589_none_a2ddb3caa539acce\COMCTL32.dll
0x00007ffda97e0000 - 0x00007ffda9a5d000 	C:\WINDOWS\system32\combase.dll
0x00007ffda6ad0000 - 0x00007ffda6b3a000 	C:\WINDOWS\system32\bcryptPrimitives.dll
0x00007ffda7c90000 - 0x00007ffda7ccb000 	C:\WINDOWS\system32\IMM32.DLL
0x000000005eae0000 - 0x000000005ebb2000 	C:\Program Files\Java\jdk1.8.0_101\jre\bin\msvcr100.dll
0x0000000061100000 - 0x000000006199a000 	C:\Program Files\Java\jdk1.8.0_101\jre\bin\server\jvm.dll
0x00007ffda9700000 - 0x00007ffda9708000 	C:\WINDOWS\system32\PSAPI.DLL
0x00007ffda5140000 - 0x00007ffda5149000 	C:\WINDOWS\SYSTEM32\WSOCK32.dll
0x00007ffda9eb0000 - 0x00007ffda9f1b000 	C:\WINDOWS\system32\WS2_32.dll
0x00007ffda4fb0000 - 0x00007ffda4fd3000 	C:\WINDOWS\SYSTEM32\WINMM.dll
0x00007ffda30c0000 - 0x00007ffda30ca000 	C:\WINDOWS\SYSTEM32\VERSION.dll
0x00007ffda4f50000 - 0x00007ffda4f7c000 	C:\WINDOWS\SYSTEM32\WINMMBASE.dll
0x00007ffda6a80000 - 0x00007ffda6ac3000 	C:\WINDOWS\system32\cfgmgr32.dll
0x0000000061e40000 - 0x0000000061e4f000 	C:\Program Files\Java\jdk1.8.0_101\jre\bin\verify.dll
0x0000000061e10000 - 0x0000000061e39000 	C:\Program Files\Java\jdk1.8.0_101\jre\bin\java.dll
0x0000000061df0000 - 0x0000000061e06000 	C:\Program Files\Java\jdk1.8.0_101\jre\bin\zip.dll
0x00007ffda7e50000 - 0x00007ffda93ac000 	C:\WINDOWS\system32\SHELL32.dll
0x00007ffda6fb0000 - 0x00007ffda75f5000 	C:\WINDOWS\system32\windows.storage.dll
0x00007ffdaa350000 - 0x00007ffdaa3a2000 	C:\WINDOWS\system32\shlwapi.dll
0x00007ffda6a20000 - 0x00007ffda6a2f000 	C:\WINDOWS\system32\kernel.appcore.dll
0x00007ffda6b40000 - 0x00007ffda6bf5000 	C:\WINDOWS\system32\shcore.dll
0x00007ffda6a30000 - 0x00007ffda6a7b000 	C:\WINDOWS\system32\powrprof.dll
0x00007ffda69f0000 - 0x00007ffda6a04000 	C:\WINDOWS\system32\profapi.dll

VM Arguments:
jvm_args: -Djava.awt.headless=true -Xmx1024M -Dfile.encoding=windows-1252 -Duser.country=MX -Duser.language=es -Duser.variant 
java_command: com.android.dx.command.Main --dex --num-threads=4 --output O:\Android\VentaenRuta2016\app\build\intermediates\pre-dexed\release\snmp6_1_e3fc97a1e1a9396b913ea6fc5c98593e3eab2d7e.jar O:\Android\VentaenRuta2016\app\libs\snmp6_1.jar
java_class_path (initial): C:\Users\mario\AppData\Local\Android\sdk\build-tools\24.0.2\lib\dx.jar
Launcher Type: SUN_STANDARD

Environment Variables:
PATH=C:\ProgramData\Oracle\Java\javapath;C:\Program Files (x86)\Intel\iCLS Client\;C:\Program Files\Intel\iCLS Client\;C:\Windows\system32;C:\Windows;C:\Windows\System32\Wbem;C:\Windows\System32\WindowsPowerShell\v1.0\;C:\Program Files (x86)\NVIDIA Corporation\PhysX\Common;C:\Program Files (x86)\Intel\Intel(R) Management Engine Components\DAL;C:\Program Files\Intel\Intel(R) Management Engine Components\DAL;C:\Program Files (x86)\Intel\Intel(R) Management Engine Components\IPT;C:\Program Files\Intel\Intel(R) Management Engine Components\IPT;C:\WINDOWS\system32;C:\WINDOWS;C:\WINDOWS\System32\Wbem;C:\WINDOWS\System32\WindowsPowerShell\v1.0\;C:\WINDOWS\system32\config\systemprofile\.dnx\bin;C:\Program Files\Microsoft DNX\Dnvm\;C:\Program Files (x86)\Windows Kits\10\Windows Performance Toolkit\;C:\Program Files\Git\cmd;C:\Program Files\Microsoft SQL Server\130\Tools\Binn\;C:\Program Files\Microsoft\Web Platform Installer\;C:\Program Files (x86)\nodejs\;C:\Users\mario\AppData\Roaming\npm
USERNAME=mario
OS=Windows_NT
PROCESSOR_IDENTIFIER=Intel64 Family 6 Model 94 Stepping 3, GenuineIntel



---------------  S Y S T E M  ---------------

OS: Windows 10.0 , 64 bit Build 10586 (10.0.10586.589)

CPU:total 4 (4 cores per cpu, 1 threads per core) family 6 model 94 stepping 3, cmov, cx8, fxsr, mmx, sse, sse2, sse3, ssse3, sse4.1, sse4.2, popcnt, avx, avx2, aes, clmul, erms, rtm, 3dnowpref, lzcnt, tsc, tscinvbit, bmi1, bmi2, adx

Memory: 4k page, physical 8245152k(958444k free), swap 10192800k(4136k free)

vm_info: Java HotSpot(TM) 64-Bit Server VM (25.101-b13) for windows-amd64 JRE (1.8.0_101-b13), built on Jun 22 2016 01:21:29 by "java_re" with MS VC++ 10.0 (VS2010)

time: Tue Sep 20 12:03:47 2016
elapsed time: 2 seconds (0d 0h 0m 2s)

