#
# There is insufficient memory for the Java Runtime Environment to continue.
# Native memory allocation (malloc) failed to allocate 32784 bytes for Chunk::new
# Possible reasons:
#   The system is out of physical RAM or swap space
#   In 32 bit mode, the process size limit was hit
# Possible solutions:
#   Reduce memory load on the system
#   Increase physical memory or swap space
#   Check if swap backing store is full
#   Use 64 bit Java on a 64 bit OS
#   Decrease Java heap size (-Xmx/-Xms)
#   Decrease number of Java threads
#   Decrease Java thread stack sizes (-Xss)
#   Set larger code cache with -XX:ReservedCodeCacheSize=
# This output file may be truncated or incomplete.
#
#  Out of Memory Error (allocation.cpp:390), pid=4156, tid=0x000000000000225c
#
# JRE version: Java(TM) SE Runtime Environment (8.0_101-b13) (build 1.8.0_101-b13)
# Java VM: Java HotSpot(TM) 64-Bit Server VM (25.101-b13 mixed mode windows-amd64 compressed oops)
# Failed to write core dump. Minidumps are not enabled by default on client versions of Windows
#

---------------  T H R E A D  ---------------

Current thread (0x00000000158cd800):  JavaThread "C2 CompilerThread0" daemon [_thread_in_native, id=8796, stack(0x0000000016f30000,0x0000000017030000)]

Stack: [0x0000000016f30000,0x0000000017030000]
[error occurred during error reporting (printing stack bounds), id 0xc0000005]

Native frames: (J=compiled Java code, j=interpreted, Vv=VM code, C=native code)


Current CompileTask:
C2:   3969 2107 %     4       com.android.dx.ssa.SCCP::run @ 53 (298 bytes)


---------------  P R O C E S S  ---------------

Java Threads: ( => current thread )
  0x00000000173a0000 JavaThread "pool-1-thread-1" [_thread_in_Java, id=7112, stack(0x000000001b4a0000,0x000000001b5a0000)]
  0x0000000017133800 JavaThread "Service Thread" daemon [_thread_blocked, id=10816, stack(0x0000000017630000,0x0000000017730000)]
  0x000000001592d000 JavaThread "C1 CompilerThread2" daemon [_thread_blocked, id=8584, stack(0x0000000017530000,0x0000000017630000)]
  0x0000000015926800 JavaThread "C2 CompilerThread1" daemon [_thread_in_native, id=8840, stack(0x0000000017030000,0x0000000017130000)]
=>0x00000000158cd800 JavaThread "C2 CompilerThread0" daemon [_thread_in_native, id=8796, stack(0x0000000016f30000,0x0000000017030000)]
  0x00000000158cb800 JavaThread "Attach Listener" daemon [_thread_blocked, id=9572, stack(0x0000000016e30000,0x0000000016f30000)]
  0x00000000158ca000 JavaThread "Signal Dispatcher" daemon [_thread_blocked, id=1556, stack(0x0000000016d30000,0x0000000016e30000)]
  0x00000000158ba000 JavaThread "Finalizer" daemon [_thread_blocked, id=6192, stack(0x0000000016b20000,0x0000000016c20000)]
  0x0000000015898800 JavaThread "Reference Handler" daemon [_thread_blocked, id=10948, stack(0x0000000016a20000,0x0000000016b20000)]
  0x000000000308d800 JavaThread "main" [_thread_blocked, id=7212, stack(0x0000000002f00000,0x0000000003000000)]

Other Threads:
  0x0000000015897000 VMThread [stack: 0x0000000016920000,0x0000000016a20000] [id=6124]
  0x0000000017138800 WatcherThread [stack: 0x0000000017730000,0x0000000017830000] [id=5432]

VM state:not at safepoint (normal execution)

VM Mutex/Monitor currently owned by a thread: None

Heap:
 PSYoungGen      total 143360K, used 73848K [0x00000000eab00000, 0x00000000f4d00000, 0x0000000100000000)
  eden space 128512K, 45% used [0x00000000eab00000,0x00000000ee4a17f8,0x00000000f2880000)
  from space 14848K, 99% used [0x00000000f3980000,0x00000000f47fca08,0x00000000f4800000)
  to   space 17408K, 0% used [0x00000000f2880000,0x00000000f2880000,0x00000000f3980000)
 ParOldGen       total 86016K, used 24456K [0x00000000c0000000, 0x00000000c5400000, 0x00000000eab00000)
  object space 86016K, 28% used [0x00000000c0000000,0x00000000c17e2168,0x00000000c5400000)
 Metaspace       used 6446K, capacity 7192K, committed 7424K, reserved 1056768K
  class space    used 625K, capacity 656K, committed 768K, reserved 1048576K

Card table byte_map: [0x00000000125c0000,0x00000000127d0000] byte_map_base: 0x0000000011fc0000

Marking Bits: (ParMarkBitMap*) 0x000000005885a6d0
 Begin Bits: [0x0000000012d30000, 0x0000000013d30000)
 End Bits:   [0x0000000013d30000, 0x0000000014d30000)

Polling page: 0x0000000001480000

CodeCache: size=245760Kb used=8791Kb max_used=8812Kb free=236968Kb
 bounds [0x0000000003200000, 0x0000000003ab0000, 0x0000000012200000]
 total_blobs=2290 nmethods=2020 adapters=182
 compilation: enabled

Compilation events (10 events):
Event: 3.923 Thread 0x000000001592d000 2134       2       java.util.concurrent.FutureTask::report (37 bytes)
Event: 3.923 Thread 0x000000001592d000 nmethod 2134 0x0000000003a37110 code [0x0000000003a372a0, 0x0000000003a37558]
Event: 3.950 Thread 0x000000001592d000 2135       2       com.android.dx.dex.file.ClassDefsSection::orderItems0 (158 bytes)
Event: 3.951 Thread 0x000000001592d000 nmethod 2135 0x0000000003a67590 code [0x0000000003a677c0, 0x0000000003a680c8]
Event: 3.961 Thread 0x0000000015926800 nmethod 2106% 0x0000000003a9b990 code [0x0000000003a9be20, 0x0000000003aa09e8]
Event: 3.962 Thread 0x0000000015926800 2111 %     4       com.android.dx.util.Bits::or @ 2 (24 bytes)
Event: 3.964 Thread 0x0000000015926800 nmethod 2111% 0x0000000003a67110 code [0x0000000003a67260, 0x0000000003a67458]
Event: 3.964 Thread 0x0000000015926800 2118 %     4       com.android.dx.ssa.SsaMethod::mapRegisters @ 36 (87 bytes)
Event: 3.967 Thread 0x000000001592d000 2136       2       com.android.dx.dex.file.EncodedField::compareTo (9 bytes)
Event: 3.968 Thread 0x000000001592d000 nmethod 2136 0x0000000003a36cd0 code [0x0000000003a36e40, 0x0000000003a36fe8]

GC Heap History (10 events):
Event: 1.170 GC heap before
{Heap before GC invocations=2 (full 0):
 PSYoungGen      total 37888K, used 37882K [0x00000000eab00000, 0x00000000ed500000, 0x0000000100000000)
  eden space 32768K, 100% used [0x00000000eab00000,0x00000000ecb00000,0x00000000ecb00000)
  from space 5120K, 99% used [0x00000000ecb00000,0x00000000ecffeac8,0x00000000ed000000)
  to   space 5120K, 0% used [0x00000000ed000000,0x00000000ed000000,0x00000000ed500000)
 ParOldGen       total 86016K, used 1422K [0x00000000c0000000, 0x00000000c5400000, 0x00000000eab00000)
  object space 86016K, 1% used [0x00000000c0000000,0x00000000c0163a10,0x00000000c5400000)
 Metaspace       used 6108K, capacity 7026K, committed 7296K, reserved 1056768K
  class space    used 599K, capacity 618K, committed 640K, reserved 1048576K
Event: 1.192 GC heap after
Heap after GC invocations=2 (full 0):
 PSYoungGen      total 37888K, used 5111K [0x00000000eab00000, 0x00000000ef500000, 0x0000000100000000)
  eden space 32768K, 0% used [0x00000000eab00000,0x00000000eab00000,0x00000000ecb00000)
  from space 5120K, 99% used [0x00000000ed000000,0x00000000ed4fdc88,0x00000000ed500000)
  to   space 5120K, 0% used [0x00000000ecb00000,0x00000000ecb00000,0x00000000ed000000)
 ParOldGen       total 86016K, used 5511K [0x00000000c0000000, 0x00000000c5400000, 0x00000000eab00000)
  object space 86016K, 6% used [0x00000000c0000000,0x00000000c0561cb0,0x00000000c5400000)
 Metaspace       used 6108K, capacity 7026K, committed 7296K, reserved 1056768K
  class space    used 599K, capacity 618K, committed 640K, reserved 1048576K
}
Event: 1.534 GC heap before
{Heap before GC invocations=3 (full 0):
 PSYoungGen      total 37888K, used 37879K [0x00000000eab00000, 0x00000000ef500000, 0x0000000100000000)
  eden space 32768K, 100% used [0x00000000eab00000,0x00000000ecb00000,0x00000000ecb00000)
  from space 5120K, 99% used [0x00000000ed000000,0x00000000ed4fdc88,0x00000000ed500000)
  to   space 5120K, 0% used [0x00000000ecb00000,0x00000000ecb00000,0x00000000ed000000)
 ParOldGen       total 86016K, used 5511K [0x00000000c0000000, 0x00000000c5400000, 0x00000000eab00000)
  object space 86016K, 6% used [0x00000000c0000000,0x00000000c0561cb0,0x00000000c5400000)
 Metaspace       used 6212K, capacity 7090K, committed 7296K, reserved 1056768K
  class space    used 599K, capacity 618K, committed 640K, reserved 1048576K
Event: 1.653 GC heap after
Heap after GC invocations=3 (full 0):
 PSYoungGen      total 37888K, used 5104K [0x00000000eab00000, 0x00000000ef500000, 0x0000000100000000)
  eden space 32768K, 0% used [0x00000000eab00000,0x00000000eab00000,0x00000000ecb00000)
  from space 5120K, 99% used [0x00000000ecb00000,0x00000000ecffc038,0x00000000ed000000)
  to   space 5120K, 0% used [0x00000000ef000000,0x00000000ef000000,0x00000000ef500000)
 ParOldGen       total 86016K, used 9665K [0x00000000c0000000, 0x00000000c5400000, 0x00000000eab00000)
  object space 86016K, 11% used [0x00000000c0000000,0x00000000c09704b8,0x00000000c5400000)
 Metaspace       used 6212K, capacity 7090K, committed 7296K, reserved 1056768K
  class space    used 599K, capacity 618K, committed 640K, reserved 1048576K
}
Event: 1.867 GC heap before
{Heap before GC invocations=4 (full 0):
 PSYoungGen      total 37888K, used 37872K [0x00000000eab00000, 0x00000000ef500000, 0x0000000100000000)
  eden space 32768K, 100% used [0x00000000eab00000,0x00000000ecb00000,0x00000000ecb00000)
  from space 5120K, 99% used [0x00000000ecb00000,0x00000000ecffc038,0x00000000ed000000)
  to   space 5120K, 0% used [0x00000000ef000000,0x00000000ef000000,0x00000000ef500000)
 ParOldGen       total 86016K, used 9665K [0x00000000c0000000, 0x00000000c5400000, 0x00000000eab00000)
  object space 86016K, 11% used [0x00000000c0000000,0x00000000c09704b8,0x00000000c5400000)
 Metaspace       used 6333K, capacity 7128K, committed 7424K, reserved 1056768K
  class space    used 619K, capacity 656K, committed 768K, reserved 1048576K
Event: 1.879 GC heap after
Heap after GC invocations=4 (full 0):
 PSYoungGen      total 70656K, used 5088K [0x00000000eab00000, 0x00000000ef500000, 0x0000000100000000)
  eden space 65536K, 0% used [0x00000000eab00000,0x00000000eab00000,0x00000000eeb00000)
  from space 5120K, 99% used [0x00000000ef000000,0x00000000ef4f8028,0x00000000ef500000)
  to   space 5120K, 0% used [0x00000000eeb00000,0x00000000eeb00000,0x00000000ef000000)
 ParOldGen       total 86016K, used 14158K [0x00000000c0000000, 0x00000000c5400000, 0x00000000eab00000)
  object space 86016K, 16% used [0x00000000c0000000,0x00000000c0dd3bc8,0x00000000c5400000)
 Metaspace       used 6333K, capacity 7128K, committed 7424K, reserved 1056768K
  class space    used 619K, capacity 656K, committed 768K, reserved 1048576K
}
Event: 2.804 GC heap before
{Heap before GC invocations=5 (full 0):
 PSYoungGen      total 70656K, used 70624K [0x00000000eab00000, 0x00000000ef500000, 0x0000000100000000)
  eden space 65536K, 100% used [0x00000000eab00000,0x00000000eeb00000,0x00000000eeb00000)
  from space 5120K, 99% used [0x00000000ef000000,0x00000000ef4f8028,0x00000000ef500000)
  to   space 5120K, 0% used [0x00000000eeb00000,0x00000000eeb00000,0x00000000ef000000)
 ParOldGen       total 86016K, used 14158K [0x00000000c0000000, 0x00000000c5400000, 0x00000000eab00000)
  object space 86016K, 16% used [0x00000000c0000000,0x00000000c0dd3bc8,0x00000000c5400000)
 Metaspace       used 6376K, capacity 7128K, committed 7424K, reserved 1056768K
  class space    used 619K, capacity 656K, committed 768K, reserved 1048576K
Event: 2.859 GC heap after
Heap after GC invocations=5 (full 0):
 PSYoungGen      total 70656K, used 5088K [0x00000000eab00000, 0x00000000f4800000, 0x0000000100000000)
  eden space 65536K, 0% used [0x00000000eab00000,0x00000000eab00000,0x00000000eeb00000)
  from space 5120K, 99% used [0x00000000eeb00000,0x00000000eeff8028,0x00000000ef000000)
  to   space 14848K, 0% used [0x00000000f3980000,0x00000000f3980000,0x00000000f4800000)
 ParOldGen       total 86016K, used 23633K [0x00000000c0000000, 0x00000000c5400000, 0x00000000eab00000)
  object space 86016K, 27% used [0x00000000c0000000,0x00000000c1714420,0x00000000c5400000)
 Metaspace       used 6376K, capacity 7128K, committed 7424K, reserved 1056768K
  class space    used 619K, capacity 656K, committed 768K, reserved 1048576K
}
Event: 3.142 GC heap before
{Heap before GC invocations=6 (full 0):
 PSYoungGen      total 70656K, used 70545K [0x00000000eab00000, 0x00000000f4800000, 0x0000000100000000)
  eden space 65536K, 99% used [0x00000000eab00000,0x00000000eeaec7c8,0x00000000eeb00000)
  from space 5120K, 99% used [0x00000000eeb00000,0x00000000eeff8028,0x00000000ef000000)
  to   space 14848K, 0% used [0x00000000f3980000,0x00000000f3980000,0x00000000f4800000)
 ParOldGen       total 86016K, used 23633K [0x00000000c0000000, 0x00000000c5400000, 0x00000000eab00000)
  object space 86016K, 27% used [0x00000000c0000000,0x00000000c1714420,0x00000000c5400000)
 Metaspace       used 6399K, capacity 7192K, committed 7424K, reserved 1056768K
  class space    used 619K, capacity 656K, committed 768K, reserved 1048576K
Event: 3.172 GC heap after
Heap after GC invocations=6 (full 0):
 PSYoungGen      total 143360K, used 14834K [0x00000000eab00000, 0x00000000f4d00000, 0x0000000100000000)
  eden space 128512K, 0% used [0x00000000eab00000,0x00000000eab00000,0x00000000f2880000)
  from space 14848K, 99% used [0x00000000f3980000,0x00000000f47fca08,0x00000000f4800000)
  to   space 17408K, 0% used [0x00000000f2880000,0x00000000f2880000,0x00000000f3980000)
 ParOldGen       total 86016K, used 24456K [0x00000000c0000000, 0x00000000c5400000, 0x00000000eab00000)
  object space 86016K, 28% used [0x00000000c0000000,0x00000000c17e2168,0x00000000c5400000)
 Metaspace       used 6399K, capacity 7192K, committed 7424K, reserved 1056768K
  class space    used 619K, capacity 656K, committed 768K, reserved 1048576K
}

Deoptimization events (10 events):
Event: 3.055 Thread 0x00000000173a0000 Uncommon trap: reason=class_check action=maybe_recompile pc=0x000000000395bc54 method=com.android.dx.cf.code.RopperMachine.run(Lcom/android/dx/cf/code/Frame;II)V @ 310
Event: 3.055 Thread 0x00000000173a0000 Uncommon trap: reason=class_check action=maybe_recompile pc=0x00000000039421fc method=com.android.dx.cf.code.BaseMachine.addResult(Lcom/android/dx/rop/type/TypeBearer;)V @ 23
Event: 3.055 Thread 0x00000000173a0000 Uncommon trap: reason=class_check action=maybe_recompile pc=0x000000000395bc54 method=com.android.dx.cf.code.RopperMachine.run(Lcom/android/dx/cf/code/Frame;II)V @ 310
Event: 3.183 Thread 0x00000000173a0000 Uncommon trap: reason=unstable_if action=reinterpret pc=0x0000000003a03a10 method=java.util.HashMap.putVal(ILjava/lang/Object;Ljava/lang/Object;ZZ)Ljava/lang/Object; @ 109
Event: 3.239 Thread 0x00000000173ab800 Uncommon trap: reason=unstable_if action=reinterpret pc=0x0000000003a077bc method=java.util.HashMap.putVal(ILjava/lang/Object;Ljava/lang/Object;ZZ)Ljava/lang/Object; @ 109
Event: 3.967 Thread 0x00000000173a0000 Uncommon trap: reason=class_check action=maybe_recompile pc=0x0000000003741a48 method=java.util.Arrays.hashCode([Ljava/lang/Object;)I @ 43
Event: 3.967 Thread 0x00000000173a0000 Uncommon trap: reason=class_check action=maybe_recompile pc=0x0000000003741a48 method=java.util.Arrays.hashCode([Ljava/lang/Object;)I @ 43
Event: 3.967 Thread 0x00000000173a0000 Uncommon trap: reason=class_check action=maybe_recompile pc=0x0000000003741a48 method=java.util.Arrays.hashCode([Ljava/lang/Object;)I @ 43
Event: 3.967 Thread 0x00000000173a0000 Uncommon trap: reason=class_check action=maybe_recompile pc=0x0000000003741a48 method=java.util.Arrays.hashCode([Ljava/lang/Object;)I @ 43
Event: 3.967 Thread 0x00000000173a0000 Uncommon trap: reason=class_check action=maybe_recompile pc=0x00000000035f23f4 method=java.util.Arrays.hashCode([Ljava/lang/Object;)I @ 43

Internal exceptions (7 events):
Event: 0.052 Thread 0x000000000308d800 Exception <a 'java/lang/NoSuchMethodError': Method sun.misc.Unsafe.defineClass(Ljava/lang/String;[BII)Ljava/lang/Class; name or signature does not match> (0x00000000eab07cc0) thrown at [C:\re\workspace\8-2-build-windows-amd64-cygwin\jdk8u101\7261\hotspot\scÒáµrª?
Event: 0.052 Thread 0x000000000308d800 Exception <a 'java/lang/NoSuchMethodError': Method sun.misc.Unsafe.prefetchRead(Ljava/lang/Object;J)V name or signature does not match> (0x00000000eab07fa8) thrown at [C:\re\workspace\8-2-build-windows-amd64-cygwin\jdk8u101\7261\hotspot\src\share\vm\prims\ð•Õš?í?
Event: 0.914 Thread 0x00000000173a0000 Implicit null exception at 0x00000000034cca22 to 0x00000000034ccb1a
Event: 0.938 Thread 0x00000000173ab800 Implicit null exception at 0x00000000034d6b00 to 0x00000000034d8a29
Event: 1.782 Thread 0x00000000173ab800 Exception <a 'java/lang/ArrayIndexOutOfBoundsException': 18> (0x00000000ec1fa298) thrown at [C:\re\workspace\8-2-build-windows-amd64-cygwin\jdk8u101\7261\hotspot\src\share\vm\interpreter\interpreterRuntime.cpp, line 366]
Event: 1.782 Thread 0x00000000173ab800 Exception <a 'java/lang/ArrayIndexOutOfBoundsException': 145> (0x00000000ec1fbe18) thrown at [C:\re\workspace\8-2-build-windows-amd64-cygwin\jdk8u101\7261\hotspot\src\share\vm\interpreter\interpreterRuntime.cpp, line 366]
Event: 1.782 Thread 0x00000000173ab800 Exception <a 'java/lang/ArrayIndexOutOfBoundsException': 40> (0x00000000ec1fd100) thrown at [C:\re\workspace\8-2-build-windows-amd64-cygwin\jdk8u101\7261\hotspot\src\share\vm\interpreter\interpreterRuntime.cpp, line 366]

Events (10 events):
Event: 3.967 Thread 0x00000000173a0000 DEOPT UNPACKING pc=0x000000000324582a sp=0x000000001b59e900 mode 2
Event: 3.967 Thread 0x00000000173a0000 Uncommon trap: trap_request=0xffffffde fr.pc=0x0000000003741a48
Event: 3.967 Thread 0x00000000173a0000 DEOPT PACKING pc=0x0000000003741a48 sp=0x000000001b59ea30
Event: 3.967 Thread 0x00000000173a0000 DEOPT UNPACKING pc=0x000000000324582a sp=0x000000001b59e960 mode 2
Event: 3.967 Thread 0x00000000173a0000 Uncommon trap: trap_request=0xffffffde fr.pc=0x0000000003741a48
Event: 3.967 Thread 0x00000000173a0000 DEOPT PACKING pc=0x0000000003741a48 sp=0x000000001b59e9d0
Event: 3.967 Thread 0x00000000173a0000 DEOPT UNPACKING pc=0x000000000324582a sp=0x000000001b59e900 mode 2
Event: 3.967 Thread 0x00000000173a0000 Uncommon trap: trap_request=0xffffffde fr.pc=0x00000000035f23f4
Event: 3.967 Thread 0x00000000173a0000 DEOPT PACKING pc=0x00000000035f23f4 sp=0x000000001b59e9d0
Event: 3.967 Thread 0x00000000173a0000 DEOPT UNPACKING pc=0x000000000324582a sp=0x000000001b59e958 mode 2


Dynamic libraries:
0x00007ff7fdab0000 - 0x00007ff7fdae7000 	C:\Program Files\Java\jdk1.8.0_101\bin\java.exe
0x00007ff9ec780000 - 0x00007ff9ec951000 	C:\WINDOWS\SYSTEM32\ntdll.dll
0x00007ff9e9d10000 - 0x00007ff9e9dbb000 	C:\WINDOWS\System32\KERNEL32.DLL
0x00007ff9e9220000 - 0x00007ff9e943d000 	C:\WINDOWS\System32\KERNELBASE.dll
0x00007ff9ea360000 - 0x00007ff9ea402000 	C:\WINDOWS\System32\ADVAPI32.dll
0x00007ff9eb020000 - 0x00007ff9eb0be000 	C:\WINDOWS\System32\msvcrt.dll
0x00007ff9ea9a0000 - 0x00007ff9ea9f9000 	C:\WINDOWS\System32\sechost.dll
0x00007ff9ea230000 - 0x00007ff9ea351000 	C:\WINDOWS\System32\RPCRT4.dll
0x00007ff9ec610000 - 0x00007ff9ec775000 	C:\WINDOWS\System32\USER32.dll
0x00007ff9e9cf0000 - 0x00007ff9e9d0e000 	C:\WINDOWS\System32\win32u.dll
0x00007ff9ec5d0000 - 0x00007ff9ec604000 	C:\WINDOWS\System32\GDI32.dll
0x00007ff9e8d80000 - 0x00007ff9e8f02000 	C:\WINDOWS\System32\gdi32full.dll
0x00007ff9e0800000 - 0x00007ff9e0a79000 	C:\WINDOWS\WinSxS\amd64_microsoft.windows.common-controls_6595b64144ccf1df_6.0.14393.0_none_2d0f50fcbdb171b8\COMCTL32.dll
0x00007ff9e9e60000 - 0x00007ff9ea127000 	C:\WINDOWS\System32\combase.dll
0x00007ff9e8f10000 - 0x00007ff9e9005000 	C:\WINDOWS\System32\ucrtbase.dll
0x00007ff9e8d10000 - 0x00007ff9e8d7a000 	C:\WINDOWS\System32\bcryptPrimitives.dll
0x00007ff9eae40000 - 0x00007ff9eae6e000 	C:\WINDOWS\System32\IMM32.DLL
0x0000000057bc0000 - 0x0000000057c92000 	C:\Program Files\Java\jdk1.8.0_101\jre\bin\msvcr100.dll
0x0000000058040000 - 0x00000000588da000 	C:\Program Files\Java\jdk1.8.0_101\jre\bin\server\jvm.dll
0x00007ff9eaa00000 - 0x00007ff9eaa08000 	C:\WINDOWS\System32\PSAPI.DLL
0x00007ff9de1d0000 - 0x00007ff9de1d9000 	C:\WINDOWS\SYSTEM32\WSOCK32.dll
0x00007ff9ea560000 - 0x00007ff9ea5ca000 	C:\WINDOWS\System32\WS2_32.dll
0x00007ff9e6c80000 - 0x00007ff9e6ca3000 	C:\WINDOWS\SYSTEM32\WINMM.dll
0x00007ff9e6c30000 - 0x00007ff9e6c5b000 	C:\WINDOWS\SYSTEM32\WINMMBASE.dll
0x00007ff9e9010000 - 0x00007ff9e9052000 	C:\WINDOWS\System32\cfgmgr32.dll
0x00007ff9e4320000 - 0x00007ff9e432a000 	C:\WINDOWS\SYSTEM32\VERSION.dll
0x0000000059390000 - 0x000000005939f000 	C:\Program Files\Java\jdk1.8.0_101\jre\bin\verify.dll
0x0000000059360000 - 0x0000000059389000 	C:\Program Files\Java\jdk1.8.0_101\jre\bin\java.dll
0x0000000058020000 - 0x0000000058036000 	C:\Program Files\Java\jdk1.8.0_101\jre\bin\zip.dll
0x00007ff9eb0c0000 - 0x00007ff9ec5c8000 	C:\WINDOWS\System32\SHELL32.dll
0x00007ff9e9610000 - 0x00007ff9e9cea000 	C:\WINDOWS\System32\windows.storage.dll
0x00007ff9e8c10000 - 0x00007ff9e8c5c000 	C:\WINDOWS\System32\powrprof.dll
0x00007ff9ea940000 - 0x00007ff9ea992000 	C:\WINDOWS\System32\shlwapi.dll
0x00007ff9e8c60000 - 0x00007ff9e8c6f000 	C:\WINDOWS\System32\kernel.appcore.dll
0x00007ff9e9110000 - 0x00007ff9e91b9000 	C:\WINDOWS\System32\shcore.dll
0x00007ff9e8bf0000 - 0x00007ff9e8c04000 	C:\WINDOWS\System32\profapi.dll

VM Arguments:
jvm_args: -Djava.awt.headless=true -Xmx1024M -Dfile.encoding=windows-1252 -Duser.country=MX -Duser.language=es -Duser.variant 
java_command: com.android.dx.command.Main --dex --force-jumbo --num-threads=4 --multi-dex --output O:\Android\VentaenRuta2016\app\build\intermediates\transforms\dex\debug\folders\1000\2\ZXingAndroid_f3f202da1cbc232a36ff054496322aed88ecdbeb O:\Android\VentaenRuta2016\app\libs\ZXingAndroid.jar
java_class_path (initial): C:\Users\mario\AppData\Local\Android\sdk\build-tools\24.0.2\lib\dx.jar
Launcher Type: SUN_STANDARD

Environment Variables:
PATH=C:\ProgramData\Oracle\Java\javapath;C:\Program Files (x86)\Intel\iCLS Client\;C:\Program Files\Intel\iCLS Client\;C:\Windows\system32;C:\Windows;C:\Windows\System32\Wbem;C:\Windows\System32\WindowsPowerShell\v1.0\;C:\Program Files (x86)\NVIDIA Corporation\PhysX\Common;C:\Program Files (x86)\Intel\Intel(R) Management Engine Components\DAL;C:\Program Files\Intel\Intel(R) Management Engine Components\DAL;C:\Program Files (x86)\Intel\Intel(R) Management Engine Components\IPT;C:\Program Files\Intel\Intel(R) Management Engine Components\IPT;C:\WINDOWS\system32;C:\WINDOWS;C:\WINDOWS\System32\Wbem;C:\WINDOWS\System32\WindowsPowerShell\v1.0\;C:\WINDOWS\system32\config\systemprofile\.dnx\bin;C:\Program Files\Microsoft DNX\Dnvm\;C:\Program Files (x86)\Windows Kits\10\Windows Performance Toolkit\;C:\Program Files\Git\cmd;C:\Program Files\Microsoft SQL Server\130\Tools\Binn\;C:\Program Files\Microsoft\Web Platform Installer\;C:\Program Files (x86)\nodejs\;C:\Users\mario\AppData\Roaming\npm;%USERPROFILE%\AppData\Local\Microsoft\WindowsApps;
USERNAME=mario
OS=Windows_NT
PROCESSOR_IDENTIFIER=Intel64 Family 6 Model 94 Stepping 3, GenuineIntel



---------------  S Y S T E M  ---------------

OS: Windows 10.0 , 64 bit Build 14393 (10.0.14393.0)

CPU:total 4 (4 cores per cpu, 1 threads per core) family 6 model 94 stepping 3, cmov, cx8, fxsr, mmx, sse, sse2, sse3, ssse3, sse4.1, sse4.2, popcnt, avx, avx2, aes, clmul, erms, rtm, 3dnowpref, lzcnt, tsc, tscinvbit, bmi1, bmi2, adx

Memory: 4k page, physical 8245152k(1323092k free), swap 8245152k(4084k free)

vm_info: Java HotSpot(TM) 64-Bit Server VM (25.101-b13) for windows-amd64 JRE (1.8.0_101-b13), built on Jun 22 2016 01:21:29 by "java_re" with MS VC++ 10.0 (VS2010)

time: Wed Oct 26 02:00:12 2016
elapsed time: 3 seconds (0d 0h 0m 3s)

