#
# There is insufficient memory for the Java Runtime Environment to continue.
# Native memory allocation (malloc) failed to allocate 593136 bytes for Chunk::new
# Possible reasons:
#   The system is out of physical RAM or swap space
#   In 32 bit mode, the process size limit was hit
# Possible solutions:
#   Reduce memory load on the system
#   Increase physical memory or swap space
#   Check if swap backing store is full
#   Use 64 bit Java on a 64 bit OS
#   Decrease Java heap size (-Xmx/-Xms)
#   Decrease number of Java threads
#   Decrease Java thread stack sizes (-Xss)
#   Set larger code cache with -XX:ReservedCodeCacheSize=
# This output file may be truncated or incomplete.
#
#  Out of Memory Error (allocation.cpp:390), pid=8904, tid=0x0000000000000540
#
# JRE version: Java(TM) SE Runtime Environment (8.0_101-b13) (build 1.8.0_101-b13)
# Java VM: Java HotSpot(TM) 64-Bit Server VM (25.101-b13 mixed mode windows-amd64 compressed oops)
# Failed to write core dump. Minidumps are not enabled by default on client versions of Windows
#

---------------  T H R E A D  ---------------

Current thread (0x0000000015769800):  JavaThread "C2 CompilerThread0" daemon [_thread_in_native, id=1344, stack(0x0000000016dc0000,0x0000000016ec0000)]

Stack: [0x0000000016dc0000,0x0000000016ec0000]
[error occurred during error reporting (printing stack bounds), id 0xc0000005]

Native frames: (J=compiled Java code, j=interpreted, Vv=VM code, C=native code)


Current CompileTask:
C2:   2242 1576       4       com.android.dx.ssa.LocalVariableExtractor::processBlock (383 bytes)


---------------  P R O C E S S  ---------------

Java Threads: ( => current thread )
  0x00000000172f6800 JavaThread "pool-1-thread-4" [_thread_blocked, id=11100, stack(0x0000000017ac0000,0x0000000017bc0000)]
  0x00000000172f6000 JavaThread "pool-1-thread-3" [_thread_blocked, id=11632, stack(0x00000000179c0000,0x0000000017ac0000)]
  0x00000000172f5000 JavaThread "pool-1-thread-2" [_thread_blocked, id=7100, stack(0x00000000178c0000,0x00000000179c0000)]
  0x00000000172f1800 JavaThread "pool-2-thread-1" [_thread_blocked, id=11116, stack(0x00000000177c0000,0x00000000178c0000)]
  0x00000000172f1000 JavaThread "pool-1-thread-1" [_thread_blocked, id=6752, stack(0x00000000176c0000,0x00000000177c0000)]
  0x0000000016fce000 JavaThread "Service Thread" daemon [_thread_blocked, id=8784, stack(0x00000000174c0000,0x00000000175c0000)]
  0x0000000016fc8800 JavaThread "C1 CompilerThread2" daemon [_thread_blocked, id=1784, stack(0x00000000173c0000,0x00000000174c0000)]
  0x000000001575a800 JavaThread "C2 CompilerThread1" daemon [_thread_in_native, id=8612, stack(0x0000000016ec0000,0x0000000016fc0000)]
=>0x0000000015769800 JavaThread "C2 CompilerThread0" daemon [_thread_in_native, id=1344, stack(0x0000000016dc0000,0x0000000016ec0000)]
  0x0000000015767800 JavaThread "Attach Listener" daemon [_thread_blocked, id=1508, stack(0x0000000016cc0000,0x0000000016dc0000)]
  0x0000000015766000 JavaThread "Signal Dispatcher" daemon [_thread_blocked, id=1340, stack(0x0000000016bc0000,0x0000000016cc0000)]
  0x000000001574a000 JavaThread "Finalizer" daemon [_thread_blocked, id=12624, stack(0x00000000169c0000,0x0000000016ac0000)]
  0x0000000015728800 JavaThread "Reference Handler" daemon [_thread_blocked, id=7368, stack(0x00000000168c0000,0x00000000169c0000)]
  0x0000000002f8d800 JavaThread "main" [_thread_blocked, id=5072, stack(0x0000000002de0000,0x0000000002ee0000)]

Other Threads:
  0x0000000015727000 VMThread [stack: 0x00000000167c0000,0x00000000168c0000] [id=11968]
  0x0000000016fe3800 WatcherThread [stack: 0x00000000175c0000,0x00000000176c0000] [id=2780]

VM state:not at safepoint (normal execution)

VM Mutex/Monitor currently owned by a thread: None

Heap:
 PSYoungGen      total 37888K, used 8464K [0x00000000eab00000, 0x00000000ed500000, 0x0000000100000000)
  eden space 32768K, 10% used [0x00000000eab00000,0x00000000eae47ae0,0x00000000ecb00000)
  from space 5120K, 99% used [0x00000000ed000000,0x00000000ed4fc730,0x00000000ed500000)
  to   space 5120K, 0% used [0x00000000ecb00000,0x00000000ecb00000,0x00000000ed000000)
 ParOldGen       total 86016K, used 5929K [0x00000000c0000000, 0x00000000c5400000, 0x00000000eab00000)
  object space 86016K, 6% used [0x00000000c0000000,0x00000000c05ca6b0,0x00000000c5400000)
 Metaspace       used 6198K, capacity 7090K, committed 7296K, reserved 1056768K
  class space    used 601K, capacity 618K, committed 640K, reserved 1048576K

Card table byte_map: [0x0000000012450000,0x0000000012660000] byte_map_base: 0x0000000011e50000

Marking Bits: (ParMarkBitMap*) 0x000000006191a6d0
 Begin Bits: [0x0000000012bc0000, 0x0000000013bc0000)
 End Bits:   [0x0000000013bc0000, 0x0000000014bc0000)

Polling page: 0x0000000002d80000

CodeCache: size=245760Kb used=6483Kb max_used=6506Kb free=239276Kb
 bounds [0x0000000003090000, 0x0000000003700000, 0x0000000012090000]
 total_blobs=1844 nmethods=1575 adapters=182
 compilation: enabled

Compilation events (10 events):
Event: 2.019 Thread 0x0000000016fc8800 1575       3       com.android.dx.cf.code.Ropper::addSynchExceptionHandlerBlock (206 bytes)
Event: 2.021 Thread 0x0000000016fc8800 nmethod 1575 0x00000000036d7e90 code [0x00000000036d8420, 0x00000000036dc158]
Event: 2.022 Thread 0x0000000016fc8800 1578       3       com.android.dx.ssa.SsaInsn::setResult (20 bytes)
Event: 2.022 Thread 0x0000000016fc8800 nmethod 1578 0x00000000036c5f50 code [0x00000000036c60c0, 0x00000000036c6328]
Event: 2.045 Thread 0x0000000016fc8800 1586       3       com.android.dx.cf.code.LineNumberList::concat (92 bytes)
Event: 2.046 Thread 0x0000000016fc8800 nmethod 1586 0x00000000036c8810 code [0x00000000036c8b40, 0x00000000036ca7a8]
Event: 2.192 Thread 0x0000000015769800 nmethod 1573 0x00000000036e53d0 code [0x00000000036e5dc0, 0x00000000036eb218]
Event: 2.192 Thread 0x0000000015769800 1588       4       com.android.dx.cf.code.Ropper::getAvailableLabel (54 bytes)
Event: 2.197 Thread 0x0000000015769800 nmethod 1588 0x00000000036c5610 code [0x00000000036c5780, 0x00000000036c5b98]
Event: 2.197 Thread 0x0000000015769800 1576       4       com.android.dx.ssa.LocalVariableExtractor::processBlock (383 bytes)

GC Heap History (4 events):
Event: 1.212 GC heap before
{Heap before GC invocations=1 (full 0):
 PSYoungGen      total 37888K, used 32768K [0x00000000eab00000, 0x00000000ed500000, 0x0000000100000000)
  eden space 32768K, 100% used [0x00000000eab00000,0x00000000ecb00000,0x00000000ecb00000)
  from space 5120K, 0% used [0x00000000ed000000,0x00000000ed000000,0x00000000ed500000)
  to   space 5120K, 0% used [0x00000000ecb00000,0x00000000ecb00000,0x00000000ed000000)
 ParOldGen       total 86016K, used 0K [0x00000000c0000000, 0x00000000c5400000, 0x00000000eab00000)
  object space 86016K, 0% used [0x00000000c0000000,0x00000000c0000000,0x00000000c5400000)
 Metaspace       used 5977K, capacity 6898K, committed 7040K, reserved 1056768K
  class space    used 600K, capacity 618K, committed 640K, reserved 1048576K
Event: 1.269 GC heap after
Heap after GC invocations=1 (full 0):
 PSYoungGen      total 37888K, used 5097K [0x00000000eab00000, 0x00000000ed500000, 0x0000000100000000)
  eden space 32768K, 0% used [0x00000000eab00000,0x00000000eab00000,0x00000000ecb00000)
  from space 5120K, 99% used [0x00000000ecb00000,0x00000000ecffa7a0,0x00000000ed000000)
  to   space 5120K, 0% used [0x00000000ed000000,0x00000000ed000000,0x00000000ed500000)
 ParOldGen       total 86016K, used 1367K [0x00000000c0000000, 0x00000000c5400000, 0x00000000eab00000)
  object space 86016K, 1% used [0x00000000c0000000,0x00000000c0155e50,0x00000000c5400000)
 Metaspace       used 5977K, capacity 6898K, committed 7040K, reserved 1056768K
  class space    used 600K, capacity 618K, committed 640K, reserved 1048576K
}
Event: 1.620 GC heap before
{Heap before GC invocations=2 (full 0):
 PSYoungGen      total 37888K, used 37865K [0x00000000eab00000, 0x00000000ed500000, 0x0000000100000000)
  eden space 32768K, 100% used [0x00000000eab00000,0x00000000ecb00000,0x00000000ecb00000)
  from space 5120K, 99% used [0x00000000ecb00000,0x00000000ecffa7a0,0x00000000ed000000)
  to   space 5120K, 0% used [0x00000000ed000000,0x00000000ed000000,0x00000000ed500000)
 ParOldGen       total 86016K, used 1367K [0x00000000c0000000, 0x00000000c5400000, 0x00000000eab00000)
  object space 86016K, 1% used [0x00000000c0000000,0x00000000c0155e50,0x00000000c5400000)
 Metaspace       used 6192K, capacity 7090K, committed 7296K, reserved 1056768K
  class space    used 601K, capacity 618K, committed 640K, reserved 1048576K
Event: 1.829 GC heap after
Heap after GC invocations=2 (full 0):
 PSYoungGen      total 37888K, used 5105K [0x00000000eab00000, 0x00000000ed500000, 0x0000000100000000)
  eden space 32768K, 0% used [0x00000000eab00000,0x00000000eab00000,0x00000000ecb00000)
  from space 5120K, 99% used [0x00000000ed000000,0x00000000ed4fc730,0x00000000ed500000)
  to   space 5120K, 0% used [0x00000000ecb00000,0x00000000ecb00000,0x00000000ed000000)
 ParOldGen       total 86016K, used 5929K [0x00000000c0000000, 0x00000000c5400000, 0x00000000eab00000)
  object space 86016K, 6% used [0x00000000c0000000,0x00000000c05ca6b0,0x00000000c5400000)
 Metaspace       used 6192K, capacity 7090K, committed 7296K, reserved 1056768K
  class space    used 601K, capacity 618K, committed 640K, reserved 1048576K
}

Deoptimization events (9 events):
Event: 0.812 Thread 0x00000000172f1000 Uncommon trap: reason=unstable_if action=reinterpret pc=0x00000000032a88c0 method=java.util.HashMap.getNode(ILjava/lang/Object;)Ljava/util/HashMap$Node; @ 129
Event: 1.061 Thread 0x00000000172f1000 Uncommon trap: reason=null_check action=make_not_entrant pc=0x0000000003352084 method=com.android.dx.ssa.SsaRenamer.getLocalForNewReg(I)Lcom/android/dx/rop/code/LocalItem; @ 19
Event: 1.117 Thread 0x00000000172f1000 Uncommon trap: reason=null_check action=make_not_entrant pc=0x0000000003366ee8 method=com.android.dx.rop.type.Type.equals(Ljava/lang/Object;)Z @ 8
Event: 1.123 Thread 0x00000000172f5000 Uncommon trap: reason=null_check action=make_not_entrant pc=0x00000000033734a0 method=com.android.dx.ssa.SsaRenamer.getLocalForNewReg(I)Lcom/android/dx/rop/code/LocalItem; @ 19
Event: 1.297 Thread 0x00000000172f6000 Uncommon trap: reason=unstable_if action=reinterpret pc=0x00000000034e4c6c method=com.android.dx.ssa.SsaRenamer$BlockRenamer.addMapping(ILcom/android/dx/rop/code/RegisterSpec;)V @ 120
Event: 1.374 Thread 0x00000000172f6000 Uncommon trap: reason=unstable_if action=reinterpret pc=0x000000000338e61c method=com.android.dx.rop.cst.Constant.compareTo(Lcom/android/dx/rop/cst/Constant;)I @ 12
Event: 1.544 Thread 0x00000000172f5000 Uncommon trap: reason=unstable_if action=reinterpret pc=0x000000000360eccc method=com.android.dx.ssa.MoveParamCombiner$1.visitNonMoveInsn(Lcom/android/dx/ssa/NormalSsaInsn;)V @ 27
Event: 1.579 Thread 0x00000000172f5000 Uncommon trap: reason=bimorphic action=maybe_recompile pc=0x00000000035ea1ac method=com.android.dx.cf.code.BytecodeArray.parseInstruction(ILcom/android/dx/cf/code/BytecodeArray$Visitor;)I @ 2281
Event: 1.579 Thread 0x00000000172f5000 Uncommon trap: reason=bimorphic action=maybe_recompile pc=0x00000000035ea1ac method=com.android.dx.cf.code.BytecodeArray.parseInstruction(ILcom/android/dx/cf/code/BytecodeArray$Visitor;)I @ 2281

Internal exceptions (5 events):
Event: 0.133 Thread 0x0000000002f8d800 Exception <a 'java/lang/NoSuchMethodError': Method sun.misc.Unsafe.defineClass(Ljava/lang/String;[BII)Ljava/lang/Class; name or signature does not match> (0x00000000eab07cc0) thrown at [C:\re\workspace\8-2-build-windows-amd64-cygwin\jdk8u101\7261\hotspot\sOêœ˛ô¡?
Event: 0.133 Thread 0x0000000002f8d800 Exception <a 'java/lang/NoSuchMethodError': Method sun.misc.Unsafe.prefetchRead(Ljava/lang/Object;J)V name or signature does not match> (0x00000000eab07fa8) thrown at [C:\re\workspace\8-2-build-windows-amd64-cygwin\jdk8u101\7261\hotspot\src\share\vm\prims\¡¥Ω*•¯?
Event: 1.061 Thread 0x00000000172f1000 Implicit null exception at 0x000000000334fe62 to 0x0000000003352041
Event: 1.117 Thread 0x00000000172f1000 Implicit null exception at 0x0000000003366de2 to 0x0000000003366eda
Event: 1.123 Thread 0x00000000172f5000 Implicit null exception at 0x0000000003371df1 to 0x000000000337346d

Events (10 events):
Event: 1.579 loading class com/android/dx/cf/code/BytecodeArray$ConstantParserVisitor
Event: 1.579 loading class com/android/dx/cf/code/BytecodeArray$ConstantParserVisitor done
Event: 1.579 Thread 0x00000000172f5000 Uncommon trap: trap_request=0xffffffc6 fr.pc=0x00000000035ea1ac
Event: 1.579 Thread 0x00000000172f5000 DEOPT PACKING pc=0x00000000035ea1ac sp=0x00000000179bef10
Event: 1.579 Thread 0x00000000172f5000 DEOPT UNPACKING pc=0x00000000030d582a sp=0x00000000179beea0 mode 2
Event: 1.579 Thread 0x00000000172f5000 Uncommon trap: trap_request=0xffffffc6 fr.pc=0x00000000035ea1ac
Event: 1.579 Thread 0x00000000172f5000 DEOPT PACKING pc=0x00000000035ea1ac sp=0x00000000179becd0
Event: 1.579 Thread 0x00000000172f5000 DEOPT UNPACKING pc=0x00000000030d582a sp=0x00000000179bec60 mode 2
Event: 1.618 Executing VM operation: ParallelGCFailedAllocation
Event: 1.829 Executing VM operation: ParallelGCFailedAllocation done


Dynamic libraries:
0x00007ff7d0e70000 - 0x00007ff7d0ea7000 	C:\Program Files\Java\jdk1.8.0_101\bin\java.exe
0x00007ffdaa3d0000 - 0x00007ffdaa591000 	C:\WINDOWS\SYSTEM32\ntdll.dll
0x00007ffda9a60000 - 0x00007ffda9b0d000 	C:\WINDOWS\system32\KERNEL32.DLL
0x00007ffda6d40000 - 0x00007ffda6f28000 	C:\WINDOWS\system32\KERNELBASE.dll
0x00007ffda77d0000 - 0x00007ffda7877000 	C:\WINDOWS\system32\ADVAPI32.dll
0x00007ffda7990000 - 0x00007ffda7a2d000 	C:\WINDOWS\system32\msvcrt.dll
0x00007ffda7a30000 - 0x00007ffda7a8b000 	C:\WINDOWS\system32\sechost.dll
0x00007ffda7cd0000 - 0x00007ffda7dec000 	C:\WINDOWS\system32\RPCRT4.dll
0x00007ffda93b0000 - 0x00007ffda9506000 	C:\WINDOWS\system32\USER32.dll
0x00007ffda9d20000 - 0x00007ffda9ea6000 	C:\WINDOWS\system32\GDI32.dll
0x00007ffda30e0000 - 0x00007ffda3354000 	C:\WINDOWS\WinSxS\amd64_microsoft.windows.common-controls_6595b64144ccf1df_6.0.10586.589_none_a2ddb3caa539acce\COMCTL32.dll
0x00007ffda97e0000 - 0x00007ffda9a5d000 	C:\WINDOWS\system32\combase.dll
0x00007ffda6ad0000 - 0x00007ffda6b3a000 	C:\WINDOWS\system32\bcryptPrimitives.dll
0x00007ffda7c90000 - 0x00007ffda7ccb000 	C:\WINDOWS\system32\IMM32.DLL
0x000000005eae0000 - 0x000000005ebb2000 	C:\Program Files\Java\jdk1.8.0_101\jre\bin\msvcr100.dll
0x0000000061100000 - 0x000000006199a000 	C:\Program Files\Java\jdk1.8.0_101\jre\bin\server\jvm.dll
0x00007ffda9700000 - 0x00007ffda9708000 	C:\WINDOWS\system32\PSAPI.DLL
0x00007ffda5140000 - 0x00007ffda5149000 	C:\WINDOWS\SYSTEM32\WSOCK32.dll
0x00007ffda9eb0000 - 0x00007ffda9f1b000 	C:\WINDOWS\system32\WS2_32.dll
0x00007ffda4fb0000 - 0x00007ffda4fd3000 	C:\WINDOWS\SYSTEM32\WINMM.dll
0x00007ffda30c0000 - 0x00007ffda30ca000 	C:\WINDOWS\SYSTEM32\VERSION.dll
0x00007ffda4f50000 - 0x00007ffda4f7c000 	C:\WINDOWS\SYSTEM32\WINMMBASE.dll
0x00007ffda6a80000 - 0x00007ffda6ac3000 	C:\WINDOWS\system32\cfgmgr32.dll
0x0000000061e40000 - 0x0000000061e4f000 	C:\Program Files\Java\jdk1.8.0_101\jre\bin\verify.dll
0x0000000061e10000 - 0x0000000061e39000 	C:\Program Files\Java\jdk1.8.0_101\jre\bin\java.dll
0x0000000061df0000 - 0x0000000061e06000 	C:\Program Files\Java\jdk1.8.0_101\jre\bin\zip.dll
0x00007ffda7e50000 - 0x00007ffda93ac000 	C:\WINDOWS\system32\SHELL32.dll
0x00007ffda6fb0000 - 0x00007ffda75f5000 	C:\WINDOWS\system32\windows.storage.dll
0x00007ffdaa350000 - 0x00007ffdaa3a2000 	C:\WINDOWS\system32\shlwapi.dll
0x00007ffda6a20000 - 0x00007ffda6a2f000 	C:\WINDOWS\system32\kernel.appcore.dll
0x00007ffda6b40000 - 0x00007ffda6bf5000 	C:\WINDOWS\system32\shcore.dll
0x00007ffda6a30000 - 0x00007ffda6a7b000 	C:\WINDOWS\system32\powrprof.dll
0x00007ffda69f0000 - 0x00007ffda6a04000 	C:\WINDOWS\system32\profapi.dll

VM Arguments:
jvm_args: -Djava.awt.headless=true -Xmx1024M -Dfile.encoding=windows-1252 -Duser.country=MX -Duser.language=es -Duser.variant 
java_command: com.android.dx.command.Main --dex --num-threads=4 --output O:\Android\VentaenRuta2016\app\build\intermediates\pre-dexed\release\gson-2.1_e21c6a1620782f3787d71ba9009d38af17c040c4.jar C:\Users\mario\.gradle\caches\modules-2\files-2.1\com.google.code.gson\gson\2.1\2e66da15851f9f5b5079228f856c2f090ba98c38\gson-2.1.jar
java_class_path (initial): C:\Users\mario\AppData\Local\Android\sdk\build-tools\24.0.2\lib\dx.jar
Launcher Type: SUN_STANDARD

Environment Variables:
PATH=C:\ProgramData\Oracle\Java\javapath;C:\Program Files (x86)\Intel\iCLS Client\;C:\Program Files\Intel\iCLS Client\;C:\Windows\system32;C:\Windows;C:\Windows\System32\Wbem;C:\Windows\System32\WindowsPowerShell\v1.0\;C:\Program Files (x86)\NVIDIA Corporation\PhysX\Common;C:\Program Files (x86)\Intel\Intel(R) Management Engine Components\DAL;C:\Program Files\Intel\Intel(R) Management Engine Components\DAL;C:\Program Files (x86)\Intel\Intel(R) Management Engine Components\IPT;C:\Program Files\Intel\Intel(R) Management Engine Components\IPT;C:\WINDOWS\system32;C:\WINDOWS;C:\WINDOWS\System32\Wbem;C:\WINDOWS\System32\WindowsPowerShell\v1.0\;C:\WINDOWS\system32\config\systemprofile\.dnx\bin;C:\Program Files\Microsoft DNX\Dnvm\;C:\Program Files (x86)\Windows Kits\10\Windows Performance Toolkit\;C:\Program Files\Git\cmd;C:\Program Files\Microsoft SQL Server\130\Tools\Binn\;C:\Program Files\Microsoft\Web Platform Installer\;C:\Program Files (x86)\nodejs\;C:\Users\mario\AppData\Roaming\npm
USERNAME=mario
OS=Windows_NT
PROCESSOR_IDENTIFIER=Intel64 Family 6 Model 94 Stepping 3, GenuineIntel



---------------  S Y S T E M  ---------------

OS: Windows 10.0 , 64 bit Build 10586 (10.0.10586.589)

CPU:total 4 (4 cores per cpu, 1 threads per core) family 6 model 94 stepping 3, cmov, cx8, fxsr, mmx, sse, sse2, sse3, ssse3, sse4.1, sse4.2, popcnt, avx, avx2, aes, clmul, erms, rtm, 3dnowpref, lzcnt, tsc, tscinvbit, bmi1, bmi2, adx

Memory: 4k page, physical 8245152k(966508k free), swap 10192800k(5640k free)

vm_info: Java HotSpot(TM) 64-Bit Server VM (25.101-b13) for windows-amd64 JRE (1.8.0_101-b13), built on Jun 22 2016 01:21:29 by "java_re" with MS VC++ 10.0 (VS2010)

time: Tue Sep 20 12:03:47 2016
elapsed time: 2 seconds (0d 0h 0m 2s)

