#
# There is insufficient memory for the Java Runtime Environment to continue.
# Native memory allocation (malloc) failed to allocate 32744 bytes for ChunkPool::allocate
# Possible reasons:
#   The system is out of physical RAM or swap space
#   In 32 bit mode, the process size limit was hit
# Possible solutions:
#   Reduce memory load on the system
#   Increase physical memory or swap space
#   Check if swap backing store is full
#   Use 64 bit Java on a 64 bit OS
#   Decrease Java heap size (-Xmx/-Xms)
#   Decrease number of Java threads
#   Decrease Java thread stack sizes (-Xss)
#   Set larger code cache with -XX:ReservedCodeCacheSize=
# This output file may be truncated or incomplete.
#
#  Out of Memory Error (allocation.cpp:273), pid=4360, tid=0x00000000000011d0
#
# JRE version: Java(TM) SE Runtime Environment (8.0_101-b13) (build 1.8.0_101-b13)
# Java VM: Java HotSpot(TM) 64-Bit Server VM (25.101-b13 mixed mode windows-amd64 compressed oops)
# Failed to write core dump. Minidumps are not enabled by default on client versions of Windows
#

---------------  T H R E A D  ---------------

Current thread (0x0000000014a2e000):  JavaThread "C2 CompilerThread1" daemon [_thread_in_native, id=4560, stack(0x0000000016170000,0x0000000016270000)]

Stack: [0x0000000016170000,0x0000000016270000]
[error occurred during error reporting (printing stack bounds), id 0xc0000005]

Native frames: (J=compiled Java code, j=interpreted, Vv=VM code, C=native code)


Current CompileTask:
C2:   1615 1518       4       com.android.dx.ssa.LocalVariableExtractor::processBlock (383 bytes)


---------------  P R O C E S S  ---------------

Java Threads: ( => current thread )
  0x00000000164d1000 JavaThread "pool-2-thread-4" [_thread_in_Java, id=8888, stack(0x0000000016d70000,0x0000000016e70000)]
  0x00000000164cc000 JavaThread "pool-2-thread-3" [_thread_in_Java, id=7672, stack(0x0000000016c70000,0x0000000016d70000)]
  0x00000000164cb800 JavaThread "pool-2-thread-2" [_thread_blocked, id=13128, stack(0x0000000016b70000,0x0000000016c70000)]
  0x00000000164c8800 JavaThread "pool-3-thread-1" [_thread_blocked, id=1704, stack(0x0000000016a70000,0x0000000016b70000)]
  0x00000000164c7800 JavaThread "pool-2-thread-1" [_thread_blocked, id=9260, stack(0x0000000016970000,0x0000000016a70000)]
  0x0000000016277000 JavaThread "Service Thread" daemon [_thread_blocked, id=5708, stack(0x0000000016770000,0x0000000016870000)]
  0x0000000016270800 JavaThread "C1 CompilerThread2" daemon [_thread_blocked, id=2724, stack(0x0000000016670000,0x0000000016770000)]
=>0x0000000014a2e000 JavaThread "C2 CompilerThread1" daemon [_thread_in_native, id=4560, stack(0x0000000016170000,0x0000000016270000)]
  0x0000000014a09000 JavaThread "C2 CompilerThread0" daemon [_thread_in_native, id=10464, stack(0x0000000016070000,0x0000000016170000)]
  0x0000000014a19800 JavaThread "Attach Listener" daemon [_thread_blocked, id=2676, stack(0x0000000015f70000,0x0000000016070000)]
  0x0000000014a16000 JavaThread "Signal Dispatcher" daemon [_thread_blocked, id=10192, stack(0x0000000015e70000,0x0000000015f70000)]
  0x0000000002335800 JavaThread "Finalizer" daemon [_thread_blocked, id=12028, stack(0x0000000015c60000,0x0000000015d60000)]
  0x0000000002330000 JavaThread "Reference Handler" daemon [_thread_blocked, id=5032, stack(0x0000000015b60000,0x0000000015c60000)]
  0x000000000212d800 JavaThread "main" [_thread_blocked, id=6628, stack(0x0000000002140000,0x0000000002240000)]

Other Threads:
  0x00000000149d8000 VMThread [stack: 0x0000000015a60000,0x0000000015b60000] [id=5240]
  0x0000000016294000 WatcherThread [stack: 0x0000000016870000,0x0000000016970000] [id=9548]

VM state:not at safepoint (normal execution)

VM Mutex/Monitor currently owned by a thread: None

Heap:
 PSYoungGen      total 70656K, used 41825K [0x00000000eab00000, 0x00000000ef500000, 0x0000000100000000)
  eden space 65536K, 56% used [0x00000000eab00000,0x00000000eced9280,0x00000000eeb00000)
  from space 5120K, 99% used [0x00000000ef000000,0x00000000ef4ff268,0x00000000ef500000)
  to   space 5120K, 0% used [0x00000000eeb00000,0x00000000eeb00000,0x00000000ef000000)
 ParOldGen       total 86016K, used 4233K [0x00000000c0000000, 0x00000000c5400000, 0x00000000eab00000)
  object space 86016K, 4% used [0x00000000c0000000,0x00000000c04225b0,0x00000000c5400000)
 Metaspace       used 6214K, capacity 7090K, committed 7296K, reserved 1056768K
  class space    used 600K, capacity 618K, committed 640K, reserved 1048576K

Card table byte_map: [0x0000000011700000,0x0000000011910000] byte_map_base: 0x0000000011100000

Marking Bits: (ParMarkBitMap*) 0x0000000067f0a6d0
 Begin Bits: [0x0000000011e70000, 0x0000000012e70000)
 End Bits:   [0x0000000012e70000, 0x0000000013e70000)

Polling page: 0x00000000001f0000

CodeCache: size=245760Kb used=6413Kb max_used=6413Kb free=239346Kb
 bounds [0x0000000002340000, 0x0000000002990000, 0x0000000011340000]
 total_blobs=1862 nmethods=1592 adapters=182
 compilation: enabled

Compilation events (10 events):
Event: 1.535 Thread 0x0000000016270800 1615       2       com.android.dx.ssa.back.FirstFitLocalCombiningAllocator::processPhiInsn (255 bytes)
Event: 1.536 Thread 0x0000000016270800 nmethod 1615 0x0000000002985650 code [0x0000000002985900, 0x0000000002986498]
Event: 1.539 Thread 0x0000000016270800 1616       2       com.android.dx.cf.code.BaseMachine::<init> (46 bytes)
Event: 1.539 Thread 0x0000000016270800 nmethod 1616 0x0000000002974510 code [0x0000000002974680, 0x00000000029749f8]
Event: 1.540 Thread 0x0000000016270800 1617       2       java.util.EnumSet::noneOf (63 bytes)
Event: 1.540 Thread 0x0000000016270800 nmethod 1617 0x0000000002987550 code [0x0000000002987740, 0x0000000002987d28]
Event: 1.540 Thread 0x0000000016270800 1618   !   2       java.lang.Class::getEnumConstantsShared (73 bytes)
Event: 1.540 Thread 0x0000000016270800 nmethod 1618 0x0000000002988190 code [0x0000000002988340, 0x00000000029887e8]
Event: 1.540 Thread 0x0000000016270800 1619       2       com.android.dx.ssa.Optimizer::optimize (67 bytes)
Event: 1.541 Thread 0x0000000016270800 nmethod 1619 0x0000000002988a90 code [0x0000000002988c40, 0x0000000002989038]

GC Heap History (4 events):
Event: 0.665 GC heap before
{Heap before GC invocations=1 (full 0):
 PSYoungGen      total 37888K, used 32768K [0x00000000eab00000, 0x00000000ed500000, 0x0000000100000000)
  eden space 32768K, 100% used [0x00000000eab00000,0x00000000ecb00000,0x00000000ecb00000)
  from space 5120K, 0% used [0x00000000ed000000,0x00000000ed000000,0x00000000ed500000)
  to   space 5120K, 0% used [0x00000000ecb00000,0x00000000ecb00000,0x00000000ed000000)
 ParOldGen       total 86016K, used 0K [0x00000000c0000000, 0x00000000c5400000, 0x00000000eab00000)
  object space 86016K, 0% used [0x00000000c0000000,0x00000000c0000000,0x00000000c5400000)
 Metaspace       used 5924K, capacity 6832K, committed 7040K, reserved 1056768K
  class space    used 595K, capacity 616K, committed 640K, reserved 1048576K
Event: 0.676 GC heap after
Heap after GC invocations=1 (full 0):
 PSYoungGen      total 37888K, used 5099K [0x00000000eab00000, 0x00000000ef500000, 0x0000000100000000)
  eden space 32768K, 0% used [0x00000000eab00000,0x00000000eab00000,0x00000000ecb00000)
  from space 5120K, 99% used [0x00000000ecb00000,0x00000000ecffaca0,0x00000000ed000000)
  to   space 5120K, 0% used [0x00000000ef000000,0x00000000ef000000,0x00000000ef500000)
 ParOldGen       total 86016K, used 321K [0x00000000c0000000, 0x00000000c5400000, 0x00000000eab00000)
  object space 86016K, 0% used [0x00000000c0000000,0x00000000c0050450,0x00000000c5400000)
 Metaspace       used 5924K, capacity 6832K, committed 7040K, reserved 1056768K
  class space    used 595K, capacity 616K, committed 640K, reserved 1048576K
}
Event: 1.034 GC heap before
{Heap before GC invocations=2 (full 0):
 PSYoungGen      total 37888K, used 37867K [0x00000000eab00000, 0x00000000ef500000, 0x0000000100000000)
  eden space 32768K, 100% used [0x00000000eab00000,0x00000000ecb00000,0x00000000ecb00000)
  from space 5120K, 99% used [0x00000000ecb00000,0x00000000ecffaca0,0x00000000ed000000)
  to   space 5120K, 0% used [0x00000000ef000000,0x00000000ef000000,0x00000000ef500000)
 ParOldGen       total 86016K, used 321K [0x00000000c0000000, 0x00000000c5400000, 0x00000000eab00000)
  object space 86016K, 0% used [0x00000000c0000000,0x00000000c0050450,0x00000000c5400000)
 Metaspace       used 6134K, capacity 7026K, committed 7296K, reserved 1056768K
  class space    used 599K, capacity 618K, committed 640K, reserved 1048576K
Event: 1.092 GC heap after
Heap after GC invocations=2 (full 0):
 PSYoungGen      total 70656K, used 5116K [0x00000000eab00000, 0x00000000ef500000, 0x0000000100000000)
  eden space 65536K, 0% used [0x00000000eab00000,0x00000000eab00000,0x00000000eeb00000)
  from space 5120K, 99% used [0x00000000ef000000,0x00000000ef4ff268,0x00000000ef500000)
  to   space 5120K, 0% used [0x00000000eeb00000,0x00000000eeb00000,0x00000000ef000000)
 ParOldGen       total 86016K, used 4233K [0x00000000c0000000, 0x00000000c5400000, 0x00000000eab00000)
  object space 86016K, 4% used [0x00000000c0000000,0x00000000c04225b0,0x00000000c5400000)
 Metaspace       used 6134K, capacity 7026K, committed 7296K, reserved 1056768K
  class space    used 599K, capacity 618K, committed 640K, reserved 1048576K
}

Deoptimization events (10 events):
Event: 1.381 Thread 0x00000000164c7800 Uncommon trap: reason=bimorphic action=maybe_recompile pc=0x0000000002787b24 method=java.util.HashMap.getNode(ILjava/lang/Object;)Ljava/util/HashMap$Node; @ 126
Event: 1.381 Thread 0x00000000164c7800 Uncommon trap: reason=class_check action=maybe_recompile pc=0x000000000282cf40 method=java.util.HashMap.putVal(ILjava/lang/Object;Ljava/lang/Object;ZZ)Ljava/lang/Object; @ 203
Event: 1.381 Thread 0x00000000164c7800 Uncommon trap: reason=bimorphic action=maybe_recompile pc=0x0000000002787b24 method=java.util.HashMap.getNode(ILjava/lang/Object;)Ljava/util/HashMap$Node; @ 126
Event: 1.381 Thread 0x00000000164c7800 Uncommon trap: reason=class_check action=maybe_recompile pc=0x000000000282cf40 method=java.util.HashMap.putVal(ILjava/lang/Object;Ljava/lang/Object;ZZ)Ljava/lang/Object; @ 203
Event: 1.381 Thread 0x00000000164c7800 Uncommon trap: reason=bimorphic action=maybe_recompile pc=0x00000000025ea630 method=java.util.HashMap.getNode(ILjava/lang/Object;)Ljava/util/HashMap$Node; @ 126
Event: 1.381 Thread 0x00000000164c7800 Uncommon trap: reason=bimorphic action=maybe_recompile pc=0x00000000025ea630 method=java.util.HashMap.getNode(ILjava/lang/Object;)Ljava/util/HashMap$Node; @ 126
Event: 1.381 Thread 0x00000000164c7800 Uncommon trap: reason=class_check action=maybe_recompile pc=0x00000000028408c0 method=java.util.HashMap.putVal(ILjava/lang/Object;Ljava/lang/Object;ZZ)Ljava/lang/Object; @ 203
Event: 1.381 Thread 0x00000000164c7800 Uncommon trap: reason=bimorphic action=maybe_recompile pc=0x0000000002787b24 method=java.util.HashMap.getNode(ILjava/lang/Object;)Ljava/util/HashMap$Node; @ 126
Event: 1.484 Thread 0x00000000164cc000 Uncommon trap: reason=bimorphic action=maybe_recompile pc=0x0000000002900e6c method=com.android.dx.cf.code.BytecodeArray.parseInstruction(ILcom/android/dx/cf/code/BytecodeArray$Visitor;)I @ 1501
Event: 1.485 Thread 0x00000000164cc000 Uncommon trap: reason=bimorphic action=maybe_recompile pc=0x0000000002900e6c method=com.android.dx.cf.code.BytecodeArray.parseInstruction(ILcom/android/dx/cf/code/BytecodeArray$Visitor;)I @ 1501

Internal exceptions (2 events):
Event: 0.029 Thread 0x000000000212d800 Exception <a 'java/lang/NoSuchMethodError': Method sun.misc.Unsafe.defineClass(Ljava/lang/String;[BII)Ljava/lang/Class; name or signature does not match> (0x00000000eab07cc0) thrown at [C:\re\workspace\8-2-build-windows-amd64-cygwin\jdk8u101\7261\hotspot\s¸dxEù?
Event: 0.029 Thread 0x000000000212d800 Exception <a 'java/lang/NoSuchMethodError': Method sun.misc.Unsafe.prefetchRead(Ljava/lang/Object;J)V name or signature does not match> (0x00000000eab07fa8) thrown at [C:\re\workspace\8-2-build-windows-amd64-cygwin\jdk8u101\7261\hotspot\src\share\vm\prims\

Events (10 events):
Event: 1.484 Thread 0x00000000164cc000 Uncommon trap: trap_request=0xffffffc6 fr.pc=0x0000000002900e6c
Event: 1.484 Thread 0x00000000164cc000 DEOPT PACKING pc=0x0000000002900e6c sp=0x0000000016d6e690
Event: 1.484 Thread 0x00000000164cc000 DEOPT UNPACKING pc=0x000000000238582a sp=0x0000000016d6e630 mode 2
Event: 1.485 Thread 0x00000000164cc000 Uncommon trap: trap_request=0xffffffc6 fr.pc=0x0000000002900e6c
Event: 1.485 Thread 0x00000000164cc000 DEOPT PACKING pc=0x0000000002900e6c sp=0x0000000016d6e4f0
Event: 1.485 Thread 0x00000000164cc000 DEOPT UNPACKING pc=0x000000000238582a sp=0x0000000016d6e490 mode 2
Event: 1.487 Thread 0x00000000164cc000 DEOPT PACKING pc=0x000000000265c7c4 sp=0x0000000016d6e6c0
Event: 1.487 Thread 0x00000000164cc000 DEOPT UNPACKING pc=0x000000000238787f sp=0x0000000016d6e488 mode 0
Event: 1.492 Thread 0x00000000164cc000 DEOPT PACKING pc=0x000000000273f574 sp=0x0000000016d6e5f0
Event: 1.492 Thread 0x00000000164cc000 DEOPT UNPACKING pc=0x000000000238787f sp=0x0000000016d6e300 mode 0


Dynamic libraries:
0x00007ff605890000 - 0x00007ff6058c7000 	C:\Program Files\Java\jdk1.8.0_101\bin\java.exe
0x00007ffab0db0000 - 0x00007ffab0f81000 	C:\WINDOWS\SYSTEM32\ntdll.dll
0x00007ffab0c90000 - 0x00007ffab0d3b000 	C:\WINDOWS\System32\KERNEL32.DLL
0x00007ffaadac0000 - 0x00007ffaadcdd000 	C:\WINDOWS\System32\KERNELBASE.dll
0x00007ffaaed10000 - 0x00007ffaaedb2000 	C:\WINDOWS\System32\ADVAPI32.dll
0x00007ffaaeb00000 - 0x00007ffaaeb9e000 	C:\WINDOWS\System32\msvcrt.dll
0x00007ffaaf2f0000 - 0x00007ffaaf349000 	C:\WINDOWS\System32\sechost.dll
0x00007ffaaf350000 - 0x00007ffaaf471000 	C:\WINDOWS\System32\RPCRT4.dll
0x00007ffaaeba0000 - 0x00007ffaaed05000 	C:\WINDOWS\System32\USER32.dll
0x00007ffaad980000 - 0x00007ffaad99e000 	C:\WINDOWS\System32\win32u.dll
0x00007ffab0c50000 - 0x00007ffab0c84000 	C:\WINDOWS\System32\GDI32.dll
0x00007ffaadd80000 - 0x00007ffaadf02000 	C:\WINDOWS\System32\gdi32full.dll
0x00007ffaa4ad0000 - 0x00007ffaa4d49000 	C:\WINDOWS\WinSxS\amd64_microsoft.windows.common-controls_6595b64144ccf1df_6.0.14393.0_none_2d0f50fcbdb171b8\COMCTL32.dll
0x00007ffaae340000 - 0x00007ffaae607000 	C:\WINDOWS\System32\combase.dll
0x00007ffaadf70000 - 0x00007ffaae065000 	C:\WINDOWS\System32\ucrtbase.dll
0x00007ffaada50000 - 0x00007ffaadaba000 	C:\WINDOWS\System32\bcryptPrimitives.dll
0x00007ffaaf2c0000 - 0x00007ffaaf2ee000 	C:\WINDOWS\System32\IMM32.DLL
0x00000000670e0000 - 0x00000000671b2000 	C:\Program Files\Java\jdk1.8.0_101\jre\bin\msvcr100.dll
0x00000000676f0000 - 0x0000000067f8a000 	C:\Program Files\Java\jdk1.8.0_101\jre\bin\server\jvm.dll
0x00007ffaae7d0000 - 0x00007ffaae7d8000 	C:\WINDOWS\System32\PSAPI.DLL
0x00007ffaa6b70000 - 0x00007ffaa6b79000 	C:\WINDOWS\SYSTEM32\WSOCK32.dll
0x00007ffab0aa0000 - 0x00007ffab0b0a000 	C:\WINDOWS\System32\WS2_32.dll
0x00007ffaab230000 - 0x00007ffaab253000 	C:\WINDOWS\SYSTEM32\WINMM.dll
0x00007ffaa8fe0000 - 0x00007ffaa8fea000 	C:\WINDOWS\SYSTEM32\VERSION.dll
0x00007ffaab1d0000 - 0x00007ffaab1fb000 	C:\WINDOWS\SYSTEM32\WINMMBASE.dll
0x00007ffaae120000 - 0x00007ffaae162000 	C:\WINDOWS\System32\cfgmgr32.dll
0x00000000689d0000 - 0x00000000689df000 	C:\Program Files\Java\jdk1.8.0_101\jre\bin\verify.dll
0x00000000689a0000 - 0x00000000689c9000 	C:\Program Files\Java\jdk1.8.0_101\jre\bin\java.dll
0x0000000068980000 - 0x0000000068996000 	C:\Program Files\Java\jdk1.8.0_101\jre\bin\zip.dll
0x00007ffaaf480000 - 0x00007ffab0988000 	C:\WINDOWS\System32\SHELL32.dll
0x00007ffaad2a0000 - 0x00007ffaad97a000 	C:\WINDOWS\System32\windows.storage.dll
0x00007ffaad250000 - 0x00007ffaad29c000 	C:\WINDOWS\System32\powrprof.dll
0x00007ffab0a40000 - 0x00007ffab0a92000 	C:\WINDOWS\System32\shlwapi.dll
0x00007ffaad230000 - 0x00007ffaad23f000 	C:\WINDOWS\System32\kernel.appcore.dll
0x00007ffaad9a0000 - 0x00007ffaada49000 	C:\WINDOWS\System32\shcore.dll
0x00007ffaad210000 - 0x00007ffaad224000 	C:\WINDOWS\System32\profapi.dll

VM Arguments:
jvm_args: -Djava.awt.headless=true -Xmx1024M -Dfile.encoding=windows-1252 -Duser.country=MX -Duser.language=es -Duser.variant 
java_command: com.android.dx.command.Main --dex --force-jumbo --num-threads=4 --multi-dex --output O:\Android\VentaenRuta2016\app\build\intermediates\transforms\dex\debug\folders\1000\10\support-v4-19.1.0_db97dcaea88e3b160b088095b51847c51f01755d C:\Users\mario\AppData\Local\Android\sdk\extras\android\m2repository\com\android\support\support-v4\19.1.0\support-v4-19.1.0.jar
java_class_path (initial): C:\Users\mario\AppData\Local\Android\sdk\build-tools\24.0.2\lib\dx.jar
Launcher Type: SUN_STANDARD

Environment Variables:
PATH=C:\ProgramData\Oracle\Java\javapath;C:\Program Files (x86)\Intel\iCLS Client\;C:\Program Files\Intel\iCLS Client\;C:\Windows\system32;C:\Windows;C:\Windows\System32\Wbem;C:\Windows\System32\WindowsPowerShell\v1.0\;C:\Program Files (x86)\NVIDIA Corporation\PhysX\Common;C:\Program Files (x86)\Intel\Intel(R) Management Engine Components\DAL;C:\Program Files\Intel\Intel(R) Management Engine Components\DAL;C:\Program Files (x86)\Intel\Intel(R) Management Engine Components\IPT;C:\Program Files\Intel\Intel(R) Management Engine Components\IPT;C:\WINDOWS\system32;C:\WINDOWS;C:\WINDOWS\System32\Wbem;C:\WINDOWS\System32\WindowsPowerShell\v1.0\;C:\Users\mario\.dnx\bin;C:\Program Files\Microsoft DNX\Dnvm\;C:\Program Files (x86)\Windows Kits\10\Windows Performance Toolkit\;C:\Program Files\Git\cmd;C:\Program Files\Microsoft SQL Server\130\Tools\Binn\;C:\Program Files\Microsoft\Web Platform Installer\;C:\Program Files (x86)\nodejs\;C:\Users\mario\AppData\Roaming\npm;%USERPROFILE%\AppData\Local\Microsoft\WindowsApps;
USERNAME=mario
OS=Windows_NT
PROCESSOR_IDENTIFIER=Intel64 Family 6 Model 94 Stepping 3, GenuineIntel



---------------  S Y S T E M  ---------------

OS: Windows 10.0 , 64 bit Build 14393 (10.0.14393.0)

CPU:total 4 (4 cores per cpu, 1 threads per core) family 6 model 94 stepping 3, cmov, cx8, fxsr, mmx, sse, sse2, sse3, ssse3, sse4.1, sse4.2, popcnt, avx, avx2, aes, clmul, erms, rtm, 3dnowpref, lzcnt, tsc, tscinvbit, bmi1, bmi2, adx

Memory: 4k page, physical 8245152k(1259592k free), swap 10192800k(4096k free)

vm_info: Java HotSpot(TM) 64-Bit Server VM (25.101-b13) for windows-amd64 JRE (1.8.0_101-b13), built on Jun 22 2016 01:21:29 by "java_re" with MS VC++ 10.0 (VS2010)

time: Mon Oct 03 02:31:25 2016
elapsed time: 1 seconds (0d 0h 0m 1s)

