#
# There is insufficient memory for the Java Runtime Environment to continue.
# Native memory allocation (malloc) failed to allocate 207664 bytes for Chunk::new
# Possible reasons:
#   The system is out of physical RAM or swap space
#   In 32 bit mode, the process size limit was hit
# Possible solutions:
#   Reduce memory load on the system
#   Increase physical memory or swap space
#   Check if swap backing store is full
#   Use 64 bit Java on a 64 bit OS
#   Decrease Java heap size (-Xmx/-Xms)
#   Decrease number of Java threads
#   Decrease Java thread stack sizes (-Xss)
#   Set larger code cache with -XX:ReservedCodeCacheSize=
# This output file may be truncated or incomplete.
#
#  Out of Memory Error (allocation.cpp:390), pid=9684, tid=0x0000000000002780
#
# JRE version: Java(TM) SE Runtime Environment (8.0_101-b13) (build 1.8.0_101-b13)
# Java VM: Java HotSpot(TM) 64-Bit Server VM (25.101-b13 mixed mode windows-amd64 compressed oops)
# Failed to write core dump. Minidumps are not enabled by default on client versions of Windows
#

---------------  T H R E A D  ---------------

Current thread (0x0000000015439800):  JavaThread "C2 CompilerThread0" daemon [_thread_in_native, id=10112, stack(0x0000000016a90000,0x0000000016b90000)]

Stack: [0x0000000016a90000,0x0000000016b90000]
[error occurred during error reporting (printing stack bounds), id 0xc0000005]

Native frames: (J=compiled Java code, j=interpreted, Vv=VM code, C=native code)


Current CompileTask:
C2:   1383 1232       4       com.android.dx.ssa.SCCP::simulateStmt (481 bytes)


---------------  P R O C E S S  ---------------

Java Threads: ( => current thread )
  0x0000000016efd800 JavaThread "pool-1-thread-4" [_thread_blocked, id=11624, stack(0x0000000017790000,0x0000000017890000)]
  0x0000000016efd000 JavaThread "pool-1-thread-3" [_thread_in_Java, id=3848, stack(0x0000000017690000,0x0000000017790000)]
  0x0000000016efc000 JavaThread "pool-1-thread-2" [_thread_blocked, id=756, stack(0x0000000017590000,0x0000000017690000)]
  0x0000000016ef9800 JavaThread "pool-2-thread-1" [_thread_blocked, id=12484, stack(0x0000000017490000,0x0000000017590000)]
  0x0000000016ef8800 JavaThread "pool-1-thread-1" [_thread_blocked, id=3260, stack(0x0000000017390000,0x0000000017490000)]
  0x0000000016c95800 JavaThread "Service Thread" daemon [_thread_blocked, id=5040, stack(0x0000000017190000,0x0000000017290000)]
  0x000000001548c800 JavaThread "C1 CompilerThread2" daemon [_thread_blocked, id=1336, stack(0x0000000017090000,0x0000000017190000)]
  0x0000000015482000 JavaThread "C2 CompilerThread1" daemon [_thread_in_native, id=11712, stack(0x0000000016b90000,0x0000000016c90000)]
=>0x0000000015439800 JavaThread "C2 CompilerThread0" daemon [_thread_in_native, id=10112, stack(0x0000000016a90000,0x0000000016b90000)]
  0x0000000015437800 JavaThread "Attach Listener" daemon [_thread_blocked, id=10924, stack(0x0000000016990000,0x0000000016a90000)]
  0x0000000015436000 JavaThread "Signal Dispatcher" daemon [_thread_blocked, id=9620, stack(0x0000000016890000,0x0000000016990000)]
  0x000000001541a000 JavaThread "Finalizer" daemon [_thread_blocked, id=9016, stack(0x0000000016690000,0x0000000016790000)]
  0x00000000153f8800 JavaThread "Reference Handler" daemon [_thread_blocked, id=9848, stack(0x0000000016590000,0x0000000016690000)]
  0x0000000002b5d800 JavaThread "main" [_thread_blocked, id=5556, stack(0x00000000029b0000,0x0000000002ab0000)]

Other Threads:
  0x00000000153f7000 VMThread [stack: 0x0000000016490000,0x0000000016590000] [id=10680]
  0x0000000016ca2000 WatcherThread [stack: 0x0000000017290000,0x0000000017390000] [id=5016]

VM state:not at safepoint (normal execution)

VM Mutex/Monitor currently owned by a thread: None

Heap:
 PSYoungGen      total 37888K, used 14344K [0x00000000eab00000, 0x00000000ed500000, 0x0000000100000000)
  eden space 32768K, 28% used [0x00000000eab00000,0x00000000eb4078d8,0x00000000ecb00000)
  from space 5120K, 99% used [0x00000000ecb00000,0x00000000ecffa998,0x00000000ed000000)
  to   space 5120K, 0% used [0x00000000ed000000,0x00000000ed000000,0x00000000ed500000)
 ParOldGen       total 86016K, used 1489K [0x00000000c0000000, 0x00000000c5400000, 0x00000000eab00000)
  object space 86016K, 1% used [0x00000000c0000000,0x00000000c0174430,0x00000000c5400000)
 Metaspace       used 6057K, capacity 6962K, committed 7040K, reserved 1056768K
  class space    used 600K, capacity 618K, committed 640K, reserved 1048576K

Card table byte_map: [0x0000000012120000,0x0000000012330000] byte_map_base: 0x0000000011b20000

Marking Bits: (ParMarkBitMap*) 0x000000006191a6d0
 Begin Bits: [0x0000000012890000, 0x0000000013890000)
 End Bits:   [0x0000000013890000, 0x0000000014890000)

Polling page: 0x0000000001270000

CodeCache: size=245760Kb used=5429Kb max_used=5429Kb free=240330Kb
 bounds [0x0000000002d60000, 0x00000000032c0000, 0x0000000011d60000]
 total_blobs=1601 nmethods=1331 adapters=182
 compilation: enabled

Compilation events (10 events):
Event: 1.354 Thread 0x000000001548c800 1338       3       com.android.dx.ssa.SsaMethod$1::visitPhiInsn (17 bytes)
Event: 1.354 Thread 0x000000001548c800 nmethod 1338 0x00000000032adbd0 code [0x00000000032add40, 0x00000000032ae130]
Event: 1.354 Thread 0x000000001548c800 1337       3       com.android.dx.ssa.SsaMethod$2::visitPhiInsn (6 bytes)
Event: 1.354 Thread 0x000000001548c800 nmethod 1337 0x00000000032ae2d0 code [0x00000000032ae440, 0x00000000032ae5c8]
Event: 1.354 Thread 0x000000001548c800 1336       3       com.android.dx.cf.direct.StdAttributeFactory::localVariableTable (98 bytes)
Event: 1.355 Thread 0x000000001548c800 nmethod 1336 0x00000000032ae650 code [0x00000000032ae900, 0x00000000032afa58]
Event: 1.355 Thread 0x000000001548c800 1339       3       com.android.dx.rop.cst.CstBaseMethodRef::<init> (31 bytes)
Event: 1.355 Thread 0x000000001548c800 nmethod 1339 0x00000000032b0610 code [0x00000000032b0780, 0x00000000032b0b38]
Event: 1.355 Thread 0x000000001548c800 1340       3       com.android.dx.cf.direct.DirectClassFile::getSourceFile (31 bytes)
Event: 1.355 Thread 0x000000001548c800 nmethod 1340 0x00000000032b0c50 code [0x00000000032b0e00, 0x00000000032b13b8]

GC Heap History (2 events):
Event: 1.290 GC heap before
{Heap before GC invocations=1 (full 0):
 PSYoungGen      total 37888K, used 32768K [0x00000000eab00000, 0x00000000ed500000, 0x0000000100000000)
  eden space 32768K, 100% used [0x00000000eab00000,0x00000000ecb00000,0x00000000ecb00000)
  from space 5120K, 0% used [0x00000000ed000000,0x00000000ed000000,0x00000000ed500000)
  to   space 5120K, 0% used [0x00000000ecb00000,0x00000000ecb00000,0x00000000ed000000)
 ParOldGen       total 86016K, used 0K [0x00000000c0000000, 0x00000000c5400000, 0x00000000eab00000)
  object space 86016K, 0% used [0x00000000c0000000,0x00000000c0000000,0x00000000c5400000)
 Metaspace       used 5990K, capacity 6898K, committed 7040K, reserved 1056768K
  class space    used 599K, capacity 618K, committed 640K, reserved 1048576K
Event: 1.297 GC heap after
Heap after GC invocations=1 (full 0):
 PSYoungGen      total 37888K, used 5098K [0x00000000eab00000, 0x00000000ed500000, 0x0000000100000000)
  eden space 32768K, 0% used [0x00000000eab00000,0x00000000eab00000,0x00000000ecb00000)
  from space 5120K, 99% used [0x00000000ecb00000,0x00000000ecffa998,0x00000000ed000000)
  to   space 5120K, 0% used [0x00000000ed000000,0x00000000ed000000,0x00000000ed500000)
 ParOldGen       total 86016K, used 1489K [0x00000000c0000000, 0x00000000c5400000, 0x00000000eab00000)
  object space 86016K, 1% used [0x00000000c0000000,0x00000000c0174430,0x00000000c5400000)
 Metaspace       used 5990K, capacity 6898K, committed 7040K, reserved 1056768K
  class space    used 599K, capacity 618K, committed 640K, reserved 1048576K
}

Deoptimization events (10 events):
Event: 1.224 Thread 0x0000000016efd000 Uncommon trap: reason=bimorphic action=maybe_recompile pc=0x0000000002fe6008 method=java.util.HashMap.getNode(ILjava/lang/Object;)Ljava/util/HashMap$Node; @ 126
Event: 1.224 Thread 0x0000000016efd000 Uncommon trap: reason=bimorphic action=maybe_recompile pc=0x0000000002fe6008 method=java.util.HashMap.getNode(ILjava/lang/Object;)Ljava/util/HashMap$Node; @ 126
Event: 1.231 Thread 0x0000000016efc000 Uncommon trap: reason=class_check action=maybe_recompile pc=0x0000000003016158 method=com.android.dx.ssa.NormalSsaInsn.accept(Lcom/android/dx/ssa/SsaInsn$Visitor;)V @ 9
Event: 1.240 Thread 0x0000000016efd000 Uncommon trap: reason=unstable_if action=reinterpret pc=0x00000000031152e8 method=com.android.dx.ssa.SsaRenamer$BlockRenamer.addMapping(ILcom/android/dx/rop/code/RegisterSpec;)V @ 120
Event: 1.240 Thread 0x0000000016efd000 Uncommon trap: reason=bimorphic action=maybe_recompile pc=0x0000000002fe6008 method=java.util.HashMap.getNode(ILjava/lang/Object;)Ljava/util/HashMap$Node; @ 126
Event: 1.241 Thread 0x0000000016efd000 Uncommon trap: reason=class_check action=maybe_recompile pc=0x0000000003016158 method=com.android.dx.ssa.NormalSsaInsn.accept(Lcom/android/dx/ssa/SsaInsn$Visitor;)V @ 9
Event: 1.278 Thread 0x0000000016efd000 Uncommon trap: reason=unstable_if action=reinterpret pc=0x0000000003026348 method=com.android.dx.rop.code.LocalItem.hashCode()I @ 25
Event: 1.279 Thread 0x0000000016efd000 Uncommon trap: reason=unstable_if action=reinterpret pc=0x0000000003015940 method=com.android.dx.rop.code.LocalItem.hashCode()I @ 25
Event: 1.279 Thread 0x0000000016efd000 Uncommon trap: reason=unstable_if action=reinterpret pc=0x000000000302e99c method=com.android.dx.rop.code.LocalItem.hashCode()I @ 25
Event: 1.333 Thread 0x0000000016efc000 Uncommon trap: reason=bimorphic action=maybe_recompile pc=0x0000000002fe6008 method=java.util.HashMap.getNode(ILjava/lang/Object;)Ljava/util/HashMap$Node; @ 126

Internal exceptions (3 events):
Event: 0.073 Thread 0x0000000002b5d800 Exception <a 'java/lang/NoSuchMethodError': Method sun.misc.Unsafe.defineClass(Ljava/lang/String;[BII)Ljava/lang/Class; name or signature does not match> (0x00000000eab07cc0) thrown at [C:\re\workspace\8-2-build-windows-amd64-cygwin\jdk8u101\7261\hotspot\sÛ¡À$√≤?
Event: 0.073 Thread 0x0000000002b5d800 Exception <a 'java/lang/NoSuchMethodError': Method sun.misc.Unsafe.prefetchRead(Ljava/lang/Object;J)V name or signature does not match> (0x00000000eab07fa8) thrown at [C:\re\workspace\8-2-build-windows-amd64-cygwin\jdk8u101\7261\hotspot\src\share\vm\prims\í≠bt<ÍÈ?
Event: 0.810 Thread 0x0000000002b5d800 Implicit null exception at 0x0000000002feaeaa to 0x0000000002fec705

Events (10 events):
Event: 1.279 Thread 0x0000000016efd000 DEOPT UNPACKING pc=0x0000000002da582a sp=0x000000001778e6e0 mode 2
Event: 1.290 Executing VM operation: ParallelGCFailedAllocation
Event: 1.297 Executing VM operation: ParallelGCFailedAllocation done
Event: 1.323 loading class com/android/dx/cf/code/SwitchList
Event: 1.323 loading class com/android/dx/cf/code/SwitchList done
Event: 1.326 loading class com/android/dx/cf/attrib/AttEnclosingMethod
Event: 1.326 loading class com/android/dx/cf/attrib/AttEnclosingMethod done
Event: 1.333 Thread 0x0000000016efc000 Uncommon trap: trap_request=0xffffffc6 fr.pc=0x0000000002fe6008
Event: 1.333 Thread 0x0000000016efc000 DEOPT PACKING pc=0x0000000002fe6008 sp=0x000000001768e660
Event: 1.333 Thread 0x0000000016efc000 DEOPT UNPACKING pc=0x0000000002da582a sp=0x000000001768e5e0 mode 2


Dynamic libraries:
0x00007ff7d0e70000 - 0x00007ff7d0ea7000 	C:\Program Files\Java\jdk1.8.0_101\bin\java.exe
0x00007ffdaa3d0000 - 0x00007ffdaa591000 	C:\WINDOWS\SYSTEM32\ntdll.dll
0x00007ffda9a60000 - 0x00007ffda9b0d000 	C:\WINDOWS\system32\KERNEL32.DLL
0x00007ffda6d40000 - 0x00007ffda6f28000 	C:\WINDOWS\system32\KERNELBASE.dll
0x00007ffda77d0000 - 0x00007ffda7877000 	C:\WINDOWS\system32\ADVAPI32.dll
0x00007ffda7990000 - 0x00007ffda7a2d000 	C:\WINDOWS\system32\msvcrt.dll
0x00007ffda7a30000 - 0x00007ffda7a8b000 	C:\WINDOWS\system32\sechost.dll
0x00007ffda7cd0000 - 0x00007ffda7dec000 	C:\WINDOWS\system32\RPCRT4.dll
0x00007ffda93b0000 - 0x00007ffda9506000 	C:\WINDOWS\system32\USER32.dll
0x00007ffda9d20000 - 0x00007ffda9ea6000 	C:\WINDOWS\system32\GDI32.dll
0x00007ffda30e0000 - 0x00007ffda3354000 	C:\WINDOWS\WinSxS\amd64_microsoft.windows.common-controls_6595b64144ccf1df_6.0.10586.589_none_a2ddb3caa539acce\COMCTL32.dll
0x00007ffda97e0000 - 0x00007ffda9a5d000 	C:\WINDOWS\system32\combase.dll
0x00007ffda6ad0000 - 0x00007ffda6b3a000 	C:\WINDOWS\system32\bcryptPrimitives.dll
0x00007ffda7c90000 - 0x00007ffda7ccb000 	C:\WINDOWS\system32\IMM32.DLL
0x000000005eae0000 - 0x000000005ebb2000 	C:\Program Files\Java\jdk1.8.0_101\jre\bin\msvcr100.dll
0x0000000061100000 - 0x000000006199a000 	C:\Program Files\Java\jdk1.8.0_101\jre\bin\server\jvm.dll
0x00007ffda9700000 - 0x00007ffda9708000 	C:\WINDOWS\system32\PSAPI.DLL
0x00007ffda5140000 - 0x00007ffda5149000 	C:\WINDOWS\SYSTEM32\WSOCK32.dll
0x00007ffda9eb0000 - 0x00007ffda9f1b000 	C:\WINDOWS\system32\WS2_32.dll
0x00007ffda4fb0000 - 0x00007ffda4fd3000 	C:\WINDOWS\SYSTEM32\WINMM.dll
0x00007ffda30c0000 - 0x00007ffda30ca000 	C:\WINDOWS\SYSTEM32\VERSION.dll
0x00007ffda4f50000 - 0x00007ffda4f7c000 	C:\WINDOWS\SYSTEM32\WINMMBASE.dll
0x00007ffda6a80000 - 0x00007ffda6ac3000 	C:\WINDOWS\system32\cfgmgr32.dll
0x0000000061e40000 - 0x0000000061e4f000 	C:\Program Files\Java\jdk1.8.0_101\jre\bin\verify.dll
0x0000000061e10000 - 0x0000000061e39000 	C:\Program Files\Java\jdk1.8.0_101\jre\bin\java.dll
0x0000000061df0000 - 0x0000000061e06000 	C:\Program Files\Java\jdk1.8.0_101\jre\bin\zip.dll
0x00007ffda7e50000 - 0x00007ffda93ac000 	C:\WINDOWS\system32\SHELL32.dll
0x00007ffda6fb0000 - 0x00007ffda75f5000 	C:\WINDOWS\system32\windows.storage.dll
0x00007ffdaa350000 - 0x00007ffdaa3a2000 	C:\WINDOWS\system32\shlwapi.dll
0x00007ffda6a20000 - 0x00007ffda6a2f000 	C:\WINDOWS\system32\kernel.appcore.dll
0x00007ffda6b40000 - 0x00007ffda6bf5000 	C:\WINDOWS\system32\shcore.dll
0x00007ffda6a30000 - 0x00007ffda6a7b000 	C:\WINDOWS\system32\powrprof.dll
0x00007ffda69f0000 - 0x00007ffda6a04000 	C:\WINDOWS\system32\profapi.dll

VM Arguments:
jvm_args: -Djava.awt.headless=true -Xmx1024M -Dfile.encoding=windows-1252 -Duser.country=MX -Duser.language=es -Duser.variant 
java_command: com.android.dx.command.Main --dex --num-threads=4 --output O:\Android\VentaenRuta2016\app\build\intermediates\pre-dexed\release\commons-net-3.1_9df4612ebcf771c3c749aa8a0c909855560b14e4.jar O:\Android\VentaenRuta2016\app\libs\commons-net-3.1.jar
java_class_path (initial): C:\Users\mario\AppData\Local\Android\sdk\build-tools\24.0.2\lib\dx.jar
Launcher Type: SUN_STANDARD

Environment Variables:
PATH=C:\ProgramData\Oracle\Java\javapath;C:\Program Files (x86)\Intel\iCLS Client\;C:\Program Files\Intel\iCLS Client\;C:\Windows\system32;C:\Windows;C:\Windows\System32\Wbem;C:\Windows\System32\WindowsPowerShell\v1.0\;C:\Program Files (x86)\NVIDIA Corporation\PhysX\Common;C:\Program Files (x86)\Intel\Intel(R) Management Engine Components\DAL;C:\Program Files\Intel\Intel(R) Management Engine Components\DAL;C:\Program Files (x86)\Intel\Intel(R) Management Engine Components\IPT;C:\Program Files\Intel\Intel(R) Management Engine Components\IPT;C:\WINDOWS\system32;C:\WINDOWS;C:\WINDOWS\System32\Wbem;C:\WINDOWS\System32\WindowsPowerShell\v1.0\;C:\WINDOWS\system32\config\systemprofile\.dnx\bin;C:\Program Files\Microsoft DNX\Dnvm\;C:\Program Files (x86)\Windows Kits\10\Windows Performance Toolkit\;C:\Program Files\Git\cmd;C:\Program Files\Microsoft SQL Server\130\Tools\Binn\;C:\Program Files\Microsoft\Web Platform Installer\;C:\Program Files (x86)\nodejs\;C:\Users\mario\AppData\Roaming\npm
USERNAME=mario
OS=Windows_NT
PROCESSOR_IDENTIFIER=Intel64 Family 6 Model 94 Stepping 3, GenuineIntel



---------------  S Y S T E M  ---------------

OS: Windows 10.0 , 64 bit Build 10586 (10.0.10586.589)

CPU:total 4 (4 cores per cpu, 1 threads per core) family 6 model 94 stepping 3, cmov, cx8, fxsr, mmx, sse, sse2, sse3, ssse3, sse4.1, sse4.2, popcnt, avx, avx2, aes, clmul, erms, rtm, 3dnowpref, lzcnt, tsc, tscinvbit, bmi1, bmi2, adx

Memory: 4k page, physical 8245152k(998912k free), swap 10192800k(5268k free)

vm_info: Java HotSpot(TM) 64-Bit Server VM (25.101-b13) for windows-amd64 JRE (1.8.0_101-b13), built on Jun 22 2016 01:21:29 by "java_re" with MS VC++ 10.0 (VS2010)

time: Tue Sep 20 12:03:44 2016
elapsed time: 1 seconds (0d 0h 0m 1s)

