#
# There is insufficient memory for the Java Runtime Environment to continue.
# Native memory allocation (malloc) failed to allocate 177456 bytes for Chunk::new
# Possible reasons:
#   The system is out of physical RAM or swap space
#   In 32 bit mode, the process size limit was hit
# Possible solutions:
#   Reduce memory load on the system
#   Increase physical memory or swap space
#   Check if swap backing store is full
#   Use 64 bit Java on a 64 bit OS
#   Decrease Java heap size (-Xmx/-Xms)
#   Decrease number of Java threads
#   Decrease Java thread stack sizes (-Xss)
#   Set larger code cache with -XX:ReservedCodeCacheSize=
# This output file may be truncated or incomplete.
#
#  Out of Memory Error (allocation.cpp:390), pid=7572, tid=0x0000000000002ad8
#
# JRE version: Java(TM) SE Runtime Environment (8.0_101-b13) (build 1.8.0_101-b13)
# Java VM: Java HotSpot(TM) 64-Bit Server VM (25.101-b13 mixed mode windows-amd64 compressed oops)
# Failed to write core dump. Minidumps are not enabled by default on client versions of Windows
#

---------------  T H R E A D  ---------------

Current thread (0x0000000014ced800):  JavaThread "C2 CompilerThread0" daemon [_thread_in_native, id=10968, stack(0x0000000016360000,0x0000000016460000)]

Stack: [0x0000000016360000,0x0000000016460000]
[error occurred during error reporting (printing stack bounds), id 0xc0000005]

Native frames: (J=compiled Java code, j=interpreted, Vv=VM code, C=native code)


Current CompileTask:
C2:   2892  808       4       com.android.dx.ssa.SsaRenamer$BlockRenamer::addMapping (143 bytes)


---------------  P R O C E S S  ---------------

Java Threads: ( => current thread )
  0x00000000167cf000 JavaThread "pool-2-thread-4" [_thread_in_Java, id=7040, stack(0x0000000017060000,0x0000000017160000)]
  0x00000000167db000 JavaThread "pool-2-thread-3" [_thread_blocked, id=7476, stack(0x0000000016f60000,0x0000000017060000)]
  0x00000000167da800 JavaThread "pool-2-thread-2" [_thread_in_Java, id=3792, stack(0x0000000016e60000,0x0000000016f60000)]
  0x00000000167c2800 JavaThread "pool-3-thread-1" [_thread_blocked, id=8164, stack(0x0000000016d60000,0x0000000016e60000)]
  0x00000000167c1800 JavaThread "pool-2-thread-1" [_thread_blocked, id=10044, stack(0x0000000016c60000,0x0000000016d60000)]
  0x0000000016566000 JavaThread "Service Thread" daemon [_thread_blocked, id=10112, stack(0x0000000016a60000,0x0000000016b60000)]
  0x0000000014d4d000 JavaThread "C1 CompilerThread2" daemon [_thread_blocked, id=7540, stack(0x0000000016960000,0x0000000016a60000)]
  0x0000000014d46800 JavaThread "C2 CompilerThread1" daemon [_thread_blocked, id=11244, stack(0x0000000016460000,0x0000000016560000)]
=>0x0000000014ced800 JavaThread "C2 CompilerThread0" daemon [_thread_in_native, id=10968, stack(0x0000000016360000,0x0000000016460000)]
  0x0000000014ceb800 JavaThread "Attach Listener" daemon [_thread_blocked, id=5032, stack(0x0000000016260000,0x0000000016360000)]
  0x0000000014cea000 JavaThread "Signal Dispatcher" daemon [_thread_blocked, id=2572, stack(0x0000000016160000,0x0000000016260000)]
  0x0000000002615800 JavaThread "Finalizer" daemon [_thread_blocked, id=7028, stack(0x0000000015f50000,0x0000000016050000)]
  0x0000000002610000 JavaThread "Reference Handler" daemon [_thread_blocked, id=6528, stack(0x0000000015e50000,0x0000000015f50000)]
  0x0000000000acd800 JavaThread "main" [_thread_in_Java, id=8180, stack(0x0000000002320000,0x0000000002420000)]

Other Threads:
  0x0000000014cb8000 VMThread [stack: 0x0000000015d50000,0x0000000015e50000] [id=6224]
  0x0000000016574000 WatcherThread [stack: 0x0000000016b60000,0x0000000016c60000] [id=5144]

VM state:not at safepoint (normal execution)

VM Mutex/Monitor currently owned by a thread: None

Heap:
 PSYoungGen      total 37888K, used 19024K [0x00000000eab00000, 0x00000000ed500000, 0x0000000100000000)
  eden space 32768K, 58% used [0x00000000eab00000,0x00000000ebd94290,0x00000000ecb00000)
  from space 5120K, 0% used [0x00000000ed000000,0x00000000ed000000,0x00000000ed500000)
  to   space 5120K, 0% used [0x00000000ecb00000,0x00000000ecb00000,0x00000000ed000000)
 ParOldGen       total 86016K, used 0K [0x00000000c0000000, 0x00000000c5400000, 0x00000000eab00000)
  object space 86016K, 0% used [0x00000000c0000000,0x00000000c0000000,0x00000000c5400000)
 Metaspace       used 5803K, capacity 6706K, committed 6784K, reserved 1056768K
  class space    used 595K, capacity 618K, committed 640K, reserved 1048576K

Card table byte_map: [0x00000000119e0000,0x0000000011bf0000] byte_map_base: 0x00000000113e0000

Marking Bits: (ParMarkBitMap*) 0x000000005885a6d0
 Begin Bits: [0x0000000012150000, 0x0000000013150000)
 End Bits:   [0x0000000013150000, 0x0000000014150000)

Polling page: 0x0000000000a40000

CodeCache: size=245760Kb used=3123Kb max_used=3136Kb free=242636Kb
 bounds [0x0000000002620000, 0x0000000002940000, 0x0000000011620000]
 total_blobs=1023 nmethods=754 adapters=182
 compilation: enabled

Compilation events (10 events):
Event: 2.883 Thread 0x0000000014ced800 nmethod 789 0x000000000292de50 code [0x000000000292dfa0, 0x000000000292e178]
Event: 2.883 Thread 0x0000000014ced800  805       4       java.lang.Long::numberOfTrailingZeros (116 bytes)
Event: 2.884 Thread 0x0000000014ced800 nmethod 805 0x000000000292dbd0 code [0x000000000292dd00, 0x000000000292ddd8]
Event: 2.884 Thread 0x0000000014ced800  793       4       com.android.dx.rop.type.Type::equals (31 bytes)
Event: 2.885 Thread 0x0000000014ced800 nmethod 793 0x000000000292ae50 code [0x000000000292afa0, 0x000000000292b138]
Event: 2.885 Thread 0x0000000014ced800  806       4       com.android.dx.rop.cst.Constant::compareTo (33 bytes)
Event: 2.885 Thread 0x0000000014ced800 nmethod 806 0x000000000292ab50 code [0x000000000292aca0, 0x000000000292ad58]
Event: 2.885 Thread 0x0000000014ced800  798       4       com.android.dx.rop.code.RegisterSpec$ForComparison::equals (31 bytes)
Event: 2.888 Thread 0x0000000014ced800 nmethod 798 0x000000000292ec50 code [0x000000000292edc0, 0x000000000292f378]
Event: 2.888 Thread 0x0000000014ced800  808       4       com.android.dx.ssa.SsaRenamer$BlockRenamer::addMapping (143 bytes)

GC Heap History (0 events):
No events

Deoptimization events (7 events):
Event: 2.177 Thread 0x0000000000acd800 Uncommon trap: reason=unstable_if action=reinterpret pc=0x0000000002832f8c method=java.util.HashMap.getNode(ILjava/lang/Object;)Ljava/util/HashMap$Node; @ 62
Event: 2.845 Thread 0x0000000000acd800 Uncommon trap: reason=class_check action=maybe_recompile pc=0x0000000002888730 method=com.android.dx.ssa.NormalSsaInsn.accept(Lcom/android/dx/ssa/SsaInsn$Visitor;)V @ 9
Event: 2.864 Thread 0x00000000167c1800 Uncommon trap: reason=unstable_if action=reinterpret pc=0x000000000284c870 method=java.util.BitSet.nextSetBit(I)I @ 87
Event: 2.864 Thread 0x00000000167c1800 Uncommon trap: reason=unstable_if action=reinterpret pc=0x00000000028dff7c method=com.android.dx.rop.code.RegisterSpec.equals(ILcom/android/dx/rop/type/TypeBearer;Lcom/android/dx/rop/code/LocalItem;)Z @ 42
Event: 2.867 Thread 0x00000000167c1800 Uncommon trap: reason=class_check action=maybe_recompile pc=0x0000000002888730 method=com.android.dx.ssa.NormalSsaInsn.accept(Lcom/android/dx/ssa/SsaInsn$Visitor;)V @ 9
Event: 2.867 Thread 0x00000000167c1800 Uncommon trap: reason=class_check action=maybe_recompile pc=0x0000000002888730 method=com.android.dx.ssa.NormalSsaInsn.accept(Lcom/android/dx/ssa/SsaInsn$Visitor;)V @ 9
Event: 2.867 Thread 0x00000000167c1800 Uncommon trap: reason=class_check action=maybe_recompile pc=0x0000000002888730 method=com.android.dx.ssa.NormalSsaInsn.accept(Lcom/android/dx/ssa/SsaInsn$Visitor;)V @ 9

Internal exceptions (2 events):
Event: 0.068 Thread 0x0000000000acd800 Exception <a 'java/lang/NoSuchMethodError': Method sun.misc.Unsafe.defineClass(Ljava/lang/String;[BII)Ljava/lang/Class; name or signature does not match> (0x00000000eab07cc0) thrown at [C:\re\workspace\8-2-build-windows-amd64-cygwin\jdk8u101\7261\hotspot\séè%‹v±?
Event: 0.068 Thread 0x0000000000acd800 Exception <a 'java/lang/NoSuchMethodError': Method sun.misc.Unsafe.prefetchRead(Ljava/lang/Object;J)V name or signature does not match> (0x00000000eab07fa8) thrown at [C:\re\workspace\8-2-build-windows-amd64-cygwin\jdk8u101\7261\hotspot\src\share\vm\prims\

Events (10 events):
Event: 2.867 Thread 0x00000000167c1800 Uncommon trap: trap_request=0xffffffde fr.pc=0x0000000002888730
Event: 2.867 Thread 0x00000000167c1800 DEOPT PACKING pc=0x0000000002888730 sp=0x0000000016d5e850
Event: 2.867 Thread 0x00000000167c1800 DEOPT UNPACKING pc=0x000000000266582a sp=0x0000000016d5e7e0 mode 2
Event: 2.867 Thread 0x00000000167c1800 Uncommon trap: trap_request=0xffffffde fr.pc=0x0000000002888730
Event: 2.867 Thread 0x00000000167c1800 DEOPT PACKING pc=0x0000000002888730 sp=0x0000000016d5e850
Event: 2.867 Thread 0x00000000167c1800 DEOPT UNPACKING pc=0x000000000266582a sp=0x0000000016d5e7e0 mode 2
Event: 2.891 loading class java/util/TreeMap$EntrySet
Event: 2.892 loading class java/util/TreeMap$EntrySet done
Event: 2.892 loading class java/util/TreeMap$EntryIterator
Event: 2.892 loading class java/util/TreeMap$EntryIterator done


Dynamic libraries:
0x00007ff7fdab0000 - 0x00007ff7fdae7000 	C:\Program Files\Java\jdk1.8.0_101\bin\java.exe
0x00007ff9ec780000 - 0x00007ff9ec951000 	C:\WINDOWS\SYSTEM32\ntdll.dll
0x00007ff9e9d10000 - 0x00007ff9e9dbb000 	C:\WINDOWS\System32\KERNEL32.DLL
0x00007ff9e9220000 - 0x00007ff9e943d000 	C:\WINDOWS\System32\KERNELBASE.dll
0x00007ff9ea360000 - 0x00007ff9ea402000 	C:\WINDOWS\System32\ADVAPI32.dll
0x00007ff9eb020000 - 0x00007ff9eb0be000 	C:\WINDOWS\System32\msvcrt.dll
0x00007ff9ea9a0000 - 0x00007ff9ea9f9000 	C:\WINDOWS\System32\sechost.dll
0x00007ff9ea230000 - 0x00007ff9ea351000 	C:\WINDOWS\System32\RPCRT4.dll
0x00007ff9ec610000 - 0x00007ff9ec775000 	C:\WINDOWS\System32\USER32.dll
0x00007ff9e9cf0000 - 0x00007ff9e9d0e000 	C:\WINDOWS\System32\win32u.dll
0x00007ff9ec5d0000 - 0x00007ff9ec604000 	C:\WINDOWS\System32\GDI32.dll
0x00007ff9e8d80000 - 0x00007ff9e8f02000 	C:\WINDOWS\System32\gdi32full.dll
0x00007ff9e0800000 - 0x00007ff9e0a79000 	C:\WINDOWS\WinSxS\amd64_microsoft.windows.common-controls_6595b64144ccf1df_6.0.14393.0_none_2d0f50fcbdb171b8\COMCTL32.dll
0x00007ff9e9e60000 - 0x00007ff9ea127000 	C:\WINDOWS\System32\combase.dll
0x00007ff9e8f10000 - 0x00007ff9e9005000 	C:\WINDOWS\System32\ucrtbase.dll
0x00007ff9e8d10000 - 0x00007ff9e8d7a000 	C:\WINDOWS\System32\bcryptPrimitives.dll
0x00007ff9eae40000 - 0x00007ff9eae6e000 	C:\WINDOWS\System32\IMM32.DLL
0x0000000057bc0000 - 0x0000000057c92000 	C:\Program Files\Java\jdk1.8.0_101\jre\bin\msvcr100.dll
0x0000000058040000 - 0x00000000588da000 	C:\Program Files\Java\jdk1.8.0_101\jre\bin\server\jvm.dll
0x00007ff9eaa00000 - 0x00007ff9eaa08000 	C:\WINDOWS\System32\PSAPI.DLL
0x00007ff9de1d0000 - 0x00007ff9de1d9000 	C:\WINDOWS\SYSTEM32\WSOCK32.dll
0x00007ff9ea560000 - 0x00007ff9ea5ca000 	C:\WINDOWS\System32\WS2_32.dll
0x00007ff9e6c80000 - 0x00007ff9e6ca3000 	C:\WINDOWS\SYSTEM32\WINMM.dll
0x00007ff9e4320000 - 0x00007ff9e432a000 	C:\WINDOWS\SYSTEM32\VERSION.dll
0x00007ff9e6c30000 - 0x00007ff9e6c5b000 	C:\WINDOWS\SYSTEM32\WINMMBASE.dll
0x00007ff9e9010000 - 0x00007ff9e9052000 	C:\WINDOWS\System32\cfgmgr32.dll
0x0000000059390000 - 0x000000005939f000 	C:\Program Files\Java\jdk1.8.0_101\jre\bin\verify.dll
0x0000000059360000 - 0x0000000059389000 	C:\Program Files\Java\jdk1.8.0_101\jre\bin\java.dll
0x0000000058020000 - 0x0000000058036000 	C:\Program Files\Java\jdk1.8.0_101\jre\bin\zip.dll
0x00007ff9eb0c0000 - 0x00007ff9ec5c8000 	C:\WINDOWS\System32\SHELL32.dll
0x00007ff9e9610000 - 0x00007ff9e9cea000 	C:\WINDOWS\System32\windows.storage.dll
0x00007ff9e8c10000 - 0x00007ff9e8c5c000 	C:\WINDOWS\System32\powrprof.dll
0x00007ff9ea940000 - 0x00007ff9ea992000 	C:\WINDOWS\System32\shlwapi.dll
0x00007ff9e8c60000 - 0x00007ff9e8c6f000 	C:\WINDOWS\System32\kernel.appcore.dll
0x00007ff9e9110000 - 0x00007ff9e91b9000 	C:\WINDOWS\System32\shcore.dll
0x00007ff9e8bf0000 - 0x00007ff9e8c04000 	C:\WINDOWS\System32\profapi.dll

VM Arguments:
jvm_args: -Djava.awt.headless=true -Xmx1024M -Dfile.encoding=windows-1252 -Duser.country=MX -Duser.language=es -Duser.variant 
java_command: com.android.dx.command.Main --dex --force-jumbo --num-threads=4 --multi-dex --output O:\Android\VentaenRuta2016\app\build\intermediates\transforms\dex\debug\folders\1000\2\snmp6_1_e3fc97a1e1a9396b913ea6fc5c98593e3eab2d7e O:\Android\VentaenRuta2016\app\libs\snmp6_1.jar
java_class_path (initial): C:\Users\mario\AppData\Local\Android\sdk\build-tools\24.0.2\lib\dx.jar
Launcher Type: SUN_STANDARD

Environment Variables:
PATH=C:\ProgramData\Oracle\Java\javapath;C:\Program Files (x86)\Intel\iCLS Client\;C:\Program Files\Intel\iCLS Client\;C:\Windows\system32;C:\Windows;C:\Windows\System32\Wbem;C:\Windows\System32\WindowsPowerShell\v1.0\;C:\Program Files (x86)\NVIDIA Corporation\PhysX\Common;C:\Program Files (x86)\Intel\Intel(R) Management Engine Components\DAL;C:\Program Files\Intel\Intel(R) Management Engine Components\DAL;C:\Program Files (x86)\Intel\Intel(R) Management Engine Components\IPT;C:\Program Files\Intel\Intel(R) Management Engine Components\IPT;C:\WINDOWS\system32;C:\WINDOWS;C:\WINDOWS\System32\Wbem;C:\WINDOWS\System32\WindowsPowerShell\v1.0\;C:\WINDOWS\system32\config\systemprofile\.dnx\bin;C:\Program Files\Microsoft DNX\Dnvm\;C:\Program Files (x86)\Windows Kits\10\Windows Performance Toolkit\;C:\Program Files\Git\cmd;C:\Program Files\Microsoft SQL Server\130\Tools\Binn\;C:\Program Files\Microsoft\Web Platform Installer\;C:\Program Files (x86)\nodejs\;C:\Users\mario\AppData\Roaming\npm;%USERPROFILE%\AppData\Local\Microsoft\WindowsApps;
USERNAME=mario
OS=Windows_NT
PROCESSOR_IDENTIFIER=Intel64 Family 6 Model 94 Stepping 3, GenuineIntel



---------------  S Y S T E M  ---------------

OS: Windows 10.0 , 64 bit Build 14393 (10.0.14393.0)

CPU:total 4 (4 cores per cpu, 1 threads per core) family 6 model 94 stepping 3, cmov, cx8, fxsr, mmx, sse, sse2, sse3, ssse3, sse4.1, sse4.2, popcnt, avx, avx2, aes, clmul, erms, rtm, 3dnowpref, lzcnt, tsc, tscinvbit, bmi1, bmi2, adx

Memory: 4k page, physical 8245152k(1397084k free), swap 8245152k(4084k free)

vm_info: Java HotSpot(TM) 64-Bit Server VM (25.101-b13) for windows-amd64 JRE (1.8.0_101-b13), built on Jun 22 2016 01:21:29 by "java_re" with MS VC++ 10.0 (VS2010)

time: Wed Oct 26 01:59:18 2016
elapsed time: 2 seconds (0d 0h 0m 2s)

